running egg_info
creating ../../build/blickfeld_pointcloud/blickfeld_pointcloud.egg-info
writing ../../build/blickfeld_pointcloud/blickfeld_pointcloud.egg-info/PKG-INFO
writing dependency_links to ../../build/blickfeld_pointcloud/blickfeld_pointcloud.egg-info/dependency_links.txt
writing entry points to ../../build/blickfeld_pointcloud/blickfeld_pointcloud.egg-info/entry_points.txt
writing requirements to ../../build/blickfeld_pointcloud/blickfeld_pointcloud.egg-info/requires.txt
writing top-level names to ../../build/blickfeld_pointcloud/blickfeld_pointcloud.egg-info/top_level.txt
writing manifest file '../../build/blickfeld_pointcloud/blickfeld_pointcloud.egg-info/SOURCES.txt'
reading manifest file '../../build/blickfeld_pointcloud/blickfeld_pointcloud.egg-info/SOURCES.txt'
writing manifest file '../../build/blickfeld_pointcloud/blickfeld_pointcloud.egg-info/SOURCES.txt'
running build
running build_py
creating /home/jeongil/ros_foxy_ws/blickfeld_ws/build/blickfeld_pointcloud/build
creating /home/jeongil/ros_foxy_ws/blickfeld_ws/build/blickfeld_pointcloud/build/lib
creating /home/jeongil/ros_foxy_ws/blickfeld_ws/build/blickfeld_pointcloud/build/lib/blickfeld_pointcloud
copying blickfeld_pointcloud/pointclustering.py -> /home/jeongil/ros_foxy_ws/blickfeld_ws/build/blickfeld_pointcloud/build/lib/blickfeld_pointcloud
copying blickfeld_pointcloud/pointnumpy.py -> /home/jeongil/ros_foxy_ws/blickfeld_ws/build/blickfeld_pointcloud/build/lib/blickfeld_pointcloud
copying blickfeld_pointcloud/pointdownsampling.py -> /home/jeongil/ros_foxy_ws/blickfeld_ws/build/blickfeld_pointcloud/build/lib/blickfeld_pointcloud
copying blickfeld_pointcloud/__init__.py -> /home/jeongil/ros_foxy_ws/blickfeld_ws/build/blickfeld_pointcloud/build/lib/blickfeld_pointcloud
running install
running install_lib
creating /home/jeongil/ros_foxy_ws/blickfeld_ws/install/blickfeld_pointcloud/lib/python3.8/site-packages/blickfeld_pointcloud
copying /home/jeongil/ros_foxy_ws/blickfeld_ws/build/blickfeld_pointcloud/build/lib/blickfeld_pointcloud/pointclustering.py -> /home/jeongil/ros_foxy_ws/blickfeld_ws/install/blickfeld_pointcloud/lib/python3.8/site-packages/blickfeld_pointcloud
copying /home/jeongil/ros_foxy_ws/blickfeld_ws/build/blickfeld_pointcloud/build/lib/blickfeld_pointcloud/pointnumpy.py -> /home/jeongil/ros_foxy_ws/blickfeld_ws/install/blickfeld_pointcloud/lib/python3.8/site-packages/blickfeld_pointcloud
copying /home/jeongil/ros_foxy_ws/blickfeld_ws/build/blickfeld_pointcloud/build/lib/blickfeld_pointcloud/pointdownsampling.py -> /home/jeongil/ros_foxy_ws/blickfeld_ws/install/blickfeld_pointcloud/lib/python3.8/site-packages/blickfeld_pointcloud
copying /home/jeongil/ros_foxy_ws/blickfeld_ws/build/blickfeld_pointcloud/build/lib/blickfeld_pointcloud/__init__.py -> /home/jeongil/ros_foxy_ws/blickfeld_ws/install/blickfeld_pointcloud/lib/python3.8/site-packages/blickfeld_pointcloud
byte-compiling /home/jeongil/ros_foxy_ws/blickfeld_ws/install/blickfeld_pointcloud/lib/python3.8/site-packages/blickfeld_pointcloud/pointclustering.py to pointclustering.cpython-38.pyc
byte-compiling /home/jeongil/ros_foxy_ws/blickfeld_ws/install/blickfeld_pointcloud/lib/python3.8/site-packages/blickfeld_pointcloud/pointnumpy.py to pointnumpy.cpython-38.pyc
byte-compiling /home/jeongil/ros_foxy_ws/blickfeld_ws/install/blickfeld_pointcloud/lib/python3.8/site-packages/blickfeld_pointcloud/pointdownsampling.py to pointdownsampling.cpython-38.pyc
byte-compiling /home/jeongil/ros_foxy_ws/blickfeld_ws/install/blickfeld_pointcloud/lib/python3.8/site-packages/blickfeld_pointcloud/__init__.py to __init__.cpython-38.pyc
running install_data
creating /home/jeongil/ros_foxy_ws/blickfeld_ws/install/blickfeld_pointcloud/share/ament_index
creating /home/jeongil/ros_foxy_ws/blickfeld_ws/install/blickfeld_pointcloud/share/ament_index/resource_index
creating /home/jeongil/ros_foxy_ws/blickfeld_ws/install/blickfeld_pointcloud/share/ament_index/resource_index/packages
copying resource/blickfeld_pointcloud -> /home/jeongil/ros_foxy_ws/blickfeld_ws/install/blickfeld_pointcloud/share/ament_index/resource_index/packages
copying package.xml -> /home/jeongil/ros_foxy_ws/blickfeld_ws/install/blickfeld_pointcloud/share/blickfeld_pointcloud
running install_egg_info
Copying ../../build/blickfeld_pointcloud/blickfeld_pointcloud.egg-info to /home/jeongil/ros_foxy_ws/blickfeld_ws/install/blickfeld_pointcloud/lib/python3.8/site-packages/blickfeld_pointcloud-0.0.0-py3.8.egg-info
running install_scripts
writing list of installed files to '/home/jeongil/ros_foxy_ws/blickfeld_ws/build/blickfeld_pointcloud/install.log'
