[0.184s] Invoking command in '/home/jeongil/ros_foxy_ws/blickfeld_ws/build/blickfeld_driver': CMAKE_PREFIX_PATH=${CMAKE_PREFIX_PATH}:/home/jeongil/ros_foxy_ws/blickfeld_ws/install/blickfeld_pointcloud:/opt/ros/foxy /usr/bin/cmake /home/jeongil/ros_foxy_ws/blickfeld_ws/src/blickfeld_driver -DCMAKE_INSTALL_PREFIX=/home/jeongil/ros_foxy_ws/blickfeld_ws/install/blickfeld_driver
[0.214s] -- The C compiler identification is GNU 9.4.0
[0.243s] -- The CXX compiler identification is GNU 9.4.0
[0.246s] -- Check for working C compiler: /usr/bin/cc
[0.283s] -- Check for working C compiler: /usr/bin/cc -- works
[0.284s] -- Detecting C compiler ABI info
[0.322s] -- Detecting C compiler ABI info - done
[0.327s] -- Detecting C compile features
[0.328s] -- Detecting C compile features - done
[0.329s] -- Check for working CXX compiler: /usr/bin/c++
[0.371s] -- Check for working CXX compiler: /usr/bin/c++ -- works
[0.371s] -- Detecting CXX compiler ABI info
[0.413s] -- Detecting CXX compiler ABI info - done
[0.419s] -- Detecting CXX compile features
[0.419s] -- Detecting CXX compile features - done
[0.421s] -- Found ament_cmake: 0.9.12 (/opt/ros/foxy/share/ament_cmake/cmake)
[0.435s] -- Found PythonInterp: /usr/bin/python3 (found suitable version "3.8.10", minimum required is "3") 
[0.435s] -- Using PYTHON_EXECUTABLE: /usr/bin/python3
[0.530s] -- Found ament_cmake_ros: 0.9.2 (/opt/ros/foxy/share/ament_cmake_ros/cmake)
[0.534s] -- Found rclcpp: 2.4.3 (/opt/ros/foxy/share/rclcpp/cmake)
[0.559s] -- Using all available rosidl_typesupport_c: rosidl_typesupport_fastrtps_c;rosidl_typesupport_introspection_c
[0.563s] -- Found rosidl_adapter: 1.3.1 (/opt/ros/foxy/share/rosidl_adapter/cmake)
[0.603s] -- Found OpenSSL: /usr/lib/x86_64-linux-gnu/libcrypto.so (found version "1.1.1f")  
[0.618s] -- Found FastRTPS: /opt/ros/foxy/include  
[0.661s] -- Using all available rosidl_typesupport_cpp: rosidl_typesupport_fastrtps_cpp;rosidl_typesupport_introspection_cpp
[0.693s] -- Found rmw_implementation_cmake: 1.0.4 (/opt/ros/foxy/share/rmw_implementation_cmake/cmake)
[0.694s] -- Using RMW implementation 'rmw_fastrtps_cpp' as default
[0.694s] -- Looking for pthread.h
[0.732s] -- Looking for pthread.h - found
[0.732s] -- Performing Test CMAKE_HAVE_LIBC_PTHREAD
[0.776s] -- Performing Test CMAKE_HAVE_LIBC_PTHREAD - Failed
[0.776s] -- Looking for pthread_create in pthreads
[0.817s] -- Looking for pthread_create in pthreads - not found
[0.817s] -- Looking for pthread_create in pthread
[0.884s] -- Looking for pthread_create in pthread - found
[0.885s] -- Found Threads: TRUE  
[0.972s] -- Found rclcpp_components: 2.4.3 (/opt/ros/foxy/share/rclcpp_components/cmake)
[1.005s] -- Found diagnostic_msgs: 2.0.5 (/opt/ros/foxy/share/diagnostic_msgs/cmake)
[1.025s] -- Found geometry_msgs: 2.0.5 (/opt/ros/foxy/share/geometry_msgs/cmake)
[1.044s] -- Found sensor_msgs: 2.0.5 (/opt/ros/foxy/share/sensor_msgs/cmake)
[1.085s] -- Found std_srvs: 2.0.5 (/opt/ros/foxy/share/std_srvs/cmake)
[1.091s] -- Found diagnostic_updater: 3.1.2 (/opt/ros/foxy/share/diagnostic_updater/cmake)
[1.102s] -- Found cv_bridge: 3.0.7 (/opt/ros/foxy/share/cv_bridge/cmake)
[1.118s] -- Found rosidl_default_generators: 1.0.1 (/opt/ros/foxy/share/rosidl_default_generators/cmake)
[1.124s] -- Found tf2_ros: 0.13.14 (/opt/ros/foxy/share/tf2_ros/cmake)
[1.280s] -- Found tf2_geometry_msgs: 0.13.14 (/opt/ros/foxy/share/tf2_geometry_msgs/cmake)
[1.284s] -- Found eigen3_cmake_module: 0.1.1 (/opt/ros/foxy/share/eigen3_cmake_module/cmake)
[1.286s] -- Found Eigen3: TRUE (found version "3.3.7") 
[1.310s] CMake Warning at /usr/share/cmake-3.16/Modules/FindProtobuf.cmake:499 (message):
[1.310s]   Protobuf compiler version doesn't match library version 3.6.1
[1.310s] Call Stack (most recent call first):
[1.310s]   /usr/share/cmake-3.16/Modules/CMakeFindDependencyMacro.cmake:47 (find_package)
[1.311s]   /usr/lib/cmake/blickfeld-scanner/blickfeld-scanner-config.cmake:8 (find_dependency)
[1.311s]   CMakeLists.txt:44 (find_package)
[1.311s] 
[1.311s] 
[1.311s] -- Found Protobuf: /usr/lib/x86_64-linux-gnu/libprotobuf.so;-lpthread (found suitable version "3.6.1", minimum required is "3.6.1") 
[1.316s] CMake Warning at /usr/share/cmake-3.16/Modules/FindProtobuf.cmake:499 (message):
[1.316s]   Protobuf compiler version doesn't match library version 3.6.1
[1.316s] Call Stack (most recent call first):
[1.316s]   /usr/share/cmake-3.16/Modules/CMakeFindDependencyMacro.cmake:47 (find_package)
[1.316s]   /usr/lib/cmake/blickfeld-scanner/blickfeld-scanner-config.cmake:8 (find_dependency)
[1.316s]   /usr/lib/cmake/blickfeld-scanner/blickfeld-scanner.cmake:69 (include)
[1.316s]   /usr/lib/cmake/blickfeld-scanner/blickfeld-scanner-config.cmake:40 (include)
[1.316s]   CMakeLists.txt:44 (find_package)
[1.317s] 
[1.317s] 
[1.329s] -- Found PythonInterp: /usr/bin/python3 (found version "3.8.10") 
[1.554s] -- Using all available rosidl_typesupport_c: rosidl_typesupport_fastrtps_c;rosidl_typesupport_introspection_c
[1.607s] -- Using all available rosidl_typesupport_cpp: rosidl_typesupport_fastrtps_cpp;rosidl_typesupport_introspection_cpp
[1.622s] -- Found PythonInterp: /usr/bin/python3 (found suitable version "3.8.10", minimum required is "3.5") 
[1.623s] -- Found python_cmake_module: 0.8.1 (/opt/ros/foxy/share/python_cmake_module/cmake)
[1.647s] -- Found PythonLibs: /usr/lib/x86_64-linux-gnu/libpython3.8.so (found suitable version "3.8.10", minimum required is "3.5") 
[1.648s] -- Using PYTHON_EXECUTABLE: /usr/bin/python3
[1.648s] -- Using PYTHON_INCLUDE_DIRS: /usr/include/python3.8
[1.648s] -- Using PYTHON_LIBRARIES: /usr/lib/x86_64-linux-gnu/libpython3.8.so
[1.663s] -- Found PythonExtra: .so  
[1.728s] -- Configuring done
[1.737s] WARNING: Target "blickfeld_driver_node" requests linking to directory "/usr/include".  Targets may link only to libraries.  CMake is dropping the item.
[1.737s] WARNING: Target "blickfeld_driver_node" requests linking to directory "/usr/include".  Targets may link only to libraries.  CMake is dropping the item.
[1.747s] WARNING: Target "blickfeld_driver_component" requests linking to directory "/usr/include".  Targets may link only to libraries.  CMake is dropping the item.
[1.747s] WARNING: Target "blickfeld_driver_component" requests linking to directory "/usr/include".  Targets may link only to libraries.  CMake is dropping the item.
[1.761s] WARNING: Target "blickfeld_driver_lib" requests linking to directory "/usr/include".  Targets may link only to libraries.  CMake is dropping the item.
[1.761s] WARNING: Target "blickfeld_driver_lib" requests linking to directory "/usr/include".  Targets may link only to libraries.  CMake is dropping the item.
[1.786s] WARNING: Target "blickfeld_driver_core" requests linking to directory "/usr/include".  Targets may link only to libraries.  CMake is dropping the item.
[1.786s] WARNING: Target "blickfeld_driver_core" requests linking to directory "/usr/include".  Targets may link only to libraries.  CMake is dropping the item.
[1.790s] -- Generating done
[1.792s] -- Build files have been written to: /home/jeongil/ros_foxy_ws/blickfeld_ws/build/blickfeld_driver
[1.799s] Invoked command in '/home/jeongil/ros_foxy_ws/blickfeld_ws/build/blickfeld_driver' returned '0': CMAKE_PREFIX_PATH=${CMAKE_PREFIX_PATH}:/home/jeongil/ros_foxy_ws/blickfeld_ws/install/blickfeld_pointcloud:/opt/ros/foxy /usr/bin/cmake /home/jeongil/ros_foxy_ws/blickfeld_ws/src/blickfeld_driver -DCMAKE_INSTALL_PREFIX=/home/jeongil/ros_foxy_ws/blickfeld_ws/install/blickfeld_driver
[1.800s] Invoking command in '/home/jeongil/ros_foxy_ws/blickfeld_ws/build/blickfeld_driver': CMAKE_PREFIX_PATH=${CMAKE_PREFIX_PATH}:/home/jeongil/ros_foxy_ws/blickfeld_ws/install/blickfeld_pointcloud:/opt/ros/foxy /usr/bin/cmake --build /home/jeongil/ros_foxy_ws/blickfeld_ws/build/blickfeld_driver -- -j20 -l20
[1.823s] [  2%] [34m[1mGenerating C code for ROS interfaces[0m
[1.823s] [35m[1mScanning dependencies of target blickfeld_driver__cpp[0m
[1.823s] [35m[1mScanning dependencies of target blickfeld_driver_core[0m
[1.828s] [  4%] [34m[1mGenerating C++ code for ROS interfaces[0m
[1.880s] [ 10%] [32mBuilding CXX object modules/ros_blickfeld_driver_core/CMakeFiles/blickfeld_driver_core.dir/src/blickfeld_driver_core.cpp.o[0m
[1.880s] [ 10%] [32mBuilding CXX object modules/ros_blickfeld_driver_core/CMakeFiles/blickfeld_driver_core.dir/src/blickfeld_driver_imu_parser.cpp.o[0m
[1.880s] [ 10%] [32mBuilding CXX object modules/ros_blickfeld_driver_core/CMakeFiles/blickfeld_driver_core.dir/src/blickfeld_driver_point_cloud_parser.cpp.o[0m
[1.881s] [ 12%] [32mBuilding CXX object modules/ros_blickfeld_driver_core/CMakeFiles/blickfeld_driver_core.dir/src/blickfeld_driver_utils.cpp.o[0m
[2.021s] [ 12%] Built target blickfeld_driver__cpp
[2.022s] [35m[1mScanning dependencies of target blickfeld_driver__rosidl_generator_c[0m
[2.028s] [ 14%] [34m[1mGenerating C++ introspection for ROS interfaces[0m
[2.028s] [ 16%] [34m[1mGenerating C++ type support dispatch for ROS interfaces[0m
[2.029s] [ 18%] [34m[1mGenerating C++ type support for eProsima Fast-RTPS[0m
[2.030s] [ 20%] [32mBuilding C object CMakeFiles/blickfeld_driver__rosidl_generator_c.dir/rosidl_generator_c/blickfeld_driver/srv/detail/set_scan_pattern__functions.c.o[0m
[2.032s] [ 22%] [32mBuilding C object CMakeFiles/blickfeld_driver__rosidl_generator_c.dir/rosidl_generator_c/blickfeld_driver/srv/detail/imu_static_transformation__functions.c.o[0m
[2.077s] [ 24%] [32m[1mLinking C shared library libblickfeld_driver__rosidl_generator_c.so[0m
[2.099s] [ 24%] Built target blickfeld_driver__rosidl_generator_c
[2.106s] [ 26%] [34m[1mGenerating C introspection for ROS interfaces[0m
[2.109s] [ 28%] [34m[1mGenerating C type support dispatch for ROS interfaces[0m
[2.187s] [35m[1mScanning dependencies of target blickfeld_driver__rosidl_typesupport_cpp[0m
[2.195s] [ 32%] [32mBuilding CXX object CMakeFiles/blickfeld_driver__rosidl_typesupport_cpp.dir/rosidl_typesupport_cpp/blickfeld_driver/srv/set_scan_pattern__type_support.cpp.o[0m
[2.195s] [ 32%] [32mBuilding CXX object CMakeFiles/blickfeld_driver__rosidl_typesupport_cpp.dir/rosidl_typesupport_cpp/blickfeld_driver/srv/imu_static_transformation__type_support.cpp.o[0m
[2.201s] [35m[1mScanning dependencies of target blickfeld_driver__rosidl_typesupport_introspection_cpp[0m
[2.211s] [ 34%] [32mBuilding CXX object CMakeFiles/blickfeld_driver__rosidl_typesupport_introspection_cpp.dir/rosidl_typesupport_introspection_cpp/blickfeld_driver/srv/detail/imu_static_transformation__type_support.cpp.o[0m
[2.214s] [ 36%] [32mBuilding CXX object CMakeFiles/blickfeld_driver__rosidl_typesupport_introspection_cpp.dir/rosidl_typesupport_introspection_cpp/blickfeld_driver/srv/detail/set_scan_pattern__type_support.cpp.o[0m
[2.214s] [35m[1mScanning dependencies of target blickfeld_driver__rosidl_typesupport_fastrtps_cpp[0m
[2.232s] [ 38%] [32mBuilding CXX object CMakeFiles/blickfeld_driver__rosidl_typesupport_fastrtps_cpp.dir/rosidl_typesupport_fastrtps_cpp/blickfeld_driver/srv/detail/dds_fastrtps/imu_static_transformation__type_support.cpp.o[0m
[2.233s] [ 40%] [32mBuilding CXX object CMakeFiles/blickfeld_driver__rosidl_typesupport_fastrtps_cpp.dir/rosidl_typesupport_fastrtps_cpp/blickfeld_driver/srv/detail/dds_fastrtps/set_scan_pattern__type_support.cpp.o[0m
[2.289s] [35m[1mScanning dependencies of target blickfeld_driver__rosidl_typesupport_introspection_c[0m
[2.302s] [ 44%] [32mBuilding C object CMakeFiles/blickfeld_driver__rosidl_typesupport_introspection_c.dir/rosidl_typesupport_introspection_c/blickfeld_driver/srv/detail/set_scan_pattern__type_support.c.o[0m
[2.302s] [ 44%] [32mBuilding C object CMakeFiles/blickfeld_driver__rosidl_typesupport_introspection_c.dir/rosidl_typesupport_introspection_c/blickfeld_driver/srv/detail/imu_static_transformation__type_support.c.o[0m
[2.334s] [ 46%] [32m[1mLinking C shared library libblickfeld_driver__rosidl_typesupport_introspection_c.so[0m
[2.335s] [ 48%] [32m[1mLinking CXX shared library libblickfeld_driver__rosidl_typesupport_cpp.so[0m
[2.353s] [ 48%] Built target blickfeld_driver__rosidl_typesupport_introspection_c
[2.358s] [ 48%] Built target blickfeld_driver__rosidl_typesupport_cpp
[2.388s] [35m[1mScanning dependencies of target blickfeld_driver__rosidl_typesupport_c[0m
[2.396s] [ 52%] [32mBuilding CXX object CMakeFiles/blickfeld_driver__rosidl_typesupport_c.dir/rosidl_typesupport_c/blickfeld_driver/srv/imu_static_transformation__type_support.cpp.o[0m
[2.396s] [ 52%] [32mBuilding CXX object CMakeFiles/blickfeld_driver__rosidl_typesupport_c.dir/rosidl_typesupport_c/blickfeld_driver/srv/set_scan_pattern__type_support.cpp.o[0m
[2.415s] [ 54%] [32m[1mLinking CXX shared library libblickfeld_driver__rosidl_typesupport_c.so[0m
[2.439s] [ 54%] Built target blickfeld_driver__rosidl_typesupport_c
[2.464s] [ 56%] [32m[1mLinking CXX shared library libblickfeld_driver__rosidl_typesupport_introspection_cpp.so[0m
[2.497s] [ 58%] [32m[1mLinking CXX shared library libblickfeld_driver__rosidl_typesupport_fastrtps_cpp.so[0m
[2.499s] [ 58%] Built target blickfeld_driver__rosidl_typesupport_introspection_cpp
[2.544s] [ 58%] Built target blickfeld_driver__rosidl_typesupport_fastrtps_cpp
[2.550s] [ 60%] [34m[1mGenerating C type support for eProsima Fast-RTPS[0m
[2.725s] [35m[1mScanning dependencies of target blickfeld_driver__rosidl_typesupport_fastrtps_c[0m
[2.737s] [ 64%] [32mBuilding CXX object CMakeFiles/blickfeld_driver__rosidl_typesupport_fastrtps_c.dir/rosidl_typesupport_fastrtps_c/blickfeld_driver/srv/detail/imu_static_transformation__type_support_c.cpp.o[0m
[2.737s] [ 64%] [32mBuilding CXX object CMakeFiles/blickfeld_driver__rosidl_typesupport_fastrtps_c.dir/rosidl_typesupport_fastrtps_c/blickfeld_driver/srv/detail/set_scan_pattern__type_support_c.cpp.o[0m
[2.913s] [ 66%] [32m[1mLinking CXX shared library libblickfeld_driver__rosidl_typesupport_fastrtps_c.so[0m
[2.962s] [ 66%] Built target blickfeld_driver__rosidl_typesupport_fastrtps_c
[2.968s] [35m[1mScanning dependencies of target blickfeld_driver[0m
[2.974s] [ 66%] Built target blickfeld_driver
[2.980s] [35m[1mScanning dependencies of target blickfeld_driver__py[0m
[2.987s] [ 68%] [34m[1mGenerating Python code for ROS interfaces[0m
[3.405s] [ 68%] Built target blickfeld_driver__py
[3.411s] [35m[1mScanning dependencies of target blickfeld_driver__python[0m
[3.432s] [ 72%] [32mBuilding C object CMakeFiles/blickfeld_driver__python.dir/rosidl_generator_py/blickfeld_driver/srv/_set_scan_pattern_s.c.o[0m
[3.432s] [ 72%] [32mBuilding C object CMakeFiles/blickfeld_driver__python.dir/rosidl_generator_py/blickfeld_driver/srv/_imu_static_transformation_s.c.o[0m
[3.484s] [ 74%] [32m[1mLinking C shared library rosidl_generator_py/blickfeld_driver/libblickfeld_driver__python.so[0m
[3.509s] [ 74%] Built target blickfeld_driver__python
[3.515s] [35m[1mScanning dependencies of target blickfeld_driver__rosidl_typesupport_introspection_c__pyext[0m
[3.515s] [35m[1mScanning dependencies of target blickfeld_driver__rosidl_typesupport_c__pyext[0m
[3.515s] [35m[1mScanning dependencies of target blickfeld_driver__rosidl_typesupport_fastrtps_c__pyext[0m
[3.526s] [ 76%] [32mBuilding C object CMakeFiles/blickfeld_driver__rosidl_typesupport_introspection_c__pyext.dir/rosidl_generator_py/blickfeld_driver/_blickfeld_driver_s.ep.rosidl_typesupport_introspection_c.c.o[0m
[3.528s] [ 78%] [32mBuilding C object CMakeFiles/blickfeld_driver__rosidl_typesupport_c__pyext.dir/rosidl_generator_py/blickfeld_driver/_blickfeld_driver_s.ep.rosidl_typesupport_c.c.o[0m
[3.528s] [ 80%] [32mBuilding C object CMakeFiles/blickfeld_driver__rosidl_typesupport_fastrtps_c__pyext.dir/rosidl_generator_py/blickfeld_driver/_blickfeld_driver_s.ep.rosidl_typesupport_fastrtps_c.c.o[0m
[3.574s] [ 82%] [32m[1mLinking C shared library rosidl_generator_py/blickfeld_driver/blickfeld_driver_s__rosidl_typesupport_introspection_c.cpython-38-x86_64-linux-gnu.so[0m
[3.576s] [ 84%] [32m[1mLinking C shared library rosidl_generator_py/blickfeld_driver/blickfeld_driver_s__rosidl_typesupport_c.cpython-38-x86_64-linux-gnu.so[0m
[3.576s] [ 86%] [32m[1mLinking CXX shared library rosidl_generator_py/blickfeld_driver/blickfeld_driver_s__rosidl_typesupport_fastrtps_c.cpython-38-x86_64-linux-gnu.so[0m
[3.596s] [ 86%] Built target blickfeld_driver__rosidl_typesupport_introspection_c__pyext
[3.596s] [ 86%] Built target blickfeld_driver__rosidl_typesupport_c__pyext
[3.614s] [ 86%] Built target blickfeld_driver__rosidl_typesupport_fastrtps_c__pyext
[7.986s] [ 88%] [32m[1mLinking CXX shared library libblickfeld_driver_core.so[0m
[8.258s] [ 88%] Built target blickfeld_driver_core
[8.264s] [35m[1mScanning dependencies of target blickfeld_driver_lib[0m
[8.309s] [ 90%] [32mBuilding CXX object CMakeFiles/blickfeld_driver_lib.dir/src/blickfeld_driver.cpp.o[0m
[11.984s] [ 92%] [32m[1mLinking CXX shared library libblickfeld_driver_lib.so[0m
[12.332s] [ 92%] Built target blickfeld_driver_lib
[12.338s] [35m[1mScanning dependencies of target blickfeld_driver_node[0m
[12.338s] [35m[1mScanning dependencies of target blickfeld_driver_component[0m
[12.389s] [ 94%] [32mBuilding CXX object CMakeFiles/blickfeld_driver_node.dir/src/blickfeld_driver_node.cpp.o[0m
[12.390s] [ 96%] [32mBuilding CXX object CMakeFiles/blickfeld_driver_component.dir/src/blickfeld_driver_component.cpp.o[0m
[14.319s] [ 98%] [32m[1mLinking CXX executable blickfeld_driver_node[0m
[14.420s] [100%] [32m[1mLinking CXX shared library libblickfeld_driver_component.so[0m
[14.585s] [100%] Built target blickfeld_driver_component
[14.620s] [100%] Built target blickfeld_driver_node
[14.626s] Invoked command in '/home/jeongil/ros_foxy_ws/blickfeld_ws/build/blickfeld_driver' returned '0': CMAKE_PREFIX_PATH=${CMAKE_PREFIX_PATH}:/home/jeongil/ros_foxy_ws/blickfeld_ws/install/blickfeld_pointcloud:/opt/ros/foxy /usr/bin/cmake --build /home/jeongil/ros_foxy_ws/blickfeld_ws/build/blickfeld_driver -- -j20 -l20
[14.670s] Invoking command in '/home/jeongil/ros_foxy_ws/blickfeld_ws/build/blickfeld_driver': CMAKE_PREFIX_PATH=${CMAKE_PREFIX_PATH}:/home/jeongil/ros_foxy_ws/blickfeld_ws/install/blickfeld_pointcloud:/opt/ros/foxy /usr/bin/cmake --install /home/jeongil/ros_foxy_ws/blickfeld_ws/build/blickfeld_driver
[14.675s] -- Install configuration: ""
[14.675s] -- Installing: /home/jeongil/ros_foxy_ws/blickfeld_ws/install/blickfeld_driver/share/ament_index/resource_index/rosidl_interfaces/blickfeld_driver
[14.675s] -- Installing: /home/jeongil/ros_foxy_ws/blickfeld_ws/install/blickfeld_driver/include/blickfeld_driver
[14.675s] -- Installing: /home/jeongil/ros_foxy_ws/blickfeld_ws/install/blickfeld_driver/include/blickfeld_driver/srv
[14.675s] -- Installing: /home/jeongil/ros_foxy_ws/blickfeld_ws/install/blickfeld_driver/include/blickfeld_driver/srv/set_scan_pattern.h
[14.675s] -- Installing: /home/jeongil/ros_foxy_ws/blickfeld_ws/install/blickfeld_driver/include/blickfeld_driver/srv/detail
[14.675s] -- Installing: /home/jeongil/ros_foxy_ws/blickfeld_ws/install/blickfeld_driver/include/blickfeld_driver/srv/detail/set_scan_pattern__struct.h
[14.675s] -- Installing: /home/jeongil/ros_foxy_ws/blickfeld_ws/install/blickfeld_driver/include/blickfeld_driver/srv/detail/set_scan_pattern__functions.c
[14.675s] -- Installing: /home/jeongil/ros_foxy_ws/blickfeld_ws/install/blickfeld_driver/include/blickfeld_driver/srv/detail/imu_static_transformation__functions.h
[14.675s] -- Installing: /home/jeongil/ros_foxy_ws/blickfeld_ws/install/blickfeld_driver/include/blickfeld_driver/srv/detail/imu_static_transformation__type_support.h
[14.675s] -- Installing: /home/jeongil/ros_foxy_ws/blickfeld_ws/install/blickfeld_driver/include/blickfeld_driver/srv/detail/set_scan_pattern__functions.h
[14.675s] -- Installing: /home/jeongil/ros_foxy_ws/blickfeld_ws/install/blickfeld_driver/include/blickfeld_driver/srv/detail/imu_static_transformation__functions.c
[14.676s] -- Installing: /home/jeongil/ros_foxy_ws/blickfeld_ws/install/blickfeld_driver/include/blickfeld_driver/srv/detail/imu_static_transformation__struct.h
[14.676s] -- Installing: /home/jeongil/ros_foxy_ws/blickfeld_ws/install/blickfeld_driver/include/blickfeld_driver/srv/detail/set_scan_pattern__type_support.h
[14.676s] -- Installing: /home/jeongil/ros_foxy_ws/blickfeld_ws/install/blickfeld_driver/include/blickfeld_driver/srv/imu_static_transformation.h
[14.676s] -- Installing: /home/jeongil/ros_foxy_ws/blickfeld_ws/install/blickfeld_driver/include/blickfeld_driver/msg
[14.676s] -- Installing: /home/jeongil/ros_foxy_ws/blickfeld_ws/install/blickfeld_driver/include/blickfeld_driver/msg/rosidl_generator_c__visibility_control.h
[14.676s] -- Installing: /home/jeongil/ros_foxy_ws/blickfeld_ws/install/blickfeld_driver/share/blickfeld_driver/environment/library_path.sh
[14.676s] -- Installing: /home/jeongil/ros_foxy_ws/blickfeld_ws/install/blickfeld_driver/share/blickfeld_driver/environment/library_path.dsv
[14.676s] -- Installing: /home/jeongil/ros_foxy_ws/blickfeld_ws/install/blickfeld_driver/lib/libblickfeld_driver__rosidl_generator_c.so
[14.676s] -- Set runtime path of "/home/jeongil/ros_foxy_ws/blickfeld_ws/install/blickfeld_driver/lib/libblickfeld_driver__rosidl_generator_c.so" to ""
[14.676s] -- Up-to-date: /home/jeongil/ros_foxy_ws/blickfeld_ws/install/blickfeld_driver/include/blickfeld_driver
[14.676s] -- Up-to-date: /home/jeongil/ros_foxy_ws/blickfeld_ws/install/blickfeld_driver/include/blickfeld_driver/srv
[14.676s] -- Up-to-date: /home/jeongil/ros_foxy_ws/blickfeld_ws/install/blickfeld_driver/include/blickfeld_driver/srv/detail
[14.676s] -- Installing: /home/jeongil/ros_foxy_ws/blickfeld_ws/install/blickfeld_driver/include/blickfeld_driver/srv/detail/imu_static_transformation__rosidl_typesupport_fastrtps_c.h
[14.676s] -- Installing: /home/jeongil/ros_foxy_ws/blickfeld_ws/install/blickfeld_driver/include/blickfeld_driver/srv/detail/set_scan_pattern__rosidl_typesupport_fastrtps_c.h
[14.676s] -- Up-to-date: /home/jeongil/ros_foxy_ws/blickfeld_ws/install/blickfeld_driver/include/blickfeld_driver/msg
[14.676s] -- Installing: /home/jeongil/ros_foxy_ws/blickfeld_ws/install/blickfeld_driver/include/blickfeld_driver/msg/rosidl_typesupport_fastrtps_c__visibility_control.h
[14.676s] -- Installing: /home/jeongil/ros_foxy_ws/blickfeld_ws/install/blickfeld_driver/lib/libblickfeld_driver__rosidl_typesupport_fastrtps_c.so
[14.676s] -- Set runtime path of "/home/jeongil/ros_foxy_ws/blickfeld_ws/install/blickfeld_driver/lib/libblickfeld_driver__rosidl_typesupport_fastrtps_c.so" to ""
[14.676s] -- Up-to-date: /home/jeongil/ros_foxy_ws/blickfeld_ws/install/blickfeld_driver/include/blickfeld_driver
[14.676s] -- Up-to-date: /home/jeongil/ros_foxy_ws/blickfeld_ws/install/blickfeld_driver/include/blickfeld_driver/srv
[14.676s] -- Up-to-date: /home/jeongil/ros_foxy_ws/blickfeld_ws/install/blickfeld_driver/include/blickfeld_driver/srv/detail
[14.676s] -- Installing: /home/jeongil/ros_foxy_ws/blickfeld_ws/install/blickfeld_driver/include/blickfeld_driver/srv/detail/imu_static_transformation__rosidl_typesupport_fastrtps_cpp.hpp
[14.676s] -- Installing: /home/jeongil/ros_foxy_ws/blickfeld_ws/install/blickfeld_driver/include/blickfeld_driver/srv/detail/dds_fastrtps
[14.676s] -- Installing: /home/jeongil/ros_foxy_ws/blickfeld_ws/install/blickfeld_driver/include/blickfeld_driver/srv/detail/set_scan_pattern__rosidl_typesupport_fastrtps_cpp.hpp
[14.676s] -- Up-to-date: /home/jeongil/ros_foxy_ws/blickfeld_ws/install/blickfeld_driver/include/blickfeld_driver/msg
[14.677s] -- Installing: /home/jeongil/ros_foxy_ws/blickfeld_ws/install/blickfeld_driver/include/blickfeld_driver/msg/rosidl_typesupport_fastrtps_cpp__visibility_control.h
[14.677s] -- Installing: /home/jeongil/ros_foxy_ws/blickfeld_ws/install/blickfeld_driver/lib/libblickfeld_driver__rosidl_typesupport_fastrtps_cpp.so
[14.677s] -- Set runtime path of "/home/jeongil/ros_foxy_ws/blickfeld_ws/install/blickfeld_driver/lib/libblickfeld_driver__rosidl_typesupport_fastrtps_cpp.so" to ""
[14.677s] -- Up-to-date: /home/jeongil/ros_foxy_ws/blickfeld_ws/install/blickfeld_driver/include/blickfeld_driver
[14.677s] -- Up-to-date: /home/jeongil/ros_foxy_ws/blickfeld_ws/install/blickfeld_driver/include/blickfeld_driver/srv
[14.677s] -- Up-to-date: /home/jeongil/ros_foxy_ws/blickfeld_ws/install/blickfeld_driver/include/blickfeld_driver/srv/detail
[14.677s] -- Installing: /home/jeongil/ros_foxy_ws/blickfeld_ws/install/blickfeld_driver/include/blickfeld_driver/srv/detail/set_scan_pattern__rosidl_typesupport_introspection_c.h
[14.677s] -- Installing: /home/jeongil/ros_foxy_ws/blickfeld_ws/install/blickfeld_driver/include/blickfeld_driver/srv/detail/set_scan_pattern__type_support.c
[14.677s] -- Installing: /home/jeongil/ros_foxy_ws/blickfeld_ws/install/blickfeld_driver/include/blickfeld_driver/srv/detail/imu_static_transformation__type_support.c
[14.677s] -- Installing: /home/jeongil/ros_foxy_ws/blickfeld_ws/install/blickfeld_driver/include/blickfeld_driver/srv/detail/imu_static_transformation__rosidl_typesupport_introspection_c.h
[14.677s] -- Up-to-date: /home/jeongil/ros_foxy_ws/blickfeld_ws/install/blickfeld_driver/include/blickfeld_driver/msg
[14.677s] -- Installing: /home/jeongil/ros_foxy_ws/blickfeld_ws/install/blickfeld_driver/include/blickfeld_driver/msg/rosidl_typesupport_introspection_c__visibility_control.h
[14.677s] -- Installing: /home/jeongil/ros_foxy_ws/blickfeld_ws/install/blickfeld_driver/lib/libblickfeld_driver__rosidl_typesupport_introspection_c.so
[14.677s] -- Set runtime path of "/home/jeongil/ros_foxy_ws/blickfeld_ws/install/blickfeld_driver/lib/libblickfeld_driver__rosidl_typesupport_introspection_c.so" to ""
[14.677s] -- Installing: /home/jeongil/ros_foxy_ws/blickfeld_ws/install/blickfeld_driver/lib/libblickfeld_driver__rosidl_typesupport_c.so
[14.677s] -- Set runtime path of "/home/jeongil/ros_foxy_ws/blickfeld_ws/install/blickfeld_driver/lib/libblickfeld_driver__rosidl_typesupport_c.so" to ""
[14.677s] -- Up-to-date: /home/jeongil/ros_foxy_ws/blickfeld_ws/install/blickfeld_driver/include/blickfeld_driver
[14.677s] -- Up-to-date: /home/jeongil/ros_foxy_ws/blickfeld_ws/install/blickfeld_driver/include/blickfeld_driver/srv
[14.677s] -- Installing: /home/jeongil/ros_foxy_ws/blickfeld_ws/install/blickfeld_driver/include/blickfeld_driver/srv/set_scan_pattern.hpp
[14.677s] -- Up-to-date: /home/jeongil/ros_foxy_ws/blickfeld_ws/install/blickfeld_driver/include/blickfeld_driver/srv/detail
[14.677s] -- Installing: /home/jeongil/ros_foxy_ws/blickfeld_ws/install/blickfeld_driver/include/blickfeld_driver/srv/detail/imu_static_transformation__type_support.hpp
[14.677s] -- Installing: /home/jeongil/ros_foxy_ws/blickfeld_ws/install/blickfeld_driver/include/blickfeld_driver/srv/detail/set_scan_pattern__traits.hpp
[14.677s] -- Installing: /home/jeongil/ros_foxy_ws/blickfeld_ws/install/blickfeld_driver/include/blickfeld_driver/srv/detail/set_scan_pattern__builder.hpp
[14.678s] -- Installing: /home/jeongil/ros_foxy_ws/blickfeld_ws/install/blickfeld_driver/include/blickfeld_driver/srv/detail/imu_static_transformation__traits.hpp
[14.678s] -- Installing: /home/jeongil/ros_foxy_ws/blickfeld_ws/install/blickfeld_driver/include/blickfeld_driver/srv/detail/imu_static_transformation__struct.hpp
[14.678s] -- Installing: /home/jeongil/ros_foxy_ws/blickfeld_ws/install/blickfeld_driver/include/blickfeld_driver/srv/detail/imu_static_transformation__builder.hpp
[14.678s] -- Installing: /home/jeongil/ros_foxy_ws/blickfeld_ws/install/blickfeld_driver/include/blickfeld_driver/srv/detail/set_scan_pattern__type_support.hpp
[14.678s] -- Installing: /home/jeongil/ros_foxy_ws/blickfeld_ws/install/blickfeld_driver/include/blickfeld_driver/srv/detail/set_scan_pattern__struct.hpp
[14.678s] -- Installing: /home/jeongil/ros_foxy_ws/blickfeld_ws/install/blickfeld_driver/include/blickfeld_driver/srv/imu_static_transformation.hpp
[14.678s] -- Up-to-date: /home/jeongil/ros_foxy_ws/blickfeld_ws/install/blickfeld_driver/include/blickfeld_driver/msg
[14.678s] -- Installing: /home/jeongil/ros_foxy_ws/blickfeld_ws/install/blickfeld_driver/include/blickfeld_driver/msg/rosidl_generator_cpp__visibility_control.hpp
[14.678s] -- Up-to-date: /home/jeongil/ros_foxy_ws/blickfeld_ws/install/blickfeld_driver/include/blickfeld_driver
[14.678s] -- Up-to-date: /home/jeongil/ros_foxy_ws/blickfeld_ws/install/blickfeld_driver/include/blickfeld_driver/srv
[14.678s] -- Up-to-date: /home/jeongil/ros_foxy_ws/blickfeld_ws/install/blickfeld_driver/include/blickfeld_driver/srv/detail
[14.678s] -- Installing: /home/jeongil/ros_foxy_ws/blickfeld_ws/install/blickfeld_driver/include/blickfeld_driver/srv/detail/set_scan_pattern__type_support.cpp
[14.678s] -- Installing: /home/jeongil/ros_foxy_ws/blickfeld_ws/install/blickfeld_driver/include/blickfeld_driver/srv/detail/imu_static_transformation__type_support.cpp
[14.678s] -- Installing: /home/jeongil/ros_foxy_ws/blickfeld_ws/install/blickfeld_driver/include/blickfeld_driver/srv/detail/set_scan_pattern__rosidl_typesupport_introspection_cpp.hpp
[14.678s] -- Installing: /home/jeongil/ros_foxy_ws/blickfeld_ws/install/blickfeld_driver/include/blickfeld_driver/srv/detail/imu_static_transformation__rosidl_typesupport_introspection_cpp.hpp
[14.678s] -- Installing: /home/jeongil/ros_foxy_ws/blickfeld_ws/install/blickfeld_driver/lib/libblickfeld_driver__rosidl_typesupport_introspection_cpp.so
[14.678s] -- Set runtime path of "/home/jeongil/ros_foxy_ws/blickfeld_ws/install/blickfeld_driver/lib/libblickfeld_driver__rosidl_typesupport_introspection_cpp.so" to ""
[14.678s] -- Installing: /home/jeongil/ros_foxy_ws/blickfeld_ws/install/blickfeld_driver/lib/libblickfeld_driver__rosidl_typesupport_cpp.so
[14.678s] -- Set runtime path of "/home/jeongil/ros_foxy_ws/blickfeld_ws/install/blickfeld_driver/lib/libblickfeld_driver__rosidl_typesupport_cpp.so" to ""
[14.678s] -- Installing: /home/jeongil/ros_foxy_ws/blickfeld_ws/install/blickfeld_driver/share/blickfeld_driver/environment/pythonpath.sh
[14.678s] -- Installing: /home/jeongil/ros_foxy_ws/blickfeld_ws/install/blickfeld_driver/share/blickfeld_driver/environment/pythonpath.dsv
[14.678s] -- Installing: /home/jeongil/ros_foxy_ws/blickfeld_ws/install/blickfeld_driver/lib/python3.8/site-packages/blickfeld_driver/__init__.py
[14.696s] Compiling '/home/jeongil/ros_foxy_ws/blickfeld_ws/install/blickfeld_driver/lib/python3.8/site-packages/blickfeld_driver/__init__.py'...
[14.698s] -- Installing: /home/jeongil/ros_foxy_ws/blickfeld_ws/install/blickfeld_driver/lib/python3.8/site-packages/blickfeld_driver/srv
[14.698s] -- Installing: /home/jeongil/ros_foxy_ws/blickfeld_ws/install/blickfeld_driver/lib/python3.8/site-packages/blickfeld_driver/srv/_imu_static_transformation_s.c
[14.698s] -- Installing: /home/jeongil/ros_foxy_ws/blickfeld_ws/install/blickfeld_driver/lib/python3.8/site-packages/blickfeld_driver/srv/_imu_static_transformation.py
[14.698s] -- Installing: /home/jeongil/ros_foxy_ws/blickfeld_ws/install/blickfeld_driver/lib/python3.8/site-packages/blickfeld_driver/srv/_set_scan_pattern_s.c
[14.698s] -- Installing: /home/jeongil/ros_foxy_ws/blickfeld_ws/install/blickfeld_driver/lib/python3.8/site-packages/blickfeld_driver/srv/_set_scan_pattern.py
[14.698s] -- Installing: /home/jeongil/ros_foxy_ws/blickfeld_ws/install/blickfeld_driver/lib/python3.8/site-packages/blickfeld_driver/srv/__init__.py
[14.698s] -- Installing: /home/jeongil/ros_foxy_ws/blickfeld_ws/install/blickfeld_driver/lib/python3.8/site-packages/blickfeld_driver/blickfeld_driver_s__rosidl_typesupport_fastrtps_c.cpython-38-x86_64-linux-gnu.so
[14.698s] -- Set runtime path of "/home/jeongil/ros_foxy_ws/blickfeld_ws/install/blickfeld_driver/lib/python3.8/site-packages/blickfeld_driver/blickfeld_driver_s__rosidl_typesupport_fastrtps_c.cpython-38-x86_64-linux-gnu.so" to ""
[14.698s] -- Installing: /home/jeongil/ros_foxy_ws/blickfeld_ws/install/blickfeld_driver/lib/python3.8/site-packages/blickfeld_driver/blickfeld_driver_s__rosidl_typesupport_introspection_c.cpython-38-x86_64-linux-gnu.so
[14.699s] -- Set runtime path of "/home/jeongil/ros_foxy_ws/blickfeld_ws/install/blickfeld_driver/lib/python3.8/site-packages/blickfeld_driver/blickfeld_driver_s__rosidl_typesupport_introspection_c.cpython-38-x86_64-linux-gnu.so" to ""
[14.699s] -- Installing: /home/jeongil/ros_foxy_ws/blickfeld_ws/install/blickfeld_driver/lib/python3.8/site-packages/blickfeld_driver/blickfeld_driver_s__rosidl_typesupport_c.cpython-38-x86_64-linux-gnu.so
[14.699s] -- Set runtime path of "/home/jeongil/ros_foxy_ws/blickfeld_ws/install/blickfeld_driver/lib/python3.8/site-packages/blickfeld_driver/blickfeld_driver_s__rosidl_typesupport_c.cpython-38-x86_64-linux-gnu.so" to ""
[14.699s] -- Installing: /home/jeongil/ros_foxy_ws/blickfeld_ws/install/blickfeld_driver/lib/libblickfeld_driver__python.so
[14.699s] -- Set runtime path of "/home/jeongil/ros_foxy_ws/blickfeld_ws/install/blickfeld_driver/lib/libblickfeld_driver__python.so" to ""
[14.699s] -- Installing: /home/jeongil/ros_foxy_ws/blickfeld_ws/install/blickfeld_driver/share/blickfeld_driver/srv/ImuStaticTransformation.idl
[14.699s] -- Installing: /home/jeongil/ros_foxy_ws/blickfeld_ws/install/blickfeld_driver/share/blickfeld_driver/srv/SetScanPattern.idl
[14.699s] -- Installing: /home/jeongil/ros_foxy_ws/blickfeld_ws/install/blickfeld_driver/share/blickfeld_driver/srv/ImuStaticTransformation.srv
[14.699s] -- Installing: /home/jeongil/ros_foxy_ws/blickfeld_ws/install/blickfeld_driver/share/blickfeld_driver/srv/ImuStaticTransformation_Request.msg
[14.700s] -- Installing: /home/jeongil/ros_foxy_ws/blickfeld_ws/install/blickfeld_driver/share/blickfeld_driver/srv/ImuStaticTransformation_Response.msg
[14.700s] -- Installing: /home/jeongil/ros_foxy_ws/blickfeld_ws/install/blickfeld_driver/share/blickfeld_driver/srv/SetScanPattern.srv
[14.700s] -- Installing: /home/jeongil/ros_foxy_ws/blickfeld_ws/install/blickfeld_driver/share/blickfeld_driver/srv/SetScanPattern_Request.msg
[14.700s] -- Installing: /home/jeongil/ros_foxy_ws/blickfeld_ws/install/blickfeld_driver/share/blickfeld_driver/srv/SetScanPattern_Response.msg
[14.700s] -- Up-to-date: /home/jeongil/ros_foxy_ws/blickfeld_ws/install/blickfeld_driver/share/blickfeld_driver/environment/library_path.sh
[14.700s] -- Up-to-date: /home/jeongil/ros_foxy_ws/blickfeld_ws/install/blickfeld_driver/share/blickfeld_driver/environment/library_path.dsv
[14.700s] -- Installing: /home/jeongil/ros_foxy_ws/blickfeld_ws/install/blickfeld_driver/lib/libblickfeld_driver_lib.so
[14.701s] -- Set runtime path of "/home/jeongil/ros_foxy_ws/blickfeld_ws/install/blickfeld_driver/lib/libblickfeld_driver_lib.so" to ""
[14.701s] -- Installing: /home/jeongil/ros_foxy_ws/blickfeld_ws/install/blickfeld_driver/lib/libblickfeld_driver_component.so
[14.702s] -- Set runtime path of "/home/jeongil/ros_foxy_ws/blickfeld_ws/install/blickfeld_driver/lib/libblickfeld_driver_component.so" to ""
[14.702s] -- Installing: /home/jeongil/ros_foxy_ws/blickfeld_ws/install/blickfeld_driver/lib/blickfeld_driver/blickfeld_driver_node
[14.702s] -- Set runtime path of "/home/jeongil/ros_foxy_ws/blickfeld_ws/install/blickfeld_driver/lib/blickfeld_driver/blickfeld_driver_node" to ""
[14.702s] -- Up-to-date: /home/jeongil/ros_foxy_ws/blickfeld_ws/install/blickfeld_driver/include/
[14.702s] -- Up-to-date: /home/jeongil/ros_foxy_ws/blickfeld_ws/install/blickfeld_driver/include//blickfeld_driver
[14.702s] -- Installing: /home/jeongil/ros_foxy_ws/blickfeld_ws/install/blickfeld_driver/include//blickfeld_driver/blickfeld_driver.h
[14.702s] -- Installing: /home/jeongil/ros_foxy_ws/blickfeld_ws/install/blickfeld_driver/include//blickfeld_driver/blickfeld_driver_ros_types.h
[14.702s] -- Up-to-date: /home/jeongil/ros_foxy_ws/blickfeld_ws/install/blickfeld_driver/include/
[14.702s] -- Installing: /home/jeongil/ros_foxy_ws/blickfeld_ws/install/blickfeld_driver/include//blickfeld_driver_core
[14.702s] -- Installing: /home/jeongil/ros_foxy_ws/blickfeld_ws/install/blickfeld_driver/include//blickfeld_driver_core/blickfeld_driver_utils.h
[14.702s] -- Installing: /home/jeongil/ros_foxy_ws/blickfeld_ws/install/blickfeld_driver/include//blickfeld_driver_core/blickfeld_driver_point_cloud_parser.h
[14.702s] -- Installing: /home/jeongil/ros_foxy_ws/blickfeld_ws/install/blickfeld_driver/include//blickfeld_driver_core/blickfeld_driver_imu_parser.h
[14.702s] -- Installing: /home/jeongil/ros_foxy_ws/blickfeld_ws/install/blickfeld_driver/include//blickfeld_driver_core/blickfeld_driver_types.h
[14.702s] -- Installing: /home/jeongil/ros_foxy_ws/blickfeld_ws/install/blickfeld_driver/include//blickfeld_driver_core/blickfeld_driver_core.h
[14.702s] -- Installing: /home/jeongil/ros_foxy_ws/blickfeld_ws/install/blickfeld_driver/share/blickfeld_driver/launch
[14.702s] -- Installing: /home/jeongil/ros_foxy_ws/blickfeld_ws/install/blickfeld_driver/share/blickfeld_driver/launch/live_scanner.launch.xml
[14.702s] -- Installing: /home/jeongil/ros_foxy_ws/blickfeld_ws/install/blickfeld_driver/share/blickfeld_driver/launch/live_scanner_component.launch.py
[14.702s] -- Installing: /home/jeongil/ros_foxy_ws/blickfeld_ws/install/blickfeld_driver/share/blickfeld_driver/launch/live_scanner_node.launch.py
[14.702s] -- Installing: /home/jeongil/ros_foxy_ws/blickfeld_ws/install/blickfeld_driver/share/blickfeld_driver/config
[14.702s] -- Installing: /home/jeongil/ros_foxy_ws/blickfeld_ws/install/blickfeld_driver/share/blickfeld_driver/config/driver_config.yaml
[14.702s] -- Installing: /home/jeongil/ros_foxy_ws/blickfeld_ws/install/blickfeld_driver/share/blickfeld_driver/config/blickfeld_scanner.rviz
[14.702s] -- Installing: /home/jeongil/ros_foxy_ws/blickfeld_ws/install/blickfeld_driver/share/ament_index/resource_index/package_run_dependencies/blickfeld_driver
[14.703s] -- Installing: /home/jeongil/ros_foxy_ws/blickfeld_ws/install/blickfeld_driver/share/ament_index/resource_index/parent_prefix_path/blickfeld_driver
[14.703s] -- Installing: /home/jeongil/ros_foxy_ws/blickfeld_ws/install/blickfeld_driver/share/blickfeld_driver/environment/ament_prefix_path.sh
[14.703s] -- Installing: /home/jeongil/ros_foxy_ws/blickfeld_ws/install/blickfeld_driver/share/blickfeld_driver/environment/ament_prefix_path.dsv
[14.703s] -- Installing: /home/jeongil/ros_foxy_ws/blickfeld_ws/install/blickfeld_driver/share/blickfeld_driver/environment/path.sh
[14.703s] -- Installing: /home/jeongil/ros_foxy_ws/blickfeld_ws/install/blickfeld_driver/share/blickfeld_driver/environment/path.dsv
[14.703s] -- Installing: /home/jeongil/ros_foxy_ws/blickfeld_ws/install/blickfeld_driver/share/blickfeld_driver/local_setup.bash
[14.703s] -- Installing: /home/jeongil/ros_foxy_ws/blickfeld_ws/install/blickfeld_driver/share/blickfeld_driver/local_setup.sh
[14.703s] -- Installing: /home/jeongil/ros_foxy_ws/blickfeld_ws/install/blickfeld_driver/share/blickfeld_driver/local_setup.zsh
[14.703s] -- Installing: /home/jeongil/ros_foxy_ws/blickfeld_ws/install/blickfeld_driver/share/blickfeld_driver/local_setup.dsv
[14.703s] -- Installing: /home/jeongil/ros_foxy_ws/blickfeld_ws/install/blickfeld_driver/share/blickfeld_driver/package.dsv
[14.703s] -- Installing: /home/jeongil/ros_foxy_ws/blickfeld_ws/install/blickfeld_driver/share/ament_index/resource_index/packages/blickfeld_driver
[14.703s] -- Installing: /home/jeongil/ros_foxy_ws/blickfeld_ws/install/blickfeld_driver/share/blickfeld_driver/cmake/blickfeld_driver__rosidl_generator_cExport.cmake
[14.703s] -- Installing: /home/jeongil/ros_foxy_ws/blickfeld_ws/install/blickfeld_driver/share/blickfeld_driver/cmake/blickfeld_driver__rosidl_generator_cExport-noconfig.cmake
[14.703s] -- Installing: /home/jeongil/ros_foxy_ws/blickfeld_ws/install/blickfeld_driver/share/blickfeld_driver/cmake/blickfeld_driver__rosidl_typesupport_introspection_cExport.cmake
[14.703s] -- Installing: /home/jeongil/ros_foxy_ws/blickfeld_ws/install/blickfeld_driver/share/blickfeld_driver/cmake/blickfeld_driver__rosidl_typesupport_introspection_cExport-noconfig.cmake
[14.703s] -- Installing: /home/jeongil/ros_foxy_ws/blickfeld_ws/install/blickfeld_driver/share/blickfeld_driver/cmake/blickfeld_driver__rosidl_typesupport_cExport.cmake
[14.703s] -- Installing: /home/jeongil/ros_foxy_ws/blickfeld_ws/install/blickfeld_driver/share/blickfeld_driver/cmake/blickfeld_driver__rosidl_typesupport_cExport-noconfig.cmake
[14.703s] -- Installing: /home/jeongil/ros_foxy_ws/blickfeld_ws/install/blickfeld_driver/share/blickfeld_driver/cmake/blickfeld_driver__rosidl_generator_cppExport.cmake
[14.703s] -- Installing: /home/jeongil/ros_foxy_ws/blickfeld_ws/install/blickfeld_driver/share/blickfeld_driver/cmake/blickfeld_driver__rosidl_typesupport_introspection_cppExport.cmake
[14.703s] -- Installing: /home/jeongil/ros_foxy_ws/blickfeld_ws/install/blickfeld_driver/share/blickfeld_driver/cmake/blickfeld_driver__rosidl_typesupport_introspection_cppExport-noconfig.cmake
[14.703s] -- Installing: /home/jeongil/ros_foxy_ws/blickfeld_ws/install/blickfeld_driver/share/blickfeld_driver/cmake/blickfeld_driver__rosidl_typesupport_cppExport.cmake
[14.703s] -- Installing: /home/jeongil/ros_foxy_ws/blickfeld_ws/install/blickfeld_driver/share/blickfeld_driver/cmake/blickfeld_driver__rosidl_typesupport_cppExport-noconfig.cmake
[14.704s] -- Installing: /home/jeongil/ros_foxy_ws/blickfeld_ws/install/blickfeld_driver/share/ament_index/resource_index/rclcpp_components/blickfeld_driver
[14.704s] -- Installing: /home/jeongil/ros_foxy_ws/blickfeld_ws/install/blickfeld_driver/share/blickfeld_driver/cmake/rosidl_cmake-extras.cmake
[14.704s] -- Installing: /home/jeongil/ros_foxy_ws/blickfeld_ws/install/blickfeld_driver/share/blickfeld_driver/cmake/ament_cmake_export_dependencies-extras.cmake
[14.704s] -- Installing: /home/jeongil/ros_foxy_ws/blickfeld_ws/install/blickfeld_driver/share/blickfeld_driver/cmake/ament_cmake_export_libraries-extras.cmake
[14.704s] -- Installing: /home/jeongil/ros_foxy_ws/blickfeld_ws/install/blickfeld_driver/share/blickfeld_driver/cmake/ament_cmake_export_targets-extras.cmake
[14.704s] -- Installing: /home/jeongil/ros_foxy_ws/blickfeld_ws/install/blickfeld_driver/share/blickfeld_driver/cmake/ament_cmake_export_include_directories-extras.cmake
[14.704s] -- Installing: /home/jeongil/ros_foxy_ws/blickfeld_ws/install/blickfeld_driver/share/blickfeld_driver/cmake/rosidl_cmake_export_typesupport_libraries-extras.cmake
[14.704s] -- Installing: /home/jeongil/ros_foxy_ws/blickfeld_ws/install/blickfeld_driver/share/blickfeld_driver/cmake/rosidl_cmake_export_typesupport_targets-extras.cmake
[14.704s] -- Installing: /home/jeongil/ros_foxy_ws/blickfeld_ws/install/blickfeld_driver/share/blickfeld_driver/cmake/blickfeld_driverConfig.cmake
[14.704s] -- Installing: /home/jeongil/ros_foxy_ws/blickfeld_ws/install/blickfeld_driver/share/blickfeld_driver/cmake/blickfeld_driverConfig-version.cmake
[14.704s] -- Installing: /home/jeongil/ros_foxy_ws/blickfeld_ws/install/blickfeld_driver/share/blickfeld_driver/package.xml
[14.704s] -- Installing: /home/jeongil/ros_foxy_ws/blickfeld_ws/install/blickfeld_driver/lib/libblickfeld_driver_core.so
[14.707s] -- Set runtime path of "/home/jeongil/ros_foxy_ws/blickfeld_ws/install/blickfeld_driver/lib/libblickfeld_driver_core.so" to ""
[14.708s] Invoked command in '/home/jeongil/ros_foxy_ws/blickfeld_ws/build/blickfeld_driver' returned '0': CMAKE_PREFIX_PATH=${CMAKE_PREFIX_PATH}:/home/jeongil/ros_foxy_ws/blickfeld_ws/install/blickfeld_pointcloud:/opt/ros/foxy /usr/bin/cmake --install /home/jeongil/ros_foxy_ws/blickfeld_ws/build/blickfeld_driver
