CMake Warning at /usr/share/cmake-3.16/Modules/FindProtobuf.cmake:499 (message):
  Protobuf compiler version doesn't match library version 3.6.1
Call Stack (most recent call first):
  /usr/share/cmake-3.16/Modules/CMakeFindDependencyMacro.cmake:47 (find_package)
  /usr/lib/cmake/blickfeld-scanner/blickfeld-scanner-config.cmake:8 (find_dependency)
  CMakeLists.txt:44 (find_package)


CMake Warning at /usr/share/cmake-3.16/Modules/FindProtobuf.cmake:499 (message):
  Protobuf compiler version doesn't match library version 3.6.1
Call Stack (most recent call first):
  /usr/share/cmake-3.16/Modules/CMakeFindDependencyMacro.cmake:47 (find_package)
  /usr/lib/cmake/blickfeld-scanner/blickfeld-scanner-config.cmake:8 (find_dependency)
  /usr/lib/cmake/blickfeld-scanner/blickfeld-scanner.cmake:69 (include)
  /usr/lib/cmake/blickfeld-scanner/blickfeld-scanner-config.cmake:40 (include)
  CMakeLists.txt:44 (find_package)


Traceback (most recent call last):
  File "<string>", line 1, in <module>
ModuleNotFoundError: No module named 'numpy'
CMake Error at /opt/ros/foxy/share/rosidl_generator_py/cmake/rosidl_generator_py_generate_interfaces.cmake:213 (message):
  execute_process(/home/jeongil/anaconda3/envs/blickfeld/bin/python3 -c
  'import numpy;print(numpy.get_include())') returned error code 1
Call Stack (most recent call first):
  /opt/ros/foxy/share/ament_cmake_core/cmake/core/ament_execute_extensions.cmake:48 (include)
  /opt/ros/foxy/share/rosidl_cmake/cmake/rosidl_generate_interfaces.cmake:286 (ament_execute_extensions)
  CMakeLists.txt:67 (rosidl_generate_interfaces)


