CMake Warning at /usr/share/cmake-3.16/Modules/FindProtobuf.cmake:499 (message):
  Protobuf compiler version doesn't match library version 3.6.1
Call Stack (most recent call first):
  /usr/share/cmake-3.16/Modules/CMakeFindDependencyMacro.cmake:47 (find_package)
  /usr/lib/cmake/blickfeld-scanner/blickfeld-scanner-config.cmake:8 (find_dependency)
  CMakeLists.txt:44 (find_package)


CMake Warning at /usr/share/cmake-3.16/Modules/FindProtobuf.cmake:499 (message):
  Protobuf compiler version doesn't match library version 3.6.1
Call Stack (most recent call first):
  /usr/share/cmake-3.16/Modules/CMakeFindDependencyMacro.cmake:47 (find_package)
  /usr/lib/cmake/blickfeld-scanner/blickfeld-scanner-config.cmake:8 (find_dependency)
  /usr/lib/cmake/blickfeld-scanner/blickfeld-scanner.cmake:69 (include)
  /usr/lib/cmake/blickfeld-scanner/blickfeld-scanner-config.cmake:40 (include)
  CMakeLists.txt:44 (find_package)


Traceback (most recent call last):
  File "/opt/ros/foxy/share/ament_cmake_core/cmake/core/package_xml_2_cmake.py", line 21, in <module>
    from catkin_pkg.package import parse_package_string
ModuleNotFoundError: No module named 'catkin_pkg'
CMake Error at /opt/ros/foxy/share/ament_cmake_core/cmake/core/ament_package_xml.cmake:94 (message):
  execute_process(/home/jeongil/anaconda3/envs/blickfeld/bin/python3
  /opt/ros/foxy/share/ament_cmake_core/cmake/core/package_xml_2_cmake.py
  /home/jeongil/ros_foxy_ws/blickfeld_ws/src/ros2_blickfeld_driver/package.xml
  /home/jeongil/ros_foxy_ws/blickfeld_ws/build/blickfeld_driver/ament_cmake_core/package.cmake)
  returned error code 1
Call Stack (most recent call first):
  /opt/ros/foxy/share/ament_cmake_core/cmake/core/ament_package_xml.cmake:49 (_ament_package_xml)
  /opt/ros/foxy/share/rosidl_cmake/cmake/rosidl_generate_interfaces.cmake:226 (ament_package_xml)
  CMakeLists.txt:67 (rosidl_generate_interfaces)


