-- Found ament_cmake: 0.9.12 (/opt/ros/foxy/share/ament_cmake/cmake)
-- Found PythonInterp: /usr/bin/python3 (found suitable version "3.8.10", minimum required is "3") 
-- Using PYTHON_EXECUTABLE: /usr/bin/python3
-- Found ament_cmake_ros: 0.9.2 (/opt/ros/foxy/share/ament_cmake_ros/cmake)
-- Found rclcpp: 2.4.3 (/opt/ros/foxy/share/rclcpp/cmake)
-- Using all available rosidl_typesupport_c: rosidl_typesupport_fastrtps_c;rosidl_typesupport_introspection_c
-- Found rosidl_adapter: 1.3.1 (/opt/ros/foxy/share/rosidl_adapter/cmake)
-- Using all available rosidl_typesupport_cpp: rosidl_typesupport_fastrtps_cpp;rosidl_typesupport_introspection_cpp
-- Found rmw_implementation_cmake: 1.0.4 (/opt/ros/foxy/share/rmw_implementation_cmake/cmake)
-- Using RMW implementation 'rmw_cyclonedds_cpp' as default
-- Found rclcpp_components: 2.4.3 (/opt/ros/foxy/share/rclcpp_components/cmake)
-- Found diagnostic_msgs: 2.0.5 (/opt/ros/foxy/share/diagnostic_msgs/cmake)
-- Found geometry_msgs: 2.0.5 (/opt/ros/foxy/share/geometry_msgs/cmake)
-- Found sensor_msgs: 2.0.5 (/opt/ros/foxy/share/sensor_msgs/cmake)
-- Found std_srvs: 2.0.5 (/opt/ros/foxy/share/std_srvs/cmake)
-- Found diagnostic_updater: 3.1.2 (/opt/ros/foxy/share/diagnostic_updater/cmake)
-- Found cv_bridge: 3.0.7 (/opt/ros/foxy/share/cv_bridge/cmake)
-- Found rosidl_default_generators: 1.0.1 (/opt/ros/foxy/share/rosidl_default_generators/cmake)
-- Found tf2_ros: 0.13.14 (/opt/ros/foxy/share/tf2_ros/cmake)
-- Found tf2_geometry_msgs: 0.13.14 (/opt/ros/foxy/share/tf2_geometry_msgs/cmake)
-- Found eigen3_cmake_module: 0.1.1 (/opt/ros/foxy/share/eigen3_cmake_module/cmake)
-- Found PythonInterp: /usr/bin/python3 (found version "3.8.10") 
-- Using all available rosidl_typesupport_c: rosidl_typesupport_fastrtps_c;rosidl_typesupport_introspection_c
-- Using all available rosidl_typesupport_cpp: rosidl_typesupport_fastrtps_cpp;rosidl_typesupport_introspection_cpp
-- Found PythonInterp: /usr/bin/python3 (found suitable version "3.8.10", minimum required is "3.5") 
-- Found python_cmake_module: 0.8.1 (/opt/ros/foxy/share/python_cmake_module/cmake)
-- Using PYTHON_EXECUTABLE: /usr/bin/python3
-- Using PYTHON_INCLUDE_DIRS: /usr/include/python3.8
-- Using PYTHON_LIBRARIES: /usr/lib/x86_64-linux-gnu/libpython3.8.so
-- Configuring done
WARNING: Target "blickfeld_driver_node" requests linking to directory "/usr/include".  Targets may link only to libraries.  CMake is dropping the item.
WARNING: Target "blickfeld_driver_node" requests linking to directory "/usr/include".  Targets may link only to libraries.  CMake is dropping the item.
WARNING: Target "blickfeld_driver_component" requests linking to directory "/usr/include".  Targets may link only to libraries.  CMake is dropping the item.
WARNING: Target "blickfeld_driver_component" requests linking to directory "/usr/include".  Targets may link only to libraries.  CMake is dropping the item.
WARNING: Target "blickfeld_driver_lib" requests linking to directory "/usr/include".  Targets may link only to libraries.  CMake is dropping the item.
WARNING: Target "blickfeld_driver_lib" requests linking to directory "/usr/include".  Targets may link only to libraries.  CMake is dropping the item.
WARNING: Target "blickfeld_driver_core" requests linking to directory "/usr/include".  Targets may link only to libraries.  CMake is dropping the item.
WARNING: Target "blickfeld_driver_core" requests linking to directory "/usr/include".  Targets may link only to libraries.  CMake is dropping the item.
-- Generating done
-- Build files have been written to: /home/jeongil/blickfeld_ws/build/blickfeld_driver
[  2%] Built target blickfeld_driver__cpp
[ 10%] Built target blickfeld_driver__rosidl_generator_c
[ 18%] Built target blickfeld_driver__rosidl_typesupport_cpp
[ 26%] Built target blickfeld_driver__rosidl_typesupport_introspection_cpp
[ 34%] Built target blickfeld_driver__rosidl_typesupport_fastrtps_cpp
[ 42%] Built target blickfeld_driver__rosidl_typesupport_c
[ 50%] Built target blickfeld_driver__rosidl_typesupport_introspection_c
[ 60%] Built target blickfeld_driver_core
[ 68%] Built target blickfeld_driver__rosidl_typesupport_fastrtps_c
[ 68%] Built target blickfeld_driver
[35m[1mScanning dependencies of target blickfeld_driver_lib[0m
[ 70%] Built target blickfeld_driver__py
[ 76%] Built target blickfeld_driver__python
[ 78%] [32mBuilding CXX object CMakeFiles/blickfeld_driver_lib.dir/src/blickfeld_driver.cpp.o[0m
[ 86%] Built target blickfeld_driver__rosidl_typesupport_c__pyext
[ 86%] Built target blickfeld_driver__rosidl_typesupport_introspection_c__pyext
[ 90%] Built target blickfeld_driver__rosidl_typesupport_fastrtps_c__pyext
[ 92%] [32m[1mLinking CXX shared library libblickfeld_driver_lib.so[0m
[ 92%] Built target blickfeld_driver_lib
[35m[1mScanning dependencies of target blickfeld_driver_node[0m
[35m[1mScanning dependencies of target blickfeld_driver_component[0m
[ 96%] [32mBuilding CXX object CMakeFiles/blickfeld_driver_component.dir/src/blickfeld_driver_component.cpp.o[0m
[ 96%] [32mBuilding CXX object CMakeFiles/blickfeld_driver_node.dir/src/blickfeld_driver_node.cpp.o[0m
[ 98%] [32m[1mLinking CXX executable blickfeld_driver_node[0m
[100%] [32m[1mLinking CXX shared library libblickfeld_driver_component.so[0m
[100%] Built target blickfeld_driver_component
[100%] Built target blickfeld_driver_node
-- Install configuration: ""
-- Up-to-date: /home/jeongil/blickfeld_ws/install/blickfeld_driver/share/ament_index/resource_index/rosidl_interfaces/blickfeld_driver
-- Up-to-date: /home/jeongil/blickfeld_ws/install/blickfeld_driver/include/blickfeld_driver
-- Up-to-date: /home/jeongil/blickfeld_ws/install/blickfeld_driver/include/blickfeld_driver/msg
-- Up-to-date: /home/jeongil/blickfeld_ws/install/blickfeld_driver/include/blickfeld_driver/msg/rosidl_generator_c__visibility_control.h
-- Up-to-date: /home/jeongil/blickfeld_ws/install/blickfeld_driver/include/blickfeld_driver/srv
-- Up-to-date: /home/jeongil/blickfeld_ws/install/blickfeld_driver/include/blickfeld_driver/srv/set_scan_pattern.h
-- Up-to-date: /home/jeongil/blickfeld_ws/install/blickfeld_driver/include/blickfeld_driver/srv/detail
-- Up-to-date: /home/jeongil/blickfeld_ws/install/blickfeld_driver/include/blickfeld_driver/srv/detail/imu_static_transformation__type_support.h
-- Up-to-date: /home/jeongil/blickfeld_ws/install/blickfeld_driver/include/blickfeld_driver/srv/detail/imu_static_transformation__functions.c
-- Up-to-date: /home/jeongil/blickfeld_ws/install/blickfeld_driver/include/blickfeld_driver/srv/detail/set_scan_pattern__struct.h
-- Up-to-date: /home/jeongil/blickfeld_ws/install/blickfeld_driver/include/blickfeld_driver/srv/detail/imu_static_transformation__functions.h
-- Up-to-date: /home/jeongil/blickfeld_ws/install/blickfeld_driver/include/blickfeld_driver/srv/detail/set_scan_pattern__type_support.h
-- Up-to-date: /home/jeongil/blickfeld_ws/install/blickfeld_driver/include/blickfeld_driver/srv/detail/imu_static_transformation__struct.h
-- Up-to-date: /home/jeongil/blickfeld_ws/install/blickfeld_driver/include/blickfeld_driver/srv/detail/set_scan_pattern__functions.h
-- Up-to-date: /home/jeongil/blickfeld_ws/install/blickfeld_driver/include/blickfeld_driver/srv/detail/set_scan_pattern__functions.c
-- Up-to-date: /home/jeongil/blickfeld_ws/install/blickfeld_driver/include/blickfeld_driver/srv/imu_static_transformation.h
-- Up-to-date: /home/jeongil/blickfeld_ws/install/blickfeld_driver/share/blickfeld_driver/environment/library_path.sh
-- Installing: /home/jeongil/blickfeld_ws/install/blickfeld_driver/share/blickfeld_driver/environment/library_path.dsv
-- Up-to-date: /home/jeongil/blickfeld_ws/install/blickfeld_driver/lib/libblickfeld_driver__rosidl_generator_c.so
-- Up-to-date: /home/jeongil/blickfeld_ws/install/blickfeld_driver/include/blickfeld_driver
-- Up-to-date: /home/jeongil/blickfeld_ws/install/blickfeld_driver/include/blickfeld_driver/msg
-- Up-to-date: /home/jeongil/blickfeld_ws/install/blickfeld_driver/include/blickfeld_driver/msg/rosidl_typesupport_fastrtps_c__visibility_control.h
-- Up-to-date: /home/jeongil/blickfeld_ws/install/blickfeld_driver/include/blickfeld_driver/srv
-- Up-to-date: /home/jeongil/blickfeld_ws/install/blickfeld_driver/include/blickfeld_driver/srv/detail
-- Up-to-date: /home/jeongil/blickfeld_ws/install/blickfeld_driver/include/blickfeld_driver/srv/detail/set_scan_pattern__rosidl_typesupport_fastrtps_c.h
-- Up-to-date: /home/jeongil/blickfeld_ws/install/blickfeld_driver/include/blickfeld_driver/srv/detail/imu_static_transformation__rosidl_typesupport_fastrtps_c.h
-- Up-to-date: /home/jeongil/blickfeld_ws/install/blickfeld_driver/lib/libblickfeld_driver__rosidl_typesupport_fastrtps_c.so
-- Up-to-date: /home/jeongil/blickfeld_ws/install/blickfeld_driver/include/blickfeld_driver
-- Up-to-date: /home/jeongil/blickfeld_ws/install/blickfeld_driver/include/blickfeld_driver/msg
-- Up-to-date: /home/jeongil/blickfeld_ws/install/blickfeld_driver/include/blickfeld_driver/msg/rosidl_typesupport_fastrtps_cpp__visibility_control.h
-- Up-to-date: /home/jeongil/blickfeld_ws/install/blickfeld_driver/include/blickfeld_driver/srv
-- Up-to-date: /home/jeongil/blickfeld_ws/install/blickfeld_driver/include/blickfeld_driver/srv/detail
-- Up-to-date: /home/jeongil/blickfeld_ws/install/blickfeld_driver/include/blickfeld_driver/srv/detail/imu_static_transformation__rosidl_typesupport_fastrtps_cpp.hpp
-- Up-to-date: /home/jeongil/blickfeld_ws/install/blickfeld_driver/include/blickfeld_driver/srv/detail/dds_fastrtps
-- Up-to-date: /home/jeongil/blickfeld_ws/install/blickfeld_driver/include/blickfeld_driver/srv/detail/set_scan_pattern__rosidl_typesupport_fastrtps_cpp.hpp
-- Up-to-date: /home/jeongil/blickfeld_ws/install/blickfeld_driver/lib/libblickfeld_driver__rosidl_typesupport_fastrtps_cpp.so
-- Up-to-date: /home/jeongil/blickfeld_ws/install/blickfeld_driver/include/blickfeld_driver
-- Up-to-date: /home/jeongil/blickfeld_ws/install/blickfeld_driver/include/blickfeld_driver/msg
-- Up-to-date: /home/jeongil/blickfeld_ws/install/blickfeld_driver/include/blickfeld_driver/msg/rosidl_typesupport_introspection_c__visibility_control.h
-- Up-to-date: /home/jeongil/blickfeld_ws/install/blickfeld_driver/include/blickfeld_driver/srv
-- Up-to-date: /home/jeongil/blickfeld_ws/install/blickfeld_driver/include/blickfeld_driver/srv/detail
-- Up-to-date: /home/jeongil/blickfeld_ws/install/blickfeld_driver/include/blickfeld_driver/srv/detail/set_scan_pattern__rosidl_typesupport_introspection_c.h
-- Up-to-date: /home/jeongil/blickfeld_ws/install/blickfeld_driver/include/blickfeld_driver/srv/detail/imu_static_transformation__type_support.c
-- Up-to-date: /home/jeongil/blickfeld_ws/install/blickfeld_driver/include/blickfeld_driver/srv/detail/imu_static_transformation__rosidl_typesupport_introspection_c.h
-- Up-to-date: /home/jeongil/blickfeld_ws/install/blickfeld_driver/include/blickfeld_driver/srv/detail/set_scan_pattern__type_support.c
-- Up-to-date: /home/jeongil/blickfeld_ws/install/blickfeld_driver/lib/libblickfeld_driver__rosidl_typesupport_introspection_c.so
-- Up-to-date: /home/jeongil/blickfeld_ws/install/blickfeld_driver/lib/libblickfeld_driver__rosidl_typesupport_c.so
-- Up-to-date: /home/jeongil/blickfeld_ws/install/blickfeld_driver/include/blickfeld_driver
-- Up-to-date: /home/jeongil/blickfeld_ws/install/blickfeld_driver/include/blickfeld_driver/msg
-- Up-to-date: /home/jeongil/blickfeld_ws/install/blickfeld_driver/include/blickfeld_driver/msg/rosidl_generator_cpp__visibility_control.hpp
-- Up-to-date: /home/jeongil/blickfeld_ws/install/blickfeld_driver/include/blickfeld_driver/srv
-- Up-to-date: /home/jeongil/blickfeld_ws/install/blickfeld_driver/include/blickfeld_driver/srv/detail
-- Up-to-date: /home/jeongil/blickfeld_ws/install/blickfeld_driver/include/blickfeld_driver/srv/detail/set_scan_pattern__type_support.hpp
-- Up-to-date: /home/jeongil/blickfeld_ws/install/blickfeld_driver/include/blickfeld_driver/srv/detail/imu_static_transformation__traits.hpp
-- Up-to-date: /home/jeongil/blickfeld_ws/install/blickfeld_driver/include/blickfeld_driver/srv/detail/set_scan_pattern__builder.hpp
-- Up-to-date: /home/jeongil/blickfeld_ws/install/blickfeld_driver/include/blickfeld_driver/srv/detail/set_scan_pattern__struct.hpp
-- Up-to-date: /home/jeongil/blickfeld_ws/install/blickfeld_driver/include/blickfeld_driver/srv/detail/imu_static_transformation__builder.hpp
-- Up-to-date: /home/jeongil/blickfeld_ws/install/blickfeld_driver/include/blickfeld_driver/srv/detail/imu_static_transformation__struct.hpp
-- Up-to-date: /home/jeongil/blickfeld_ws/install/blickfeld_driver/include/blickfeld_driver/srv/detail/imu_static_transformation__type_support.hpp
-- Up-to-date: /home/jeongil/blickfeld_ws/install/blickfeld_driver/include/blickfeld_driver/srv/detail/set_scan_pattern__traits.hpp
-- Up-to-date: /home/jeongil/blickfeld_ws/install/blickfeld_driver/include/blickfeld_driver/srv/imu_static_transformation.hpp
-- Up-to-date: /home/jeongil/blickfeld_ws/install/blickfeld_driver/include/blickfeld_driver/srv/set_scan_pattern.hpp
-- Up-to-date: /home/jeongil/blickfeld_ws/install/blickfeld_driver/include/blickfeld_driver
-- Up-to-date: /home/jeongil/blickfeld_ws/install/blickfeld_driver/include/blickfeld_driver/srv
-- Up-to-date: /home/jeongil/blickfeld_ws/install/blickfeld_driver/include/blickfeld_driver/srv/detail
-- Up-to-date: /home/jeongil/blickfeld_ws/install/blickfeld_driver/include/blickfeld_driver/srv/detail/imu_static_transformation__type_support.cpp
-- Up-to-date: /home/jeongil/blickfeld_ws/install/blickfeld_driver/include/blickfeld_driver/srv/detail/set_scan_pattern__type_support.cpp
-- Up-to-date: /home/jeongil/blickfeld_ws/install/blickfeld_driver/include/blickfeld_driver/srv/detail/imu_static_transformation__rosidl_typesupport_introspection_cpp.hpp
-- Up-to-date: /home/jeongil/blickfeld_ws/install/blickfeld_driver/include/blickfeld_driver/srv/detail/set_scan_pattern__rosidl_typesupport_introspection_cpp.hpp
-- Up-to-date: /home/jeongil/blickfeld_ws/install/blickfeld_driver/lib/libblickfeld_driver__rosidl_typesupport_introspection_cpp.so
-- Up-to-date: /home/jeongil/blickfeld_ws/install/blickfeld_driver/lib/libblickfeld_driver__rosidl_typesupport_cpp.so
-- Up-to-date: /home/jeongil/blickfeld_ws/install/blickfeld_driver/share/blickfeld_driver/environment/pythonpath.sh
-- Installing: /home/jeongil/blickfeld_ws/install/blickfeld_driver/share/blickfeld_driver/environment/pythonpath.dsv
-- Installing: /home/jeongil/blickfeld_ws/install/blickfeld_driver/lib/python3.8/site-packages/blickfeld_driver/__init__.py
Compiling '/home/jeongil/blickfeld_ws/install/blickfeld_driver/lib/python3.8/site-packages/blickfeld_driver/__init__.py'...
-- Up-to-date: /home/jeongil/blickfeld_ws/install/blickfeld_driver/lib/python3.8/site-packages/blickfeld_driver/srv
-- Up-to-date: /home/jeongil/blickfeld_ws/install/blickfeld_driver/lib/python3.8/site-packages/blickfeld_driver/srv/_imu_static_transformation.py
-- Up-to-date: /home/jeongil/blickfeld_ws/install/blickfeld_driver/lib/python3.8/site-packages/blickfeld_driver/srv/_imu_static_transformation_s.c
-- Up-to-date: /home/jeongil/blickfeld_ws/install/blickfeld_driver/lib/python3.8/site-packages/blickfeld_driver/srv/_set_scan_pattern.py
-- Up-to-date: /home/jeongil/blickfeld_ws/install/blickfeld_driver/lib/python3.8/site-packages/blickfeld_driver/srv/_set_scan_pattern_s.c
-- Up-to-date: /home/jeongil/blickfeld_ws/install/blickfeld_driver/lib/python3.8/site-packages/blickfeld_driver/srv/__init__.py
-- Up-to-date: /home/jeongil/blickfeld_ws/install/blickfeld_driver/lib/python3.8/site-packages/blickfeld_driver/blickfeld_driver_s__rosidl_typesupport_fastrtps_c.cpython-38-x86_64-linux-gnu.so
-- Up-to-date: /home/jeongil/blickfeld_ws/install/blickfeld_driver/lib/python3.8/site-packages/blickfeld_driver/blickfeld_driver_s__rosidl_typesupport_introspection_c.cpython-38-x86_64-linux-gnu.so
-- Up-to-date: /home/jeongil/blickfeld_ws/install/blickfeld_driver/lib/python3.8/site-packages/blickfeld_driver/blickfeld_driver_s__rosidl_typesupport_c.cpython-38-x86_64-linux-gnu.so
-- Up-to-date: /home/jeongil/blickfeld_ws/install/blickfeld_driver/lib/libblickfeld_driver__python.so
-- Up-to-date: /home/jeongil/blickfeld_ws/install/blickfeld_driver/share/blickfeld_driver/srv/ImuStaticTransformation.idl
-- Up-to-date: /home/jeongil/blickfeld_ws/install/blickfeld_driver/share/blickfeld_driver/srv/SetScanPattern.idl
-- Up-to-date: /home/jeongil/blickfeld_ws/install/blickfeld_driver/share/blickfeld_driver/srv/ImuStaticTransformation.srv
-- Up-to-date: /home/jeongil/blickfeld_ws/install/blickfeld_driver/share/blickfeld_driver/srv/ImuStaticTransformation_Request.msg
-- Up-to-date: /home/jeongil/blickfeld_ws/install/blickfeld_driver/share/blickfeld_driver/srv/ImuStaticTransformation_Response.msg
-- Up-to-date: /home/jeongil/blickfeld_ws/install/blickfeld_driver/share/blickfeld_driver/srv/SetScanPattern.srv
-- Up-to-date: /home/jeongil/blickfeld_ws/install/blickfeld_driver/share/blickfeld_driver/srv/SetScanPattern_Request.msg
-- Up-to-date: /home/jeongil/blickfeld_ws/install/blickfeld_driver/share/blickfeld_driver/srv/SetScanPattern_Response.msg
-- Up-to-date: /home/jeongil/blickfeld_ws/install/blickfeld_driver/share/blickfeld_driver/environment/library_path.sh
-- Up-to-date: /home/jeongil/blickfeld_ws/install/blickfeld_driver/share/blickfeld_driver/environment/library_path.dsv
-- Installing: /home/jeongil/blickfeld_ws/install/blickfeld_driver/lib/libblickfeld_driver_lib.so
-- Set runtime path of "/home/jeongil/blickfeld_ws/install/blickfeld_driver/lib/libblickfeld_driver_lib.so" to ""
-- Installing: /home/jeongil/blickfeld_ws/install/blickfeld_driver/lib/libblickfeld_driver_component.so
-- Set runtime path of "/home/jeongil/blickfeld_ws/install/blickfeld_driver/lib/libblickfeld_driver_component.so" to ""
-- Installing: /home/jeongil/blickfeld_ws/install/blickfeld_driver/lib/blickfeld_driver/blickfeld_driver_node
-- Set runtime path of "/home/jeongil/blickfeld_ws/install/blickfeld_driver/lib/blickfeld_driver/blickfeld_driver_node" to ""
-- Up-to-date: /home/jeongil/blickfeld_ws/install/blickfeld_driver/include/
-- Up-to-date: /home/jeongil/blickfeld_ws/install/blickfeld_driver/include//blickfeld_driver
-- Installing: /home/jeongil/blickfeld_ws/install/blickfeld_driver/include//blickfeld_driver/blickfeld_driver.h
-- Up-to-date: /home/jeongil/blickfeld_ws/install/blickfeld_driver/include//blickfeld_driver/blickfeld_driver_ros_types.h
-- Up-to-date: /home/jeongil/blickfeld_ws/install/blickfeld_driver/include/
-- Up-to-date: /home/jeongil/blickfeld_ws/install/blickfeld_driver/include//blickfeld_driver_core
-- Up-to-date: /home/jeongil/blickfeld_ws/install/blickfeld_driver/include//blickfeld_driver_core/blickfeld_driver_core.h
-- Up-to-date: /home/jeongil/blickfeld_ws/install/blickfeld_driver/include//blickfeld_driver_core/blickfeld_driver_types.h
-- Up-to-date: /home/jeongil/blickfeld_ws/install/blickfeld_driver/include//blickfeld_driver_core/blickfeld_driver_point_cloud_parser.h
-- Up-to-date: /home/jeongil/blickfeld_ws/install/blickfeld_driver/include//blickfeld_driver_core/blickfeld_driver_imu_parser.h
-- Up-to-date: /home/jeongil/blickfeld_ws/install/blickfeld_driver/include//blickfeld_driver_core/blickfeld_driver_utils.h
-- Up-to-date: /home/jeongil/blickfeld_ws/install/blickfeld_driver/share/blickfeld_driver/launch
-- Up-to-date: /home/jeongil/blickfeld_ws/install/blickfeld_driver/share/blickfeld_driver/launch/live_scanner_component.launch.py
-- Up-to-date: /home/jeongil/blickfeld_ws/install/blickfeld_driver/share/blickfeld_driver/launch/live_scanner.launch.xml
-- Installing: /home/jeongil/blickfeld_ws/install/blickfeld_driver/share/blickfeld_driver/launch/live_scanner_node.launch.py
-- Up-to-date: /home/jeongil/blickfeld_ws/install/blickfeld_driver/share/blickfeld_driver/config
-- Up-to-date: /home/jeongil/blickfeld_ws/install/blickfeld_driver/share/blickfeld_driver/config/blickfeld_scanner.rviz
-- Installing: /home/jeongil/blickfeld_ws/install/blickfeld_driver/share/blickfeld_driver/config/driver_config.yaml
-- Up-to-date: /home/jeongil/blickfeld_ws/install/blickfeld_driver/share/ament_index/resource_index/package_run_dependencies/blickfeld_driver
-- Installing: /home/jeongil/blickfeld_ws/install/blickfeld_driver/share/ament_index/resource_index/parent_prefix_path/blickfeld_driver
-- Up-to-date: /home/jeongil/blickfeld_ws/install/blickfeld_driver/share/blickfeld_driver/environment/ament_prefix_path.sh
-- Installing: /home/jeongil/blickfeld_ws/install/blickfeld_driver/share/blickfeld_driver/environment/ament_prefix_path.dsv
-- Up-to-date: /home/jeongil/blickfeld_ws/install/blickfeld_driver/share/blickfeld_driver/environment/path.sh
-- Installing: /home/jeongil/blickfeld_ws/install/blickfeld_driver/share/blickfeld_driver/environment/path.dsv
-- Up-to-date: /home/jeongil/blickfeld_ws/install/blickfeld_driver/share/blickfeld_driver/local_setup.bash
-- Up-to-date: /home/jeongil/blickfeld_ws/install/blickfeld_driver/share/blickfeld_driver/local_setup.sh
-- Up-to-date: /home/jeongil/blickfeld_ws/install/blickfeld_driver/share/blickfeld_driver/local_setup.zsh
-- Installing: /home/jeongil/blickfeld_ws/install/blickfeld_driver/share/blickfeld_driver/local_setup.dsv
-- Installing: /home/jeongil/blickfeld_ws/install/blickfeld_driver/share/blickfeld_driver/package.dsv
-- Up-to-date: /home/jeongil/blickfeld_ws/install/blickfeld_driver/share/ament_index/resource_index/packages/blickfeld_driver
-- Up-to-date: /home/jeongil/blickfeld_ws/install/blickfeld_driver/share/blickfeld_driver/cmake/blickfeld_driver__rosidl_generator_cExport.cmake
-- Installing: /home/jeongil/blickfeld_ws/install/blickfeld_driver/share/blickfeld_driver/cmake/blickfeld_driver__rosidl_generator_cExport-noconfig.cmake
-- Up-to-date: /home/jeongil/blickfeld_ws/install/blickfeld_driver/share/blickfeld_driver/cmake/blickfeld_driver__rosidl_typesupport_introspection_cExport.cmake
-- Installing: /home/jeongil/blickfeld_ws/install/blickfeld_driver/share/blickfeld_driver/cmake/blickfeld_driver__rosidl_typesupport_introspection_cExport-noconfig.cmake
-- Up-to-date: /home/jeongil/blickfeld_ws/install/blickfeld_driver/share/blickfeld_driver/cmake/blickfeld_driver__rosidl_typesupport_cExport.cmake
-- Installing: /home/jeongil/blickfeld_ws/install/blickfeld_driver/share/blickfeld_driver/cmake/blickfeld_driver__rosidl_typesupport_cExport-noconfig.cmake
-- Up-to-date: /home/jeongil/blickfeld_ws/install/blickfeld_driver/share/blickfeld_driver/cmake/blickfeld_driver__rosidl_generator_cppExport.cmake
-- Up-to-date: /home/jeongil/blickfeld_ws/install/blickfeld_driver/share/blickfeld_driver/cmake/blickfeld_driver__rosidl_typesupport_introspection_cppExport.cmake
-- Installing: /home/jeongil/blickfeld_ws/install/blickfeld_driver/share/blickfeld_driver/cmake/blickfeld_driver__rosidl_typesupport_introspection_cppExport-noconfig.cmake
-- Up-to-date: /home/jeongil/blickfeld_ws/install/blickfeld_driver/share/blickfeld_driver/cmake/blickfeld_driver__rosidl_typesupport_cppExport.cmake
-- Installing: /home/jeongil/blickfeld_ws/install/blickfeld_driver/share/blickfeld_driver/cmake/blickfeld_driver__rosidl_typesupport_cppExport-noconfig.cmake
-- Up-to-date: /home/jeongil/blickfeld_ws/install/blickfeld_driver/share/ament_index/resource_index/rclcpp_components/blickfeld_driver
-- Up-to-date: /home/jeongil/blickfeld_ws/install/blickfeld_driver/share/blickfeld_driver/cmake/rosidl_cmake-extras.cmake
-- Up-to-date: /home/jeongil/blickfeld_ws/install/blickfeld_driver/share/blickfeld_driver/cmake/ament_cmake_export_dependencies-extras.cmake
-- Up-to-date: /home/jeongil/blickfeld_ws/install/blickfeld_driver/share/blickfeld_driver/cmake/ament_cmake_export_libraries-extras.cmake
-- Up-to-date: /home/jeongil/blickfeld_ws/install/blickfeld_driver/share/blickfeld_driver/cmake/ament_cmake_export_targets-extras.cmake
-- Up-to-date: /home/jeongil/blickfeld_ws/install/blickfeld_driver/share/blickfeld_driver/cmake/ament_cmake_export_include_directories-extras.cmake
-- Up-to-date: /home/jeongil/blickfeld_ws/install/blickfeld_driver/share/blickfeld_driver/cmake/rosidl_cmake_export_typesupport_libraries-extras.cmake
-- Up-to-date: /home/jeongil/blickfeld_ws/install/blickfeld_driver/share/blickfeld_driver/cmake/rosidl_cmake_export_typesupport_targets-extras.cmake
-- Up-to-date: /home/jeongil/blickfeld_ws/install/blickfeld_driver/share/blickfeld_driver/cmake/blickfeld_driverConfig.cmake
-- Up-to-date: /home/jeongil/blickfeld_ws/install/blickfeld_driver/share/blickfeld_driver/cmake/blickfeld_driverConfig-version.cmake
-- Installing: /home/jeongil/blickfeld_ws/install/blickfeld_driver/share/blickfeld_driver/package.xml
-- Up-to-date: /home/jeongil/blickfeld_ws/install/blickfeld_driver/lib/libblickfeld_driver_core.so
