[0.016s] Invoking command in '/home/jeongil/blickfeld_ws/build/blickfeld_driver': CMAKE_PREFIX_PATH=${CMAKE_PREFIX_PATH}:/opt/ros/foxy /usr/bin/cmake --build /home/jeongil/blickfeld_ws/build/blickfeld_driver -- -j20 -l20
[0.056s] -- Found ament_cmake: 0.9.12 (/opt/ros/foxy/share/ament_cmake/cmake)
[0.071s] -- Found PythonInterp: /usr/bin/python3 (found suitable version "3.8.10", minimum required is "3") 
[0.071s] -- Using PYTHON_EXECUTABLE: /usr/bin/python3
[0.180s] -- Found ament_cmake_ros: 0.9.2 (/opt/ros/foxy/share/ament_cmake_ros/cmake)
[0.183s] -- Found rclcpp: 2.4.3 (/opt/ros/foxy/share/rclcpp/cmake)
[0.209s] -- Using all available rosidl_typesupport_c: rosidl_typesupport_fastrtps_c;rosidl_typesupport_introspection_c
[0.211s] -- Found rosidl_adapter: 1.3.1 (/opt/ros/foxy/share/rosidl_adapter/cmake)
[0.285s] -- Using all available rosidl_typesupport_cpp: rosidl_typesupport_fastrtps_cpp;rosidl_typesupport_introspection_cpp
[0.319s] -- Found rmw_implementation_cmake: 1.0.4 (/opt/ros/foxy/share/rmw_implementation_cmake/cmake)
[0.320s] -- Using RMW implementation 'rmw_cyclonedds_cpp' as default
[0.407s] -- Found rclcpp_components: 2.4.3 (/opt/ros/foxy/share/rclcpp_components/cmake)
[0.441s] -- Found diagnostic_msgs: 2.0.5 (/opt/ros/foxy/share/diagnostic_msgs/cmake)
[0.461s] -- Found geometry_msgs: 2.0.5 (/opt/ros/foxy/share/geometry_msgs/cmake)
[0.481s] -- Found sensor_msgs: 2.0.5 (/opt/ros/foxy/share/sensor_msgs/cmake)
[0.523s] -- Found std_srvs: 2.0.5 (/opt/ros/foxy/share/std_srvs/cmake)
[0.529s] -- Found diagnostic_updater: 3.1.2 (/opt/ros/foxy/share/diagnostic_updater/cmake)
[0.540s] -- Found cv_bridge: 3.0.7 (/opt/ros/foxy/share/cv_bridge/cmake)
[0.555s] -- Found rosidl_default_generators: 1.0.1 (/opt/ros/foxy/share/rosidl_default_generators/cmake)
[0.564s] -- Found tf2_ros: 0.13.14 (/opt/ros/foxy/share/tf2_ros/cmake)
[0.730s] -- Found tf2_geometry_msgs: 0.13.14 (/opt/ros/foxy/share/tf2_geometry_msgs/cmake)
[0.734s] -- Found eigen3_cmake_module: 0.1.1 (/opt/ros/foxy/share/eigen3_cmake_module/cmake)
[0.775s] -- Found PythonInterp: /usr/bin/python3 (found version "3.8.10") 
[0.997s] -- Using all available rosidl_typesupport_c: rosidl_typesupport_fastrtps_c;rosidl_typesupport_introspection_c
[1.050s] -- Using all available rosidl_typesupport_cpp: rosidl_typesupport_fastrtps_cpp;rosidl_typesupport_introspection_cpp
[1.064s] -- Found PythonInterp: /usr/bin/python3 (found suitable version "3.8.10", minimum required is "3.5") 
[1.065s] -- Found python_cmake_module: 0.8.1 (/opt/ros/foxy/share/python_cmake_module/cmake)
[1.079s] -- Using PYTHON_EXECUTABLE: /usr/bin/python3
[1.079s] -- Using PYTHON_INCLUDE_DIRS: /usr/include/python3.8
[1.079s] -- Using PYTHON_LIBRARIES: /usr/lib/x86_64-linux-gnu/libpython3.8.so
[1.132s] -- Configuring done
[1.144s] WARNING: Target "blickfeld_driver_node" requests linking to directory "/usr/include".  Targets may link only to libraries.  CMake is dropping the item.
[1.144s] WARNING: Target "blickfeld_driver_node" requests linking to directory "/usr/include".  Targets may link only to libraries.  CMake is dropping the item.
[1.154s] WARNING: Target "blickfeld_driver_component" requests linking to directory "/usr/include".  Targets may link only to libraries.  CMake is dropping the item.
[1.154s] WARNING: Target "blickfeld_driver_component" requests linking to directory "/usr/include".  Targets may link only to libraries.  CMake is dropping the item.
[1.173s] WARNING: Target "blickfeld_driver_lib" requests linking to directory "/usr/include".  Targets may link only to libraries.  CMake is dropping the item.
[1.173s] WARNING: Target "blickfeld_driver_lib" requests linking to directory "/usr/include".  Targets may link only to libraries.  CMake is dropping the item.
[1.205s] WARNING: Target "blickfeld_driver_core" requests linking to directory "/usr/include".  Targets may link only to libraries.  CMake is dropping the item.
[1.205s] WARNING: Target "blickfeld_driver_core" requests linking to directory "/usr/include".  Targets may link only to libraries.  CMake is dropping the item.
[1.209s] -- Generating done
[1.211s] -- Build files have been written to: /home/jeongil/blickfeld_ws/build/blickfeld_driver
[1.234s] [  2%] Built target blickfeld_driver__cpp
[1.240s] [ 10%] Built target blickfeld_driver__rosidl_generator_c
[1.251s] [ 18%] Built target blickfeld_driver__rosidl_typesupport_cpp
[1.251s] [ 26%] Built target blickfeld_driver__rosidl_typesupport_introspection_cpp
[1.254s] [ 34%] Built target blickfeld_driver__rosidl_typesupport_fastrtps_cpp
[1.255s] [ 42%] Built target blickfeld_driver__rosidl_typesupport_c
[1.255s] [ 50%] Built target blickfeld_driver__rosidl_typesupport_introspection_c
[1.263s] [ 60%] Built target blickfeld_driver_core
[1.270s] [ 68%] Built target blickfeld_driver__rosidl_typesupport_fastrtps_c
[1.283s] [ 68%] Built target blickfeld_driver
[1.291s] [35m[1mScanning dependencies of target blickfeld_driver_lib[0m
[1.294s] [ 70%] Built target blickfeld_driver__py
[1.309s] [ 76%] Built target blickfeld_driver__python
[1.315s] [ 78%] [32mBuilding CXX object CMakeFiles/blickfeld_driver_lib.dir/src/blickfeld_driver.cpp.o[0m
[1.324s] [ 86%] Built target blickfeld_driver__rosidl_typesupport_c__pyext
[1.324s] [ 86%] Built target blickfeld_driver__rosidl_typesupport_introspection_c__pyext
[1.324s] [ 90%] Built target blickfeld_driver__rosidl_typesupport_fastrtps_c__pyext
[5.134s] [ 92%] [32m[1mLinking CXX shared library libblickfeld_driver_lib.so[0m
[5.530s] [ 92%] Built target blickfeld_driver_lib
[5.539s] [35m[1mScanning dependencies of target blickfeld_driver_node[0m
[5.539s] [35m[1mScanning dependencies of target blickfeld_driver_component[0m
[5.564s] [ 96%] [32mBuilding CXX object CMakeFiles/blickfeld_driver_component.dir/src/blickfeld_driver_component.cpp.o[0m
[5.564s] [ 96%] [32mBuilding CXX object CMakeFiles/blickfeld_driver_node.dir/src/blickfeld_driver_node.cpp.o[0m
[7.453s] [ 98%] [32m[1mLinking CXX executable blickfeld_driver_node[0m
[7.564s] [100%] [32m[1mLinking CXX shared library libblickfeld_driver_component.so[0m
[7.723s] [100%] Built target blickfeld_driver_component
[7.773s] [100%] Built target blickfeld_driver_node
[7.780s] Invoked command in '/home/jeongil/blickfeld_ws/build/blickfeld_driver' returned '0': CMAKE_PREFIX_PATH=${CMAKE_PREFIX_PATH}:/opt/ros/foxy /usr/bin/cmake --build /home/jeongil/blickfeld_ws/build/blickfeld_driver -- -j20 -l20
[7.834s] Invoking command in '/home/jeongil/blickfeld_ws/build/blickfeld_driver': CMAKE_PREFIX_PATH=${CMAKE_PREFIX_PATH}:/opt/ros/foxy /usr/bin/cmake --install /home/jeongil/blickfeld_ws/build/blickfeld_driver
[7.839s] -- Install configuration: ""
[7.839s] -- Up-to-date: /home/jeongil/blickfeld_ws/install/blickfeld_driver/share/ament_index/resource_index/rosidl_interfaces/blickfeld_driver
[7.840s] -- Up-to-date: /home/jeongil/blickfeld_ws/install/blickfeld_driver/include/blickfeld_driver
[7.840s] -- Up-to-date: /home/jeongil/blickfeld_ws/install/blickfeld_driver/include/blickfeld_driver/msg
[7.840s] -- Up-to-date: /home/jeongil/blickfeld_ws/install/blickfeld_driver/include/blickfeld_driver/msg/rosidl_generator_c__visibility_control.h
[7.840s] -- Up-to-date: /home/jeongil/blickfeld_ws/install/blickfeld_driver/include/blickfeld_driver/srv
[7.840s] -- Up-to-date: /home/jeongil/blickfeld_ws/install/blickfeld_driver/include/blickfeld_driver/srv/set_scan_pattern.h
[7.840s] -- Up-to-date: /home/jeongil/blickfeld_ws/install/blickfeld_driver/include/blickfeld_driver/srv/detail
[7.840s] -- Up-to-date: /home/jeongil/blickfeld_ws/install/blickfeld_driver/include/blickfeld_driver/srv/detail/imu_static_transformation__type_support.h
[7.840s] -- Up-to-date: /home/jeongil/blickfeld_ws/install/blickfeld_driver/include/blickfeld_driver/srv/detail/imu_static_transformation__functions.c
[7.840s] -- Up-to-date: /home/jeongil/blickfeld_ws/install/blickfeld_driver/include/blickfeld_driver/srv/detail/set_scan_pattern__struct.h
[7.840s] -- Up-to-date: /home/jeongil/blickfeld_ws/install/blickfeld_driver/include/blickfeld_driver/srv/detail/imu_static_transformation__functions.h
[7.840s] -- Up-to-date: /home/jeongil/blickfeld_ws/install/blickfeld_driver/include/blickfeld_driver/srv/detail/set_scan_pattern__type_support.h
[7.840s] -- Up-to-date: /home/jeongil/blickfeld_ws/install/blickfeld_driver/include/blickfeld_driver/srv/detail/imu_static_transformation__struct.h
[7.840s] -- Up-to-date: /home/jeongil/blickfeld_ws/install/blickfeld_driver/include/blickfeld_driver/srv/detail/set_scan_pattern__functions.h
[7.840s] -- Up-to-date: /home/jeongil/blickfeld_ws/install/blickfeld_driver/include/blickfeld_driver/srv/detail/set_scan_pattern__functions.c
[7.840s] -- Up-to-date: /home/jeongil/blickfeld_ws/install/blickfeld_driver/include/blickfeld_driver/srv/imu_static_transformation.h
[7.840s] -- Up-to-date: /home/jeongil/blickfeld_ws/install/blickfeld_driver/share/blickfeld_driver/environment/library_path.sh
[7.840s] -- Installing: /home/jeongil/blickfeld_ws/install/blickfeld_driver/share/blickfeld_driver/environment/library_path.dsv
[7.841s] -- Up-to-date: /home/jeongil/blickfeld_ws/install/blickfeld_driver/lib/libblickfeld_driver__rosidl_generator_c.so
[7.841s] -- Up-to-date: /home/jeongil/blickfeld_ws/install/blickfeld_driver/include/blickfeld_driver
[7.841s] -- Up-to-date: /home/jeongil/blickfeld_ws/install/blickfeld_driver/include/blickfeld_driver/msg
[7.841s] -- Up-to-date: /home/jeongil/blickfeld_ws/install/blickfeld_driver/include/blickfeld_driver/msg/rosidl_typesupport_fastrtps_c__visibility_control.h
[7.841s] -- Up-to-date: /home/jeongil/blickfeld_ws/install/blickfeld_driver/include/blickfeld_driver/srv
[7.841s] -- Up-to-date: /home/jeongil/blickfeld_ws/install/blickfeld_driver/include/blickfeld_driver/srv/detail
[7.841s] -- Up-to-date: /home/jeongil/blickfeld_ws/install/blickfeld_driver/include/blickfeld_driver/srv/detail/set_scan_pattern__rosidl_typesupport_fastrtps_c.h
[7.841s] -- Up-to-date: /home/jeongil/blickfeld_ws/install/blickfeld_driver/include/blickfeld_driver/srv/detail/imu_static_transformation__rosidl_typesupport_fastrtps_c.h
[7.841s] -- Up-to-date: /home/jeongil/blickfeld_ws/install/blickfeld_driver/lib/libblickfeld_driver__rosidl_typesupport_fastrtps_c.so
[7.841s] -- Up-to-date: /home/jeongil/blickfeld_ws/install/blickfeld_driver/include/blickfeld_driver
[7.841s] -- Up-to-date: /home/jeongil/blickfeld_ws/install/blickfeld_driver/include/blickfeld_driver/msg
[7.841s] -- Up-to-date: /home/jeongil/blickfeld_ws/install/blickfeld_driver/include/blickfeld_driver/msg/rosidl_typesupport_fastrtps_cpp__visibility_control.h
[7.841s] -- Up-to-date: /home/jeongil/blickfeld_ws/install/blickfeld_driver/include/blickfeld_driver/srv
[7.841s] -- Up-to-date: /home/jeongil/blickfeld_ws/install/blickfeld_driver/include/blickfeld_driver/srv/detail
[7.841s] -- Up-to-date: /home/jeongil/blickfeld_ws/install/blickfeld_driver/include/blickfeld_driver/srv/detail/imu_static_transformation__rosidl_typesupport_fastrtps_cpp.hpp
[7.841s] -- Up-to-date: /home/jeongil/blickfeld_ws/install/blickfeld_driver/include/blickfeld_driver/srv/detail/dds_fastrtps
[7.841s] -- Up-to-date: /home/jeongil/blickfeld_ws/install/blickfeld_driver/include/blickfeld_driver/srv/detail/set_scan_pattern__rosidl_typesupport_fastrtps_cpp.hpp
[7.842s] -- Up-to-date: /home/jeongil/blickfeld_ws/install/blickfeld_driver/lib/libblickfeld_driver__rosidl_typesupport_fastrtps_cpp.so
[7.842s] -- Up-to-date: /home/jeongil/blickfeld_ws/install/blickfeld_driver/include/blickfeld_driver
[7.842s] -- Up-to-date: /home/jeongil/blickfeld_ws/install/blickfeld_driver/include/blickfeld_driver/msg
[7.842s] -- Up-to-date: /home/jeongil/blickfeld_ws/install/blickfeld_driver/include/blickfeld_driver/msg/rosidl_typesupport_introspection_c__visibility_control.h
[7.842s] -- Up-to-date: /home/jeongil/blickfeld_ws/install/blickfeld_driver/include/blickfeld_driver/srv
[7.842s] -- Up-to-date: /home/jeongil/blickfeld_ws/install/blickfeld_driver/include/blickfeld_driver/srv/detail
[7.842s] -- Up-to-date: /home/jeongil/blickfeld_ws/install/blickfeld_driver/include/blickfeld_driver/srv/detail/set_scan_pattern__rosidl_typesupport_introspection_c.h
[7.842s] -- Up-to-date: /home/jeongil/blickfeld_ws/install/blickfeld_driver/include/blickfeld_driver/srv/detail/imu_static_transformation__type_support.c
[7.842s] -- Up-to-date: /home/jeongil/blickfeld_ws/install/blickfeld_driver/include/blickfeld_driver/srv/detail/imu_static_transformation__rosidl_typesupport_introspection_c.h
[7.842s] -- Up-to-date: /home/jeongil/blickfeld_ws/install/blickfeld_driver/include/blickfeld_driver/srv/detail/set_scan_pattern__type_support.c
[7.842s] -- Up-to-date: /home/jeongil/blickfeld_ws/install/blickfeld_driver/lib/libblickfeld_driver__rosidl_typesupport_introspection_c.so
[7.842s] -- Up-to-date: /home/jeongil/blickfeld_ws/install/blickfeld_driver/lib/libblickfeld_driver__rosidl_typesupport_c.so
[7.843s] -- Up-to-date: /home/jeongil/blickfeld_ws/install/blickfeld_driver/include/blickfeld_driver
[7.843s] -- Up-to-date: /home/jeongil/blickfeld_ws/install/blickfeld_driver/include/blickfeld_driver/msg
[7.843s] -- Up-to-date: /home/jeongil/blickfeld_ws/install/blickfeld_driver/include/blickfeld_driver/msg/rosidl_generator_cpp__visibility_control.hpp
[7.843s] -- Up-to-date: /home/jeongil/blickfeld_ws/install/blickfeld_driver/include/blickfeld_driver/srv
[7.843s] -- Up-to-date: /home/jeongil/blickfeld_ws/install/blickfeld_driver/include/blickfeld_driver/srv/detail
[7.843s] -- Up-to-date: /home/jeongil/blickfeld_ws/install/blickfeld_driver/include/blickfeld_driver/srv/detail/set_scan_pattern__type_support.hpp
[7.843s] -- Up-to-date: /home/jeongil/blickfeld_ws/install/blickfeld_driver/include/blickfeld_driver/srv/detail/imu_static_transformation__traits.hpp
[7.843s] -- Up-to-date: /home/jeongil/blickfeld_ws/install/blickfeld_driver/include/blickfeld_driver/srv/detail/set_scan_pattern__builder.hpp
[7.843s] -- Up-to-date: /home/jeongil/blickfeld_ws/install/blickfeld_driver/include/blickfeld_driver/srv/detail/set_scan_pattern__struct.hpp
[7.843s] -- Up-to-date: /home/jeongil/blickfeld_ws/install/blickfeld_driver/include/blickfeld_driver/srv/detail/imu_static_transformation__builder.hpp
[7.843s] -- Up-to-date: /home/jeongil/blickfeld_ws/install/blickfeld_driver/include/blickfeld_driver/srv/detail/imu_static_transformation__struct.hpp
[7.843s] -- Up-to-date: /home/jeongil/blickfeld_ws/install/blickfeld_driver/include/blickfeld_driver/srv/detail/imu_static_transformation__type_support.hpp
[7.843s] -- Up-to-date: /home/jeongil/blickfeld_ws/install/blickfeld_driver/include/blickfeld_driver/srv/detail/set_scan_pattern__traits.hpp
[7.843s] -- Up-to-date: /home/jeongil/blickfeld_ws/install/blickfeld_driver/include/blickfeld_driver/srv/imu_static_transformation.hpp
[7.843s] -- Up-to-date: /home/jeongil/blickfeld_ws/install/blickfeld_driver/include/blickfeld_driver/srv/set_scan_pattern.hpp
[7.843s] -- Up-to-date: /home/jeongil/blickfeld_ws/install/blickfeld_driver/include/blickfeld_driver
[7.843s] -- Up-to-date: /home/jeongil/blickfeld_ws/install/blickfeld_driver/include/blickfeld_driver/srv
[7.843s] -- Up-to-date: /home/jeongil/blickfeld_ws/install/blickfeld_driver/include/blickfeld_driver/srv/detail
[7.843s] -- Up-to-date: /home/jeongil/blickfeld_ws/install/blickfeld_driver/include/blickfeld_driver/srv/detail/imu_static_transformation__type_support.cpp
[7.843s] -- Up-to-date: /home/jeongil/blickfeld_ws/install/blickfeld_driver/include/blickfeld_driver/srv/detail/set_scan_pattern__type_support.cpp
[7.843s] -- Up-to-date: /home/jeongil/blickfeld_ws/install/blickfeld_driver/include/blickfeld_driver/srv/detail/imu_static_transformation__rosidl_typesupport_introspection_cpp.hpp
[7.843s] -- Up-to-date: /home/jeongil/blickfeld_ws/install/blickfeld_driver/include/blickfeld_driver/srv/detail/set_scan_pattern__rosidl_typesupport_introspection_cpp.hpp
[7.843s] -- Up-to-date: /home/jeongil/blickfeld_ws/install/blickfeld_driver/lib/libblickfeld_driver__rosidl_typesupport_introspection_cpp.so
[7.844s] -- Up-to-date: /home/jeongil/blickfeld_ws/install/blickfeld_driver/lib/libblickfeld_driver__rosidl_typesupport_cpp.so
[7.844s] -- Up-to-date: /home/jeongil/blickfeld_ws/install/blickfeld_driver/share/blickfeld_driver/environment/pythonpath.sh
[7.844s] -- Installing: /home/jeongil/blickfeld_ws/install/blickfeld_driver/share/blickfeld_driver/environment/pythonpath.dsv
[7.844s] -- Installing: /home/jeongil/blickfeld_ws/install/blickfeld_driver/lib/python3.8/site-packages/blickfeld_driver/__init__.py
[7.862s] Compiling '/home/jeongil/blickfeld_ws/install/blickfeld_driver/lib/python3.8/site-packages/blickfeld_driver/__init__.py'...
[7.864s] -- Up-to-date: /home/jeongil/blickfeld_ws/install/blickfeld_driver/lib/python3.8/site-packages/blickfeld_driver/srv
[7.864s] -- Up-to-date: /home/jeongil/blickfeld_ws/install/blickfeld_driver/lib/python3.8/site-packages/blickfeld_driver/srv/_imu_static_transformation.py
[7.864s] -- Up-to-date: /home/jeongil/blickfeld_ws/install/blickfeld_driver/lib/python3.8/site-packages/blickfeld_driver/srv/_imu_static_transformation_s.c
[7.864s] -- Up-to-date: /home/jeongil/blickfeld_ws/install/blickfeld_driver/lib/python3.8/site-packages/blickfeld_driver/srv/_set_scan_pattern.py
[7.864s] -- Up-to-date: /home/jeongil/blickfeld_ws/install/blickfeld_driver/lib/python3.8/site-packages/blickfeld_driver/srv/_set_scan_pattern_s.c
[7.864s] -- Up-to-date: /home/jeongil/blickfeld_ws/install/blickfeld_driver/lib/python3.8/site-packages/blickfeld_driver/srv/__init__.py
[7.864s] -- Up-to-date: /home/jeongil/blickfeld_ws/install/blickfeld_driver/lib/python3.8/site-packages/blickfeld_driver/blickfeld_driver_s__rosidl_typesupport_fastrtps_c.cpython-38-x86_64-linux-gnu.so
[7.865s] -- Up-to-date: /home/jeongil/blickfeld_ws/install/blickfeld_driver/lib/python3.8/site-packages/blickfeld_driver/blickfeld_driver_s__rosidl_typesupport_introspection_c.cpython-38-x86_64-linux-gnu.so
[7.865s] -- Up-to-date: /home/jeongil/blickfeld_ws/install/blickfeld_driver/lib/python3.8/site-packages/blickfeld_driver/blickfeld_driver_s__rosidl_typesupport_c.cpython-38-x86_64-linux-gnu.so
[7.866s] -- Up-to-date: /home/jeongil/blickfeld_ws/install/blickfeld_driver/lib/libblickfeld_driver__python.so
[7.866s] -- Up-to-date: /home/jeongil/blickfeld_ws/install/blickfeld_driver/share/blickfeld_driver/srv/ImuStaticTransformation.idl
[7.866s] -- Up-to-date: /home/jeongil/blickfeld_ws/install/blickfeld_driver/share/blickfeld_driver/srv/SetScanPattern.idl
[7.866s] -- Up-to-date: /home/jeongil/blickfeld_ws/install/blickfeld_driver/share/blickfeld_driver/srv/ImuStaticTransformation.srv
[7.866s] -- Up-to-date: /home/jeongil/blickfeld_ws/install/blickfeld_driver/share/blickfeld_driver/srv/ImuStaticTransformation_Request.msg
[7.866s] -- Up-to-date: /home/jeongil/blickfeld_ws/install/blickfeld_driver/share/blickfeld_driver/srv/ImuStaticTransformation_Response.msg
[7.866s] -- Up-to-date: /home/jeongil/blickfeld_ws/install/blickfeld_driver/share/blickfeld_driver/srv/SetScanPattern.srv
[7.866s] -- Up-to-date: /home/jeongil/blickfeld_ws/install/blickfeld_driver/share/blickfeld_driver/srv/SetScanPattern_Request.msg
[7.866s] -- Up-to-date: /home/jeongil/blickfeld_ws/install/blickfeld_driver/share/blickfeld_driver/srv/SetScanPattern_Response.msg
[7.866s] -- Up-to-date: /home/jeongil/blickfeld_ws/install/blickfeld_driver/share/blickfeld_driver/environment/library_path.sh
[7.866s] -- Up-to-date: /home/jeongil/blickfeld_ws/install/blickfeld_driver/share/blickfeld_driver/environment/library_path.dsv
[7.867s] -- Installing: /home/jeongil/blickfeld_ws/install/blickfeld_driver/lib/libblickfeld_driver_lib.so
[7.868s] -- Set runtime path of "/home/jeongil/blickfeld_ws/install/blickfeld_driver/lib/libblickfeld_driver_lib.so" to ""
[7.868s] -- Installing: /home/jeongil/blickfeld_ws/install/blickfeld_driver/lib/libblickfeld_driver_component.so
[7.869s] -- Set runtime path of "/home/jeongil/blickfeld_ws/install/blickfeld_driver/lib/libblickfeld_driver_component.so" to ""
[7.869s] -- Installing: /home/jeongil/blickfeld_ws/install/blickfeld_driver/lib/blickfeld_driver/blickfeld_driver_node
[7.869s] -- Set runtime path of "/home/jeongil/blickfeld_ws/install/blickfeld_driver/lib/blickfeld_driver/blickfeld_driver_node" to ""
[7.869s] -- Up-to-date: /home/jeongil/blickfeld_ws/install/blickfeld_driver/include/
[7.870s] -- Up-to-date: /home/jeongil/blickfeld_ws/install/blickfeld_driver/include//blickfeld_driver
[7.870s] -- Installing: /home/jeongil/blickfeld_ws/install/blickfeld_driver/include//blickfeld_driver/blickfeld_driver.h
[7.870s] -- Up-to-date: /home/jeongil/blickfeld_ws/install/blickfeld_driver/include//blickfeld_driver/blickfeld_driver_ros_types.h
[7.870s] -- Up-to-date: /home/jeongil/blickfeld_ws/install/blickfeld_driver/include/
[7.870s] -- Up-to-date: /home/jeongil/blickfeld_ws/install/blickfeld_driver/include//blickfeld_driver_core
[7.870s] -- Up-to-date: /home/jeongil/blickfeld_ws/install/blickfeld_driver/include//blickfeld_driver_core/blickfeld_driver_core.h
[7.870s] -- Up-to-date: /home/jeongil/blickfeld_ws/install/blickfeld_driver/include//blickfeld_driver_core/blickfeld_driver_types.h
[7.870s] -- Up-to-date: /home/jeongil/blickfeld_ws/install/blickfeld_driver/include//blickfeld_driver_core/blickfeld_driver_point_cloud_parser.h
[7.870s] -- Up-to-date: /home/jeongil/blickfeld_ws/install/blickfeld_driver/include//blickfeld_driver_core/blickfeld_driver_imu_parser.h
[7.870s] -- Up-to-date: /home/jeongil/blickfeld_ws/install/blickfeld_driver/include//blickfeld_driver_core/blickfeld_driver_utils.h
[7.870s] -- Up-to-date: /home/jeongil/blickfeld_ws/install/blickfeld_driver/share/blickfeld_driver/launch
[7.870s] -- Up-to-date: /home/jeongil/blickfeld_ws/install/blickfeld_driver/share/blickfeld_driver/launch/live_scanner_component.launch.py
[7.870s] -- Up-to-date: /home/jeongil/blickfeld_ws/install/blickfeld_driver/share/blickfeld_driver/launch/live_scanner.launch.xml
[7.871s] -- Installing: /home/jeongil/blickfeld_ws/install/blickfeld_driver/share/blickfeld_driver/launch/live_scanner_node.launch.py
[7.871s] -- Up-to-date: /home/jeongil/blickfeld_ws/install/blickfeld_driver/share/blickfeld_driver/config
[7.871s] -- Up-to-date: /home/jeongil/blickfeld_ws/install/blickfeld_driver/share/blickfeld_driver/config/blickfeld_scanner.rviz
[7.871s] -- Installing: /home/jeongil/blickfeld_ws/install/blickfeld_driver/share/blickfeld_driver/config/driver_config.yaml
[7.871s] -- Up-to-date: /home/jeongil/blickfeld_ws/install/blickfeld_driver/share/ament_index/resource_index/package_run_dependencies/blickfeld_driver
[7.871s] -- Installing: /home/jeongil/blickfeld_ws/install/blickfeld_driver/share/ament_index/resource_index/parent_prefix_path/blickfeld_driver
[7.871s] -- Up-to-date: /home/jeongil/blickfeld_ws/install/blickfeld_driver/share/blickfeld_driver/environment/ament_prefix_path.sh
[7.871s] -- Installing: /home/jeongil/blickfeld_ws/install/blickfeld_driver/share/blickfeld_driver/environment/ament_prefix_path.dsv
[7.871s] -- Up-to-date: /home/jeongil/blickfeld_ws/install/blickfeld_driver/share/blickfeld_driver/environment/path.sh
[7.871s] -- Installing: /home/jeongil/blickfeld_ws/install/blickfeld_driver/share/blickfeld_driver/environment/path.dsv
[7.871s] -- Up-to-date: /home/jeongil/blickfeld_ws/install/blickfeld_driver/share/blickfeld_driver/local_setup.bash
[7.871s] -- Up-to-date: /home/jeongil/blickfeld_ws/install/blickfeld_driver/share/blickfeld_driver/local_setup.sh
[7.871s] -- Up-to-date: /home/jeongil/blickfeld_ws/install/blickfeld_driver/share/blickfeld_driver/local_setup.zsh
[7.871s] -- Installing: /home/jeongil/blickfeld_ws/install/blickfeld_driver/share/blickfeld_driver/local_setup.dsv
[7.872s] -- Installing: /home/jeongil/blickfeld_ws/install/blickfeld_driver/share/blickfeld_driver/package.dsv
[7.872s] -- Up-to-date: /home/jeongil/blickfeld_ws/install/blickfeld_driver/share/ament_index/resource_index/packages/blickfeld_driver
[7.872s] -- Up-to-date: /home/jeongil/blickfeld_ws/install/blickfeld_driver/share/blickfeld_driver/cmake/blickfeld_driver__rosidl_generator_cExport.cmake
[7.872s] -- Installing: /home/jeongil/blickfeld_ws/install/blickfeld_driver/share/blickfeld_driver/cmake/blickfeld_driver__rosidl_generator_cExport-noconfig.cmake
[7.872s] -- Up-to-date: /home/jeongil/blickfeld_ws/install/blickfeld_driver/share/blickfeld_driver/cmake/blickfeld_driver__rosidl_typesupport_introspection_cExport.cmake
[7.872s] -- Installing: /home/jeongil/blickfeld_ws/install/blickfeld_driver/share/blickfeld_driver/cmake/blickfeld_driver__rosidl_typesupport_introspection_cExport-noconfig.cmake
[7.872s] -- Up-to-date: /home/jeongil/blickfeld_ws/install/blickfeld_driver/share/blickfeld_driver/cmake/blickfeld_driver__rosidl_typesupport_cExport.cmake
[7.872s] -- Installing: /home/jeongil/blickfeld_ws/install/blickfeld_driver/share/blickfeld_driver/cmake/blickfeld_driver__rosidl_typesupport_cExport-noconfig.cmake
[7.872s] -- Up-to-date: /home/jeongil/blickfeld_ws/install/blickfeld_driver/share/blickfeld_driver/cmake/blickfeld_driver__rosidl_generator_cppExport.cmake
[7.872s] -- Up-to-date: /home/jeongil/blickfeld_ws/install/blickfeld_driver/share/blickfeld_driver/cmake/blickfeld_driver__rosidl_typesupport_introspection_cppExport.cmake
[7.872s] -- Installing: /home/jeongil/blickfeld_ws/install/blickfeld_driver/share/blickfeld_driver/cmake/blickfeld_driver__rosidl_typesupport_introspection_cppExport-noconfig.cmake
[7.872s] -- Up-to-date: /home/jeongil/blickfeld_ws/install/blickfeld_driver/share/blickfeld_driver/cmake/blickfeld_driver__rosidl_typesupport_cppExport.cmake
[7.872s] -- Installing: /home/jeongil/blickfeld_ws/install/blickfeld_driver/share/blickfeld_driver/cmake/blickfeld_driver__rosidl_typesupport_cppExport-noconfig.cmake
[7.872s] -- Up-to-date: /home/jeongil/blickfeld_ws/install/blickfeld_driver/share/ament_index/resource_index/rclcpp_components/blickfeld_driver
[7.872s] -- Up-to-date: /home/jeongil/blickfeld_ws/install/blickfeld_driver/share/blickfeld_driver/cmake/rosidl_cmake-extras.cmake
[7.872s] -- Up-to-date: /home/jeongil/blickfeld_ws/install/blickfeld_driver/share/blickfeld_driver/cmake/ament_cmake_export_dependencies-extras.cmake
[7.872s] -- Up-to-date: /home/jeongil/blickfeld_ws/install/blickfeld_driver/share/blickfeld_driver/cmake/ament_cmake_export_libraries-extras.cmake
[7.872s] -- Up-to-date: /home/jeongil/blickfeld_ws/install/blickfeld_driver/share/blickfeld_driver/cmake/ament_cmake_export_targets-extras.cmake
[7.872s] -- Up-to-date: /home/jeongil/blickfeld_ws/install/blickfeld_driver/share/blickfeld_driver/cmake/ament_cmake_export_include_directories-extras.cmake
[7.872s] -- Up-to-date: /home/jeongil/blickfeld_ws/install/blickfeld_driver/share/blickfeld_driver/cmake/rosidl_cmake_export_typesupport_libraries-extras.cmake
[7.872s] -- Up-to-date: /home/jeongil/blickfeld_ws/install/blickfeld_driver/share/blickfeld_driver/cmake/rosidl_cmake_export_typesupport_targets-extras.cmake
[7.872s] -- Up-to-date: /home/jeongil/blickfeld_ws/install/blickfeld_driver/share/blickfeld_driver/cmake/blickfeld_driverConfig.cmake
[7.872s] -- Up-to-date: /home/jeongil/blickfeld_ws/install/blickfeld_driver/share/blickfeld_driver/cmake/blickfeld_driverConfig-version.cmake
[7.872s] -- Installing: /home/jeongil/blickfeld_ws/install/blickfeld_driver/share/blickfeld_driver/package.xml
[7.872s] -- Up-to-date: /home/jeongil/blickfeld_ws/install/blickfeld_driver/lib/libblickfeld_driver_core.so
[7.874s] Invoked command in '/home/jeongil/blickfeld_ws/build/blickfeld_driver' returned '0': CMAKE_PREFIX_PATH=${CMAKE_PREFIX_PATH}:/opt/ros/foxy /usr/bin/cmake --install /home/jeongil/blickfeld_ws/build/blickfeld_driver
