[0.180s] Invoking command in '/home/jeongil/ros_foxy_ws/blickfeld_ws/build/blickfeld_driver': CMAKE_PREFIX_PATH=${CMAKE_PREFIX_PATH}:/home/jeongil/ros_foxy_ws/blickfeld_ws/install/blickfeld_pointcloud:/opt/ros/foxy CONDA_PROMPT_MODIFIER=(blickfeld) /usr/bin/cmake /home/jeongil/ros_foxy_ws/blickfeld_ws/src/ros2_blickfeld_driver -DCMAKE_INSTALL_PREFIX=/home/jeongil/ros_foxy_ws/blickfeld_ws/install/blickfeld_driver
[0.189s] -- Found ament_cmake: 0.9.12 (/opt/ros/foxy/share/ament_cmake/cmake)
[0.202s] -- Using PYTHON_EXECUTABLE: /home/jeongil/anaconda3/envs/blickfeld/bin/python3
[0.267s] -- Found ament_cmake_ros: 0.9.2 (/opt/ros/foxy/share/ament_cmake_ros/cmake)
[0.269s] -- Found rclcpp: 2.4.3 (/opt/ros/foxy/share/rclcpp/cmake)
[0.287s] -- Using all available rosidl_typesupport_c: rosidl_typesupport_fastrtps_c;rosidl_typesupport_introspection_c
[0.289s] -- Found rosidl_adapter: 1.3.1 (/opt/ros/foxy/share/rosidl_adapter/cmake)
[0.353s] -- Using all available rosidl_typesupport_cpp: rosidl_typesupport_fastrtps_cpp;rosidl_typesupport_introspection_cpp
[0.379s] -- Found rmw_implementation_cmake: 1.0.4 (/opt/ros/foxy/share/rmw_implementation_cmake/cmake)
[0.380s] -- Using RMW implementation 'rmw_fastrtps_cpp' as default
[0.459s] -- Found rclcpp_components: 2.4.3 (/opt/ros/foxy/share/rclcpp_components/cmake)
[0.489s] -- Found diagnostic_msgs: 2.0.5 (/opt/ros/foxy/share/diagnostic_msgs/cmake)
[0.507s] -- Found geometry_msgs: 2.0.5 (/opt/ros/foxy/share/geometry_msgs/cmake)
[0.525s] -- Found sensor_msgs: 2.0.5 (/opt/ros/foxy/share/sensor_msgs/cmake)
[0.565s] -- Found std_srvs: 2.0.5 (/opt/ros/foxy/share/std_srvs/cmake)
[0.570s] -- Found diagnostic_updater: 3.1.2 (/opt/ros/foxy/share/diagnostic_updater/cmake)
[0.580s] -- Found cv_bridge: 3.0.7 (/opt/ros/foxy/share/cv_bridge/cmake)
[0.594s] -- Found rosidl_default_generators: 1.0.1 (/opt/ros/foxy/share/rosidl_default_generators/cmake)
[0.599s] -- Found tf2_ros: 0.13.14 (/opt/ros/foxy/share/tf2_ros/cmake)
[0.752s] -- Found tf2_geometry_msgs: 0.13.14 (/opt/ros/foxy/share/tf2_geometry_msgs/cmake)
[0.755s] -- Found eigen3_cmake_module: 0.1.1 (/opt/ros/foxy/share/eigen3_cmake_module/cmake)
[0.781s] CMake Warning at /usr/share/cmake-3.16/Modules/FindProtobuf.cmake:499 (message):
[0.781s]   Protobuf compiler version doesn't match library version 3.6.1
[0.781s] Call Stack (most recent call first):
[0.781s]   /usr/share/cmake-3.16/Modules/CMakeFindDependencyMacro.cmake:47 (find_package)
[0.781s]   /usr/lib/cmake/blickfeld-scanner/blickfeld-scanner-config.cmake:8 (find_dependency)
[0.781s]   CMakeLists.txt:44 (find_package)
[0.781s] 
[0.781s] 
[0.781s] -- Found Protobuf: /usr/lib/x86_64-linux-gnu/libprotobuf.so;-lpthread (found suitable version "3.6.1", minimum required is "3.6.1") 
[0.786s] CMake Warning at /usr/share/cmake-3.16/Modules/FindProtobuf.cmake:499 (message):
[0.786s]   Protobuf compiler version doesn't match library version 3.6.1
[0.786s] Call Stack (most recent call first):
[0.786s]   /usr/share/cmake-3.16/Modules/CMakeFindDependencyMacro.cmake:47 (find_package)
[0.786s]   /usr/lib/cmake/blickfeld-scanner/blickfeld-scanner-config.cmake:8 (find_dependency)
[0.787s]   /usr/lib/cmake/blickfeld-scanner/blickfeld-scanner.cmake:69 (include)
[0.787s]   /usr/lib/cmake/blickfeld-scanner/blickfeld-scanner-config.cmake:40 (include)
[0.787s]   CMakeLists.txt:44 (find_package)
[0.787s] 
[0.787s] 
[0.799s] -- Found PythonInterp: /home/jeongil/anaconda3/envs/blickfeld/bin/python3 (found version "3.8.10") 
[0.824s] CMake Error at /opt/ros/foxy/share/rosidl_adapter/cmake/rosidl_adapt_interfaces.cmake:60 (message):
[0.824s]   execute_process(/home/jeongil/anaconda3/envs/blickfeld/bin/python3 -m
[0.824s]   rosidl_adapter --package-name blickfeld_driver --arguments-file
[0.824s]   /home/jeongil/ros_foxy_ws/blickfeld_ws/build/blickfeld_driver/rosidl_adapter__arguments__blickfeld_driver.json
[0.824s]   --output-dir
[0.824s]   /home/jeongil/ros_foxy_ws/blickfeld_ws/build/blickfeld_driver/rosidl_adapter/blickfeld_driver
[0.824s]   --output-file
[0.824s]   /home/jeongil/ros_foxy_ws/blickfeld_ws/build/blickfeld_driver/rosidl_adapter/blickfeld_driver.idls)
[0.824s]   returned error code 1:
[0.824s] 
[0.824s]   Traceback (most recent call last):
[0.824s] 
[0.824s]     File "/home/jeongil/anaconda3/envs/blickfeld/lib/python3.8/runpy.py", line 194, in _run_module_as_main
[0.824s]       return _run_code(code, main_globals, None,
[0.824s]     File "/home/jeongil/anaconda3/envs/blickfeld/lib/python3.8/runpy.py", line 87, in _run_code
[0.824s]       exec(code, run_globals)
[0.824s]     File "/opt/ros/foxy/lib/python3.8/site-packages/rosidl_adapter/__main__.py", line 19, in <module>
[0.824s]       sys.exit(main())
[0.824s]     File "/opt/ros/foxy/lib/python3.8/site-packages/rosidl_adapter/main.py", line 53, in main
[0.824s]       abs_idl_file = convert_to_idl(
[0.824s]     File "/opt/ros/foxy/lib/python3.8/site-packages/rosidl_adapter/__init__.py", line 23, in convert_to_idl
[0.824s]       from rosidl_adapter.srv import convert_srv_to_idl
[0.824s]     File "/opt/ros/foxy/lib/python3.8/site-packages/rosidl_adapter/srv/__init__.py", line 16, in <module>
[0.824s]       from rosidl_adapter.resource import expand_template
[0.824s]     File "/opt/ros/foxy/lib/python3.8/site-packages/rosidl_adapter/resource/__init__.py", line 19, in <module>
[0.824s]       import em
[0.824s] 
[0.824s]   ModuleNotFoundError: No module named 'em'
[0.825s] 
[0.825s] Call Stack (most recent call first):
[0.825s]   /opt/ros/foxy/share/rosidl_cmake/cmake/rosidl_generate_interfaces.cmake:130 (rosidl_adapt_interfaces)
[0.825s]   CMakeLists.txt:67 (rosidl_generate_interfaces)
[0.825s] 
[0.825s] 
[0.825s] -- Configuring incomplete, errors occurred!
[0.825s] See also "/home/jeongil/ros_foxy_ws/blickfeld_ws/build/blickfeld_driver/CMakeFiles/CMakeOutput.log".
[0.825s] See also "/home/jeongil/ros_foxy_ws/blickfeld_ws/build/blickfeld_driver/CMakeFiles/CMakeError.log".
[0.830s] Invoked command in '/home/jeongil/ros_foxy_ws/blickfeld_ws/build/blickfeld_driver' returned '1': CMAKE_PREFIX_PATH=${CMAKE_PREFIX_PATH}:/home/jeongil/ros_foxy_ws/blickfeld_ws/install/blickfeld_pointcloud:/opt/ros/foxy CONDA_PROMPT_MODIFIER=(blickfeld) /usr/bin/cmake /home/jeongil/ros_foxy_ws/blickfeld_ws/src/ros2_blickfeld_driver -DCMAKE_INSTALL_PREFIX=/home/jeongil/ros_foxy_ws/blickfeld_ws/install/blickfeld_driver
