[0.887s] DEBUG:colcon:Command line arguments: ['/usr/bin/colcon', 'build']
[0.887s] DEBUG:colcon:Parsed command line arguments: Namespace(allow_overriding=[], ament_cmake_args=None, base_paths=['.'], build_base='build', catkin_cmake_args=None, catkin_skip_building_tests=False, cmake_args=None, cmake_clean_cache=False, cmake_clean_first=False, cmake_force_configure=False, cmake_target=None, cmake_target_skip_unavailable=False, continue_on_error=False, event_handlers=None, executor='parallel', ignore_user_meta=False, install_base='install', log_base=None, log_level=None, main=<bound method BuildVerb.main of <colcon_core.verb.build.BuildVerb object at 0x7fa02be15fd0>>, merge_install=False, metas=['./colcon.meta'], packages_above=None, packages_above_and_dependencies=None, packages_above_depth=None, packages_end=None, packages_ignore=None, packages_ignore_regex=None, packages_select=None, packages_select_build_failed=False, packages_select_by_dep=None, packages_select_regex=None, packages_select_test_failures=False, packages_skip=None, packages_skip_build_finished=False, packages_skip_by_dep=None, packages_skip_regex=None, packages_skip_test_passed=False, packages_skip_up_to=None, packages_start=None, packages_up_to=None, packages_up_to_regex=None, parallel_workers=20, paths=None, symlink_install=False, test_result_base=None, verb_extension=<colcon_core.verb.build.BuildVerb object at 0x7fa02be15fd0>, verb_name='build', verb_parser=<colcon_defaults.argument_parser.defaults.DefaultArgumentsDecorator object at 0x7fa02ba03340>)
[0.927s] Level 1:colcon.colcon_core.package_discovery:discover_packages(colcon_meta) check parameters
[0.927s] Level 1:colcon.colcon_core.package_discovery:discover_packages(recursive) check parameters
[0.927s] Level 1:colcon.colcon_core.package_discovery:discover_packages(ignore) check parameters
[0.927s] Level 1:colcon.colcon_core.package_discovery:discover_packages(path) check parameters
[0.927s] Level 1:colcon.colcon_core.package_discovery:discover_packages(colcon_meta) discover
[0.927s] Level 1:colcon.colcon_core.package_discovery:discover_packages(recursive) discover
[0.927s] INFO:colcon.colcon_core.package_discovery:Crawling recursively for packages in '/home/jeongil/ros_foxy_ws/blickfeld_ws'
[0.927s] Level 1:colcon.colcon_core.package_identification:_identify(.) by extensions ['ignore', 'ignore_ament_install']
[0.927s] Level 1:colcon.colcon_core.package_identification:_identify(.) by extension 'ignore'
[0.927s] Level 1:colcon.colcon_core.package_identification:_identify(.) by extension 'ignore_ament_install'
[0.927s] Level 1:colcon.colcon_core.package_identification:_identify(.) by extensions ['colcon_pkg']
[0.927s] Level 1:colcon.colcon_core.package_identification:_identify(.) by extension 'colcon_pkg'
[0.927s] Level 1:colcon.colcon_core.package_identification:_identify(.) by extensions ['colcon_meta']
[0.927s] Level 1:colcon.colcon_core.package_identification:_identify(.) by extension 'colcon_meta'
[0.927s] Level 1:colcon.colcon_core.package_identification:_identify(.) by extensions ['ros']
[0.927s] Level 1:colcon.colcon_core.package_identification:_identify(.) by extension 'ros'
[0.932s] Level 1:colcon.colcon_core.package_identification:_identify(.) by extensions ['cmake', 'python']
[0.932s] Level 1:colcon.colcon_core.package_identification:_identify(.) by extension 'cmake'
[0.933s] Level 1:colcon.colcon_core.package_identification:_identify(.) by extension 'python'
[0.933s] Level 1:colcon.colcon_core.package_identification:_identify(.) by extensions ['python_setup_py']
[0.933s] Level 1:colcon.colcon_core.package_identification:_identify(.) by extension 'python_setup_py'
[0.933s] Level 1:colcon.colcon_core.package_identification:_identify(build) by extensions ['ignore', 'ignore_ament_install']
[0.933s] Level 1:colcon.colcon_core.package_identification:_identify(build) by extension 'ignore'
[0.933s] Level 1:colcon.colcon_core.package_identification:_identify(build) ignored
[0.933s] Level 1:colcon.colcon_core.package_identification:_identify(install) by extensions ['ignore', 'ignore_ament_install']
[0.933s] Level 1:colcon.colcon_core.package_identification:_identify(install) by extension 'ignore'
[0.933s] Level 1:colcon.colcon_core.package_identification:_identify(install) ignored
[0.933s] Level 1:colcon.colcon_core.package_identification:_identify(log) by extensions ['ignore', 'ignore_ament_install']
[0.933s] Level 1:colcon.colcon_core.package_identification:_identify(log) by extension 'ignore'
[0.933s] Level 1:colcon.colcon_core.package_identification:_identify(log) ignored
[0.933s] Level 1:colcon.colcon_core.package_identification:_identify(src) by extensions ['ignore', 'ignore_ament_install']
[0.933s] Level 1:colcon.colcon_core.package_identification:_identify(src) by extension 'ignore'
[0.933s] Level 1:colcon.colcon_core.package_identification:_identify(src) by extension 'ignore_ament_install'
[0.933s] Level 1:colcon.colcon_core.package_identification:_identify(src) by extensions ['colcon_pkg']
[0.933s] Level 1:colcon.colcon_core.package_identification:_identify(src) by extension 'colcon_pkg'
[0.933s] Level 1:colcon.colcon_core.package_identification:_identify(src) by extensions ['colcon_meta']
[0.933s] Level 1:colcon.colcon_core.package_identification:_identify(src) by extension 'colcon_meta'
[0.933s] Level 1:colcon.colcon_core.package_identification:_identify(src) by extensions ['ros']
[0.933s] Level 1:colcon.colcon_core.package_identification:_identify(src) by extension 'ros'
[0.933s] Level 1:colcon.colcon_core.package_identification:_identify(src) by extensions ['cmake', 'python']
[0.933s] Level 1:colcon.colcon_core.package_identification:_identify(src) by extension 'cmake'
[0.933s] Level 1:colcon.colcon_core.package_identification:_identify(src) by extension 'python'
[0.933s] Level 1:colcon.colcon_core.package_identification:_identify(src) by extensions ['python_setup_py']
[0.933s] Level 1:colcon.colcon_core.package_identification:_identify(src) by extension 'python_setup_py'
[0.933s] Level 1:colcon.colcon_core.package_identification:_identify(src/blickfeld_driver) by extensions ['ignore', 'ignore_ament_install']
[0.933s] Level 1:colcon.colcon_core.package_identification:_identify(src/blickfeld_driver) by extension 'ignore'
[0.933s] Level 1:colcon.colcon_core.package_identification:_identify(src/blickfeld_driver) by extension 'ignore_ament_install'
[0.933s] Level 1:colcon.colcon_core.package_identification:_identify(src/blickfeld_driver) by extensions ['colcon_pkg']
[0.933s] Level 1:colcon.colcon_core.package_identification:_identify(src/blickfeld_driver) by extension 'colcon_pkg'
[0.933s] Level 1:colcon.colcon_core.package_identification:_identify(src/blickfeld_driver) by extensions ['colcon_meta']
[0.933s] Level 1:colcon.colcon_core.package_identification:_identify(src/blickfeld_driver) by extension 'colcon_meta'
[0.933s] Level 1:colcon.colcon_core.package_identification:_identify(src/blickfeld_driver) by extensions ['ros']
[0.933s] Level 1:colcon.colcon_core.package_identification:_identify(src/blickfeld_driver) by extension 'ros'
[0.935s] DEBUG:colcon.colcon_core.package_identification:Package 'src/blickfeld_driver' with type 'ros.ament_cmake' and name 'blickfeld_driver'
[0.935s] Level 1:colcon.colcon_core.package_identification:_identify(src/blickfeld_pointcloud) by extensions ['ignore', 'ignore_ament_install']
[0.935s] Level 1:colcon.colcon_core.package_identification:_identify(src/blickfeld_pointcloud) by extension 'ignore'
[0.935s] Level 1:colcon.colcon_core.package_identification:_identify(src/blickfeld_pointcloud) by extension 'ignore_ament_install'
[0.935s] Level 1:colcon.colcon_core.package_identification:_identify(src/blickfeld_pointcloud) by extensions ['colcon_pkg']
[0.935s] Level 1:colcon.colcon_core.package_identification:_identify(src/blickfeld_pointcloud) by extension 'colcon_pkg'
[0.935s] Level 1:colcon.colcon_core.package_identification:_identify(src/blickfeld_pointcloud) by extensions ['colcon_meta']
[0.935s] Level 1:colcon.colcon_core.package_identification:_identify(src/blickfeld_pointcloud) by extension 'colcon_meta'
[0.935s] Level 1:colcon.colcon_core.package_identification:_identify(src/blickfeld_pointcloud) by extensions ['ros']
[0.935s] Level 1:colcon.colcon_core.package_identification:_identify(src/blickfeld_pointcloud) by extension 'ros'
[0.936s] DEBUG:colcon.colcon_core.package_identification:Package 'src/blickfeld_pointcloud' with type 'ros.ament_python' and name 'blickfeld_pointcloud'
[0.936s] Level 1:colcon.colcon_core.package_discovery:discover_packages(recursive) using defaults
[0.936s] Level 1:colcon.colcon_core.package_discovery:discover_packages(ignore) discover
[0.936s] Level 1:colcon.colcon_core.package_discovery:discover_packages(ignore) using defaults
[0.936s] Level 1:colcon.colcon_core.package_discovery:discover_packages(path) discover
[0.936s] Level 1:colcon.colcon_core.package_discovery:discover_packages(path) using defaults
[1.023s] Level 1:colcon.colcon_core.package_discovery:discover_packages(prefix_path) check parameters
[1.023s] Level 1:colcon.colcon_core.package_discovery:discover_packages(prefix_path) discover
[1.054s] DEBUG:colcon.colcon_installed_package_information.package_discovery:Found 7 installed packages in /home/jeongil/ros_foxy_ws/velodyne_ws/install
[1.069s] DEBUG:colcon.colcon_installed_package_information.package_discovery:Found 2 installed packages in /home/jeongil/ros_foxy_ws/blickfeld_ws/install
[1.085s] DEBUG:colcon.colcon_installed_package_information.package_discovery:Found 257 installed packages in /opt/ros/foxy
[1.085s] Level 1:colcon.colcon_core.package_discovery:discover_packages(prefix_path) using defaults
[1.146s] Level 5:colcon.colcon_core.verb:set package 'blickfeld_driver' build argument 'cmake_args' from command line to 'None'
[1.146s] Level 5:colcon.colcon_core.verb:set package 'blickfeld_driver' build argument 'cmake_target' from command line to 'None'
[1.146s] Level 5:colcon.colcon_core.verb:set package 'blickfeld_driver' build argument 'cmake_target_skip_unavailable' from command line to 'False'
[1.146s] Level 5:colcon.colcon_core.verb:set package 'blickfeld_driver' build argument 'cmake_clean_cache' from command line to 'False'
[1.146s] Level 5:colcon.colcon_core.verb:set package 'blickfeld_driver' build argument 'cmake_clean_first' from command line to 'False'
[1.146s] Level 5:colcon.colcon_core.verb:set package 'blickfeld_driver' build argument 'cmake_force_configure' from command line to 'False'
[1.146s] Level 5:colcon.colcon_core.verb:set package 'blickfeld_driver' build argument 'ament_cmake_args' from command line to 'None'
[1.146s] Level 5:colcon.colcon_core.verb:set package 'blickfeld_driver' build argument 'catkin_cmake_args' from command line to 'None'
[1.146s] Level 5:colcon.colcon_core.verb:set package 'blickfeld_driver' build argument 'catkin_skip_building_tests' from command line to 'False'
[1.146s] DEBUG:colcon.colcon_core.verb:Building package 'blickfeld_driver' with the following arguments: {'ament_cmake_args': None, 'build_base': '/home/jeongil/ros_foxy_ws/blickfeld_ws/build/blickfeld_driver', 'catkin_cmake_args': None, 'catkin_skip_building_tests': False, 'cmake_args': None, 'cmake_clean_cache': False, 'cmake_clean_first': False, 'cmake_force_configure': False, 'cmake_target': None, 'cmake_target_skip_unavailable': False, 'install_base': '/home/jeongil/ros_foxy_ws/blickfeld_ws/install/blickfeld_driver', 'merge_install': False, 'path': '/home/jeongil/ros_foxy_ws/blickfeld_ws/src/blickfeld_driver', 'symlink_install': False, 'test_result_base': None}
[1.161s] Level 5:colcon.colcon_core.verb:set package 'blickfeld_pointcloud' build argument 'cmake_args' from command line to 'None'
[1.161s] Level 5:colcon.colcon_core.verb:set package 'blickfeld_pointcloud' build argument 'cmake_target' from command line to 'None'
[1.161s] Level 5:colcon.colcon_core.verb:set package 'blickfeld_pointcloud' build argument 'cmake_target_skip_unavailable' from command line to 'False'
[1.161s] Level 5:colcon.colcon_core.verb:set package 'blickfeld_pointcloud' build argument 'cmake_clean_cache' from command line to 'False'
[1.161s] Level 5:colcon.colcon_core.verb:set package 'blickfeld_pointcloud' build argument 'cmake_clean_first' from command line to 'False'
[1.161s] Level 5:colcon.colcon_core.verb:set package 'blickfeld_pointcloud' build argument 'cmake_force_configure' from command line to 'False'
[1.161s] Level 5:colcon.colcon_core.verb:set package 'blickfeld_pointcloud' build argument 'ament_cmake_args' from command line to 'None'
[1.161s] Level 5:colcon.colcon_core.verb:set package 'blickfeld_pointcloud' build argument 'catkin_cmake_args' from command line to 'None'
[1.161s] Level 5:colcon.colcon_core.verb:set package 'blickfeld_pointcloud' build argument 'catkin_skip_building_tests' from command line to 'False'
[1.161s] DEBUG:colcon.colcon_core.verb:Building package 'blickfeld_pointcloud' with the following arguments: {'ament_cmake_args': None, 'build_base': '/home/jeongil/ros_foxy_ws/blickfeld_ws/build/blickfeld_pointcloud', 'catkin_cmake_args': None, 'catkin_skip_building_tests': False, 'cmake_args': None, 'cmake_clean_cache': False, 'cmake_clean_first': False, 'cmake_force_configure': False, 'cmake_target': None, 'cmake_target_skip_unavailable': False, 'install_base': '/home/jeongil/ros_foxy_ws/blickfeld_ws/install/blickfeld_pointcloud', 'merge_install': False, 'path': '/home/jeongil/ros_foxy_ws/blickfeld_ws/src/blickfeld_pointcloud', 'symlink_install': False, 'test_result_base': None}
[1.176s] INFO:colcon.colcon_core.executor:Executing jobs using 'parallel' executor
[1.196s] DEBUG:colcon.colcon_parallel_executor.executor.parallel:run_until_complete
[1.196s] INFO:colcon.colcon_ros.task.ament_cmake.build:Building ROS package in '/home/jeongil/ros_foxy_ws/blickfeld_ws/src/blickfeld_driver' with build type 'ament_cmake'
[1.197s] INFO:colcon.colcon_cmake.task.cmake.build:Building CMake package in '/home/jeongil/ros_foxy_ws/blickfeld_ws/src/blickfeld_driver'
[1.213s] INFO:colcon.colcon_core.plugin_system:Skipping extension 'colcon_core.shell.bat': Not used on non-Windows systems
[1.213s] INFO:colcon.colcon_core.shell:Skip shell extension 'powershell' for command environment: Not usable outside of PowerShell
[1.213s] DEBUG:colcon.colcon_core.shell:Skip shell extension 'dsv' for command environment
[1.277s] INFO:colcon.colcon_ros.task.ament_python.build:Building ROS package in '/home/jeongil/ros_foxy_ws/blickfeld_ws/src/blickfeld_pointcloud' with build type 'ament_python'
[1.277s] Level 1:colcon.colcon_core.shell:create_environment_hook('blickfeld_pointcloud', 'ament_prefix_path')
[1.293s] INFO:colcon.colcon_core.shell:Creating environment hook '/home/jeongil/ros_foxy_ws/blickfeld_ws/install/blickfeld_pointcloud/share/blickfeld_pointcloud/hook/ament_prefix_path.ps1'
[1.293s] INFO:colcon.colcon_core.shell:Creating environment descriptor '/home/jeongil/ros_foxy_ws/blickfeld_ws/install/blickfeld_pointcloud/share/blickfeld_pointcloud/hook/ament_prefix_path.dsv'
[1.293s] INFO:colcon.colcon_core.shell:Creating environment hook '/home/jeongil/ros_foxy_ws/blickfeld_ws/install/blickfeld_pointcloud/share/blickfeld_pointcloud/hook/ament_prefix_path.sh'
[1.309s] INFO:colcon.colcon_core.shell:Skip shell extension 'powershell' for command environment: Not usable outside of PowerShell
[1.309s] DEBUG:colcon.colcon_core.shell:Skip shell extension 'dsv' for command environment
[1.375s] DEBUG:colcon.colcon_core.event_handler.log_command:Invoking command in '/home/jeongil/ros_foxy_ws/blickfeld_ws/build/blickfeld_driver': CMAKE_PREFIX_PATH=${CMAKE_PREFIX_PATH}:/home/jeongil/ros_foxy_ws/blickfeld_ws/install/blickfeld_pointcloud:/opt/ros/foxy CONDA_PROMPT_MODIFIER=(blickfeld) /usr/bin/cmake /home/jeongil/ros_foxy_ws/blickfeld_ws/src/blickfeld_driver -DCMAKE_INSTALL_PREFIX=/home/jeongil/ros_foxy_ws/blickfeld_ws/install/blickfeld_driver
[1.481s] INFO:colcon.colcon_core.task.python.build:Building Python package in '/home/jeongil/ros_foxy_ws/blickfeld_ws/src/blickfeld_pointcloud'
[1.498s] INFO:colcon.colcon_core.shell:Skip shell extension 'powershell' for command environment: Not usable outside of PowerShell
[1.498s] DEBUG:colcon.colcon_core.shell:Skip shell extension 'dsv' for command environment
[1.738s] DEBUG:colcon.colcon_core.event_handler.log_command:Invoking command in '/home/jeongil/ros_foxy_ws/blickfeld_ws/src/blickfeld_pointcloud': CONDA_PROMPT_MODIFIER=(blickfeld) PYTHONPATH=/home/jeongil/ros_foxy_ws/blickfeld_ws/build/blickfeld_pointcloud/prefix_override:/home/jeongil/ros_foxy_ws/blickfeld_ws/install/blickfeld_pointcloud/lib/python3.8/site-packages:${PYTHONPATH} /usr/bin/python3 setup.py egg_info --egg-base ../../build/blickfeld_pointcloud build --build-base /home/jeongil/ros_foxy_ws/blickfeld_ws/build/blickfeld_pointcloud/build install --record /home/jeongil/ros_foxy_ws/blickfeld_ws/build/blickfeld_pointcloud/install.log --install-scripts $base/lib/blickfeld_pointcloud --single-version-externally-managed
[1.869s] DEBUG:colcon.colcon_core.event_handler.log_command:Invoked command in '/home/jeongil/ros_foxy_ws/blickfeld_ws/src/blickfeld_pointcloud' returned '0': CONDA_PROMPT_MODIFIER=(blickfeld) PYTHONPATH=/home/jeongil/ros_foxy_ws/blickfeld_ws/build/blickfeld_pointcloud/prefix_override:/home/jeongil/ros_foxy_ws/blickfeld_ws/install/blickfeld_pointcloud/lib/python3.8/site-packages:${PYTHONPATH} /usr/bin/python3 setup.py egg_info --egg-base ../../build/blickfeld_pointcloud build --build-base /home/jeongil/ros_foxy_ws/blickfeld_ws/build/blickfeld_pointcloud/build install --record /home/jeongil/ros_foxy_ws/blickfeld_ws/build/blickfeld_pointcloud/install.log --install-scripts $base/lib/blickfeld_pointcloud --single-version-externally-managed
[1.885s] Level 1:colcon.colcon_core.environment:checking '/home/jeongil/ros_foxy_ws/blickfeld_ws/install/blickfeld_pointcloud' for CMake module files
[1.886s] Level 1:colcon.colcon_core.environment:checking '/home/jeongil/ros_foxy_ws/blickfeld_ws/install/blickfeld_pointcloud' for CMake config files
[1.886s] Level 1:colcon.colcon_core.environment:checking '/home/jeongil/ros_foxy_ws/blickfeld_ws/install/blickfeld_pointcloud/lib'
[1.886s] Level 1:colcon.colcon_core.environment:checking '/home/jeongil/ros_foxy_ws/blickfeld_ws/install/blickfeld_pointcloud/bin'
[1.886s] Level 1:colcon.colcon_core.environment:checking '/home/jeongil/ros_foxy_ws/blickfeld_ws/install/blickfeld_pointcloud/lib/pkgconfig/blickfeld_pointcloud.pc'
[1.886s] Level 1:colcon.colcon_core.environment:checking '/home/jeongil/ros_foxy_ws/blickfeld_ws/install/blickfeld_pointcloud/lib/python3.8/site-packages'
[1.886s] Level 1:colcon.colcon_core.shell:create_environment_hook('blickfeld_pointcloud', 'pythonpath')
[1.902s] INFO:colcon.colcon_core.shell:Creating environment hook '/home/jeongil/ros_foxy_ws/blickfeld_ws/install/blickfeld_pointcloud/share/blickfeld_pointcloud/hook/pythonpath.ps1'
[1.902s] INFO:colcon.colcon_core.shell:Creating environment descriptor '/home/jeongil/ros_foxy_ws/blickfeld_ws/install/blickfeld_pointcloud/share/blickfeld_pointcloud/hook/pythonpath.dsv'
[1.902s] INFO:colcon.colcon_core.shell:Creating environment hook '/home/jeongil/ros_foxy_ws/blickfeld_ws/install/blickfeld_pointcloud/share/blickfeld_pointcloud/hook/pythonpath.sh'
[1.902s] Level 1:colcon.colcon_core.environment:checking '/home/jeongil/ros_foxy_ws/blickfeld_ws/install/blickfeld_pointcloud/bin'
[1.902s] Level 1:colcon.colcon_core.environment:create_environment_scripts_only(blickfeld_pointcloud)
[1.917s] INFO:colcon.colcon_core.shell:Creating package script '/home/jeongil/ros_foxy_ws/blickfeld_ws/install/blickfeld_pointcloud/share/blickfeld_pointcloud/package.ps1'
[1.918s] INFO:colcon.colcon_core.shell:Creating package descriptor '/home/jeongil/ros_foxy_ws/blickfeld_ws/install/blickfeld_pointcloud/share/blickfeld_pointcloud/package.dsv'
[1.918s] INFO:colcon.colcon_core.shell:Creating package script '/home/jeongil/ros_foxy_ws/blickfeld_ws/install/blickfeld_pointcloud/share/blickfeld_pointcloud/package.sh'
[1.918s] INFO:colcon.colcon_core.shell:Creating package script '/home/jeongil/ros_foxy_ws/blickfeld_ws/install/blickfeld_pointcloud/share/blickfeld_pointcloud/package.bash'
[1.919s] INFO:colcon.colcon_core.shell:Creating package script '/home/jeongil/ros_foxy_ws/blickfeld_ws/install/blickfeld_pointcloud/share/blickfeld_pointcloud/package.zsh'
[1.919s] Level 1:colcon.colcon_core.environment:create_file_with_runtime_dependencies(/home/jeongil/ros_foxy_ws/blickfeld_ws/install/blickfeld_pointcloud/share/colcon-core/packages/blickfeld_pointcloud)
[2.072s] DEBUG:colcon.colcon_core.event_handler.log_command:Invoked command in '/home/jeongil/ros_foxy_ws/blickfeld_ws/build/blickfeld_driver' returned '1': CMAKE_PREFIX_PATH=${CMAKE_PREFIX_PATH}:/home/jeongil/ros_foxy_ws/blickfeld_ws/install/blickfeld_pointcloud:/opt/ros/foxy CONDA_PROMPT_MODIFIER=(blickfeld) /usr/bin/cmake /home/jeongil/ros_foxy_ws/blickfeld_ws/src/blickfeld_driver -DCMAKE_INSTALL_PREFIX=/home/jeongil/ros_foxy_ws/blickfeld_ws/install/blickfeld_driver
[2.078s] Level 1:colcon.colcon_core.environment:create_environment_scripts_only(blickfeld_driver)
[2.095s] Level 1:colcon.colcon_core.environment:checking '/home/jeongil/ros_foxy_ws/blickfeld_ws/install/blickfeld_driver' for CMake module files
[2.095s] Level 1:colcon.colcon_core.environment:checking '/home/jeongil/ros_foxy_ws/blickfeld_ws/install/blickfeld_driver' for CMake config files
[2.095s] Level 1:colcon.colcon_core.environment:checking '/home/jeongil/ros_foxy_ws/blickfeld_ws/install/blickfeld_driver/bin'
[2.095s] Level 1:colcon.colcon_core.environment:checking '/home/jeongil/ros_foxy_ws/blickfeld_ws/install/blickfeld_driver/lib/pkgconfig/blickfeld_driver.pc'
[2.096s] Level 1:colcon.colcon_core.environment:checking '/home/jeongil/ros_foxy_ws/blickfeld_ws/install/blickfeld_driver/lib/python3.8/site-packages'
[2.096s] Level 1:colcon.colcon_core.environment:checking '/home/jeongil/ros_foxy_ws/blickfeld_ws/install/blickfeld_driver/bin'
[2.111s] INFO:colcon.colcon_core.shell:Creating package script '/home/jeongil/ros_foxy_ws/blickfeld_ws/install/blickfeld_driver/share/blickfeld_driver/package.ps1'
[2.111s] INFO:colcon.colcon_core.shell:Creating package descriptor '/home/jeongil/ros_foxy_ws/blickfeld_ws/install/blickfeld_driver/share/blickfeld_driver/package.dsv'
[2.111s] INFO:colcon.colcon_core.shell:Creating package script '/home/jeongil/ros_foxy_ws/blickfeld_ws/install/blickfeld_driver/share/blickfeld_driver/package.sh'
[2.111s] INFO:colcon.colcon_core.shell:Creating package script '/home/jeongil/ros_foxy_ws/blickfeld_ws/install/blickfeld_driver/share/blickfeld_driver/package.bash'
[2.112s] INFO:colcon.colcon_core.shell:Creating package script '/home/jeongil/ros_foxy_ws/blickfeld_ws/install/blickfeld_driver/share/blickfeld_driver/package.zsh'
[2.112s] Level 1:colcon.colcon_core.environment:create_file_with_runtime_dependencies(/home/jeongil/ros_foxy_ws/blickfeld_ws/install/blickfeld_driver/share/colcon-core/packages/blickfeld_driver)
[2.122s] DEBUG:colcon.colcon_parallel_executor.executor.parallel:closing loop
[2.122s] DEBUG:colcon.colcon_parallel_executor.executor.parallel:loop closed
[2.122s] DEBUG:colcon.colcon_parallel_executor.executor.parallel:run_until_complete finished with '1'
[2.122s] DEBUG:colcon.colcon_core.event_reactor:joining thread
[2.141s] INFO:colcon.colcon_core.plugin_system:Skipping extension 'colcon_notification.desktop_notification.terminal_notifier': Not used on non-Darwin systems
[2.141s] INFO:colcon.colcon_core.plugin_system:Skipping extension 'colcon_notification.desktop_notification.win32': Not used on non-Windows systems
[2.141s] INFO:colcon.colcon_notification.desktop_notification:Sending desktop notification using 'notify2'
[2.150s] DEBUG:colcon.colcon_core.event_reactor:joined thread
[2.168s] INFO:colcon.colcon_core.shell:Creating prefix script '/home/jeongil/ros_foxy_ws/blickfeld_ws/install/local_setup.ps1'
[2.168s] INFO:colcon.colcon_core.shell:Creating prefix util module '/home/jeongil/ros_foxy_ws/blickfeld_ws/install/_local_setup_util_ps1.py'
[2.169s] INFO:colcon.colcon_core.shell:Creating prefix chain script '/home/jeongil/ros_foxy_ws/blickfeld_ws/install/setup.ps1'
[2.185s] INFO:colcon.colcon_core.shell:Creating prefix script '/home/jeongil/ros_foxy_ws/blickfeld_ws/install/local_setup.sh'
[2.185s] INFO:colcon.colcon_core.shell:Creating prefix util module '/home/jeongil/ros_foxy_ws/blickfeld_ws/install/_local_setup_util_sh.py'
[2.185s] INFO:colcon.colcon_core.shell:Creating prefix chain script '/home/jeongil/ros_foxy_ws/blickfeld_ws/install/setup.sh'
[2.207s] INFO:colcon.colcon_core.shell:Creating prefix script '/home/jeongil/ros_foxy_ws/blickfeld_ws/install/local_setup.bash'
[2.207s] INFO:colcon.colcon_core.shell:Creating prefix chain script '/home/jeongil/ros_foxy_ws/blickfeld_ws/install/setup.bash'
[2.223s] INFO:colcon.colcon_core.shell:Creating prefix script '/home/jeongil/ros_foxy_ws/blickfeld_ws/install/local_setup.zsh'
[2.223s] INFO:colcon.colcon_core.shell:Creating prefix chain script '/home/jeongil/ros_foxy_ws/blickfeld_ws/install/setup.zsh'
