[0.015s] Invoking command in '/home/jeongil/blickfeld_ws/build/blickfeld_driver': CMAKE_PREFIX_PATH=${CMAKE_PREFIX_PATH}:/opt/ros/foxy /usr/bin/cmake --build /home/jeongil/blickfeld_ws/build/blickfeld_driver -- -j20 -l20
[0.044s] [  2%] Built target blickfeld_driver__cpp
[0.045s] [ 10%] Built target blickfeld_driver__rosidl_generator_c
[0.058s] [ 42%] Built target blickfeld_driver__rosidl_typesupport_c
[0.058s] [ 42%] Built target blickfeld_driver__rosidl_typesupport_introspection_cpp
[0.058s] [ 42%] Built target blickfeld_driver__rosidl_typesupport_cpp
[0.058s] [ 42%] Built target blickfeld_driver__rosidl_typesupport_introspection_c
[0.060s] [ 50%] Built target blickfeld_driver__rosidl_typesupport_fastrtps_cpp
[0.063s] [ 60%] Built target blickfeld_driver_core
[0.075s] [ 68%] Built target blickfeld_driver__rosidl_typesupport_fastrtps_c
[0.086s] [ 68%] Built target blickfeld_driver
[0.097s] [ 70%] Built target blickfeld_driver__py
[0.107s] [ 74%] Built target blickfeld_driver_lib
[0.111s] [ 80%] Built target blickfeld_driver__python
[0.126s] [ 92%] Built target blickfeld_driver__rosidl_typesupport_fastrtps_c__pyext
[0.126s] [ 92%] Built target blickfeld_driver__rosidl_typesupport_introspection_c__pyext
[0.126s] [ 92%] Built target blickfeld_driver__rosidl_typesupport_c__pyext
[0.129s] [100%] Built target blickfeld_driver_component
[0.129s] [100%] Built target blickfeld_driver_node
[0.147s] Invoked command in '/home/jeongil/blickfeld_ws/build/blickfeld_driver' returned '0': CMAKE_PREFIX_PATH=${CMAKE_PREFIX_PATH}:/opt/ros/foxy /usr/bin/cmake --build /home/jeongil/blickfeld_ws/build/blickfeld_driver -- -j20 -l20
[0.190s] Invoking command in '/home/jeongil/blickfeld_ws/build/blickfeld_driver': CMAKE_PREFIX_PATH=${CMAKE_PREFIX_PATH}:/opt/ros/foxy /usr/bin/cmake --install /home/jeongil/blickfeld_ws/build/blickfeld_driver
[0.195s] -- Install configuration: ""
[0.195s] -- Up-to-date: /home/jeongil/blickfeld_ws/install/blickfeld_driver/share/ament_index/resource_index/rosidl_interfaces/blickfeld_driver
[0.195s] -- Up-to-date: /home/jeongil/blickfeld_ws/install/blickfeld_driver/include/blickfeld_driver
[0.195s] -- Up-to-date: /home/jeongil/blickfeld_ws/install/blickfeld_driver/include/blickfeld_driver/msg
[0.195s] -- Up-to-date: /home/jeongil/blickfeld_ws/install/blickfeld_driver/include/blickfeld_driver/msg/rosidl_generator_c__visibility_control.h
[0.195s] -- Up-to-date: /home/jeongil/blickfeld_ws/install/blickfeld_driver/include/blickfeld_driver/srv
[0.195s] -- Up-to-date: /home/jeongil/blickfeld_ws/install/blickfeld_driver/include/blickfeld_driver/srv/set_scan_pattern.h
[0.196s] -- Up-to-date: /home/jeongil/blickfeld_ws/install/blickfeld_driver/include/blickfeld_driver/srv/detail
[0.196s] -- Up-to-date: /home/jeongil/blickfeld_ws/install/blickfeld_driver/include/blickfeld_driver/srv/detail/imu_static_transformation__type_support.h
[0.196s] -- Up-to-date: /home/jeongil/blickfeld_ws/install/blickfeld_driver/include/blickfeld_driver/srv/detail/imu_static_transformation__functions.c
[0.196s] -- Up-to-date: /home/jeongil/blickfeld_ws/install/blickfeld_driver/include/blickfeld_driver/srv/detail/set_scan_pattern__struct.h
[0.196s] -- Up-to-date: /home/jeongil/blickfeld_ws/install/blickfeld_driver/include/blickfeld_driver/srv/detail/imu_static_transformation__functions.h
[0.196s] -- Up-to-date: /home/jeongil/blickfeld_ws/install/blickfeld_driver/include/blickfeld_driver/srv/detail/set_scan_pattern__type_support.h
[0.196s] -- Up-to-date: /home/jeongil/blickfeld_ws/install/blickfeld_driver/include/blickfeld_driver/srv/detail/imu_static_transformation__struct.h
[0.196s] -- Up-to-date: /home/jeongil/blickfeld_ws/install/blickfeld_driver/include/blickfeld_driver/srv/detail/set_scan_pattern__functions.h
[0.196s] -- Up-to-date: /home/jeongil/blickfeld_ws/install/blickfeld_driver/include/blickfeld_driver/srv/detail/set_scan_pattern__functions.c
[0.196s] -- Up-to-date: /home/jeongil/blickfeld_ws/install/blickfeld_driver/include/blickfeld_driver/srv/imu_static_transformation.h
[0.196s] -- Up-to-date: /home/jeongil/blickfeld_ws/install/blickfeld_driver/share/blickfeld_driver/environment/library_path.sh
[0.196s] -- Up-to-date: /home/jeongil/blickfeld_ws/install/blickfeld_driver/share/blickfeld_driver/environment/library_path.dsv
[0.197s] -- Up-to-date: /home/jeongil/blickfeld_ws/install/blickfeld_driver/lib/libblickfeld_driver__rosidl_generator_c.so
[0.197s] -- Up-to-date: /home/jeongil/blickfeld_ws/install/blickfeld_driver/include/blickfeld_driver
[0.197s] -- Up-to-date: /home/jeongil/blickfeld_ws/install/blickfeld_driver/include/blickfeld_driver/msg
[0.197s] -- Up-to-date: /home/jeongil/blickfeld_ws/install/blickfeld_driver/include/blickfeld_driver/msg/rosidl_typesupport_fastrtps_c__visibility_control.h
[0.197s] -- Up-to-date: /home/jeongil/blickfeld_ws/install/blickfeld_driver/include/blickfeld_driver/srv
[0.197s] -- Up-to-date: /home/jeongil/blickfeld_ws/install/blickfeld_driver/include/blickfeld_driver/srv/detail
[0.197s] -- Up-to-date: /home/jeongil/blickfeld_ws/install/blickfeld_driver/include/blickfeld_driver/srv/detail/set_scan_pattern__rosidl_typesupport_fastrtps_c.h
[0.197s] -- Up-to-date: /home/jeongil/blickfeld_ws/install/blickfeld_driver/include/blickfeld_driver/srv/detail/imu_static_transformation__rosidl_typesupport_fastrtps_c.h
[0.197s] -- Up-to-date: /home/jeongil/blickfeld_ws/install/blickfeld_driver/lib/libblickfeld_driver__rosidl_typesupport_fastrtps_c.so
[0.197s] -- Up-to-date: /home/jeongil/blickfeld_ws/install/blickfeld_driver/include/blickfeld_driver
[0.197s] -- Up-to-date: /home/jeongil/blickfeld_ws/install/blickfeld_driver/include/blickfeld_driver/msg
[0.197s] -- Up-to-date: /home/jeongil/blickfeld_ws/install/blickfeld_driver/include/blickfeld_driver/msg/rosidl_typesupport_fastrtps_cpp__visibility_control.h
[0.197s] -- Up-to-date: /home/jeongil/blickfeld_ws/install/blickfeld_driver/include/blickfeld_driver/srv
[0.197s] -- Up-to-date: /home/jeongil/blickfeld_ws/install/blickfeld_driver/include/blickfeld_driver/srv/detail
[0.197s] -- Up-to-date: /home/jeongil/blickfeld_ws/install/blickfeld_driver/include/blickfeld_driver/srv/detail/imu_static_transformation__rosidl_typesupport_fastrtps_cpp.hpp
[0.198s] -- Up-to-date: /home/jeongil/blickfeld_ws/install/blickfeld_driver/include/blickfeld_driver/srv/detail/dds_fastrtps
[0.198s] -- Up-to-date: /home/jeongil/blickfeld_ws/install/blickfeld_driver/include/blickfeld_driver/srv/detail/set_scan_pattern__rosidl_typesupport_fastrtps_cpp.hpp
[0.198s] -- Up-to-date: /home/jeongil/blickfeld_ws/install/blickfeld_driver/lib/libblickfeld_driver__rosidl_typesupport_fastrtps_cpp.so
[0.198s] -- Up-to-date: /home/jeongil/blickfeld_ws/install/blickfeld_driver/include/blickfeld_driver
[0.198s] -- Up-to-date: /home/jeongil/blickfeld_ws/install/blickfeld_driver/include/blickfeld_driver/msg
[0.198s] -- Up-to-date: /home/jeongil/blickfeld_ws/install/blickfeld_driver/include/blickfeld_driver/msg/rosidl_typesupport_introspection_c__visibility_control.h
[0.198s] -- Up-to-date: /home/jeongil/blickfeld_ws/install/blickfeld_driver/include/blickfeld_driver/srv
[0.198s] -- Up-to-date: /home/jeongil/blickfeld_ws/install/blickfeld_driver/include/blickfeld_driver/srv/detail
[0.198s] -- Up-to-date: /home/jeongil/blickfeld_ws/install/blickfeld_driver/include/blickfeld_driver/srv/detail/set_scan_pattern__rosidl_typesupport_introspection_c.h
[0.198s] -- Up-to-date: /home/jeongil/blickfeld_ws/install/blickfeld_driver/include/blickfeld_driver/srv/detail/imu_static_transformation__type_support.c
[0.198s] -- Up-to-date: /home/jeongil/blickfeld_ws/install/blickfeld_driver/include/blickfeld_driver/srv/detail/imu_static_transformation__rosidl_typesupport_introspection_c.h
[0.198s] -- Up-to-date: /home/jeongil/blickfeld_ws/install/blickfeld_driver/include/blickfeld_driver/srv/detail/set_scan_pattern__type_support.c
[0.198s] -- Up-to-date: /home/jeongil/blickfeld_ws/install/blickfeld_driver/lib/libblickfeld_driver__rosidl_typesupport_introspection_c.so
[0.198s] -- Up-to-date: /home/jeongil/blickfeld_ws/install/blickfeld_driver/lib/libblickfeld_driver__rosidl_typesupport_c.so
[0.198s] -- Up-to-date: /home/jeongil/blickfeld_ws/install/blickfeld_driver/include/blickfeld_driver
[0.198s] -- Up-to-date: /home/jeongil/blickfeld_ws/install/blickfeld_driver/include/blickfeld_driver/msg
[0.198s] -- Up-to-date: /home/jeongil/blickfeld_ws/install/blickfeld_driver/include/blickfeld_driver/msg/rosidl_generator_cpp__visibility_control.hpp
[0.198s] -- Up-to-date: /home/jeongil/blickfeld_ws/install/blickfeld_driver/include/blickfeld_driver/srv
[0.198s] -- Up-to-date: /home/jeongil/blickfeld_ws/install/blickfeld_driver/include/blickfeld_driver/srv/detail
[0.198s] -- Up-to-date: /home/jeongil/blickfeld_ws/install/blickfeld_driver/include/blickfeld_driver/srv/detail/set_scan_pattern__type_support.hpp
[0.198s] -- Up-to-date: /home/jeongil/blickfeld_ws/install/blickfeld_driver/include/blickfeld_driver/srv/detail/imu_static_transformation__traits.hpp
[0.198s] -- Up-to-date: /home/jeongil/blickfeld_ws/install/blickfeld_driver/include/blickfeld_driver/srv/detail/set_scan_pattern__builder.hpp
[0.198s] -- Up-to-date: /home/jeongil/blickfeld_ws/install/blickfeld_driver/include/blickfeld_driver/srv/detail/set_scan_pattern__struct.hpp
[0.198s] -- Up-to-date: /home/jeongil/blickfeld_ws/install/blickfeld_driver/include/blickfeld_driver/srv/detail/imu_static_transformation__builder.hpp
[0.198s] -- Up-to-date: /home/jeongil/blickfeld_ws/install/blickfeld_driver/include/blickfeld_driver/srv/detail/imu_static_transformation__struct.hpp
[0.198s] -- Up-to-date: /home/jeongil/blickfeld_ws/install/blickfeld_driver/include/blickfeld_driver/srv/detail/imu_static_transformation__type_support.hpp
[0.198s] -- Up-to-date: /home/jeongil/blickfeld_ws/install/blickfeld_driver/include/blickfeld_driver/srv/detail/set_scan_pattern__traits.hpp
[0.198s] -- Up-to-date: /home/jeongil/blickfeld_ws/install/blickfeld_driver/include/blickfeld_driver/srv/imu_static_transformation.hpp
[0.198s] -- Up-to-date: /home/jeongil/blickfeld_ws/install/blickfeld_driver/include/blickfeld_driver/srv/set_scan_pattern.hpp
[0.198s] -- Up-to-date: /home/jeongil/blickfeld_ws/install/blickfeld_driver/include/blickfeld_driver
[0.198s] -- Up-to-date: /home/jeongil/blickfeld_ws/install/blickfeld_driver/include/blickfeld_driver/srv
[0.198s] -- Up-to-date: /home/jeongil/blickfeld_ws/install/blickfeld_driver/include/blickfeld_driver/srv/detail
[0.199s] -- Up-to-date: /home/jeongil/blickfeld_ws/install/blickfeld_driver/include/blickfeld_driver/srv/detail/imu_static_transformation__type_support.cpp
[0.199s] -- Up-to-date: /home/jeongil/blickfeld_ws/install/blickfeld_driver/include/blickfeld_driver/srv/detail/set_scan_pattern__type_support.cpp
[0.199s] -- Up-to-date: /home/jeongil/blickfeld_ws/install/blickfeld_driver/include/blickfeld_driver/srv/detail/imu_static_transformation__rosidl_typesupport_introspection_cpp.hpp
[0.199s] -- Up-to-date: /home/jeongil/blickfeld_ws/install/blickfeld_driver/include/blickfeld_driver/srv/detail/set_scan_pattern__rosidl_typesupport_introspection_cpp.hpp
[0.199s] -- Up-to-date: /home/jeongil/blickfeld_ws/install/blickfeld_driver/lib/libblickfeld_driver__rosidl_typesupport_introspection_cpp.so
[0.199s] -- Up-to-date: /home/jeongil/blickfeld_ws/install/blickfeld_driver/lib/libblickfeld_driver__rosidl_typesupport_cpp.so
[0.199s] -- Up-to-date: /home/jeongil/blickfeld_ws/install/blickfeld_driver/share/blickfeld_driver/environment/pythonpath.sh
[0.199s] -- Up-to-date: /home/jeongil/blickfeld_ws/install/blickfeld_driver/share/blickfeld_driver/environment/pythonpath.dsv
[0.199s] -- Up-to-date: /home/jeongil/blickfeld_ws/install/blickfeld_driver/lib/python3.8/site-packages/blickfeld_driver/__init__.py
[0.215s] -- Up-to-date: /home/jeongil/blickfeld_ws/install/blickfeld_driver/lib/python3.8/site-packages/blickfeld_driver/srv
[0.215s] -- Up-to-date: /home/jeongil/blickfeld_ws/install/blickfeld_driver/lib/python3.8/site-packages/blickfeld_driver/srv/_imu_static_transformation.py
[0.215s] -- Up-to-date: /home/jeongil/blickfeld_ws/install/blickfeld_driver/lib/python3.8/site-packages/blickfeld_driver/srv/_imu_static_transformation_s.c
[0.216s] -- Up-to-date: /home/jeongil/blickfeld_ws/install/blickfeld_driver/lib/python3.8/site-packages/blickfeld_driver/srv/_set_scan_pattern.py
[0.216s] -- Up-to-date: /home/jeongil/blickfeld_ws/install/blickfeld_driver/lib/python3.8/site-packages/blickfeld_driver/srv/_set_scan_pattern_s.c
[0.216s] -- Up-to-date: /home/jeongil/blickfeld_ws/install/blickfeld_driver/lib/python3.8/site-packages/blickfeld_driver/srv/__init__.py
[0.216s] -- Up-to-date: /home/jeongil/blickfeld_ws/install/blickfeld_driver/lib/python3.8/site-packages/blickfeld_driver/blickfeld_driver_s__rosidl_typesupport_fastrtps_c.cpython-38-x86_64-linux-gnu.so
[0.216s] -- Up-to-date: /home/jeongil/blickfeld_ws/install/blickfeld_driver/lib/python3.8/site-packages/blickfeld_driver/blickfeld_driver_s__rosidl_typesupport_introspection_c.cpython-38-x86_64-linux-gnu.so
[0.216s] -- Up-to-date: /home/jeongil/blickfeld_ws/install/blickfeld_driver/lib/python3.8/site-packages/blickfeld_driver/blickfeld_driver_s__rosidl_typesupport_c.cpython-38-x86_64-linux-gnu.so
[0.217s] -- Up-to-date: /home/jeongil/blickfeld_ws/install/blickfeld_driver/lib/libblickfeld_driver__python.so
[0.217s] -- Up-to-date: /home/jeongil/blickfeld_ws/install/blickfeld_driver/share/blickfeld_driver/srv/ImuStaticTransformation.idl
[0.217s] -- Up-to-date: /home/jeongil/blickfeld_ws/install/blickfeld_driver/share/blickfeld_driver/srv/SetScanPattern.idl
[0.217s] -- Up-to-date: /home/jeongil/blickfeld_ws/install/blickfeld_driver/share/blickfeld_driver/srv/ImuStaticTransformation.srv
[0.217s] -- Up-to-date: /home/jeongil/blickfeld_ws/install/blickfeld_driver/share/blickfeld_driver/srv/ImuStaticTransformation_Request.msg
[0.217s] -- Up-to-date: /home/jeongil/blickfeld_ws/install/blickfeld_driver/share/blickfeld_driver/srv/ImuStaticTransformation_Response.msg
[0.217s] -- Up-to-date: /home/jeongil/blickfeld_ws/install/blickfeld_driver/share/blickfeld_driver/srv/SetScanPattern.srv
[0.217s] -- Up-to-date: /home/jeongil/blickfeld_ws/install/blickfeld_driver/share/blickfeld_driver/srv/SetScanPattern_Request.msg
[0.217s] -- Up-to-date: /home/jeongil/blickfeld_ws/install/blickfeld_driver/share/blickfeld_driver/srv/SetScanPattern_Response.msg
[0.217s] -- Up-to-date: /home/jeongil/blickfeld_ws/install/blickfeld_driver/share/blickfeld_driver/environment/library_path.sh
[0.217s] -- Up-to-date: /home/jeongil/blickfeld_ws/install/blickfeld_driver/share/blickfeld_driver/environment/library_path.dsv
[0.217s] -- Up-to-date: /home/jeongil/blickfeld_ws/install/blickfeld_driver/lib/libblickfeld_driver_lib.so
[0.217s] -- Up-to-date: /home/jeongil/blickfeld_ws/install/blickfeld_driver/lib/libblickfeld_driver_component.so
[0.217s] -- Up-to-date: /home/jeongil/blickfeld_ws/install/blickfeld_driver/lib/blickfeld_driver/blickfeld_driver_node
[0.217s] -- Up-to-date: /home/jeongil/blickfeld_ws/install/blickfeld_driver/include/
[0.217s] -- Up-to-date: /home/jeongil/blickfeld_ws/install/blickfeld_driver/include//blickfeld_driver
[0.217s] -- Up-to-date: /home/jeongil/blickfeld_ws/install/blickfeld_driver/include//blickfeld_driver/blickfeld_driver.h
[0.217s] -- Up-to-date: /home/jeongil/blickfeld_ws/install/blickfeld_driver/include//blickfeld_driver/blickfeld_driver_ros_types.h
[0.217s] -- Up-to-date: /home/jeongil/blickfeld_ws/install/blickfeld_driver/include/
[0.217s] -- Up-to-date: /home/jeongil/blickfeld_ws/install/blickfeld_driver/include//blickfeld_driver_core
[0.217s] -- Up-to-date: /home/jeongil/blickfeld_ws/install/blickfeld_driver/include//blickfeld_driver_core/blickfeld_driver_core.h
[0.217s] -- Up-to-date: /home/jeongil/blickfeld_ws/install/blickfeld_driver/include//blickfeld_driver_core/blickfeld_driver_types.h
[0.217s] -- Up-to-date: /home/jeongil/blickfeld_ws/install/blickfeld_driver/include//blickfeld_driver_core/blickfeld_driver_point_cloud_parser.h
[0.217s] -- Up-to-date: /home/jeongil/blickfeld_ws/install/blickfeld_driver/include//blickfeld_driver_core/blickfeld_driver_imu_parser.h
[0.218s] -- Up-to-date: /home/jeongil/blickfeld_ws/install/blickfeld_driver/include//blickfeld_driver_core/blickfeld_driver_utils.h
[0.218s] -- Up-to-date: /home/jeongil/blickfeld_ws/install/blickfeld_driver/share/blickfeld_driver/launch
[0.218s] -- Up-to-date: /home/jeongil/blickfeld_ws/install/blickfeld_driver/share/blickfeld_driver/launch/live_scanner_component.launch.py
[0.218s] -- Up-to-date: /home/jeongil/blickfeld_ws/install/blickfeld_driver/share/blickfeld_driver/launch/live_scanner.launch.xml
[0.218s] -- Up-to-date: /home/jeongil/blickfeld_ws/install/blickfeld_driver/share/blickfeld_driver/launch/live_scanner_node.launch.py
[0.218s] -- Up-to-date: /home/jeongil/blickfeld_ws/install/blickfeld_driver/share/blickfeld_driver/config
[0.218s] -- Up-to-date: /home/jeongil/blickfeld_ws/install/blickfeld_driver/share/blickfeld_driver/config/blickfeld_scanner.rviz
[0.218s] -- Up-to-date: /home/jeongil/blickfeld_ws/install/blickfeld_driver/share/blickfeld_driver/config/driver_config.yaml
[0.218s] -- Up-to-date: /home/jeongil/blickfeld_ws/install/blickfeld_driver/share/ament_index/resource_index/package_run_dependencies/blickfeld_driver
[0.218s] -- Up-to-date: /home/jeongil/blickfeld_ws/install/blickfeld_driver/share/ament_index/resource_index/parent_prefix_path/blickfeld_driver
[0.218s] -- Up-to-date: /home/jeongil/blickfeld_ws/install/blickfeld_driver/share/blickfeld_driver/environment/ament_prefix_path.sh
[0.218s] -- Up-to-date: /home/jeongil/blickfeld_ws/install/blickfeld_driver/share/blickfeld_driver/environment/ament_prefix_path.dsv
[0.218s] -- Up-to-date: /home/jeongil/blickfeld_ws/install/blickfeld_driver/share/blickfeld_driver/environment/path.sh
[0.218s] -- Up-to-date: /home/jeongil/blickfeld_ws/install/blickfeld_driver/share/blickfeld_driver/environment/path.dsv
[0.218s] -- Up-to-date: /home/jeongil/blickfeld_ws/install/blickfeld_driver/share/blickfeld_driver/local_setup.bash
[0.218s] -- Up-to-date: /home/jeongil/blickfeld_ws/install/blickfeld_driver/share/blickfeld_driver/local_setup.sh
[0.218s] -- Up-to-date: /home/jeongil/blickfeld_ws/install/blickfeld_driver/share/blickfeld_driver/local_setup.zsh
[0.218s] -- Up-to-date: /home/jeongil/blickfeld_ws/install/blickfeld_driver/share/blickfeld_driver/local_setup.dsv
[0.218s] -- Installing: /home/jeongil/blickfeld_ws/install/blickfeld_driver/share/blickfeld_driver/package.dsv
[0.218s] -- Up-to-date: /home/jeongil/blickfeld_ws/install/blickfeld_driver/share/ament_index/resource_index/packages/blickfeld_driver
[0.218s] -- Up-to-date: /home/jeongil/blickfeld_ws/install/blickfeld_driver/share/blickfeld_driver/cmake/blickfeld_driver__rosidl_generator_cExport.cmake
[0.218s] -- Up-to-date: /home/jeongil/blickfeld_ws/install/blickfeld_driver/share/blickfeld_driver/cmake/blickfeld_driver__rosidl_generator_cExport-noconfig.cmake
[0.218s] -- Up-to-date: /home/jeongil/blickfeld_ws/install/blickfeld_driver/share/blickfeld_driver/cmake/blickfeld_driver__rosidl_typesupport_introspection_cExport.cmake
[0.218s] -- Up-to-date: /home/jeongil/blickfeld_ws/install/blickfeld_driver/share/blickfeld_driver/cmake/blickfeld_driver__rosidl_typesupport_introspection_cExport-noconfig.cmake
[0.218s] -- Up-to-date: /home/jeongil/blickfeld_ws/install/blickfeld_driver/share/blickfeld_driver/cmake/blickfeld_driver__rosidl_typesupport_cExport.cmake
[0.218s] -- Up-to-date: /home/jeongil/blickfeld_ws/install/blickfeld_driver/share/blickfeld_driver/cmake/blickfeld_driver__rosidl_typesupport_cExport-noconfig.cmake
[0.218s] -- Up-to-date: /home/jeongil/blickfeld_ws/install/blickfeld_driver/share/blickfeld_driver/cmake/blickfeld_driver__rosidl_generator_cppExport.cmake
[0.218s] -- Up-to-date: /home/jeongil/blickfeld_ws/install/blickfeld_driver/share/blickfeld_driver/cmake/blickfeld_driver__rosidl_typesupport_introspection_cppExport.cmake
[0.218s] -- Up-to-date: /home/jeongil/blickfeld_ws/install/blickfeld_driver/share/blickfeld_driver/cmake/blickfeld_driver__rosidl_typesupport_introspection_cppExport-noconfig.cmake
[0.218s] -- Up-to-date: /home/jeongil/blickfeld_ws/install/blickfeld_driver/share/blickfeld_driver/cmake/blickfeld_driver__rosidl_typesupport_cppExport.cmake
[0.218s] -- Up-to-date: /home/jeongil/blickfeld_ws/install/blickfeld_driver/share/blickfeld_driver/cmake/blickfeld_driver__rosidl_typesupport_cppExport-noconfig.cmake
[0.219s] -- Up-to-date: /home/jeongil/blickfeld_ws/install/blickfeld_driver/share/ament_index/resource_index/rclcpp_components/blickfeld_driver
[0.219s] -- Up-to-date: /home/jeongil/blickfeld_ws/install/blickfeld_driver/share/blickfeld_driver/cmake/rosidl_cmake-extras.cmake
[0.219s] -- Up-to-date: /home/jeongil/blickfeld_ws/install/blickfeld_driver/share/blickfeld_driver/cmake/ament_cmake_export_dependencies-extras.cmake
[0.219s] -- Up-to-date: /home/jeongil/blickfeld_ws/install/blickfeld_driver/share/blickfeld_driver/cmake/ament_cmake_export_libraries-extras.cmake
[0.219s] -- Up-to-date: /home/jeongil/blickfeld_ws/install/blickfeld_driver/share/blickfeld_driver/cmake/ament_cmake_export_targets-extras.cmake
[0.219s] -- Up-to-date: /home/jeongil/blickfeld_ws/install/blickfeld_driver/share/blickfeld_driver/cmake/ament_cmake_export_include_directories-extras.cmake
[0.219s] -- Up-to-date: /home/jeongil/blickfeld_ws/install/blickfeld_driver/share/blickfeld_driver/cmake/rosidl_cmake_export_typesupport_libraries-extras.cmake
[0.219s] -- Up-to-date: /home/jeongil/blickfeld_ws/install/blickfeld_driver/share/blickfeld_driver/cmake/rosidl_cmake_export_typesupport_targets-extras.cmake
[0.219s] -- Up-to-date: /home/jeongil/blickfeld_ws/install/blickfeld_driver/share/blickfeld_driver/cmake/blickfeld_driverConfig.cmake
[0.219s] -- Up-to-date: /home/jeongil/blickfeld_ws/install/blickfeld_driver/share/blickfeld_driver/cmake/blickfeld_driverConfig-version.cmake
[0.219s] -- Up-to-date: /home/jeongil/blickfeld_ws/install/blickfeld_driver/share/blickfeld_driver/package.xml
[0.219s] -- Up-to-date: /home/jeongil/blickfeld_ws/install/blickfeld_driver/lib/libblickfeld_driver_core.so
[0.221s] Invoked command in '/home/jeongil/blickfeld_ws/build/blickfeld_driver' returned '0': CMAKE_PREFIX_PATH=${CMAKE_PREFIX_PATH}:/opt/ros/foxy /usr/bin/cmake --install /home/jeongil/blickfeld_ws/build/blickfeld_driver
