-- Found ament_cmake: 0.9.12 (/opt/ros/foxy/share/ament_cmake/cmake)
-- Found PythonInterp: /home/jeongil/anaconda3/envs/blickfeld/bin/python3 (found suitable version "3.7.10", minimum required is "3") 
-- Using PYTHON_EXECUTABLE: /home/jeongil/anaconda3/envs/blickfeld/bin/python3
-- Found ament_cmake_ros: 0.9.2 (/opt/ros/foxy/share/ament_cmake_ros/cmake)
-- Found rclcpp: 2.4.3 (/opt/ros/foxy/share/rclcpp/cmake)
-- Using all available rosidl_typesupport_c: rosidl_typesupport_fastrtps_c;rosidl_typesupport_introspection_c
-- Found rosidl_adapter: 1.3.1 (/opt/ros/foxy/share/rosidl_adapter/cmake)
-- Using all available rosidl_typesupport_cpp: rosidl_typesupport_fastrtps_cpp;rosidl_typesupport_introspection_cpp
-- Found rmw_implementation_cmake: 1.0.4 (/opt/ros/foxy/share/rmw_implementation_cmake/cmake)
-- Using RMW implementation 'rmw_fastrtps_cpp' as default
-- Found rclcpp_components: 2.4.3 (/opt/ros/foxy/share/rclcpp_components/cmake)
-- Found diagnostic_msgs: 2.0.5 (/opt/ros/foxy/share/diagnostic_msgs/cmake)
-- Found geometry_msgs: 2.0.5 (/opt/ros/foxy/share/geometry_msgs/cmake)
-- Found sensor_msgs: 2.0.5 (/opt/ros/foxy/share/sensor_msgs/cmake)
-- Found std_srvs: 2.0.5 (/opt/ros/foxy/share/std_srvs/cmake)
-- Found diagnostic_updater: 3.1.2 (/opt/ros/foxy/share/diagnostic_updater/cmake)
-- Found cv_bridge: 3.0.7 (/opt/ros/foxy/share/cv_bridge/cmake)
-- Found rosidl_default_generators: 1.0.1 (/opt/ros/foxy/share/rosidl_default_generators/cmake)
-- Found tf2_ros: 0.13.14 (/opt/ros/foxy/share/tf2_ros/cmake)
-- Found tf2_geometry_msgs: 0.13.14 (/opt/ros/foxy/share/tf2_geometry_msgs/cmake)
-- Found eigen3_cmake_module: 0.1.1 (/opt/ros/foxy/share/eigen3_cmake_module/cmake)
CMake Warning at /usr/share/cmake-3.16/Modules/FindProtobuf.cmake:499 (message):
  Protobuf compiler version doesn't match library version 3.6.1
Call Stack (most recent call first):
  /usr/share/cmake-3.16/Modules/CMakeFindDependencyMacro.cmake:47 (find_package)
  /usr/lib/cmake/blickfeld-scanner/blickfeld-scanner-config.cmake:8 (find_dependency)
  CMakeLists.txt:44 (find_package)


CMake Warning at /usr/share/cmake-3.16/Modules/FindProtobuf.cmake:499 (message):
  Protobuf compiler version doesn't match library version 3.6.1
Call Stack (most recent call first):
  /usr/share/cmake-3.16/Modules/CMakeFindDependencyMacro.cmake:47 (find_package)
  /usr/lib/cmake/blickfeld-scanner/blickfeld-scanner-config.cmake:8 (find_dependency)
  /usr/lib/cmake/blickfeld-scanner/blickfeld-scanner.cmake:69 (include)
  /usr/lib/cmake/blickfeld-scanner/blickfeld-scanner-config.cmake:40 (include)
  CMakeLists.txt:44 (find_package)


-- Found PythonInterp: /home/jeongil/anaconda3/envs/blickfeld/bin/python3 (found version "3.7.10") 
-- Using all available rosidl_typesupport_c: rosidl_typesupport_fastrtps_c;rosidl_typesupport_introspection_c
-- Using all available rosidl_typesupport_cpp: rosidl_typesupport_fastrtps_cpp;rosidl_typesupport_introspection_cpp
-- Found PythonInterp: /home/jeongil/anaconda3/envs/blickfeld/bin/python3 (found suitable version "3.7.10", minimum required is "3.5") 
-- Found python_cmake_module: 0.8.1 (/opt/ros/foxy/share/python_cmake_module/cmake)
-- Found PythonLibs: /home/jeongil/anaconda3/envs/blickfeld/lib/libpython3.7m.so (found suitable version "3.7.10", minimum required is "3.5") 
-- Using PYTHON_EXECUTABLE: /home/jeongil/anaconda3/envs/blickfeld/bin/python3
-- Using PYTHON_INCLUDE_DIRS: /home/jeongil/anaconda3/envs/blickfeld/include/python3.7m
-- Using PYTHON_LIBRARIES: /home/jeongil/anaconda3/envs/blickfeld/lib/libpython3.7m.so
-- Found PythonExtra: .so  
-- Using numpy include directory: /home/jeongil/anaconda3/envs/blickfeld/lib/python3.7/site-packages/numpy/core/include
-- Configuring done
WARNING: Target "blickfeld_driver_node" requests linking to directory "/usr/include".  Targets may link only to libraries.  CMake is dropping the item.
WARNING: Target "blickfeld_driver_node" requests linking to directory "/usr/include".  Targets may link only to libraries.  CMake is dropping the item.
WARNING: Target "blickfeld_driver_component" requests linking to directory "/usr/include".  Targets may link only to libraries.  CMake is dropping the item.
WARNING: Target "blickfeld_driver_component" requests linking to directory "/usr/include".  Targets may link only to libraries.  CMake is dropping the item.
WARNING: Target "blickfeld_driver_lib" requests linking to directory "/usr/include".  Targets may link only to libraries.  CMake is dropping the item.
WARNING: Target "blickfeld_driver_lib" requests linking to directory "/usr/include".  Targets may link only to libraries.  CMake is dropping the item.
CMake Warning at /opt/ros/foxy/share/rosidl_generator_py/cmake/rosidl_generator_py_generate_interfaces.cmake:235 (add_library):
  Cannot generate a safe runtime search path for target
  blickfeld_driver__rosidl_typesupport_fastrtps_c__pyext because files in
  some directories may conflict with libraries in implicit directories:

    runtime library [libssl.so.1.1] in /usr/lib/x86_64-linux-gnu may be hidden by files in:
      /home/jeongil/anaconda3/envs/blickfeld/lib
    runtime library [libcrypto.so.1.1] in /usr/lib/x86_64-linux-gnu may be hidden by files in:
      /home/jeongil/anaconda3/envs/blickfeld/lib

  Some of these libraries may not be found correctly.
Call Stack (most recent call first):
  /opt/ros/foxy/share/ament_cmake_core/cmake/core/ament_execute_extensions.cmake:48 (include)
  /opt/ros/foxy/share/rosidl_cmake/cmake/rosidl_generate_interfaces.cmake:286 (ament_execute_extensions)
  CMakeLists.txt:67 (rosidl_generate_interfaces)


WARNING: Target "blickfeld_driver_core" requests linking to directory "/usr/include".  Targets may link only to libraries.  CMake is dropping the item.
WARNING: Target "blickfeld_driver_core" requests linking to directory "/usr/include".  Targets may link only to libraries.  CMake is dropping the item.
-- Generating done
-- Build files have been written to: /home/jeongil/ros_foxy_ws/blickfeld_ws/build/blickfeld_driver
[  2%] [34m[1mGenerating C code for ROS interfaces[0m
[35m[1mScanning dependencies of target blickfeld_driver_core[0m
[35m[1mScanning dependencies of target blickfeld_driver__cpp[0m
[  4%] [34m[1mGenerating C++ code for ROS interfaces[0m
[ 10%] [32mBuilding CXX object modules/ros_blickfeld_driver_core/CMakeFiles/blickfeld_driver_core.dir/src/blickfeld_driver_imu_parser.cpp.o[0m
[ 10%] [32mBuilding CXX object modules/ros_blickfeld_driver_core/CMakeFiles/blickfeld_driver_core.dir/src/blickfeld_driver_point_cloud_parser.cpp.o[0m
[ 10%] [32mBuilding CXX object modules/ros_blickfeld_driver_core/CMakeFiles/blickfeld_driver_core.dir/src/blickfeld_driver_core.cpp.o[0m
[ 12%] [32mBuilding CXX object modules/ros_blickfeld_driver_core/CMakeFiles/blickfeld_driver_core.dir/src/blickfeld_driver_utils.cpp.o[0m
[35m[1mScanning dependencies of target blickfeld_driver__rosidl_generator_c[0m
[ 12%] Built target blickfeld_driver__cpp
[ 18%] [34m[1mGenerating C++ introspection for ROS interfaces[0m
[ 18%] [34m[1mGenerating C++ type support dispatch for ROS interfaces[0m
[ 18%] [34m[1mGenerating C++ type support for eProsima Fast-RTPS[0m
[ 20%] [32mBuilding C object CMakeFiles/blickfeld_driver__rosidl_generator_c.dir/rosidl_generator_c/blickfeld_driver/srv/detail/imu_static_transformation__functions.c.o[0m
[ 22%] [32mBuilding C object CMakeFiles/blickfeld_driver__rosidl_generator_c.dir/rosidl_generator_c/blickfeld_driver/srv/detail/set_scan_pattern__functions.c.o[0m
[ 24%] [32m[1mLinking C shared library libblickfeld_driver__rosidl_generator_c.so[0m
[ 24%] Built target blickfeld_driver__rosidl_generator_c
[ 26%] [34m[1mGenerating C introspection for ROS interfaces[0m
[ 28%] [34m[1mGenerating C type support dispatch for ROS interfaces[0m
[35m[1mScanning dependencies of target blickfeld_driver__rosidl_typesupport_cpp[0m
[ 30%] [32mBuilding CXX object CMakeFiles/blickfeld_driver__rosidl_typesupport_cpp.dir/rosidl_typesupport_cpp/blickfeld_driver/srv/imu_static_transformation__type_support.cpp.o[0m
[ 32%] [32mBuilding CXX object CMakeFiles/blickfeld_driver__rosidl_typesupport_cpp.dir/rosidl_typesupport_cpp/blickfeld_driver/srv/set_scan_pattern__type_support.cpp.o[0m
[35m[1mScanning dependencies of target blickfeld_driver__rosidl_typesupport_introspection_cpp[0m
[ 34%] [32mBuilding CXX object CMakeFiles/blickfeld_driver__rosidl_typesupport_introspection_cpp.dir/rosidl_typesupport_introspection_cpp/blickfeld_driver/srv/detail/set_scan_pattern__type_support.cpp.o[0m
[ 36%] [32mBuilding CXX object CMakeFiles/blickfeld_driver__rosidl_typesupport_introspection_cpp.dir/rosidl_typesupport_introspection_cpp/blickfeld_driver/srv/detail/imu_static_transformation__type_support.cpp.o[0m
[35m[1mScanning dependencies of target blickfeld_driver__rosidl_typesupport_fastrtps_cpp[0m
[ 40%] [32mBuilding CXX object CMakeFiles/blickfeld_driver__rosidl_typesupport_fastrtps_cpp.dir/rosidl_typesupport_fastrtps_cpp/blickfeld_driver/srv/detail/dds_fastrtps/set_scan_pattern__type_support.cpp.o[0m
[ 40%] [32mBuilding CXX object CMakeFiles/blickfeld_driver__rosidl_typesupport_fastrtps_cpp.dir/rosidl_typesupport_fastrtps_cpp/blickfeld_driver/srv/detail/dds_fastrtps/imu_static_transformation__type_support.cpp.o[0m
[35m[1mScanning dependencies of target blickfeld_driver__rosidl_typesupport_introspection_c[0m
[ 42%] [32mBuilding C object CMakeFiles/blickfeld_driver__rosidl_typesupport_introspection_c.dir/rosidl_typesupport_introspection_c/blickfeld_driver/srv/detail/set_scan_pattern__type_support.c.o[0m
[ 44%] [32mBuilding C object CMakeFiles/blickfeld_driver__rosidl_typesupport_introspection_c.dir/rosidl_typesupport_introspection_c/blickfeld_driver/srv/detail/imu_static_transformation__type_support.c.o[0m
[35m[1mScanning dependencies of target blickfeld_driver__rosidl_typesupport_c[0m
[ 46%] [32m[1mLinking C shared library libblickfeld_driver__rosidl_typesupport_introspection_c.so[0m
[ 48%] [32mBuilding CXX object CMakeFiles/blickfeld_driver__rosidl_typesupport_c.dir/rosidl_typesupport_c/blickfeld_driver/srv/imu_static_transformation__type_support.cpp.o[0m
[ 50%] [32mBuilding CXX object CMakeFiles/blickfeld_driver__rosidl_typesupport_c.dir/rosidl_typesupport_c/blickfeld_driver/srv/set_scan_pattern__type_support.cpp.o[0m
[ 50%] Built target blickfeld_driver__rosidl_typesupport_introspection_c
[ 52%] [32m[1mLinking CXX shared library libblickfeld_driver__rosidl_typesupport_c.so[0m
[ 54%] [32m[1mLinking CXX shared library libblickfeld_driver__rosidl_typesupport_introspection_cpp.so[0m
[ 54%] Built target blickfeld_driver__rosidl_typesupport_c
[ 54%] Built target blickfeld_driver__rosidl_typesupport_introspection_cpp
[ 56%] [32m[1mLinking CXX shared library libblickfeld_driver__rosidl_typesupport_cpp.so[0m
[ 56%] Built target blickfeld_driver__rosidl_typesupport_cpp
[ 58%] [32m[1mLinking CXX shared library libblickfeld_driver__rosidl_typesupport_fastrtps_cpp.so[0m
[ 58%] Built target blickfeld_driver__rosidl_typesupport_fastrtps_cpp
[ 60%] [34m[1mGenerating C type support for eProsima Fast-RTPS[0m
[35m[1mScanning dependencies of target blickfeld_driver__rosidl_typesupport_fastrtps_c[0m
[ 64%] [32mBuilding CXX object CMakeFiles/blickfeld_driver__rosidl_typesupport_fastrtps_c.dir/rosidl_typesupport_fastrtps_c/blickfeld_driver/srv/detail/set_scan_pattern__type_support_c.cpp.o[0m
[ 64%] [32mBuilding CXX object CMakeFiles/blickfeld_driver__rosidl_typesupport_fastrtps_c.dir/rosidl_typesupport_fastrtps_c/blickfeld_driver/srv/detail/imu_static_transformation__type_support_c.cpp.o[0m
[ 66%] [32m[1mLinking CXX shared library libblickfeld_driver__rosidl_typesupport_fastrtps_c.so[0m
[ 66%] Built target blickfeld_driver__rosidl_typesupport_fastrtps_c
[35m[1mScanning dependencies of target blickfeld_driver[0m
[ 66%] Built target blickfeld_driver
[35m[1mScanning dependencies of target blickfeld_driver__py[0m
[ 68%] [34m[1mGenerating Python code for ROS interfaces[0m
[ 68%] Built target blickfeld_driver__py
[35m[1mScanning dependencies of target blickfeld_driver__python[0m
[ 70%] [32mBuilding C object CMakeFiles/blickfeld_driver__python.dir/rosidl_generator_py/blickfeld_driver/srv/_set_scan_pattern_s.c.o[0m
[ 72%] [32mBuilding C object CMakeFiles/blickfeld_driver__python.dir/rosidl_generator_py/blickfeld_driver/srv/_imu_static_transformation_s.c.o[0m
[ 74%] [32m[1mLinking C shared library rosidl_generator_py/blickfeld_driver/libblickfeld_driver__python.so[0m
[ 74%] Built target blickfeld_driver__python
[35m[1mScanning dependencies of target blickfeld_driver__rosidl_typesupport_introspection_c__pyext[0m
[35m[1mScanning dependencies of target blickfeld_driver__rosidl_typesupport_c__pyext[0m
[35m[1mScanning dependencies of target blickfeld_driver__rosidl_typesupport_fastrtps_c__pyext[0m
[ 76%] [32mBuilding C object CMakeFiles/blickfeld_driver__rosidl_typesupport_fastrtps_c__pyext.dir/rosidl_generator_py/blickfeld_driver/_blickfeld_driver_s.ep.rosidl_typesupport_fastrtps_c.c.o[0m
[ 80%] [32mBuilding C object CMakeFiles/blickfeld_driver__rosidl_typesupport_introspection_c__pyext.dir/rosidl_generator_py/blickfeld_driver/_blickfeld_driver_s.ep.rosidl_typesupport_introspection_c.c.o[0m
[ 80%] [32mBuilding C object CMakeFiles/blickfeld_driver__rosidl_typesupport_c__pyext.dir/rosidl_generator_py/blickfeld_driver/_blickfeld_driver_s.ep.rosidl_typesupport_c.c.o[0m
[ 86%] [32m[1mLinking C shared library rosidl_generator_py/blickfeld_driver/blickfeld_driver_s__rosidl_typesupport_c.cpython-37m-x86_64-linux-gnu.so[0m
[ 86%] [32m[1mLinking C shared library rosidl_generator_py/blickfeld_driver/blickfeld_driver_s__rosidl_typesupport_introspection_c.cpython-37m-x86_64-linux-gnu.so[0m
[ 86%] [32m[1mLinking CXX shared library rosidl_generator_py/blickfeld_driver/blickfeld_driver_s__rosidl_typesupport_fastrtps_c.cpython-37m-x86_64-linux-gnu.so[0m
[ 86%] Built target blickfeld_driver__rosidl_typesupport_c__pyext
[ 86%] Built target blickfeld_driver__rosidl_typesupport_introspection_c__pyext
[ 86%] Built target blickfeld_driver__rosidl_typesupport_fastrtps_c__pyext
[ 88%] [32m[1mLinking CXX shared library libblickfeld_driver_core.so[0m
[ 88%] Built target blickfeld_driver_core
[35m[1mScanning dependencies of target blickfeld_driver_lib[0m
[ 90%] [32mBuilding CXX object CMakeFiles/blickfeld_driver_lib.dir/src/blickfeld_driver.cpp.o[0m
[ 92%] [32m[1mLinking CXX shared library libblickfeld_driver_lib.so[0m
[ 92%] Built target blickfeld_driver_lib
[35m[1mScanning dependencies of target blickfeld_driver_component[0m
[35m[1mScanning dependencies of target blickfeld_driver_node[0m
[ 96%] [32mBuilding CXX object CMakeFiles/blickfeld_driver_node.dir/src/blickfeld_driver_node.cpp.o[0m
[ 96%] [32mBuilding CXX object CMakeFiles/blickfeld_driver_component.dir/src/blickfeld_driver_component.cpp.o[0m
[ 98%] [32m[1mLinking CXX executable blickfeld_driver_node[0m
[100%] [32m[1mLinking CXX shared library libblickfeld_driver_component.so[0m
[100%] Built target blickfeld_driver_node
[100%] Built target blickfeld_driver_component
-- Install configuration: ""
-- Installing: /home/jeongil/ros_foxy_ws/blickfeld_ws/install/blickfeld_driver/share/ament_index/resource_index/rosidl_interfaces/blickfeld_driver
-- Installing: /home/jeongil/ros_foxy_ws/blickfeld_ws/install/blickfeld_driver/include/blickfeld_driver
-- Installing: /home/jeongil/ros_foxy_ws/blickfeld_ws/install/blickfeld_driver/include/blickfeld_driver/srv
-- Installing: /home/jeongil/ros_foxy_ws/blickfeld_ws/install/blickfeld_driver/include/blickfeld_driver/srv/set_scan_pattern.h
-- Installing: /home/jeongil/ros_foxy_ws/blickfeld_ws/install/blickfeld_driver/include/blickfeld_driver/srv/detail
-- Installing: /home/jeongil/ros_foxy_ws/blickfeld_ws/install/blickfeld_driver/include/blickfeld_driver/srv/detail/set_scan_pattern__struct.h
-- Installing: /home/jeongil/ros_foxy_ws/blickfeld_ws/install/blickfeld_driver/include/blickfeld_driver/srv/detail/set_scan_pattern__functions.c
-- Installing: /home/jeongil/ros_foxy_ws/blickfeld_ws/install/blickfeld_driver/include/blickfeld_driver/srv/detail/imu_static_transformation__functions.h
-- Installing: /home/jeongil/ros_foxy_ws/blickfeld_ws/install/blickfeld_driver/include/blickfeld_driver/srv/detail/imu_static_transformation__type_support.h
-- Installing: /home/jeongil/ros_foxy_ws/blickfeld_ws/install/blickfeld_driver/include/blickfeld_driver/srv/detail/set_scan_pattern__functions.h
-- Installing: /home/jeongil/ros_foxy_ws/blickfeld_ws/install/blickfeld_driver/include/blickfeld_driver/srv/detail/imu_static_transformation__functions.c
-- Installing: /home/jeongil/ros_foxy_ws/blickfeld_ws/install/blickfeld_driver/include/blickfeld_driver/srv/detail/imu_static_transformation__struct.h
-- Installing: /home/jeongil/ros_foxy_ws/blickfeld_ws/install/blickfeld_driver/include/blickfeld_driver/srv/detail/set_scan_pattern__type_support.h
-- Installing: /home/jeongil/ros_foxy_ws/blickfeld_ws/install/blickfeld_driver/include/blickfeld_driver/srv/imu_static_transformation.h
-- Installing: /home/jeongil/ros_foxy_ws/blickfeld_ws/install/blickfeld_driver/include/blickfeld_driver/msg
-- Installing: /home/jeongil/ros_foxy_ws/blickfeld_ws/install/blickfeld_driver/include/blickfeld_driver/msg/rosidl_generator_c__visibility_control.h
-- Installing: /home/jeongil/ros_foxy_ws/blickfeld_ws/install/blickfeld_driver/share/blickfeld_driver/environment/library_path.sh
-- Installing: /home/jeongil/ros_foxy_ws/blickfeld_ws/install/blickfeld_driver/share/blickfeld_driver/environment/library_path.dsv
-- Installing: /home/jeongil/ros_foxy_ws/blickfeld_ws/install/blickfeld_driver/lib/libblickfeld_driver__rosidl_generator_c.so
-- Set runtime path of "/home/jeongil/ros_foxy_ws/blickfeld_ws/install/blickfeld_driver/lib/libblickfeld_driver__rosidl_generator_c.so" to ""
-- Up-to-date: /home/jeongil/ros_foxy_ws/blickfeld_ws/install/blickfeld_driver/include/blickfeld_driver
-- Up-to-date: /home/jeongil/ros_foxy_ws/blickfeld_ws/install/blickfeld_driver/include/blickfeld_driver/srv
-- Up-to-date: /home/jeongil/ros_foxy_ws/blickfeld_ws/install/blickfeld_driver/include/blickfeld_driver/srv/detail
-- Installing: /home/jeongil/ros_foxy_ws/blickfeld_ws/install/blickfeld_driver/include/blickfeld_driver/srv/detail/imu_static_transformation__rosidl_typesupport_fastrtps_c.h
-- Installing: /home/jeongil/ros_foxy_ws/blickfeld_ws/install/blickfeld_driver/include/blickfeld_driver/srv/detail/set_scan_pattern__rosidl_typesupport_fastrtps_c.h
-- Up-to-date: /home/jeongil/ros_foxy_ws/blickfeld_ws/install/blickfeld_driver/include/blickfeld_driver/msg
-- Installing: /home/jeongil/ros_foxy_ws/blickfeld_ws/install/blickfeld_driver/include/blickfeld_driver/msg/rosidl_typesupport_fastrtps_c__visibility_control.h
-- Installing: /home/jeongil/ros_foxy_ws/blickfeld_ws/install/blickfeld_driver/lib/libblickfeld_driver__rosidl_typesupport_fastrtps_c.so
-- Set runtime path of "/home/jeongil/ros_foxy_ws/blickfeld_ws/install/blickfeld_driver/lib/libblickfeld_driver__rosidl_typesupport_fastrtps_c.so" to ""
-- Up-to-date: /home/jeongil/ros_foxy_ws/blickfeld_ws/install/blickfeld_driver/include/blickfeld_driver
-- Up-to-date: /home/jeongil/ros_foxy_ws/blickfeld_ws/install/blickfeld_driver/include/blickfeld_driver/srv
-- Up-to-date: /home/jeongil/ros_foxy_ws/blickfeld_ws/install/blickfeld_driver/include/blickfeld_driver/srv/detail
-- Installing: /home/jeongil/ros_foxy_ws/blickfeld_ws/install/blickfeld_driver/include/blickfeld_driver/srv/detail/imu_static_transformation__rosidl_typesupport_fastrtps_cpp.hpp
-- Installing: /home/jeongil/ros_foxy_ws/blickfeld_ws/install/blickfeld_driver/include/blickfeld_driver/srv/detail/dds_fastrtps
-- Installing: /home/jeongil/ros_foxy_ws/blickfeld_ws/install/blickfeld_driver/include/blickfeld_driver/srv/detail/set_scan_pattern__rosidl_typesupport_fastrtps_cpp.hpp
-- Up-to-date: /home/jeongil/ros_foxy_ws/blickfeld_ws/install/blickfeld_driver/include/blickfeld_driver/msg
-- Installing: /home/jeongil/ros_foxy_ws/blickfeld_ws/install/blickfeld_driver/include/blickfeld_driver/msg/rosidl_typesupport_fastrtps_cpp__visibility_control.h
-- Installing: /home/jeongil/ros_foxy_ws/blickfeld_ws/install/blickfeld_driver/lib/libblickfeld_driver__rosidl_typesupport_fastrtps_cpp.so
-- Set runtime path of "/home/jeongil/ros_foxy_ws/blickfeld_ws/install/blickfeld_driver/lib/libblickfeld_driver__rosidl_typesupport_fastrtps_cpp.so" to ""
-- Up-to-date: /home/jeongil/ros_foxy_ws/blickfeld_ws/install/blickfeld_driver/include/blickfeld_driver
-- Up-to-date: /home/jeongil/ros_foxy_ws/blickfeld_ws/install/blickfeld_driver/include/blickfeld_driver/srv
-- Up-to-date: /home/jeongil/ros_foxy_ws/blickfeld_ws/install/blickfeld_driver/include/blickfeld_driver/srv/detail
-- Installing: /home/jeongil/ros_foxy_ws/blickfeld_ws/install/blickfeld_driver/include/blickfeld_driver/srv/detail/set_scan_pattern__rosidl_typesupport_introspection_c.h
-- Installing: /home/jeongil/ros_foxy_ws/blickfeld_ws/install/blickfeld_driver/include/blickfeld_driver/srv/detail/set_scan_pattern__type_support.c
-- Installing: /home/jeongil/ros_foxy_ws/blickfeld_ws/install/blickfeld_driver/include/blickfeld_driver/srv/detail/imu_static_transformation__type_support.c
-- Installing: /home/jeongil/ros_foxy_ws/blickfeld_ws/install/blickfeld_driver/include/blickfeld_driver/srv/detail/imu_static_transformation__rosidl_typesupport_introspection_c.h
-- Up-to-date: /home/jeongil/ros_foxy_ws/blickfeld_ws/install/blickfeld_driver/include/blickfeld_driver/msg
-- Installing: /home/jeongil/ros_foxy_ws/blickfeld_ws/install/blickfeld_driver/include/blickfeld_driver/msg/rosidl_typesupport_introspection_c__visibility_control.h
-- Installing: /home/jeongil/ros_foxy_ws/blickfeld_ws/install/blickfeld_driver/lib/libblickfeld_driver__rosidl_typesupport_introspection_c.so
-- Set runtime path of "/home/jeongil/ros_foxy_ws/blickfeld_ws/install/blickfeld_driver/lib/libblickfeld_driver__rosidl_typesupport_introspection_c.so" to ""
-- Installing: /home/jeongil/ros_foxy_ws/blickfeld_ws/install/blickfeld_driver/lib/libblickfeld_driver__rosidl_typesupport_c.so
-- Set runtime path of "/home/jeongil/ros_foxy_ws/blickfeld_ws/install/blickfeld_driver/lib/libblickfeld_driver__rosidl_typesupport_c.so" to ""
-- Up-to-date: /home/jeongil/ros_foxy_ws/blickfeld_ws/install/blickfeld_driver/include/blickfeld_driver
-- Up-to-date: /home/jeongil/ros_foxy_ws/blickfeld_ws/install/blickfeld_driver/include/blickfeld_driver/srv
-- Installing: /home/jeongil/ros_foxy_ws/blickfeld_ws/install/blickfeld_driver/include/blickfeld_driver/srv/set_scan_pattern.hpp
-- Up-to-date: /home/jeongil/ros_foxy_ws/blickfeld_ws/install/blickfeld_driver/include/blickfeld_driver/srv/detail
-- Installing: /home/jeongil/ros_foxy_ws/blickfeld_ws/install/blickfeld_driver/include/blickfeld_driver/srv/detail/imu_static_transformation__type_support.hpp
-- Installing: /home/jeongil/ros_foxy_ws/blickfeld_ws/install/blickfeld_driver/include/blickfeld_driver/srv/detail/set_scan_pattern__traits.hpp
-- Installing: /home/jeongil/ros_foxy_ws/blickfeld_ws/install/blickfeld_driver/include/blickfeld_driver/srv/detail/set_scan_pattern__builder.hpp
-- Installing: /home/jeongil/ros_foxy_ws/blickfeld_ws/install/blickfeld_driver/include/blickfeld_driver/srv/detail/imu_static_transformation__traits.hpp
-- Installing: /home/jeongil/ros_foxy_ws/blickfeld_ws/install/blickfeld_driver/include/blickfeld_driver/srv/detail/imu_static_transformation__struct.hpp
-- Installing: /home/jeongil/ros_foxy_ws/blickfeld_ws/install/blickfeld_driver/include/blickfeld_driver/srv/detail/imu_static_transformation__builder.hpp
-- Installing: /home/jeongil/ros_foxy_ws/blickfeld_ws/install/blickfeld_driver/include/blickfeld_driver/srv/detail/set_scan_pattern__type_support.hpp
-- Installing: /home/jeongil/ros_foxy_ws/blickfeld_ws/install/blickfeld_driver/include/blickfeld_driver/srv/detail/set_scan_pattern__struct.hpp
-- Installing: /home/jeongil/ros_foxy_ws/blickfeld_ws/install/blickfeld_driver/include/blickfeld_driver/srv/imu_static_transformation.hpp
-- Up-to-date: /home/jeongil/ros_foxy_ws/blickfeld_ws/install/blickfeld_driver/include/blickfeld_driver/msg
-- Installing: /home/jeongil/ros_foxy_ws/blickfeld_ws/install/blickfeld_driver/include/blickfeld_driver/msg/rosidl_generator_cpp__visibility_control.hpp
-- Up-to-date: /home/jeongil/ros_foxy_ws/blickfeld_ws/install/blickfeld_driver/include/blickfeld_driver
-- Up-to-date: /home/jeongil/ros_foxy_ws/blickfeld_ws/install/blickfeld_driver/include/blickfeld_driver/srv
-- Up-to-date: /home/jeongil/ros_foxy_ws/blickfeld_ws/install/blickfeld_driver/include/blickfeld_driver/srv/detail
-- Installing: /home/jeongil/ros_foxy_ws/blickfeld_ws/install/blickfeld_driver/include/blickfeld_driver/srv/detail/set_scan_pattern__type_support.cpp
-- Installing: /home/jeongil/ros_foxy_ws/blickfeld_ws/install/blickfeld_driver/include/blickfeld_driver/srv/detail/imu_static_transformation__type_support.cpp
-- Installing: /home/jeongil/ros_foxy_ws/blickfeld_ws/install/blickfeld_driver/include/blickfeld_driver/srv/detail/set_scan_pattern__rosidl_typesupport_introspection_cpp.hpp
-- Installing: /home/jeongil/ros_foxy_ws/blickfeld_ws/install/blickfeld_driver/include/blickfeld_driver/srv/detail/imu_static_transformation__rosidl_typesupport_introspection_cpp.hpp
-- Installing: /home/jeongil/ros_foxy_ws/blickfeld_ws/install/blickfeld_driver/lib/libblickfeld_driver__rosidl_typesupport_introspection_cpp.so
-- Set runtime path of "/home/jeongil/ros_foxy_ws/blickfeld_ws/install/blickfeld_driver/lib/libblickfeld_driver__rosidl_typesupport_introspection_cpp.so" to ""
-- Installing: /home/jeongil/ros_foxy_ws/blickfeld_ws/install/blickfeld_driver/lib/libblickfeld_driver__rosidl_typesupport_cpp.so
-- Set runtime path of "/home/jeongil/ros_foxy_ws/blickfeld_ws/install/blickfeld_driver/lib/libblickfeld_driver__rosidl_typesupport_cpp.so" to ""
-- Installing: /home/jeongil/ros_foxy_ws/blickfeld_ws/install/blickfeld_driver/share/blickfeld_driver/environment/pythonpath.sh
-- Installing: /home/jeongil/ros_foxy_ws/blickfeld_ws/install/blickfeld_driver/share/blickfeld_driver/environment/pythonpath.dsv
-- Installing: /home/jeongil/ros_foxy_ws/blickfeld_ws/install/blickfeld_driver/lib/python3.7/site-packages/blickfeld_driver/__init__.py
Compiling '/home/jeongil/ros_foxy_ws/blickfeld_ws/install/blickfeld_driver/lib/python3.7/site-packages/blickfeld_driver/__init__.py'...
-- Installing: /home/jeongil/ros_foxy_ws/blickfeld_ws/install/blickfeld_driver/lib/python3.7/site-packages/blickfeld_driver/srv
-- Installing: /home/jeongil/ros_foxy_ws/blickfeld_ws/install/blickfeld_driver/lib/python3.7/site-packages/blickfeld_driver/srv/_imu_static_transformation_s.c
-- Installing: /home/jeongil/ros_foxy_ws/blickfeld_ws/install/blickfeld_driver/lib/python3.7/site-packages/blickfeld_driver/srv/_imu_static_transformation.py
-- Installing: /home/jeongil/ros_foxy_ws/blickfeld_ws/install/blickfeld_driver/lib/python3.7/site-packages/blickfeld_driver/srv/_set_scan_pattern_s.c
-- Installing: /home/jeongil/ros_foxy_ws/blickfeld_ws/install/blickfeld_driver/lib/python3.7/site-packages/blickfeld_driver/srv/_set_scan_pattern.py
-- Installing: /home/jeongil/ros_foxy_ws/blickfeld_ws/install/blickfeld_driver/lib/python3.7/site-packages/blickfeld_driver/srv/__init__.py
-- Installing: /home/jeongil/ros_foxy_ws/blickfeld_ws/install/blickfeld_driver/lib/python3.7/site-packages/blickfeld_driver/blickfeld_driver_s__rosidl_typesupport_fastrtps_c.cpython-37m-x86_64-linux-gnu.so
-- Set runtime path of "/home/jeongil/ros_foxy_ws/blickfeld_ws/install/blickfeld_driver/lib/python3.7/site-packages/blickfeld_driver/blickfeld_driver_s__rosidl_typesupport_fastrtps_c.cpython-37m-x86_64-linux-gnu.so" to ""
-- Installing: /home/jeongil/ros_foxy_ws/blickfeld_ws/install/blickfeld_driver/lib/python3.7/site-packages/blickfeld_driver/blickfeld_driver_s__rosidl_typesupport_introspection_c.cpython-37m-x86_64-linux-gnu.so
-- Set runtime path of "/home/jeongil/ros_foxy_ws/blickfeld_ws/install/blickfeld_driver/lib/python3.7/site-packages/blickfeld_driver/blickfeld_driver_s__rosidl_typesupport_introspection_c.cpython-37m-x86_64-linux-gnu.so" to ""
-- Installing: /home/jeongil/ros_foxy_ws/blickfeld_ws/install/blickfeld_driver/lib/python3.7/site-packages/blickfeld_driver/blickfeld_driver_s__rosidl_typesupport_c.cpython-37m-x86_64-linux-gnu.so
-- Set runtime path of "/home/jeongil/ros_foxy_ws/blickfeld_ws/install/blickfeld_driver/lib/python3.7/site-packages/blickfeld_driver/blickfeld_driver_s__rosidl_typesupport_c.cpython-37m-x86_64-linux-gnu.so" to ""
-- Installing: /home/jeongil/ros_foxy_ws/blickfeld_ws/install/blickfeld_driver/lib/libblickfeld_driver__python.so
-- Set runtime path of "/home/jeongil/ros_foxy_ws/blickfeld_ws/install/blickfeld_driver/lib/libblickfeld_driver__python.so" to ""
-- Installing: /home/jeongil/ros_foxy_ws/blickfeld_ws/install/blickfeld_driver/share/blickfeld_driver/srv/ImuStaticTransformation.idl
-- Installing: /home/jeongil/ros_foxy_ws/blickfeld_ws/install/blickfeld_driver/share/blickfeld_driver/srv/SetScanPattern.idl
-- Installing: /home/jeongil/ros_foxy_ws/blickfeld_ws/install/blickfeld_driver/share/blickfeld_driver/srv/ImuStaticTransformation.srv
-- Installing: /home/jeongil/ros_foxy_ws/blickfeld_ws/install/blickfeld_driver/share/blickfeld_driver/srv/ImuStaticTransformation_Request.msg
-- Installing: /home/jeongil/ros_foxy_ws/blickfeld_ws/install/blickfeld_driver/share/blickfeld_driver/srv/ImuStaticTransformation_Response.msg
-- Installing: /home/jeongil/ros_foxy_ws/blickfeld_ws/install/blickfeld_driver/share/blickfeld_driver/srv/SetScanPattern.srv
-- Installing: /home/jeongil/ros_foxy_ws/blickfeld_ws/install/blickfeld_driver/share/blickfeld_driver/srv/SetScanPattern_Request.msg
-- Installing: /home/jeongil/ros_foxy_ws/blickfeld_ws/install/blickfeld_driver/share/blickfeld_driver/srv/SetScanPattern_Response.msg
-- Up-to-date: /home/jeongil/ros_foxy_ws/blickfeld_ws/install/blickfeld_driver/share/blickfeld_driver/environment/library_path.sh
-- Up-to-date: /home/jeongil/ros_foxy_ws/blickfeld_ws/install/blickfeld_driver/share/blickfeld_driver/environment/library_path.dsv
-- Installing: /home/jeongil/ros_foxy_ws/blickfeld_ws/install/blickfeld_driver/lib/libblickfeld_driver_lib.so
-- Set runtime path of "/home/jeongil/ros_foxy_ws/blickfeld_ws/install/blickfeld_driver/lib/libblickfeld_driver_lib.so" to ""
-- Installing: /home/jeongil/ros_foxy_ws/blickfeld_ws/install/blickfeld_driver/lib/libblickfeld_driver_component.so
-- Set runtime path of "/home/jeongil/ros_foxy_ws/blickfeld_ws/install/blickfeld_driver/lib/libblickfeld_driver_component.so" to ""
-- Installing: /home/jeongil/ros_foxy_ws/blickfeld_ws/install/blickfeld_driver/lib/blickfeld_driver/blickfeld_driver_node
-- Set runtime path of "/home/jeongil/ros_foxy_ws/blickfeld_ws/install/blickfeld_driver/lib/blickfeld_driver/blickfeld_driver_node" to ""
-- Up-to-date: /home/jeongil/ros_foxy_ws/blickfeld_ws/install/blickfeld_driver/include/
-- Up-to-date: /home/jeongil/ros_foxy_ws/blickfeld_ws/install/blickfeld_driver/include//blickfeld_driver
-- Installing: /home/jeongil/ros_foxy_ws/blickfeld_ws/install/blickfeld_driver/include//blickfeld_driver/blickfeld_driver.h
-- Installing: /home/jeongil/ros_foxy_ws/blickfeld_ws/install/blickfeld_driver/include//blickfeld_driver/blickfeld_driver_ros_types.h
-- Up-to-date: /home/jeongil/ros_foxy_ws/blickfeld_ws/install/blickfeld_driver/include/
-- Installing: /home/jeongil/ros_foxy_ws/blickfeld_ws/install/blickfeld_driver/include//blickfeld_driver_core
-- Installing: /home/jeongil/ros_foxy_ws/blickfeld_ws/install/blickfeld_driver/include//blickfeld_driver_core/blickfeld_driver_utils.h
-- Installing: /home/jeongil/ros_foxy_ws/blickfeld_ws/install/blickfeld_driver/include//blickfeld_driver_core/blickfeld_driver_point_cloud_parser.h
-- Installing: /home/jeongil/ros_foxy_ws/blickfeld_ws/install/blickfeld_driver/include//blickfeld_driver_core/blickfeld_driver_imu_parser.h
-- Installing: /home/jeongil/ros_foxy_ws/blickfeld_ws/install/blickfeld_driver/include//blickfeld_driver_core/blickfeld_driver_types.h
-- Installing: /home/jeongil/ros_foxy_ws/blickfeld_ws/install/blickfeld_driver/include//blickfeld_driver_core/blickfeld_driver_core.h
-- Installing: /home/jeongil/ros_foxy_ws/blickfeld_ws/install/blickfeld_driver/share/blickfeld_driver/launch
-- Installing: /home/jeongil/ros_foxy_ws/blickfeld_ws/install/blickfeld_driver/share/blickfeld_driver/launch/live_scanner.launch.xml
-- Installing: /home/jeongil/ros_foxy_ws/blickfeld_ws/install/blickfeld_driver/share/blickfeld_driver/launch/live_scanner_component.launch.py
-- Installing: /home/jeongil/ros_foxy_ws/blickfeld_ws/install/blickfeld_driver/share/blickfeld_driver/launch/live_scanner_node.launch.py
-- Installing: /home/jeongil/ros_foxy_ws/blickfeld_ws/install/blickfeld_driver/share/blickfeld_driver/config
-- Installing: /home/jeongil/ros_foxy_ws/blickfeld_ws/install/blickfeld_driver/share/blickfeld_driver/config/driver_config.yaml
-- Installing: /home/jeongil/ros_foxy_ws/blickfeld_ws/install/blickfeld_driver/share/blickfeld_driver/config/blickfeld_scanner.rviz
-- Installing: /home/jeongil/ros_foxy_ws/blickfeld_ws/install/blickfeld_driver/share/ament_index/resource_index/package_run_dependencies/blickfeld_driver
-- Installing: /home/jeongil/ros_foxy_ws/blickfeld_ws/install/blickfeld_driver/share/ament_index/resource_index/parent_prefix_path/blickfeld_driver
-- Installing: /home/jeongil/ros_foxy_ws/blickfeld_ws/install/blickfeld_driver/share/blickfeld_driver/environment/ament_prefix_path.sh
-- Installing: /home/jeongil/ros_foxy_ws/blickfeld_ws/install/blickfeld_driver/share/blickfeld_driver/environment/ament_prefix_path.dsv
-- Installing: /home/jeongil/ros_foxy_ws/blickfeld_ws/install/blickfeld_driver/share/blickfeld_driver/environment/path.sh
-- Installing: /home/jeongil/ros_foxy_ws/blickfeld_ws/install/blickfeld_driver/share/blickfeld_driver/environment/path.dsv
-- Installing: /home/jeongil/ros_foxy_ws/blickfeld_ws/install/blickfeld_driver/share/blickfeld_driver/local_setup.bash
-- Installing: /home/jeongil/ros_foxy_ws/blickfeld_ws/install/blickfeld_driver/share/blickfeld_driver/local_setup.sh
-- Installing: /home/jeongil/ros_foxy_ws/blickfeld_ws/install/blickfeld_driver/share/blickfeld_driver/local_setup.zsh
-- Installing: /home/jeongil/ros_foxy_ws/blickfeld_ws/install/blickfeld_driver/share/blickfeld_driver/local_setup.dsv
-- Installing: /home/jeongil/ros_foxy_ws/blickfeld_ws/install/blickfeld_driver/share/blickfeld_driver/package.dsv
-- Installing: /home/jeongil/ros_foxy_ws/blickfeld_ws/install/blickfeld_driver/share/ament_index/resource_index/packages/blickfeld_driver
-- Installing: /home/jeongil/ros_foxy_ws/blickfeld_ws/install/blickfeld_driver/share/blickfeld_driver/cmake/blickfeld_driver__rosidl_generator_cExport.cmake
-- Installing: /home/jeongil/ros_foxy_ws/blickfeld_ws/install/blickfeld_driver/share/blickfeld_driver/cmake/blickfeld_driver__rosidl_generator_cExport-noconfig.cmake
-- Installing: /home/jeongil/ros_foxy_ws/blickfeld_ws/install/blickfeld_driver/share/blickfeld_driver/cmake/blickfeld_driver__rosidl_typesupport_introspection_cExport.cmake
-- Installing: /home/jeongil/ros_foxy_ws/blickfeld_ws/install/blickfeld_driver/share/blickfeld_driver/cmake/blickfeld_driver__rosidl_typesupport_introspection_cExport-noconfig.cmake
-- Installing: /home/jeongil/ros_foxy_ws/blickfeld_ws/install/blickfeld_driver/share/blickfeld_driver/cmake/blickfeld_driver__rosidl_typesupport_cExport.cmake
-- Installing: /home/jeongil/ros_foxy_ws/blickfeld_ws/install/blickfeld_driver/share/blickfeld_driver/cmake/blickfeld_driver__rosidl_typesupport_cExport-noconfig.cmake
-- Installing: /home/jeongil/ros_foxy_ws/blickfeld_ws/install/blickfeld_driver/share/blickfeld_driver/cmake/blickfeld_driver__rosidl_generator_cppExport.cmake
-- Installing: /home/jeongil/ros_foxy_ws/blickfeld_ws/install/blickfeld_driver/share/blickfeld_driver/cmake/blickfeld_driver__rosidl_typesupport_introspection_cppExport.cmake
-- Installing: /home/jeongil/ros_foxy_ws/blickfeld_ws/install/blickfeld_driver/share/blickfeld_driver/cmake/blickfeld_driver__rosidl_typesupport_introspection_cppExport-noconfig.cmake
-- Installing: /home/jeongil/ros_foxy_ws/blickfeld_ws/install/blickfeld_driver/share/blickfeld_driver/cmake/blickfeld_driver__rosidl_typesupport_cppExport.cmake
-- Installing: /home/jeongil/ros_foxy_ws/blickfeld_ws/install/blickfeld_driver/share/blickfeld_driver/cmake/blickfeld_driver__rosidl_typesupport_cppExport-noconfig.cmake
-- Installing: /home/jeongil/ros_foxy_ws/blickfeld_ws/install/blickfeld_driver/share/ament_index/resource_index/rclcpp_components/blickfeld_driver
-- Installing: /home/jeongil/ros_foxy_ws/blickfeld_ws/install/blickfeld_driver/share/blickfeld_driver/cmake/rosidl_cmake-extras.cmake
-- Installing: /home/jeongil/ros_foxy_ws/blickfeld_ws/install/blickfeld_driver/share/blickfeld_driver/cmake/ament_cmake_export_dependencies-extras.cmake
-- Installing: /home/jeongil/ros_foxy_ws/blickfeld_ws/install/blickfeld_driver/share/blickfeld_driver/cmake/ament_cmake_export_libraries-extras.cmake
-- Installing: /home/jeongil/ros_foxy_ws/blickfeld_ws/install/blickfeld_driver/share/blickfeld_driver/cmake/ament_cmake_export_targets-extras.cmake
-- Installing: /home/jeongil/ros_foxy_ws/blickfeld_ws/install/blickfeld_driver/share/blickfeld_driver/cmake/ament_cmake_export_include_directories-extras.cmake
-- Installing: /home/jeongil/ros_foxy_ws/blickfeld_ws/install/blickfeld_driver/share/blickfeld_driver/cmake/rosidl_cmake_export_typesupport_libraries-extras.cmake
-- Installing: /home/jeongil/ros_foxy_ws/blickfeld_ws/install/blickfeld_driver/share/blickfeld_driver/cmake/rosidl_cmake_export_typesupport_targets-extras.cmake
-- Installing: /home/jeongil/ros_foxy_ws/blickfeld_ws/install/blickfeld_driver/share/blickfeld_driver/cmake/blickfeld_driverConfig.cmake
-- Installing: /home/jeongil/ros_foxy_ws/blickfeld_ws/install/blickfeld_driver/share/blickfeld_driver/cmake/blickfeld_driverConfig-version.cmake
-- Installing: /home/jeongil/ros_foxy_ws/blickfeld_ws/install/blickfeld_driver/share/blickfeld_driver/package.xml
-- Installing: /home/jeongil/ros_foxy_ws/blickfeld_ws/install/blickfeld_driver/lib/libblickfeld_driver_core.so
-- Set runtime path of "/home/jeongil/ros_foxy_ws/blickfeld_ws/install/blickfeld_driver/lib/libblickfeld_driver_core.so" to ""
