[0.181s] Invoking command in '/home/jeongil/ros_foxy_ws/blickfeld_ws/build/blickfeld_driver': CMAKE_PREFIX_PATH=${CMAKE_PREFIX_PATH}:/home/jeongil/ros_foxy_ws/blickfeld_ws/install/blickfeld_pointcloud:/opt/ros/foxy CONDA_PROMPT_MODIFIER=(blickfeld) /usr/bin/cmake /home/jeongil/ros_foxy_ws/blickfeld_ws/src/blickfeld_driver -DCMAKE_INSTALL_PREFIX=/home/jeongil/ros_foxy_ws/blickfeld_ws/install/blickfeld_driver
[0.189s] -- Found ament_cmake: 0.9.12 (/opt/ros/foxy/share/ament_cmake/cmake)
[0.201s] -- Found PythonInterp: /home/jeongil/anaconda3/envs/blickfeld/bin/python3 (found suitable version "3.7.10", minimum required is "3") 
[0.201s] -- Using PYTHON_EXECUTABLE: /home/jeongil/anaconda3/envs/blickfeld/bin/python3
[0.292s] -- Found ament_cmake_ros: 0.9.2 (/opt/ros/foxy/share/ament_cmake_ros/cmake)
[0.293s] -- Found rclcpp: 2.4.3 (/opt/ros/foxy/share/rclcpp/cmake)
[0.312s] -- Using all available rosidl_typesupport_c: rosidl_typesupport_fastrtps_c;rosidl_typesupport_introspection_c
[0.313s] -- Found rosidl_adapter: 1.3.1 (/opt/ros/foxy/share/rosidl_adapter/cmake)
[0.376s] -- Using all available rosidl_typesupport_cpp: rosidl_typesupport_fastrtps_cpp;rosidl_typesupport_introspection_cpp
[0.402s] -- Found rmw_implementation_cmake: 1.0.4 (/opt/ros/foxy/share/rmw_implementation_cmake/cmake)
[0.403s] -- Using RMW implementation 'rmw_fastrtps_cpp' as default
[0.479s] -- Found rclcpp_components: 2.4.3 (/opt/ros/foxy/share/rclcpp_components/cmake)
[0.508s] -- Found diagnostic_msgs: 2.0.5 (/opt/ros/foxy/share/diagnostic_msgs/cmake)
[0.527s] -- Found geometry_msgs: 2.0.5 (/opt/ros/foxy/share/geometry_msgs/cmake)
[0.545s] -- Found sensor_msgs: 2.0.5 (/opt/ros/foxy/share/sensor_msgs/cmake)
[0.584s] -- Found std_srvs: 2.0.5 (/opt/ros/foxy/share/std_srvs/cmake)
[0.589s] -- Found diagnostic_updater: 3.1.2 (/opt/ros/foxy/share/diagnostic_updater/cmake)
[0.599s] -- Found cv_bridge: 3.0.7 (/opt/ros/foxy/share/cv_bridge/cmake)
[0.613s] -- Found rosidl_default_generators: 1.0.1 (/opt/ros/foxy/share/rosidl_default_generators/cmake)
[0.619s] -- Found tf2_ros: 0.13.14 (/opt/ros/foxy/share/tf2_ros/cmake)
[0.768s] -- Found tf2_geometry_msgs: 0.13.14 (/opt/ros/foxy/share/tf2_geometry_msgs/cmake)
[0.771s] -- Found eigen3_cmake_module: 0.1.1 (/opt/ros/foxy/share/eigen3_cmake_module/cmake)
[0.793s] CMake Warning at /usr/share/cmake-3.16/Modules/FindProtobuf.cmake:499 (message):
[0.793s]   Protobuf compiler version doesn't match library version 3.6.1
[0.793s] Call Stack (most recent call first):
[0.793s]   /usr/share/cmake-3.16/Modules/CMakeFindDependencyMacro.cmake:47 (find_package)
[0.793s]   /usr/lib/cmake/blickfeld-scanner/blickfeld-scanner-config.cmake:8 (find_dependency)
[0.793s]   CMakeLists.txt:44 (find_package)
[0.793s] 
[0.793s] 
[0.799s] CMake Warning at /usr/share/cmake-3.16/Modules/FindProtobuf.cmake:499 (message):
[0.799s]   Protobuf compiler version doesn't match library version 3.6.1
[0.799s] Call Stack (most recent call first):
[0.799s]   /usr/share/cmake-3.16/Modules/CMakeFindDependencyMacro.cmake:47 (find_package)
[0.799s]   /usr/lib/cmake/blickfeld-scanner/blickfeld-scanner-config.cmake:8 (find_dependency)
[0.799s]   /usr/lib/cmake/blickfeld-scanner/blickfeld-scanner.cmake:69 (include)
[0.799s]   /usr/lib/cmake/blickfeld-scanner/blickfeld-scanner-config.cmake:40 (include)
[0.799s]   CMakeLists.txt:44 (find_package)
[0.799s] 
[0.799s] 
[0.812s] -- Found PythonInterp: /home/jeongil/anaconda3/envs/blickfeld/bin/python3 (found version "3.7.10") 
[1.027s] -- Using all available rosidl_typesupport_c: rosidl_typesupport_fastrtps_c;rosidl_typesupport_introspection_c
[1.078s] -- Using all available rosidl_typesupport_cpp: rosidl_typesupport_fastrtps_cpp;rosidl_typesupport_introspection_cpp
[1.092s] -- Found PythonInterp: /home/jeongil/anaconda3/envs/blickfeld/bin/python3 (found suitable version "3.7.10", minimum required is "3.5") 
[1.093s] -- Found python_cmake_module: 0.8.1 (/opt/ros/foxy/share/python_cmake_module/cmake)
[1.107s] -- Found PythonLibs: /home/jeongil/anaconda3/envs/blickfeld/lib/libpython3.7m.so (found suitable version "3.7.10", minimum required is "3.5") 
[1.107s] -- Using PYTHON_EXECUTABLE: /home/jeongil/anaconda3/envs/blickfeld/bin/python3
[1.107s] -- Using PYTHON_INCLUDE_DIRS: /home/jeongil/anaconda3/envs/blickfeld/include/python3.7m
[1.107s] -- Using PYTHON_LIBRARIES: /home/jeongil/anaconda3/envs/blickfeld/lib/libpython3.7m.so
[1.118s] -- Found PythonExtra: .so  
[1.325s] -- Using numpy include directory: /home/jeongil/anaconda3/envs/blickfeld/lib/python3.7/site-packages/numpy/core/include
[1.357s] -- Configuring done
[1.365s] WARNING: Target "blickfeld_driver_node" requests linking to directory "/usr/include".  Targets may link only to libraries.  CMake is dropping the item.
[1.365s] WARNING: Target "blickfeld_driver_node" requests linking to directory "/usr/include".  Targets may link only to libraries.  CMake is dropping the item.
[1.375s] WARNING: Target "blickfeld_driver_component" requests linking to directory "/usr/include".  Targets may link only to libraries.  CMake is dropping the item.
[1.375s] WARNING: Target "blickfeld_driver_component" requests linking to directory "/usr/include".  Targets may link only to libraries.  CMake is dropping the item.
[1.389s] WARNING: Target "blickfeld_driver_lib" requests linking to directory "/usr/include".  Targets may link only to libraries.  CMake is dropping the item.
[1.389s] WARNING: Target "blickfeld_driver_lib" requests linking to directory "/usr/include".  Targets may link only to libraries.  CMake is dropping the item.
[1.408s] CMake Warning at /opt/ros/foxy/share/rosidl_generator_py/cmake/rosidl_generator_py_generate_interfaces.cmake:235 (add_library):
[1.408s]   Cannot generate a safe runtime search path for target
[1.408s]   blickfeld_driver__rosidl_typesupport_fastrtps_c__pyext because files in
[1.408s]   some directories may conflict with libraries in implicit directories:
[1.408s] 
[1.408s]     runtime library [libssl.so.1.1] in /usr/lib/x86_64-linux-gnu may be hidden by files in:
[1.408s]       /home/jeongil/anaconda3/envs/blickfeld/lib
[1.408s]     runtime library [libcrypto.so.1.1] in /usr/lib/x86_64-linux-gnu may be hidden by files in:
[1.408s]       /home/jeongil/anaconda3/envs/blickfeld/lib
[1.408s] 
[1.408s]   Some of these libraries may not be found correctly.
[1.408s] Call Stack (most recent call first):
[1.408s]   /opt/ros/foxy/share/ament_cmake_core/cmake/core/ament_execute_extensions.cmake:48 (include)
[1.408s]   /opt/ros/foxy/share/rosidl_cmake/cmake/rosidl_generate_interfaces.cmake:286 (ament_execute_extensions)
[1.408s]   CMakeLists.txt:67 (rosidl_generate_interfaces)
[1.408s] 
[1.408s] 
[1.415s] WARNING: Target "blickfeld_driver_core" requests linking to directory "/usr/include".  Targets may link only to libraries.  CMake is dropping the item.
[1.415s] WARNING: Target "blickfeld_driver_core" requests linking to directory "/usr/include".  Targets may link only to libraries.  CMake is dropping the item.
[1.418s] -- Generating done
[1.420s] -- Build files have been written to: /home/jeongil/ros_foxy_ws/blickfeld_ws/build/blickfeld_driver
[1.426s] Invoked command in '/home/jeongil/ros_foxy_ws/blickfeld_ws/build/blickfeld_driver' returned '0': CMAKE_PREFIX_PATH=${CMAKE_PREFIX_PATH}:/home/jeongil/ros_foxy_ws/blickfeld_ws/install/blickfeld_pointcloud:/opt/ros/foxy CONDA_PROMPT_MODIFIER=(blickfeld) /usr/bin/cmake /home/jeongil/ros_foxy_ws/blickfeld_ws/src/blickfeld_driver -DCMAKE_INSTALL_PREFIX=/home/jeongil/ros_foxy_ws/blickfeld_ws/install/blickfeld_driver
[1.427s] Invoking command in '/home/jeongil/ros_foxy_ws/blickfeld_ws/build/blickfeld_driver': CMAKE_PREFIX_PATH=${CMAKE_PREFIX_PATH}:/home/jeongil/ros_foxy_ws/blickfeld_ws/install/blickfeld_pointcloud:/opt/ros/foxy CONDA_PROMPT_MODIFIER=(blickfeld) /usr/bin/cmake --build /home/jeongil/ros_foxy_ws/blickfeld_ws/build/blickfeld_driver -- -j20 -l20
[1.450s] [  2%] [34m[1mGenerating C code for ROS interfaces[0m
[1.450s] [35m[1mScanning dependencies of target blickfeld_driver_core[0m
[1.450s] [35m[1mScanning dependencies of target blickfeld_driver__cpp[0m
[1.456s] [  4%] [34m[1mGenerating C++ code for ROS interfaces[0m
[1.508s] [ 10%] [32mBuilding CXX object modules/ros_blickfeld_driver_core/CMakeFiles/blickfeld_driver_core.dir/src/blickfeld_driver_imu_parser.cpp.o[0m
[1.508s] [ 10%] [32mBuilding CXX object modules/ros_blickfeld_driver_core/CMakeFiles/blickfeld_driver_core.dir/src/blickfeld_driver_point_cloud_parser.cpp.o[0m
[1.508s] [ 10%] [32mBuilding CXX object modules/ros_blickfeld_driver_core/CMakeFiles/blickfeld_driver_core.dir/src/blickfeld_driver_core.cpp.o[0m
[1.508s] [ 12%] [32mBuilding CXX object modules/ros_blickfeld_driver_core/CMakeFiles/blickfeld_driver_core.dir/src/blickfeld_driver_utils.cpp.o[0m
[1.695s] [35m[1mScanning dependencies of target blickfeld_driver__rosidl_generator_c[0m
[1.697s] [ 12%] Built target blickfeld_driver__cpp
[1.704s] [ 18%] [34m[1mGenerating C++ introspection for ROS interfaces[0m
[1.704s] [ 18%] [34m[1mGenerating C++ type support dispatch for ROS interfaces[0m
[1.704s] [ 18%] [34m[1mGenerating C++ type support for eProsima Fast-RTPS[0m
[1.705s] [ 20%] [32mBuilding C object CMakeFiles/blickfeld_driver__rosidl_generator_c.dir/rosidl_generator_c/blickfeld_driver/srv/detail/imu_static_transformation__functions.c.o[0m
[1.707s] [ 22%] [32mBuilding C object CMakeFiles/blickfeld_driver__rosidl_generator_c.dir/rosidl_generator_c/blickfeld_driver/srv/detail/set_scan_pattern__functions.c.o[0m
[1.754s] [ 24%] [32m[1mLinking C shared library libblickfeld_driver__rosidl_generator_c.so[0m
[1.776s] [ 24%] Built target blickfeld_driver__rosidl_generator_c
[1.782s] [ 26%] [34m[1mGenerating C introspection for ROS interfaces[0m
[1.785s] [ 28%] [34m[1mGenerating C type support dispatch for ROS interfaces[0m
[1.896s] [35m[1mScanning dependencies of target blickfeld_driver__rosidl_typesupport_cpp[0m
[1.906s] [ 30%] [32mBuilding CXX object CMakeFiles/blickfeld_driver__rosidl_typesupport_cpp.dir/rosidl_typesupport_cpp/blickfeld_driver/srv/imu_static_transformation__type_support.cpp.o[0m
[1.906s] [ 32%] [32mBuilding CXX object CMakeFiles/blickfeld_driver__rosidl_typesupport_cpp.dir/rosidl_typesupport_cpp/blickfeld_driver/srv/set_scan_pattern__type_support.cpp.o[0m
[1.911s] [35m[1mScanning dependencies of target blickfeld_driver__rosidl_typesupport_introspection_cpp[0m
[1.920s] [ 34%] [32mBuilding CXX object CMakeFiles/blickfeld_driver__rosidl_typesupport_introspection_cpp.dir/rosidl_typesupport_introspection_cpp/blickfeld_driver/srv/detail/set_scan_pattern__type_support.cpp.o[0m
[1.921s] [ 36%] [32mBuilding CXX object CMakeFiles/blickfeld_driver__rosidl_typesupport_introspection_cpp.dir/rosidl_typesupport_introspection_cpp/blickfeld_driver/srv/detail/imu_static_transformation__type_support.cpp.o[0m
[1.926s] [35m[1mScanning dependencies of target blickfeld_driver__rosidl_typesupport_fastrtps_cpp[0m
[1.941s] [ 40%] [32mBuilding CXX object CMakeFiles/blickfeld_driver__rosidl_typesupport_fastrtps_cpp.dir/rosidl_typesupport_fastrtps_cpp/blickfeld_driver/srv/detail/dds_fastrtps/set_scan_pattern__type_support.cpp.o[0m
[1.942s] [ 40%] [32mBuilding CXX object CMakeFiles/blickfeld_driver__rosidl_typesupport_fastrtps_cpp.dir/rosidl_typesupport_fastrtps_cpp/blickfeld_driver/srv/detail/dds_fastrtps/imu_static_transformation__type_support.cpp.o[0m
[2.005s] [35m[1mScanning dependencies of target blickfeld_driver__rosidl_typesupport_introspection_c[0m
[2.013s] [ 42%] [32mBuilding C object CMakeFiles/blickfeld_driver__rosidl_typesupport_introspection_c.dir/rosidl_typesupport_introspection_c/blickfeld_driver/srv/detail/set_scan_pattern__type_support.c.o[0m
[2.015s] [ 44%] [32mBuilding C object CMakeFiles/blickfeld_driver__rosidl_typesupport_introspection_c.dir/rosidl_typesupport_introspection_c/blickfeld_driver/srv/detail/imu_static_transformation__type_support.c.o[0m
[2.042s] [35m[1mScanning dependencies of target blickfeld_driver__rosidl_typesupport_c[0m
[2.044s] [ 46%] [32m[1mLinking C shared library libblickfeld_driver__rosidl_typesupport_introspection_c.so[0m
[2.050s] [ 48%] [32mBuilding CXX object CMakeFiles/blickfeld_driver__rosidl_typesupport_c.dir/rosidl_typesupport_c/blickfeld_driver/srv/imu_static_transformation__type_support.cpp.o[0m
[2.052s] [ 50%] [32mBuilding CXX object CMakeFiles/blickfeld_driver__rosidl_typesupport_c.dir/rosidl_typesupport_c/blickfeld_driver/srv/set_scan_pattern__type_support.cpp.o[0m
[2.072s] [ 50%] Built target blickfeld_driver__rosidl_typesupport_introspection_c
[2.077s] [ 52%] [32m[1mLinking CXX shared library libblickfeld_driver__rosidl_typesupport_c.so[0m
[2.088s] [ 54%] [32m[1mLinking CXX shared library libblickfeld_driver__rosidl_typesupport_introspection_cpp.so[0m
[2.102s] [ 54%] Built target blickfeld_driver__rosidl_typesupport_c
[2.125s] [ 54%] Built target blickfeld_driver__rosidl_typesupport_introspection_cpp
[2.157s] [ 56%] [32m[1mLinking CXX shared library libblickfeld_driver__rosidl_typesupport_cpp.so[0m
[2.180s] [ 56%] Built target blickfeld_driver__rosidl_typesupport_cpp
[2.219s] [ 58%] [32m[1mLinking CXX shared library libblickfeld_driver__rosidl_typesupport_fastrtps_cpp.so[0m
[2.268s] [ 58%] Built target blickfeld_driver__rosidl_typesupport_fastrtps_cpp
[2.274s] [ 60%] [34m[1mGenerating C type support for eProsima Fast-RTPS[0m
[2.486s] [35m[1mScanning dependencies of target blickfeld_driver__rosidl_typesupport_fastrtps_c[0m
[2.498s] [ 64%] [32mBuilding CXX object CMakeFiles/blickfeld_driver__rosidl_typesupport_fastrtps_c.dir/rosidl_typesupport_fastrtps_c/blickfeld_driver/srv/detail/set_scan_pattern__type_support_c.cpp.o[0m
[2.498s] [ 64%] [32mBuilding CXX object CMakeFiles/blickfeld_driver__rosidl_typesupport_fastrtps_c.dir/rosidl_typesupport_fastrtps_c/blickfeld_driver/srv/detail/imu_static_transformation__type_support_c.cpp.o[0m
[2.674s] [ 66%] [32m[1mLinking CXX shared library libblickfeld_driver__rosidl_typesupport_fastrtps_c.so[0m
[2.726s] [ 66%] Built target blickfeld_driver__rosidl_typesupport_fastrtps_c
[2.732s] [35m[1mScanning dependencies of target blickfeld_driver[0m
[2.739s] [ 66%] Built target blickfeld_driver
[2.745s] [35m[1mScanning dependencies of target blickfeld_driver__py[0m
[2.751s] [ 68%] [34m[1mGenerating Python code for ROS interfaces[0m
[3.155s] [ 68%] Built target blickfeld_driver__py
[3.161s] [35m[1mScanning dependencies of target blickfeld_driver__python[0m
[3.172s] [ 70%] [32mBuilding C object CMakeFiles/blickfeld_driver__python.dir/rosidl_generator_py/blickfeld_driver/srv/_set_scan_pattern_s.c.o[0m
[3.172s] [ 72%] [32mBuilding C object CMakeFiles/blickfeld_driver__python.dir/rosidl_generator_py/blickfeld_driver/srv/_imu_static_transformation_s.c.o[0m
[3.227s] [ 74%] [32m[1mLinking C shared library rosidl_generator_py/blickfeld_driver/libblickfeld_driver__python.so[0m
[3.252s] [ 74%] Built target blickfeld_driver__python
[3.259s] [35m[1mScanning dependencies of target blickfeld_driver__rosidl_typesupport_introspection_c__pyext[0m
[3.259s] [35m[1mScanning dependencies of target blickfeld_driver__rosidl_typesupport_c__pyext[0m
[3.259s] [35m[1mScanning dependencies of target blickfeld_driver__rosidl_typesupport_fastrtps_c__pyext[0m
[3.269s] [ 76%] [32mBuilding C object CMakeFiles/blickfeld_driver__rosidl_typesupport_fastrtps_c__pyext.dir/rosidl_generator_py/blickfeld_driver/_blickfeld_driver_s.ep.rosidl_typesupport_fastrtps_c.c.o[0m
[3.270s] [ 80%] [32mBuilding C object CMakeFiles/blickfeld_driver__rosidl_typesupport_introspection_c__pyext.dir/rosidl_generator_py/blickfeld_driver/_blickfeld_driver_s.ep.rosidl_typesupport_introspection_c.c.o[0m
[3.271s] [ 80%] [32mBuilding C object CMakeFiles/blickfeld_driver__rosidl_typesupport_c__pyext.dir/rosidl_generator_py/blickfeld_driver/_blickfeld_driver_s.ep.rosidl_typesupport_c.c.o[0m
[3.322s] [ 86%] [32m[1mLinking C shared library rosidl_generator_py/blickfeld_driver/blickfeld_driver_s__rosidl_typesupport_c.cpython-37m-x86_64-linux-gnu.so[0m
[3.322s] [ 86%] [32m[1mLinking C shared library rosidl_generator_py/blickfeld_driver/blickfeld_driver_s__rosidl_typesupport_introspection_c.cpython-37m-x86_64-linux-gnu.so[0m
[3.322s] [ 86%] [32m[1mLinking CXX shared library rosidl_generator_py/blickfeld_driver/blickfeld_driver_s__rosidl_typesupport_fastrtps_c.cpython-37m-x86_64-linux-gnu.so[0m
[3.343s] [ 86%] Built target blickfeld_driver__rosidl_typesupport_c__pyext
[3.344s] [ 86%] Built target blickfeld_driver__rosidl_typesupport_introspection_c__pyext
[3.359s] [ 86%] Built target blickfeld_driver__rosidl_typesupport_fastrtps_c__pyext
[7.630s] [ 88%] [32m[1mLinking CXX shared library libblickfeld_driver_core.so[0m
[7.898s] [ 88%] Built target blickfeld_driver_core
[7.903s] [35m[1mScanning dependencies of target blickfeld_driver_lib[0m
[7.947s] [ 90%] [32mBuilding CXX object CMakeFiles/blickfeld_driver_lib.dir/src/blickfeld_driver.cpp.o[0m
[11.534s] [ 92%] [32m[1mLinking CXX shared library libblickfeld_driver_lib.so[0m
[11.865s] [ 92%] Built target blickfeld_driver_lib
[11.871s] [35m[1mScanning dependencies of target blickfeld_driver_component[0m
[11.871s] [35m[1mScanning dependencies of target blickfeld_driver_node[0m
[11.917s] [ 96%] [32mBuilding CXX object CMakeFiles/blickfeld_driver_node.dir/src/blickfeld_driver_node.cpp.o[0m
[11.917s] [ 96%] [32mBuilding CXX object CMakeFiles/blickfeld_driver_component.dir/src/blickfeld_driver_component.cpp.o[0m
[13.746s] [ 98%] [32m[1mLinking CXX executable blickfeld_driver_node[0m
[13.899s] [100%] [32m[1mLinking CXX shared library libblickfeld_driver_component.so[0m
[14.037s] [100%] Built target blickfeld_driver_node
[14.056s] [100%] Built target blickfeld_driver_component
[14.063s] Invoked command in '/home/jeongil/ros_foxy_ws/blickfeld_ws/build/blickfeld_driver' returned '0': CMAKE_PREFIX_PATH=${CMAKE_PREFIX_PATH}:/home/jeongil/ros_foxy_ws/blickfeld_ws/install/blickfeld_pointcloud:/opt/ros/foxy CONDA_PROMPT_MODIFIER=(blickfeld) /usr/bin/cmake --build /home/jeongil/ros_foxy_ws/blickfeld_ws/build/blickfeld_driver -- -j20 -l20
[14.103s] Invoking command in '/home/jeongil/ros_foxy_ws/blickfeld_ws/build/blickfeld_driver': CMAKE_PREFIX_PATH=${CMAKE_PREFIX_PATH}:/home/jeongil/ros_foxy_ws/blickfeld_ws/install/blickfeld_pointcloud:/opt/ros/foxy CONDA_PROMPT_MODIFIER=(blickfeld) /usr/bin/cmake --install /home/jeongil/ros_foxy_ws/blickfeld_ws/build/blickfeld_driver
[14.108s] -- Install configuration: ""
[14.108s] -- Installing: /home/jeongil/ros_foxy_ws/blickfeld_ws/install/blickfeld_driver/share/ament_index/resource_index/rosidl_interfaces/blickfeld_driver
[14.108s] -- Installing: /home/jeongil/ros_foxy_ws/blickfeld_ws/install/blickfeld_driver/include/blickfeld_driver
[14.108s] -- Installing: /home/jeongil/ros_foxy_ws/blickfeld_ws/install/blickfeld_driver/include/blickfeld_driver/srv
[14.108s] -- Installing: /home/jeongil/ros_foxy_ws/blickfeld_ws/install/blickfeld_driver/include/blickfeld_driver/srv/set_scan_pattern.h
[14.108s] -- Installing: /home/jeongil/ros_foxy_ws/blickfeld_ws/install/blickfeld_driver/include/blickfeld_driver/srv/detail
[14.108s] -- Installing: /home/jeongil/ros_foxy_ws/blickfeld_ws/install/blickfeld_driver/include/blickfeld_driver/srv/detail/set_scan_pattern__struct.h
[14.108s] -- Installing: /home/jeongil/ros_foxy_ws/blickfeld_ws/install/blickfeld_driver/include/blickfeld_driver/srv/detail/set_scan_pattern__functions.c
[14.108s] -- Installing: /home/jeongil/ros_foxy_ws/blickfeld_ws/install/blickfeld_driver/include/blickfeld_driver/srv/detail/imu_static_transformation__functions.h
[14.108s] -- Installing: /home/jeongil/ros_foxy_ws/blickfeld_ws/install/blickfeld_driver/include/blickfeld_driver/srv/detail/imu_static_transformation__type_support.h
[14.108s] -- Installing: /home/jeongil/ros_foxy_ws/blickfeld_ws/install/blickfeld_driver/include/blickfeld_driver/srv/detail/set_scan_pattern__functions.h
[14.108s] -- Installing: /home/jeongil/ros_foxy_ws/blickfeld_ws/install/blickfeld_driver/include/blickfeld_driver/srv/detail/imu_static_transformation__functions.c
[14.108s] -- Installing: /home/jeongil/ros_foxy_ws/blickfeld_ws/install/blickfeld_driver/include/blickfeld_driver/srv/detail/imu_static_transformation__struct.h
[14.108s] -- Installing: /home/jeongil/ros_foxy_ws/blickfeld_ws/install/blickfeld_driver/include/blickfeld_driver/srv/detail/set_scan_pattern__type_support.h
[14.108s] -- Installing: /home/jeongil/ros_foxy_ws/blickfeld_ws/install/blickfeld_driver/include/blickfeld_driver/srv/imu_static_transformation.h
[14.108s] -- Installing: /home/jeongil/ros_foxy_ws/blickfeld_ws/install/blickfeld_driver/include/blickfeld_driver/msg
[14.108s] -- Installing: /home/jeongil/ros_foxy_ws/blickfeld_ws/install/blickfeld_driver/include/blickfeld_driver/msg/rosidl_generator_c__visibility_control.h
[14.108s] -- Installing: /home/jeongil/ros_foxy_ws/blickfeld_ws/install/blickfeld_driver/share/blickfeld_driver/environment/library_path.sh
[14.108s] -- Installing: /home/jeongil/ros_foxy_ws/blickfeld_ws/install/blickfeld_driver/share/blickfeld_driver/environment/library_path.dsv
[14.108s] -- Installing: /home/jeongil/ros_foxy_ws/blickfeld_ws/install/blickfeld_driver/lib/libblickfeld_driver__rosidl_generator_c.so
[14.109s] -- Set runtime path of "/home/jeongil/ros_foxy_ws/blickfeld_ws/install/blickfeld_driver/lib/libblickfeld_driver__rosidl_generator_c.so" to ""
[14.109s] -- Up-to-date: /home/jeongil/ros_foxy_ws/blickfeld_ws/install/blickfeld_driver/include/blickfeld_driver
[14.109s] -- Up-to-date: /home/jeongil/ros_foxy_ws/blickfeld_ws/install/blickfeld_driver/include/blickfeld_driver/srv
[14.109s] -- Up-to-date: /home/jeongil/ros_foxy_ws/blickfeld_ws/install/blickfeld_driver/include/blickfeld_driver/srv/detail
[14.109s] -- Installing: /home/jeongil/ros_foxy_ws/blickfeld_ws/install/blickfeld_driver/include/blickfeld_driver/srv/detail/imu_static_transformation__rosidl_typesupport_fastrtps_c.h
[14.109s] -- Installing: /home/jeongil/ros_foxy_ws/blickfeld_ws/install/blickfeld_driver/include/blickfeld_driver/srv/detail/set_scan_pattern__rosidl_typesupport_fastrtps_c.h
[14.109s] -- Up-to-date: /home/jeongil/ros_foxy_ws/blickfeld_ws/install/blickfeld_driver/include/blickfeld_driver/msg
[14.109s] -- Installing: /home/jeongil/ros_foxy_ws/blickfeld_ws/install/blickfeld_driver/include/blickfeld_driver/msg/rosidl_typesupport_fastrtps_c__visibility_control.h
[14.109s] -- Installing: /home/jeongil/ros_foxy_ws/blickfeld_ws/install/blickfeld_driver/lib/libblickfeld_driver__rosidl_typesupport_fastrtps_c.so
[14.109s] -- Set runtime path of "/home/jeongil/ros_foxy_ws/blickfeld_ws/install/blickfeld_driver/lib/libblickfeld_driver__rosidl_typesupport_fastrtps_c.so" to ""
[14.109s] -- Up-to-date: /home/jeongil/ros_foxy_ws/blickfeld_ws/install/blickfeld_driver/include/blickfeld_driver
[14.109s] -- Up-to-date: /home/jeongil/ros_foxy_ws/blickfeld_ws/install/blickfeld_driver/include/blickfeld_driver/srv
[14.109s] -- Up-to-date: /home/jeongil/ros_foxy_ws/blickfeld_ws/install/blickfeld_driver/include/blickfeld_driver/srv/detail
[14.109s] -- Installing: /home/jeongil/ros_foxy_ws/blickfeld_ws/install/blickfeld_driver/include/blickfeld_driver/srv/detail/imu_static_transformation__rosidl_typesupport_fastrtps_cpp.hpp
[14.109s] -- Installing: /home/jeongil/ros_foxy_ws/blickfeld_ws/install/blickfeld_driver/include/blickfeld_driver/srv/detail/dds_fastrtps
[14.109s] -- Installing: /home/jeongil/ros_foxy_ws/blickfeld_ws/install/blickfeld_driver/include/blickfeld_driver/srv/detail/set_scan_pattern__rosidl_typesupport_fastrtps_cpp.hpp
[14.109s] -- Up-to-date: /home/jeongil/ros_foxy_ws/blickfeld_ws/install/blickfeld_driver/include/blickfeld_driver/msg
[14.109s] -- Installing: /home/jeongil/ros_foxy_ws/blickfeld_ws/install/blickfeld_driver/include/blickfeld_driver/msg/rosidl_typesupport_fastrtps_cpp__visibility_control.h
[14.109s] -- Installing: /home/jeongil/ros_foxy_ws/blickfeld_ws/install/blickfeld_driver/lib/libblickfeld_driver__rosidl_typesupport_fastrtps_cpp.so
[14.110s] -- Set runtime path of "/home/jeongil/ros_foxy_ws/blickfeld_ws/install/blickfeld_driver/lib/libblickfeld_driver__rosidl_typesupport_fastrtps_cpp.so" to ""
[14.110s] -- Up-to-date: /home/jeongil/ros_foxy_ws/blickfeld_ws/install/blickfeld_driver/include/blickfeld_driver
[14.110s] -- Up-to-date: /home/jeongil/ros_foxy_ws/blickfeld_ws/install/blickfeld_driver/include/blickfeld_driver/srv
[14.110s] -- Up-to-date: /home/jeongil/ros_foxy_ws/blickfeld_ws/install/blickfeld_driver/include/blickfeld_driver/srv/detail
[14.110s] -- Installing: /home/jeongil/ros_foxy_ws/blickfeld_ws/install/blickfeld_driver/include/blickfeld_driver/srv/detail/set_scan_pattern__rosidl_typesupport_introspection_c.h
[14.110s] -- Installing: /home/jeongil/ros_foxy_ws/blickfeld_ws/install/blickfeld_driver/include/blickfeld_driver/srv/detail/set_scan_pattern__type_support.c
[14.110s] -- Installing: /home/jeongil/ros_foxy_ws/blickfeld_ws/install/blickfeld_driver/include/blickfeld_driver/srv/detail/imu_static_transformation__type_support.c
[14.110s] -- Installing: /home/jeongil/ros_foxy_ws/blickfeld_ws/install/blickfeld_driver/include/blickfeld_driver/srv/detail/imu_static_transformation__rosidl_typesupport_introspection_c.h
[14.110s] -- Up-to-date: /home/jeongil/ros_foxy_ws/blickfeld_ws/install/blickfeld_driver/include/blickfeld_driver/msg
[14.110s] -- Installing: /home/jeongil/ros_foxy_ws/blickfeld_ws/install/blickfeld_driver/include/blickfeld_driver/msg/rosidl_typesupport_introspection_c__visibility_control.h
[14.110s] -- Installing: /home/jeongil/ros_foxy_ws/blickfeld_ws/install/blickfeld_driver/lib/libblickfeld_driver__rosidl_typesupport_introspection_c.so
[14.110s] -- Set runtime path of "/home/jeongil/ros_foxy_ws/blickfeld_ws/install/blickfeld_driver/lib/libblickfeld_driver__rosidl_typesupport_introspection_c.so" to ""
[14.110s] -- Installing: /home/jeongil/ros_foxy_ws/blickfeld_ws/install/blickfeld_driver/lib/libblickfeld_driver__rosidl_typesupport_c.so
[14.110s] -- Set runtime path of "/home/jeongil/ros_foxy_ws/blickfeld_ws/install/blickfeld_driver/lib/libblickfeld_driver__rosidl_typesupport_c.so" to ""
[14.110s] -- Up-to-date: /home/jeongil/ros_foxy_ws/blickfeld_ws/install/blickfeld_driver/include/blickfeld_driver
[14.110s] -- Up-to-date: /home/jeongil/ros_foxy_ws/blickfeld_ws/install/blickfeld_driver/include/blickfeld_driver/srv
[14.110s] -- Installing: /home/jeongil/ros_foxy_ws/blickfeld_ws/install/blickfeld_driver/include/blickfeld_driver/srv/set_scan_pattern.hpp
[14.110s] -- Up-to-date: /home/jeongil/ros_foxy_ws/blickfeld_ws/install/blickfeld_driver/include/blickfeld_driver/srv/detail
[14.110s] -- Installing: /home/jeongil/ros_foxy_ws/blickfeld_ws/install/blickfeld_driver/include/blickfeld_driver/srv/detail/imu_static_transformation__type_support.hpp
[14.111s] -- Installing: /home/jeongil/ros_foxy_ws/blickfeld_ws/install/blickfeld_driver/include/blickfeld_driver/srv/detail/set_scan_pattern__traits.hpp
[14.111s] -- Installing: /home/jeongil/ros_foxy_ws/blickfeld_ws/install/blickfeld_driver/include/blickfeld_driver/srv/detail/set_scan_pattern__builder.hpp
[14.111s] -- Installing: /home/jeongil/ros_foxy_ws/blickfeld_ws/install/blickfeld_driver/include/blickfeld_driver/srv/detail/imu_static_transformation__traits.hpp
[14.111s] -- Installing: /home/jeongil/ros_foxy_ws/blickfeld_ws/install/blickfeld_driver/include/blickfeld_driver/srv/detail/imu_static_transformation__struct.hpp
[14.111s] -- Installing: /home/jeongil/ros_foxy_ws/blickfeld_ws/install/blickfeld_driver/include/blickfeld_driver/srv/detail/imu_static_transformation__builder.hpp
[14.111s] -- Installing: /home/jeongil/ros_foxy_ws/blickfeld_ws/install/blickfeld_driver/include/blickfeld_driver/srv/detail/set_scan_pattern__type_support.hpp
[14.111s] -- Installing: /home/jeongil/ros_foxy_ws/blickfeld_ws/install/blickfeld_driver/include/blickfeld_driver/srv/detail/set_scan_pattern__struct.hpp
[14.111s] -- Installing: /home/jeongil/ros_foxy_ws/blickfeld_ws/install/blickfeld_driver/include/blickfeld_driver/srv/imu_static_transformation.hpp
[14.111s] -- Up-to-date: /home/jeongil/ros_foxy_ws/blickfeld_ws/install/blickfeld_driver/include/blickfeld_driver/msg
[14.111s] -- Installing: /home/jeongil/ros_foxy_ws/blickfeld_ws/install/blickfeld_driver/include/blickfeld_driver/msg/rosidl_generator_cpp__visibility_control.hpp
[14.111s] -- Up-to-date: /home/jeongil/ros_foxy_ws/blickfeld_ws/install/blickfeld_driver/include/blickfeld_driver
[14.111s] -- Up-to-date: /home/jeongil/ros_foxy_ws/blickfeld_ws/install/blickfeld_driver/include/blickfeld_driver/srv
[14.111s] -- Up-to-date: /home/jeongil/ros_foxy_ws/blickfeld_ws/install/blickfeld_driver/include/blickfeld_driver/srv/detail
[14.111s] -- Installing: /home/jeongil/ros_foxy_ws/blickfeld_ws/install/blickfeld_driver/include/blickfeld_driver/srv/detail/set_scan_pattern__type_support.cpp
[14.111s] -- Installing: /home/jeongil/ros_foxy_ws/blickfeld_ws/install/blickfeld_driver/include/blickfeld_driver/srv/detail/imu_static_transformation__type_support.cpp
[14.111s] -- Installing: /home/jeongil/ros_foxy_ws/blickfeld_ws/install/blickfeld_driver/include/blickfeld_driver/srv/detail/set_scan_pattern__rosidl_typesupport_introspection_cpp.hpp
[14.111s] -- Installing: /home/jeongil/ros_foxy_ws/blickfeld_ws/install/blickfeld_driver/include/blickfeld_driver/srv/detail/imu_static_transformation__rosidl_typesupport_introspection_cpp.hpp
[14.111s] -- Installing: /home/jeongil/ros_foxy_ws/blickfeld_ws/install/blickfeld_driver/lib/libblickfeld_driver__rosidl_typesupport_introspection_cpp.so
[14.111s] -- Set runtime path of "/home/jeongil/ros_foxy_ws/blickfeld_ws/install/blickfeld_driver/lib/libblickfeld_driver__rosidl_typesupport_introspection_cpp.so" to ""
[14.111s] -- Installing: /home/jeongil/ros_foxy_ws/blickfeld_ws/install/blickfeld_driver/lib/libblickfeld_driver__rosidl_typesupport_cpp.so
[14.112s] -- Set runtime path of "/home/jeongil/ros_foxy_ws/blickfeld_ws/install/blickfeld_driver/lib/libblickfeld_driver__rosidl_typesupport_cpp.so" to ""
[14.112s] -- Installing: /home/jeongil/ros_foxy_ws/blickfeld_ws/install/blickfeld_driver/share/blickfeld_driver/environment/pythonpath.sh
[14.112s] -- Installing: /home/jeongil/ros_foxy_ws/blickfeld_ws/install/blickfeld_driver/share/blickfeld_driver/environment/pythonpath.dsv
[14.112s] -- Installing: /home/jeongil/ros_foxy_ws/blickfeld_ws/install/blickfeld_driver/lib/python3.7/site-packages/blickfeld_driver/__init__.py
[14.129s] Compiling '/home/jeongil/ros_foxy_ws/blickfeld_ws/install/blickfeld_driver/lib/python3.7/site-packages/blickfeld_driver/__init__.py'...
[14.131s] -- Installing: /home/jeongil/ros_foxy_ws/blickfeld_ws/install/blickfeld_driver/lib/python3.7/site-packages/blickfeld_driver/srv
[14.131s] -- Installing: /home/jeongil/ros_foxy_ws/blickfeld_ws/install/blickfeld_driver/lib/python3.7/site-packages/blickfeld_driver/srv/_imu_static_transformation_s.c
[14.131s] -- Installing: /home/jeongil/ros_foxy_ws/blickfeld_ws/install/blickfeld_driver/lib/python3.7/site-packages/blickfeld_driver/srv/_imu_static_transformation.py
[14.131s] -- Installing: /home/jeongil/ros_foxy_ws/blickfeld_ws/install/blickfeld_driver/lib/python3.7/site-packages/blickfeld_driver/srv/_set_scan_pattern_s.c
[14.131s] -- Installing: /home/jeongil/ros_foxy_ws/blickfeld_ws/install/blickfeld_driver/lib/python3.7/site-packages/blickfeld_driver/srv/_set_scan_pattern.py
[14.131s] -- Installing: /home/jeongil/ros_foxy_ws/blickfeld_ws/install/blickfeld_driver/lib/python3.7/site-packages/blickfeld_driver/srv/__init__.py
[14.131s] -- Installing: /home/jeongil/ros_foxy_ws/blickfeld_ws/install/blickfeld_driver/lib/python3.7/site-packages/blickfeld_driver/blickfeld_driver_s__rosidl_typesupport_fastrtps_c.cpython-37m-x86_64-linux-gnu.so
[14.131s] -- Set runtime path of "/home/jeongil/ros_foxy_ws/blickfeld_ws/install/blickfeld_driver/lib/python3.7/site-packages/blickfeld_driver/blickfeld_driver_s__rosidl_typesupport_fastrtps_c.cpython-37m-x86_64-linux-gnu.so" to ""
[14.131s] -- Installing: /home/jeongil/ros_foxy_ws/blickfeld_ws/install/blickfeld_driver/lib/python3.7/site-packages/blickfeld_driver/blickfeld_driver_s__rosidl_typesupport_introspection_c.cpython-37m-x86_64-linux-gnu.so
[14.132s] -- Set runtime path of "/home/jeongil/ros_foxy_ws/blickfeld_ws/install/blickfeld_driver/lib/python3.7/site-packages/blickfeld_driver/blickfeld_driver_s__rosidl_typesupport_introspection_c.cpython-37m-x86_64-linux-gnu.so" to ""
[14.132s] -- Installing: /home/jeongil/ros_foxy_ws/blickfeld_ws/install/blickfeld_driver/lib/python3.7/site-packages/blickfeld_driver/blickfeld_driver_s__rosidl_typesupport_c.cpython-37m-x86_64-linux-gnu.so
[14.132s] -- Set runtime path of "/home/jeongil/ros_foxy_ws/blickfeld_ws/install/blickfeld_driver/lib/python3.7/site-packages/blickfeld_driver/blickfeld_driver_s__rosidl_typesupport_c.cpython-37m-x86_64-linux-gnu.so" to ""
[14.132s] -- Installing: /home/jeongil/ros_foxy_ws/blickfeld_ws/install/blickfeld_driver/lib/libblickfeld_driver__python.so
[14.132s] -- Set runtime path of "/home/jeongil/ros_foxy_ws/blickfeld_ws/install/blickfeld_driver/lib/libblickfeld_driver__python.so" to ""
[14.132s] -- Installing: /home/jeongil/ros_foxy_ws/blickfeld_ws/install/blickfeld_driver/share/blickfeld_driver/srv/ImuStaticTransformation.idl
[14.132s] -- Installing: /home/jeongil/ros_foxy_ws/blickfeld_ws/install/blickfeld_driver/share/blickfeld_driver/srv/SetScanPattern.idl
[14.132s] -- Installing: /home/jeongil/ros_foxy_ws/blickfeld_ws/install/blickfeld_driver/share/blickfeld_driver/srv/ImuStaticTransformation.srv
[14.132s] -- Installing: /home/jeongil/ros_foxy_ws/blickfeld_ws/install/blickfeld_driver/share/blickfeld_driver/srv/ImuStaticTransformation_Request.msg
[14.132s] -- Installing: /home/jeongil/ros_foxy_ws/blickfeld_ws/install/blickfeld_driver/share/blickfeld_driver/srv/ImuStaticTransformation_Response.msg
[14.132s] -- Installing: /home/jeongil/ros_foxy_ws/blickfeld_ws/install/blickfeld_driver/share/blickfeld_driver/srv/SetScanPattern.srv
[14.132s] -- Installing: /home/jeongil/ros_foxy_ws/blickfeld_ws/install/blickfeld_driver/share/blickfeld_driver/srv/SetScanPattern_Request.msg
[14.133s] -- Installing: /home/jeongil/ros_foxy_ws/blickfeld_ws/install/blickfeld_driver/share/blickfeld_driver/srv/SetScanPattern_Response.msg
[14.133s] -- Up-to-date: /home/jeongil/ros_foxy_ws/blickfeld_ws/install/blickfeld_driver/share/blickfeld_driver/environment/library_path.sh
[14.133s] -- Up-to-date: /home/jeongil/ros_foxy_ws/blickfeld_ws/install/blickfeld_driver/share/blickfeld_driver/environment/library_path.dsv
[14.133s] -- Installing: /home/jeongil/ros_foxy_ws/blickfeld_ws/install/blickfeld_driver/lib/libblickfeld_driver_lib.so
[14.134s] -- Set runtime path of "/home/jeongil/ros_foxy_ws/blickfeld_ws/install/blickfeld_driver/lib/libblickfeld_driver_lib.so" to ""
[14.134s] -- Installing: /home/jeongil/ros_foxy_ws/blickfeld_ws/install/blickfeld_driver/lib/libblickfeld_driver_component.so
[14.135s] -- Set runtime path of "/home/jeongil/ros_foxy_ws/blickfeld_ws/install/blickfeld_driver/lib/libblickfeld_driver_component.so" to ""
[14.135s] -- Installing: /home/jeongil/ros_foxy_ws/blickfeld_ws/install/blickfeld_driver/lib/blickfeld_driver/blickfeld_driver_node
[14.135s] -- Set runtime path of "/home/jeongil/ros_foxy_ws/blickfeld_ws/install/blickfeld_driver/lib/blickfeld_driver/blickfeld_driver_node" to ""
[14.135s] -- Up-to-date: /home/jeongil/ros_foxy_ws/blickfeld_ws/install/blickfeld_driver/include/
[14.135s] -- Up-to-date: /home/jeongil/ros_foxy_ws/blickfeld_ws/install/blickfeld_driver/include//blickfeld_driver
[14.135s] -- Installing: /home/jeongil/ros_foxy_ws/blickfeld_ws/install/blickfeld_driver/include//blickfeld_driver/blickfeld_driver.h
[14.135s] -- Installing: /home/jeongil/ros_foxy_ws/blickfeld_ws/install/blickfeld_driver/include//blickfeld_driver/blickfeld_driver_ros_types.h
[14.135s] -- Up-to-date: /home/jeongil/ros_foxy_ws/blickfeld_ws/install/blickfeld_driver/include/
[14.135s] -- Installing: /home/jeongil/ros_foxy_ws/blickfeld_ws/install/blickfeld_driver/include//blickfeld_driver_core
[14.135s] -- Installing: /home/jeongil/ros_foxy_ws/blickfeld_ws/install/blickfeld_driver/include//blickfeld_driver_core/blickfeld_driver_utils.h
[14.135s] -- Installing: /home/jeongil/ros_foxy_ws/blickfeld_ws/install/blickfeld_driver/include//blickfeld_driver_core/blickfeld_driver_point_cloud_parser.h
[14.135s] -- Installing: /home/jeongil/ros_foxy_ws/blickfeld_ws/install/blickfeld_driver/include//blickfeld_driver_core/blickfeld_driver_imu_parser.h
[14.135s] -- Installing: /home/jeongil/ros_foxy_ws/blickfeld_ws/install/blickfeld_driver/include//blickfeld_driver_core/blickfeld_driver_types.h
[14.135s] -- Installing: /home/jeongil/ros_foxy_ws/blickfeld_ws/install/blickfeld_driver/include//blickfeld_driver_core/blickfeld_driver_core.h
[14.135s] -- Installing: /home/jeongil/ros_foxy_ws/blickfeld_ws/install/blickfeld_driver/share/blickfeld_driver/launch
[14.135s] -- Installing: /home/jeongil/ros_foxy_ws/blickfeld_ws/install/blickfeld_driver/share/blickfeld_driver/launch/live_scanner.launch.xml
[14.135s] -- Installing: /home/jeongil/ros_foxy_ws/blickfeld_ws/install/blickfeld_driver/share/blickfeld_driver/launch/live_scanner_component.launch.py
[14.135s] -- Installing: /home/jeongil/ros_foxy_ws/blickfeld_ws/install/blickfeld_driver/share/blickfeld_driver/launch/live_scanner_node.launch.py
[14.135s] -- Installing: /home/jeongil/ros_foxy_ws/blickfeld_ws/install/blickfeld_driver/share/blickfeld_driver/config
[14.135s] -- Installing: /home/jeongil/ros_foxy_ws/blickfeld_ws/install/blickfeld_driver/share/blickfeld_driver/config/driver_config.yaml
[14.135s] -- Installing: /home/jeongil/ros_foxy_ws/blickfeld_ws/install/blickfeld_driver/share/blickfeld_driver/config/blickfeld_scanner.rviz
[14.135s] -- Installing: /home/jeongil/ros_foxy_ws/blickfeld_ws/install/blickfeld_driver/share/ament_index/resource_index/package_run_dependencies/blickfeld_driver
[14.135s] -- Installing: /home/jeongil/ros_foxy_ws/blickfeld_ws/install/blickfeld_driver/share/ament_index/resource_index/parent_prefix_path/blickfeld_driver
[14.135s] -- Installing: /home/jeongil/ros_foxy_ws/blickfeld_ws/install/blickfeld_driver/share/blickfeld_driver/environment/ament_prefix_path.sh
[14.136s] -- Installing: /home/jeongil/ros_foxy_ws/blickfeld_ws/install/blickfeld_driver/share/blickfeld_driver/environment/ament_prefix_path.dsv
[14.136s] -- Installing: /home/jeongil/ros_foxy_ws/blickfeld_ws/install/blickfeld_driver/share/blickfeld_driver/environment/path.sh
[14.136s] -- Installing: /home/jeongil/ros_foxy_ws/blickfeld_ws/install/blickfeld_driver/share/blickfeld_driver/environment/path.dsv
[14.136s] -- Installing: /home/jeongil/ros_foxy_ws/blickfeld_ws/install/blickfeld_driver/share/blickfeld_driver/local_setup.bash
[14.136s] -- Installing: /home/jeongil/ros_foxy_ws/blickfeld_ws/install/blickfeld_driver/share/blickfeld_driver/local_setup.sh
[14.136s] -- Installing: /home/jeongil/ros_foxy_ws/blickfeld_ws/install/blickfeld_driver/share/blickfeld_driver/local_setup.zsh
[14.136s] -- Installing: /home/jeongil/ros_foxy_ws/blickfeld_ws/install/blickfeld_driver/share/blickfeld_driver/local_setup.dsv
[14.136s] -- Installing: /home/jeongil/ros_foxy_ws/blickfeld_ws/install/blickfeld_driver/share/blickfeld_driver/package.dsv
[14.136s] -- Installing: /home/jeongil/ros_foxy_ws/blickfeld_ws/install/blickfeld_driver/share/ament_index/resource_index/packages/blickfeld_driver
[14.136s] -- Installing: /home/jeongil/ros_foxy_ws/blickfeld_ws/install/blickfeld_driver/share/blickfeld_driver/cmake/blickfeld_driver__rosidl_generator_cExport.cmake
[14.136s] -- Installing: /home/jeongil/ros_foxy_ws/blickfeld_ws/install/blickfeld_driver/share/blickfeld_driver/cmake/blickfeld_driver__rosidl_generator_cExport-noconfig.cmake
[14.136s] -- Installing: /home/jeongil/ros_foxy_ws/blickfeld_ws/install/blickfeld_driver/share/blickfeld_driver/cmake/blickfeld_driver__rosidl_typesupport_introspection_cExport.cmake
[14.136s] -- Installing: /home/jeongil/ros_foxy_ws/blickfeld_ws/install/blickfeld_driver/share/blickfeld_driver/cmake/blickfeld_driver__rosidl_typesupport_introspection_cExport-noconfig.cmake
[14.136s] -- Installing: /home/jeongil/ros_foxy_ws/blickfeld_ws/install/blickfeld_driver/share/blickfeld_driver/cmake/blickfeld_driver__rosidl_typesupport_cExport.cmake
[14.136s] -- Installing: /home/jeongil/ros_foxy_ws/blickfeld_ws/install/blickfeld_driver/share/blickfeld_driver/cmake/blickfeld_driver__rosidl_typesupport_cExport-noconfig.cmake
[14.136s] -- Installing: /home/jeongil/ros_foxy_ws/blickfeld_ws/install/blickfeld_driver/share/blickfeld_driver/cmake/blickfeld_driver__rosidl_generator_cppExport.cmake
[14.136s] -- Installing: /home/jeongil/ros_foxy_ws/blickfeld_ws/install/blickfeld_driver/share/blickfeld_driver/cmake/blickfeld_driver__rosidl_typesupport_introspection_cppExport.cmake
[14.136s] -- Installing: /home/jeongil/ros_foxy_ws/blickfeld_ws/install/blickfeld_driver/share/blickfeld_driver/cmake/blickfeld_driver__rosidl_typesupport_introspection_cppExport-noconfig.cmake
[14.137s] -- Installing: /home/jeongil/ros_foxy_ws/blickfeld_ws/install/blickfeld_driver/share/blickfeld_driver/cmake/blickfeld_driver__rosidl_typesupport_cppExport.cmake
[14.137s] -- Installing: /home/jeongil/ros_foxy_ws/blickfeld_ws/install/blickfeld_driver/share/blickfeld_driver/cmake/blickfeld_driver__rosidl_typesupport_cppExport-noconfig.cmake
[14.137s] -- Installing: /home/jeongil/ros_foxy_ws/blickfeld_ws/install/blickfeld_driver/share/ament_index/resource_index/rclcpp_components/blickfeld_driver
[14.137s] -- Installing: /home/jeongil/ros_foxy_ws/blickfeld_ws/install/blickfeld_driver/share/blickfeld_driver/cmake/rosidl_cmake-extras.cmake
[14.137s] -- Installing: /home/jeongil/ros_foxy_ws/blickfeld_ws/install/blickfeld_driver/share/blickfeld_driver/cmake/ament_cmake_export_dependencies-extras.cmake
[14.137s] -- Installing: /home/jeongil/ros_foxy_ws/blickfeld_ws/install/blickfeld_driver/share/blickfeld_driver/cmake/ament_cmake_export_libraries-extras.cmake
[14.137s] -- Installing: /home/jeongil/ros_foxy_ws/blickfeld_ws/install/blickfeld_driver/share/blickfeld_driver/cmake/ament_cmake_export_targets-extras.cmake
[14.137s] -- Installing: /home/jeongil/ros_foxy_ws/blickfeld_ws/install/blickfeld_driver/share/blickfeld_driver/cmake/ament_cmake_export_include_directories-extras.cmake
[14.137s] -- Installing: /home/jeongil/ros_foxy_ws/blickfeld_ws/install/blickfeld_driver/share/blickfeld_driver/cmake/rosidl_cmake_export_typesupport_libraries-extras.cmake
[14.137s] -- Installing: /home/jeongil/ros_foxy_ws/blickfeld_ws/install/blickfeld_driver/share/blickfeld_driver/cmake/rosidl_cmake_export_typesupport_targets-extras.cmake
[14.137s] -- Installing: /home/jeongil/ros_foxy_ws/blickfeld_ws/install/blickfeld_driver/share/blickfeld_driver/cmake/blickfeld_driverConfig.cmake
[14.137s] -- Installing: /home/jeongil/ros_foxy_ws/blickfeld_ws/install/blickfeld_driver/share/blickfeld_driver/cmake/blickfeld_driverConfig-version.cmake
[14.137s] -- Installing: /home/jeongil/ros_foxy_ws/blickfeld_ws/install/blickfeld_driver/share/blickfeld_driver/package.xml
[14.137s] -- Installing: /home/jeongil/ros_foxy_ws/blickfeld_ws/install/blickfeld_driver/lib/libblickfeld_driver_core.so
[14.140s] -- Set runtime path of "/home/jeongil/ros_foxy_ws/blickfeld_ws/install/blickfeld_driver/lib/libblickfeld_driver_core.so" to ""
[14.142s] Invoked command in '/home/jeongil/ros_foxy_ws/blickfeld_ws/build/blickfeld_driver' returned '0': CMAKE_PREFIX_PATH=${CMAKE_PREFIX_PATH}:/home/jeongil/ros_foxy_ws/blickfeld_ws/install/blickfeld_pointcloud:/opt/ros/foxy CONDA_PROMPT_MODIFIER=(blickfeld) /usr/bin/cmake --install /home/jeongil/ros_foxy_ws/blickfeld_ws/build/blickfeld_driver
