[  2%] Built target blickfeld_driver__cpp
[ 10%] Built target blickfeld_driver__rosidl_generator_c
[ 24%] Built target blickfeld_driver__rosidl_typesupport_introspection_cpp
[ 26%] Built target blickfeld_driver__rosidl_typesupport_cpp
[ 34%] Built target blickfeld_driver__rosidl_typesupport_c
[ 42%] Built target blickfeld_driver__rosidl_typesupport_introspection_c
[ 50%] Built target blickfeld_driver__rosidl_typesupport_fastrtps_cpp
[ 60%] Built target blickfeld_driver_core
[ 68%] Built target blickfeld_driver__rosidl_typesupport_fastrtps_c
[ 68%] Built target blickfeld_driver
[ 70%] Built target blickfeld_driver__py
[ 74%] Built target blickfeld_driver_lib
[ 80%] Built target blickfeld_driver__python
[ 92%] Built target blickfeld_driver__rosidl_typesupport_c__pyext
[ 92%] Built target blickfeld_driver__rosidl_typesupport_introspection_c__pyext
[ 92%] Built target blickfeld_driver__rosidl_typesupport_fastrtps_c__pyext
[ 96%] Built target blickfeld_driver_node
[100%] Built target blickfeld_driver_component
-- Install configuration: ""
-- Up-to-date: /home/jeongil/blickfeld_ws/install/blickfeld_driver/share/ament_index/resource_index/rosidl_interfaces/blickfeld_driver
-- Up-to-date: /home/jeongil/blickfeld_ws/install/blickfeld_driver/include/blickfeld_driver
-- Up-to-date: /home/jeongil/blickfeld_ws/install/blickfeld_driver/include/blickfeld_driver/msg
-- Up-to-date: /home/jeongil/blickfeld_ws/install/blickfeld_driver/include/blickfeld_driver/msg/rosidl_generator_c__visibility_control.h
-- Up-to-date: /home/jeongil/blickfeld_ws/install/blickfeld_driver/include/blickfeld_driver/srv
-- Up-to-date: /home/jeongil/blickfeld_ws/install/blickfeld_driver/include/blickfeld_driver/srv/set_scan_pattern.h
-- Up-to-date: /home/jeongil/blickfeld_ws/install/blickfeld_driver/include/blickfeld_driver/srv/detail
-- Up-to-date: /home/jeongil/blickfeld_ws/install/blickfeld_driver/include/blickfeld_driver/srv/detail/imu_static_transformation__type_support.h
-- Up-to-date: /home/jeongil/blickfeld_ws/install/blickfeld_driver/include/blickfeld_driver/srv/detail/imu_static_transformation__functions.c
-- Up-to-date: /home/jeongil/blickfeld_ws/install/blickfeld_driver/include/blickfeld_driver/srv/detail/set_scan_pattern__struct.h
-- Up-to-date: /home/jeongil/blickfeld_ws/install/blickfeld_driver/include/blickfeld_driver/srv/detail/imu_static_transformation__functions.h
-- Up-to-date: /home/jeongil/blickfeld_ws/install/blickfeld_driver/include/blickfeld_driver/srv/detail/set_scan_pattern__type_support.h
-- Up-to-date: /home/jeongil/blickfeld_ws/install/blickfeld_driver/include/blickfeld_driver/srv/detail/imu_static_transformation__struct.h
-- Up-to-date: /home/jeongil/blickfeld_ws/install/blickfeld_driver/include/blickfeld_driver/srv/detail/set_scan_pattern__functions.h
-- Up-to-date: /home/jeongil/blickfeld_ws/install/blickfeld_driver/include/blickfeld_driver/srv/detail/set_scan_pattern__functions.c
-- Up-to-date: /home/jeongil/blickfeld_ws/install/blickfeld_driver/include/blickfeld_driver/srv/imu_static_transformation.h
-- Up-to-date: /home/jeongil/blickfeld_ws/install/blickfeld_driver/share/blickfeld_driver/environment/library_path.sh
-- Up-to-date: /home/jeongil/blickfeld_ws/install/blickfeld_driver/share/blickfeld_driver/environment/library_path.dsv
-- Up-to-date: /home/jeongil/blickfeld_ws/install/blickfeld_driver/lib/libblickfeld_driver__rosidl_generator_c.so
-- Up-to-date: /home/jeongil/blickfeld_ws/install/blickfeld_driver/include/blickfeld_driver
-- Up-to-date: /home/jeongil/blickfeld_ws/install/blickfeld_driver/include/blickfeld_driver/msg
-- Up-to-date: /home/jeongil/blickfeld_ws/install/blickfeld_driver/include/blickfeld_driver/msg/rosidl_typesupport_fastrtps_c__visibility_control.h
-- Up-to-date: /home/jeongil/blickfeld_ws/install/blickfeld_driver/include/blickfeld_driver/srv
-- Up-to-date: /home/jeongil/blickfeld_ws/install/blickfeld_driver/include/blickfeld_driver/srv/detail
-- Up-to-date: /home/jeongil/blickfeld_ws/install/blickfeld_driver/include/blickfeld_driver/srv/detail/set_scan_pattern__rosidl_typesupport_fastrtps_c.h
-- Up-to-date: /home/jeongil/blickfeld_ws/install/blickfeld_driver/include/blickfeld_driver/srv/detail/imu_static_transformation__rosidl_typesupport_fastrtps_c.h
-- Up-to-date: /home/jeongil/blickfeld_ws/install/blickfeld_driver/lib/libblickfeld_driver__rosidl_typesupport_fastrtps_c.so
-- Up-to-date: /home/jeongil/blickfeld_ws/install/blickfeld_driver/include/blickfeld_driver
-- Up-to-date: /home/jeongil/blickfeld_ws/install/blickfeld_driver/include/blickfeld_driver/msg
-- Up-to-date: /home/jeongil/blickfeld_ws/install/blickfeld_driver/include/blickfeld_driver/msg/rosidl_typesupport_fastrtps_cpp__visibility_control.h
-- Up-to-date: /home/jeongil/blickfeld_ws/install/blickfeld_driver/include/blickfeld_driver/srv
-- Up-to-date: /home/jeongil/blickfeld_ws/install/blickfeld_driver/include/blickfeld_driver/srv/detail
-- Up-to-date: /home/jeongil/blickfeld_ws/install/blickfeld_driver/include/blickfeld_driver/srv/detail/imu_static_transformation__rosidl_typesupport_fastrtps_cpp.hpp
-- Up-to-date: /home/jeongil/blickfeld_ws/install/blickfeld_driver/include/blickfeld_driver/srv/detail/dds_fastrtps
-- Up-to-date: /home/jeongil/blickfeld_ws/install/blickfeld_driver/include/blickfeld_driver/srv/detail/set_scan_pattern__rosidl_typesupport_fastrtps_cpp.hpp
-- Up-to-date: /home/jeongil/blickfeld_ws/install/blickfeld_driver/lib/libblickfeld_driver__rosidl_typesupport_fastrtps_cpp.so
-- Up-to-date: /home/jeongil/blickfeld_ws/install/blickfeld_driver/include/blickfeld_driver
-- Up-to-date: /home/jeongil/blickfeld_ws/install/blickfeld_driver/include/blickfeld_driver/msg
-- Up-to-date: /home/jeongil/blickfeld_ws/install/blickfeld_driver/include/blickfeld_driver/msg/rosidl_typesupport_introspection_c__visibility_control.h
-- Up-to-date: /home/jeongil/blickfeld_ws/install/blickfeld_driver/include/blickfeld_driver/srv
-- Up-to-date: /home/jeongil/blickfeld_ws/install/blickfeld_driver/include/blickfeld_driver/srv/detail
-- Up-to-date: /home/jeongil/blickfeld_ws/install/blickfeld_driver/include/blickfeld_driver/srv/detail/set_scan_pattern__rosidl_typesupport_introspection_c.h
-- Up-to-date: /home/jeongil/blickfeld_ws/install/blickfeld_driver/include/blickfeld_driver/srv/detail/imu_static_transformation__type_support.c
-- Up-to-date: /home/jeongil/blickfeld_ws/install/blickfeld_driver/include/blickfeld_driver/srv/detail/imu_static_transformation__rosidl_typesupport_introspection_c.h
-- Up-to-date: /home/jeongil/blickfeld_ws/install/blickfeld_driver/include/blickfeld_driver/srv/detail/set_scan_pattern__type_support.c
-- Up-to-date: /home/jeongil/blickfeld_ws/install/blickfeld_driver/lib/libblickfeld_driver__rosidl_typesupport_introspection_c.so
-- Up-to-date: /home/jeongil/blickfeld_ws/install/blickfeld_driver/lib/libblickfeld_driver__rosidl_typesupport_c.so
-- Up-to-date: /home/jeongil/blickfeld_ws/install/blickfeld_driver/include/blickfeld_driver
-- Up-to-date: /home/jeongil/blickfeld_ws/install/blickfeld_driver/include/blickfeld_driver/msg
-- Up-to-date: /home/jeongil/blickfeld_ws/install/blickfeld_driver/include/blickfeld_driver/msg/rosidl_generator_cpp__visibility_control.hpp
-- Up-to-date: /home/jeongil/blickfeld_ws/install/blickfeld_driver/include/blickfeld_driver/srv
-- Up-to-date: /home/jeongil/blickfeld_ws/install/blickfeld_driver/include/blickfeld_driver/srv/detail
-- Up-to-date: /home/jeongil/blickfeld_ws/install/blickfeld_driver/include/blickfeld_driver/srv/detail/set_scan_pattern__type_support.hpp
-- Up-to-date: /home/jeongil/blickfeld_ws/install/blickfeld_driver/include/blickfeld_driver/srv/detail/imu_static_transformation__traits.hpp
-- Up-to-date: /home/jeongil/blickfeld_ws/install/blickfeld_driver/include/blickfeld_driver/srv/detail/set_scan_pattern__builder.hpp
-- Up-to-date: /home/jeongil/blickfeld_ws/install/blickfeld_driver/include/blickfeld_driver/srv/detail/set_scan_pattern__struct.hpp
-- Up-to-date: /home/jeongil/blickfeld_ws/install/blickfeld_driver/include/blickfeld_driver/srv/detail/imu_static_transformation__builder.hpp
-- Up-to-date: /home/jeongil/blickfeld_ws/install/blickfeld_driver/include/blickfeld_driver/srv/detail/imu_static_transformation__struct.hpp
-- Up-to-date: /home/jeongil/blickfeld_ws/install/blickfeld_driver/include/blickfeld_driver/srv/detail/imu_static_transformation__type_support.hpp
-- Up-to-date: /home/jeongil/blickfeld_ws/install/blickfeld_driver/include/blickfeld_driver/srv/detail/set_scan_pattern__traits.hpp
-- Up-to-date: /home/jeongil/blickfeld_ws/install/blickfeld_driver/include/blickfeld_driver/srv/imu_static_transformation.hpp
-- Up-to-date: /home/jeongil/blickfeld_ws/install/blickfeld_driver/include/blickfeld_driver/srv/set_scan_pattern.hpp
-- Up-to-date: /home/jeongil/blickfeld_ws/install/blickfeld_driver/include/blickfeld_driver
-- Up-to-date: /home/jeongil/blickfeld_ws/install/blickfeld_driver/include/blickfeld_driver/srv
-- Up-to-date: /home/jeongil/blickfeld_ws/install/blickfeld_driver/include/blickfeld_driver/srv/detail
-- Up-to-date: /home/jeongil/blickfeld_ws/install/blickfeld_driver/include/blickfeld_driver/srv/detail/imu_static_transformation__type_support.cpp
-- Up-to-date: /home/jeongil/blickfeld_ws/install/blickfeld_driver/include/blickfeld_driver/srv/detail/set_scan_pattern__type_support.cpp
-- Up-to-date: /home/jeongil/blickfeld_ws/install/blickfeld_driver/include/blickfeld_driver/srv/detail/imu_static_transformation__rosidl_typesupport_introspection_cpp.hpp
-- Up-to-date: /home/jeongil/blickfeld_ws/install/blickfeld_driver/include/blickfeld_driver/srv/detail/set_scan_pattern__rosidl_typesupport_introspection_cpp.hpp
-- Up-to-date: /home/jeongil/blickfeld_ws/install/blickfeld_driver/lib/libblickfeld_driver__rosidl_typesupport_introspection_cpp.so
-- Up-to-date: /home/jeongil/blickfeld_ws/install/blickfeld_driver/lib/libblickfeld_driver__rosidl_typesupport_cpp.so
-- Up-to-date: /home/jeongil/blickfeld_ws/install/blickfeld_driver/share/blickfeld_driver/environment/pythonpath.sh
-- Up-to-date: /home/jeongil/blickfeld_ws/install/blickfeld_driver/share/blickfeld_driver/environment/pythonpath.dsv
-- Up-to-date: /home/jeongil/blickfeld_ws/install/blickfeld_driver/lib/python3.8/site-packages/blickfeld_driver/__init__.py
-- Up-to-date: /home/jeongil/blickfeld_ws/install/blickfeld_driver/lib/python3.8/site-packages/blickfeld_driver/srv
-- Up-to-date: /home/jeongil/blickfeld_ws/install/blickfeld_driver/lib/python3.8/site-packages/blickfeld_driver/srv/_imu_static_transformation.py
-- Up-to-date: /home/jeongil/blickfeld_ws/install/blickfeld_driver/lib/python3.8/site-packages/blickfeld_driver/srv/_imu_static_transformation_s.c
-- Up-to-date: /home/jeongil/blickfeld_ws/install/blickfeld_driver/lib/python3.8/site-packages/blickfeld_driver/srv/_set_scan_pattern.py
-- Up-to-date: /home/jeongil/blickfeld_ws/install/blickfeld_driver/lib/python3.8/site-packages/blickfeld_driver/srv/_set_scan_pattern_s.c
-- Up-to-date: /home/jeongil/blickfeld_ws/install/blickfeld_driver/lib/python3.8/site-packages/blickfeld_driver/srv/__init__.py
-- Up-to-date: /home/jeongil/blickfeld_ws/install/blickfeld_driver/lib/python3.8/site-packages/blickfeld_driver/blickfeld_driver_s__rosidl_typesupport_fastrtps_c.cpython-38-x86_64-linux-gnu.so
-- Up-to-date: /home/jeongil/blickfeld_ws/install/blickfeld_driver/lib/python3.8/site-packages/blickfeld_driver/blickfeld_driver_s__rosidl_typesupport_introspection_c.cpython-38-x86_64-linux-gnu.so
-- Up-to-date: /home/jeongil/blickfeld_ws/install/blickfeld_driver/lib/python3.8/site-packages/blickfeld_driver/blickfeld_driver_s__rosidl_typesupport_c.cpython-38-x86_64-linux-gnu.so
-- Up-to-date: /home/jeongil/blickfeld_ws/install/blickfeld_driver/lib/libblickfeld_driver__python.so
-- Up-to-date: /home/jeongil/blickfeld_ws/install/blickfeld_driver/share/blickfeld_driver/srv/ImuStaticTransformation.idl
-- Up-to-date: /home/jeongil/blickfeld_ws/install/blickfeld_driver/share/blickfeld_driver/srv/SetScanPattern.idl
-- Up-to-date: /home/jeongil/blickfeld_ws/install/blickfeld_driver/share/blickfeld_driver/srv/ImuStaticTransformation.srv
-- Up-to-date: /home/jeongil/blickfeld_ws/install/blickfeld_driver/share/blickfeld_driver/srv/ImuStaticTransformation_Request.msg
-- Up-to-date: /home/jeongil/blickfeld_ws/install/blickfeld_driver/share/blickfeld_driver/srv/ImuStaticTransformation_Response.msg
-- Up-to-date: /home/jeongil/blickfeld_ws/install/blickfeld_driver/share/blickfeld_driver/srv/SetScanPattern.srv
-- Up-to-date: /home/jeongil/blickfeld_ws/install/blickfeld_driver/share/blickfeld_driver/srv/SetScanPattern_Request.msg
-- Up-to-date: /home/jeongil/blickfeld_ws/install/blickfeld_driver/share/blickfeld_driver/srv/SetScanPattern_Response.msg
-- Up-to-date: /home/jeongil/blickfeld_ws/install/blickfeld_driver/share/blickfeld_driver/environment/library_path.sh
-- Up-to-date: /home/jeongil/blickfeld_ws/install/blickfeld_driver/share/blickfeld_driver/environment/library_path.dsv
-- Up-to-date: /home/jeongil/blickfeld_ws/install/blickfeld_driver/lib/libblickfeld_driver_lib.so
-- Up-to-date: /home/jeongil/blickfeld_ws/install/blickfeld_driver/lib/libblickfeld_driver_component.so
-- Up-to-date: /home/jeongil/blickfeld_ws/install/blickfeld_driver/lib/blickfeld_driver/blickfeld_driver_node
-- Up-to-date: /home/jeongil/blickfeld_ws/install/blickfeld_driver/include/
-- Up-to-date: /home/jeongil/blickfeld_ws/install/blickfeld_driver/include//blickfeld_driver
-- Up-to-date: /home/jeongil/blickfeld_ws/install/blickfeld_driver/include//blickfeld_driver/blickfeld_driver.h
-- Up-to-date: /home/jeongil/blickfeld_ws/install/blickfeld_driver/include//blickfeld_driver/blickfeld_driver_ros_types.h
-- Up-to-date: /home/jeongil/blickfeld_ws/install/blickfeld_driver/include/
-- Up-to-date: /home/jeongil/blickfeld_ws/install/blickfeld_driver/include//blickfeld_driver_core
-- Up-to-date: /home/jeongil/blickfeld_ws/install/blickfeld_driver/include//blickfeld_driver_core/blickfeld_driver_core.h
-- Up-to-date: /home/jeongil/blickfeld_ws/install/blickfeld_driver/include//blickfeld_driver_core/blickfeld_driver_types.h
-- Up-to-date: /home/jeongil/blickfeld_ws/install/blickfeld_driver/include//blickfeld_driver_core/blickfeld_driver_point_cloud_parser.h
-- Up-to-date: /home/jeongil/blickfeld_ws/install/blickfeld_driver/include//blickfeld_driver_core/blickfeld_driver_imu_parser.h
-- Up-to-date: /home/jeongil/blickfeld_ws/install/blickfeld_driver/include//blickfeld_driver_core/blickfeld_driver_utils.h
-- Up-to-date: /home/jeongil/blickfeld_ws/install/blickfeld_driver/share/blickfeld_driver/launch
-- Up-to-date: /home/jeongil/blickfeld_ws/install/blickfeld_driver/share/blickfeld_driver/launch/live_scanner_component.launch.py
-- Up-to-date: /home/jeongil/blickfeld_ws/install/blickfeld_driver/share/blickfeld_driver/launch/live_scanner.launch.xml
-- Installing: /home/jeongil/blickfeld_ws/install/blickfeld_driver/share/blickfeld_driver/launch/live_scanner_node.launch.py
-- Up-to-date: /home/jeongil/blickfeld_ws/install/blickfeld_driver/share/blickfeld_driver/config
-- Up-to-date: /home/jeongil/blickfeld_ws/install/blickfeld_driver/share/blickfeld_driver/config/blickfeld_scanner.rviz
-- Installing: /home/jeongil/blickfeld_ws/install/blickfeld_driver/share/blickfeld_driver/config/driver_config.yaml
-- Up-to-date: /home/jeongil/blickfeld_ws/install/blickfeld_driver/share/ament_index/resource_index/package_run_dependencies/blickfeld_driver
-- Up-to-date: /home/jeongil/blickfeld_ws/install/blickfeld_driver/share/ament_index/resource_index/parent_prefix_path/blickfeld_driver
-- Up-to-date: /home/jeongil/blickfeld_ws/install/blickfeld_driver/share/blickfeld_driver/environment/ament_prefix_path.sh
-- Up-to-date: /home/jeongil/blickfeld_ws/install/blickfeld_driver/share/blickfeld_driver/environment/ament_prefix_path.dsv
-- Up-to-date: /home/jeongil/blickfeld_ws/install/blickfeld_driver/share/blickfeld_driver/environment/path.sh
-- Up-to-date: /home/jeongil/blickfeld_ws/install/blickfeld_driver/share/blickfeld_driver/environment/path.dsv
-- Up-to-date: /home/jeongil/blickfeld_ws/install/blickfeld_driver/share/blickfeld_driver/local_setup.bash
-- Up-to-date: /home/jeongil/blickfeld_ws/install/blickfeld_driver/share/blickfeld_driver/local_setup.sh
-- Up-to-date: /home/jeongil/blickfeld_ws/install/blickfeld_driver/share/blickfeld_driver/local_setup.zsh
-- Up-to-date: /home/jeongil/blickfeld_ws/install/blickfeld_driver/share/blickfeld_driver/local_setup.dsv
-- Installing: /home/jeongil/blickfeld_ws/install/blickfeld_driver/share/blickfeld_driver/package.dsv
-- Up-to-date: /home/jeongil/blickfeld_ws/install/blickfeld_driver/share/ament_index/resource_index/packages/blickfeld_driver
-- Up-to-date: /home/jeongil/blickfeld_ws/install/blickfeld_driver/share/blickfeld_driver/cmake/blickfeld_driver__rosidl_generator_cExport.cmake
-- Up-to-date: /home/jeongil/blickfeld_ws/install/blickfeld_driver/share/blickfeld_driver/cmake/blickfeld_driver__rosidl_generator_cExport-noconfig.cmake
-- Up-to-date: /home/jeongil/blickfeld_ws/install/blickfeld_driver/share/blickfeld_driver/cmake/blickfeld_driver__rosidl_typesupport_introspection_cExport.cmake
-- Up-to-date: /home/jeongil/blickfeld_ws/install/blickfeld_driver/share/blickfeld_driver/cmake/blickfeld_driver__rosidl_typesupport_introspection_cExport-noconfig.cmake
-- Up-to-date: /home/jeongil/blickfeld_ws/install/blickfeld_driver/share/blickfeld_driver/cmake/blickfeld_driver__rosidl_typesupport_cExport.cmake
-- Up-to-date: /home/jeongil/blickfeld_ws/install/blickfeld_driver/share/blickfeld_driver/cmake/blickfeld_driver__rosidl_typesupport_cExport-noconfig.cmake
-- Up-to-date: /home/jeongil/blickfeld_ws/install/blickfeld_driver/share/blickfeld_driver/cmake/blickfeld_driver__rosidl_generator_cppExport.cmake
-- Up-to-date: /home/jeongil/blickfeld_ws/install/blickfeld_driver/share/blickfeld_driver/cmake/blickfeld_driver__rosidl_typesupport_introspection_cppExport.cmake
-- Up-to-date: /home/jeongil/blickfeld_ws/install/blickfeld_driver/share/blickfeld_driver/cmake/blickfeld_driver__rosidl_typesupport_introspection_cppExport-noconfig.cmake
-- Up-to-date: /home/jeongil/blickfeld_ws/install/blickfeld_driver/share/blickfeld_driver/cmake/blickfeld_driver__rosidl_typesupport_cppExport.cmake
-- Up-to-date: /home/jeongil/blickfeld_ws/install/blickfeld_driver/share/blickfeld_driver/cmake/blickfeld_driver__rosidl_typesupport_cppExport-noconfig.cmake
-- Up-to-date: /home/jeongil/blickfeld_ws/install/blickfeld_driver/share/ament_index/resource_index/rclcpp_components/blickfeld_driver
-- Up-to-date: /home/jeongil/blickfeld_ws/install/blickfeld_driver/share/blickfeld_driver/cmake/rosidl_cmake-extras.cmake
-- Up-to-date: /home/jeongil/blickfeld_ws/install/blickfeld_driver/share/blickfeld_driver/cmake/ament_cmake_export_dependencies-extras.cmake
-- Up-to-date: /home/jeongil/blickfeld_ws/install/blickfeld_driver/share/blickfeld_driver/cmake/ament_cmake_export_libraries-extras.cmake
-- Up-to-date: /home/jeongil/blickfeld_ws/install/blickfeld_driver/share/blickfeld_driver/cmake/ament_cmake_export_targets-extras.cmake
-- Up-to-date: /home/jeongil/blickfeld_ws/install/blickfeld_driver/share/blickfeld_driver/cmake/ament_cmake_export_include_directories-extras.cmake
-- Up-to-date: /home/jeongil/blickfeld_ws/install/blickfeld_driver/share/blickfeld_driver/cmake/rosidl_cmake_export_typesupport_libraries-extras.cmake
-- Up-to-date: /home/jeongil/blickfeld_ws/install/blickfeld_driver/share/blickfeld_driver/cmake/rosidl_cmake_export_typesupport_targets-extras.cmake
-- Up-to-date: /home/jeongil/blickfeld_ws/install/blickfeld_driver/share/blickfeld_driver/cmake/blickfeld_driverConfig.cmake
-- Up-to-date: /home/jeongil/blickfeld_ws/install/blickfeld_driver/share/blickfeld_driver/cmake/blickfeld_driverConfig-version.cmake
-- Up-to-date: /home/jeongil/blickfeld_ws/install/blickfeld_driver/share/blickfeld_driver/package.xml
-- Up-to-date: /home/jeongil/blickfeld_ws/install/blickfeld_driver/lib/libblickfeld_driver_core.so
