[0.006s] Invoking command in '/home/jeongil/blickfeld_ws/build/blickfeld_driver': CMAKE_PREFIX_PATH=${CMAKE_PREFIX_PATH}:/opt/ros/foxy /usr/bin/cmake /home/jeongil/blickfeld_ws/src/ros2_blickfeld_driver -DCMAKE_INSTALL_PREFIX=/home/jeongil/blickfeld_ws/install/blickfeld_driver
[0.071s] -- The C compiler identification is GNU 9.4.0
[0.127s] -- The CXX compiler identification is GNU 9.4.0
[0.130s] -- Check for working C compiler: /usr/bin/cc
[0.194s] -- Check for working C compiler: /usr/bin/cc -- works
[0.196s] -- Detecting C compiler ABI info
[0.301s] -- Detecting C compiler ABI info - done
[0.310s] -- Detecting C compile features
[0.311s] -- Detecting C compile features - done
[0.313s] -- Check for working CXX compiler: /usr/bin/c++
[0.417s] -- Check for working CXX compiler: /usr/bin/c++ -- works
[0.417s] -- Detecting CXX compiler ABI info
[0.473s] -- Detecting CXX compiler ABI info - done
[0.479s] -- Detecting CXX compile features
[0.479s] -- Detecting CXX compile features - done
[0.480s] -- Found ament_cmake: 0.9.12 (/opt/ros/foxy/share/ament_cmake/cmake)
[0.494s] -- Found PythonInterp: /usr/bin/python3 (found suitable version "3.8.10", minimum required is "3") 
[0.494s] -- Using PYTHON_EXECUTABLE: /usr/bin/python3
[0.592s] -- Found ament_cmake_ros: 0.9.2 (/opt/ros/foxy/share/ament_cmake_ros/cmake)
[0.596s] -- Found rclcpp: 2.4.3 (/opt/ros/foxy/share/rclcpp/cmake)
[0.620s] -- Using all available rosidl_typesupport_c: rosidl_typesupport_fastrtps_c;rosidl_typesupport_introspection_c
[0.624s] -- Found rosidl_adapter: 1.3.1 (/opt/ros/foxy/share/rosidl_adapter/cmake)
[0.665s] -- Found OpenSSL: /usr/lib/x86_64-linux-gnu/libcrypto.so (found version "1.1.1f")  
[0.681s] -- Found FastRTPS: /opt/ros/foxy/include  
[0.721s] -- Using all available rosidl_typesupport_cpp: rosidl_typesupport_fastrtps_cpp;rosidl_typesupport_introspection_cpp
[0.750s] -- Found rmw_implementation_cmake: 1.0.4 (/opt/ros/foxy/share/rmw_implementation_cmake/cmake)
[0.751s] -- Using RMW implementation 'rmw_fastrtps_cpp' as default
[0.751s] -- Looking for pthread.h
[0.794s] -- Looking for pthread.h - found
[0.794s] -- Performing Test CMAKE_HAVE_LIBC_PTHREAD
[0.864s] -- Performing Test CMAKE_HAVE_LIBC_PTHREAD - Failed
[0.865s] -- Looking for pthread_create in pthreads
[0.950s] -- Looking for pthread_create in pthreads - not found
[0.950s] -- Looking for pthread_create in pthread
[1.079s] -- Looking for pthread_create in pthread - found
[1.080s] -- Found Threads: TRUE  
[1.165s] -- Found rclcpp_components: 2.4.3 (/opt/ros/foxy/share/rclcpp_components/cmake)
[1.196s] -- Found diagnostic_msgs: 2.0.5 (/opt/ros/foxy/share/diagnostic_msgs/cmake)
[1.214s] -- Found geometry_msgs: 2.0.5 (/opt/ros/foxy/share/geometry_msgs/cmake)
[1.232s] -- Found sensor_msgs: 2.0.5 (/opt/ros/foxy/share/sensor_msgs/cmake)
[1.270s] -- Found std_srvs: 2.0.5 (/opt/ros/foxy/share/std_srvs/cmake)
[1.283s] -- Found diagnostic_updater: 3.1.2 (/opt/ros/foxy/share/diagnostic_updater/cmake)
[1.294s] -- Found cv_bridge: 3.0.7 (/opt/ros/foxy/share/cv_bridge/cmake)
[1.309s] -- Found rosidl_default_generators: 1.0.1 (/opt/ros/foxy/share/rosidl_default_generators/cmake)
[1.315s] -- Found tf2_ros: 0.13.14 (/opt/ros/foxy/share/tf2_ros/cmake)
[1.463s] -- Found tf2_geometry_msgs: 0.13.14 (/opt/ros/foxy/share/tf2_geometry_msgs/cmake)
[1.467s] -- Found eigen3_cmake_module: 0.1.1 (/opt/ros/foxy/share/eigen3_cmake_module/cmake)
[1.468s] -- Found Eigen3: TRUE (found version "3.3.7") 
[1.491s] -- Found Protobuf: /usr/lib/x86_64-linux-gnu/libprotobuf.so;-lpthread (found suitable version "3.6.1", minimum required is "3.6.1") 
[1.508s] -- Found PythonInterp: /usr/bin/python3 (found version "3.8.10") 
[1.714s] -- Using all available rosidl_typesupport_c: rosidl_typesupport_fastrtps_c;rosidl_typesupport_introspection_c
[1.765s] -- Using all available rosidl_typesupport_cpp: rosidl_typesupport_fastrtps_cpp;rosidl_typesupport_introspection_cpp
[1.779s] -- Found PythonInterp: /usr/bin/python3 (found suitable version "3.8.10", minimum required is "3.5") 
[1.780s] -- Found python_cmake_module: 0.8.1 (/opt/ros/foxy/share/python_cmake_module/cmake)
[1.804s] -- Found PythonLibs: /usr/lib/x86_64-linux-gnu/libpython3.8.so (found suitable version "3.8.10", minimum required is "3.5") 
[1.804s] -- Using PYTHON_EXECUTABLE: /usr/bin/python3
[1.804s] -- Using PYTHON_INCLUDE_DIRS: /usr/include/python3.8
[1.804s] -- Using PYTHON_LIBRARIES: /usr/lib/x86_64-linux-gnu/libpython3.8.so
[1.817s] -- Found PythonExtra: .so  
[1.878s] -- Configuring done
[1.885s] WARNING: Target "blickfeld_driver_node" requests linking to directory "/usr/include".  Targets may link only to libraries.  CMake is dropping the item.
[1.886s] WARNING: Target "blickfeld_driver_node" requests linking to directory "/usr/include".  Targets may link only to libraries.  CMake is dropping the item.
[1.895s] WARNING: Target "blickfeld_driver_component" requests linking to directory "/usr/include".  Targets may link only to libraries.  CMake is dropping the item.
[1.895s] WARNING: Target "blickfeld_driver_component" requests linking to directory "/usr/include".  Targets may link only to libraries.  CMake is dropping the item.
[1.908s] WARNING: Target "blickfeld_driver_lib" requests linking to directory "/usr/include".  Targets may link only to libraries.  CMake is dropping the item.
[1.908s] WARNING: Target "blickfeld_driver_lib" requests linking to directory "/usr/include".  Targets may link only to libraries.  CMake is dropping the item.
[1.931s] WARNING: Target "blickfeld_driver_core" requests linking to directory "/usr/include".  Targets may link only to libraries.  CMake is dropping the item.
[1.932s] WARNING: Target "blickfeld_driver_core" requests linking to directory "/usr/include".  Targets may link only to libraries.  CMake is dropping the item.
[1.935s] -- Generating done
[1.936s] -- Build files have been written to: /home/jeongil/blickfeld_ws/build/blickfeld_driver
[1.943s] Invoked command in '/home/jeongil/blickfeld_ws/build/blickfeld_driver' returned '0': CMAKE_PREFIX_PATH=${CMAKE_PREFIX_PATH}:/opt/ros/foxy /usr/bin/cmake /home/jeongil/blickfeld_ws/src/ros2_blickfeld_driver -DCMAKE_INSTALL_PREFIX=/home/jeongil/blickfeld_ws/install/blickfeld_driver
[1.945s] Invoking command in '/home/jeongil/blickfeld_ws/build/blickfeld_driver': CMAKE_PREFIX_PATH=${CMAKE_PREFIX_PATH}:/opt/ros/foxy /usr/bin/cmake --build /home/jeongil/blickfeld_ws/build/blickfeld_driver -- -j20 -l20
[1.968s] [35m[1mScanning dependencies of target blickfeld_driver_core[0m
[1.968s] [35m[1mScanning dependencies of target blickfeld_driver__cpp[0m
[1.968s] [  2%] [34m[1mGenerating C code for ROS interfaces[0m
[1.973s] [  4%] [34m[1mGenerating C++ code for ROS interfaces[0m
[2.038s] [  8%] [32mBuilding CXX object modules/ros_blickfeld_driver_core/CMakeFiles/blickfeld_driver_core.dir/src/blickfeld_driver_core.cpp.o[0m
[2.038s] [  8%] [32mBuilding CXX object modules/ros_blickfeld_driver_core/CMakeFiles/blickfeld_driver_core.dir/src/blickfeld_driver_imu_parser.cpp.o[0m
[2.038s] [ 10%] [32mBuilding CXX object modules/ros_blickfeld_driver_core/CMakeFiles/blickfeld_driver_core.dir/src/blickfeld_driver_point_cloud_parser.cpp.o[0m
[2.038s] [ 12%] [32mBuilding CXX object modules/ros_blickfeld_driver_core/CMakeFiles/blickfeld_driver_core.dir/src/blickfeld_driver_utils.cpp.o[0m
[2.158s] [ 12%] Built target blickfeld_driver__cpp
[2.161s] [35m[1mScanning dependencies of target blickfeld_driver__rosidl_generator_c[0m
[2.164s] [ 18%] [34m[1mGenerating C++ type support dispatch for ROS interfaces[0m
[2.164s] [ 18%] [34m[1mGenerating C++ introspection for ROS interfaces[0m
[2.164s] [ 18%] [34m[1mGenerating C++ type support for eProsima Fast-RTPS[0m
[2.170s] [ 20%] [32mBuilding C object CMakeFiles/blickfeld_driver__rosidl_generator_c.dir/rosidl_generator_c/blickfeld_driver/srv/detail/set_scan_pattern__functions.c.o[0m
[2.172s] [ 22%] [32mBuilding C object CMakeFiles/blickfeld_driver__rosidl_generator_c.dir/rosidl_generator_c/blickfeld_driver/srv/detail/imu_static_transformation__functions.c.o[0m
[2.216s] [ 24%] [32m[1mLinking C shared library libblickfeld_driver__rosidl_generator_c.so[0m
[2.238s] [ 24%] Built target blickfeld_driver__rosidl_generator_c
[2.245s] [ 26%] [34m[1mGenerating C introspection for ROS interfaces[0m
[2.247s] [ 28%] [34m[1mGenerating C type support dispatch for ROS interfaces[0m
[2.321s] [35m[1mScanning dependencies of target blickfeld_driver__rosidl_typesupport_cpp[0m
[2.329s] [ 30%] [32mBuilding CXX object CMakeFiles/blickfeld_driver__rosidl_typesupport_cpp.dir/rosidl_typesupport_cpp/blickfeld_driver/srv/set_scan_pattern__type_support.cpp.o[0m
[2.329s] [ 32%] [32mBuilding CXX object CMakeFiles/blickfeld_driver__rosidl_typesupport_cpp.dir/rosidl_typesupport_cpp/blickfeld_driver/srv/imu_static_transformation__type_support.cpp.o[0m
[2.334s] [35m[1mScanning dependencies of target blickfeld_driver__rosidl_typesupport_introspection_cpp[0m
[2.344s] [ 34%] [32mBuilding CXX object CMakeFiles/blickfeld_driver__rosidl_typesupport_introspection_cpp.dir/rosidl_typesupport_introspection_cpp/blickfeld_driver/srv/detail/set_scan_pattern__type_support.cpp.o[0m
[2.345s] [ 36%] [32mBuilding CXX object CMakeFiles/blickfeld_driver__rosidl_typesupport_introspection_cpp.dir/rosidl_typesupport_introspection_cpp/blickfeld_driver/srv/detail/imu_static_transformation__type_support.cpp.o[0m
[2.348s] [35m[1mScanning dependencies of target blickfeld_driver__rosidl_typesupport_fastrtps_cpp[0m
[2.362s] [ 38%] [32mBuilding CXX object CMakeFiles/blickfeld_driver__rosidl_typesupport_fastrtps_cpp.dir/rosidl_typesupport_fastrtps_cpp/blickfeld_driver/srv/detail/dds_fastrtps/set_scan_pattern__type_support.cpp.o[0m
[2.362s] [ 40%] [32mBuilding CXX object CMakeFiles/blickfeld_driver__rosidl_typesupport_fastrtps_cpp.dir/rosidl_typesupport_fastrtps_cpp/blickfeld_driver/srv/detail/dds_fastrtps/imu_static_transformation__type_support.cpp.o[0m
[2.423s] [35m[1mScanning dependencies of target blickfeld_driver__rosidl_typesupport_introspection_c[0m
[2.435s] [ 42%] [32mBuilding C object CMakeFiles/blickfeld_driver__rosidl_typesupport_introspection_c.dir/rosidl_typesupport_introspection_c/blickfeld_driver/srv/detail/imu_static_transformation__type_support.c.o[0m
[2.435s] [ 44%] [32mBuilding C object CMakeFiles/blickfeld_driver__rosidl_typesupport_introspection_c.dir/rosidl_typesupport_introspection_c/blickfeld_driver/srv/detail/set_scan_pattern__type_support.c.o[0m
[2.466s] [ 46%] [32m[1mLinking C shared library libblickfeld_driver__rosidl_typesupport_introspection_c.so[0m
[2.486s] [ 46%] Built target blickfeld_driver__rosidl_typesupport_introspection_c
[2.518s] [35m[1mScanning dependencies of target blickfeld_driver__rosidl_typesupport_c[0m
[2.527s] [ 48%] [32mBuilding CXX object CMakeFiles/blickfeld_driver__rosidl_typesupport_c.dir/rosidl_typesupport_c/blickfeld_driver/srv/set_scan_pattern__type_support.cpp.o[0m
[2.528s] [ 50%] [32m[1mLinking CXX shared library libblickfeld_driver__rosidl_typesupport_introspection_cpp.so[0m
[2.528s] [ 52%] [32mBuilding CXX object CMakeFiles/blickfeld_driver__rosidl_typesupport_c.dir/rosidl_typesupport_c/blickfeld_driver/srv/imu_static_transformation__type_support.cpp.o[0m
[2.554s] [ 54%] [32m[1mLinking CXX shared library libblickfeld_driver__rosidl_typesupport_c.so[0m
[2.563s] [ 54%] Built target blickfeld_driver__rosidl_typesupport_introspection_cpp
[2.578s] [ 54%] Built target blickfeld_driver__rosidl_typesupport_c
[2.586s] [ 56%] [32m[1mLinking CXX shared library libblickfeld_driver__rosidl_typesupport_cpp.so[0m
[2.609s] [ 56%] Built target blickfeld_driver__rosidl_typesupport_cpp
[2.625s] [ 58%] [32m[1mLinking CXX shared library libblickfeld_driver__rosidl_typesupport_fastrtps_cpp.so[0m
[2.674s] [ 58%] Built target blickfeld_driver__rosidl_typesupport_fastrtps_cpp
[2.680s] [ 60%] [34m[1mGenerating C type support for eProsima Fast-RTPS[0m
[2.852s] [35m[1mScanning dependencies of target blickfeld_driver__rosidl_typesupport_fastrtps_c[0m
[2.863s] [ 64%] [32mBuilding CXX object CMakeFiles/blickfeld_driver__rosidl_typesupport_fastrtps_c.dir/rosidl_typesupport_fastrtps_c/blickfeld_driver/srv/detail/set_scan_pattern__type_support_c.cpp.o[0m
[2.864s] [ 64%] [32mBuilding CXX object CMakeFiles/blickfeld_driver__rosidl_typesupport_fastrtps_c.dir/rosidl_typesupport_fastrtps_c/blickfeld_driver/srv/detail/imu_static_transformation__type_support_c.cpp.o[0m
[3.035s] [ 66%] [32m[1mLinking CXX shared library libblickfeld_driver__rosidl_typesupport_fastrtps_c.so[0m
[3.083s] [ 66%] Built target blickfeld_driver__rosidl_typesupport_fastrtps_c
[3.089s] [35m[1mScanning dependencies of target blickfeld_driver[0m
[3.096s] [ 66%] Built target blickfeld_driver
[3.102s] [35m[1mScanning dependencies of target blickfeld_driver__py[0m
[3.109s] [ 68%] [34m[1mGenerating Python code for ROS interfaces[0m
[3.474s] [ 68%] Built target blickfeld_driver__py
[3.480s] [35m[1mScanning dependencies of target blickfeld_driver__python[0m
[3.501s] [ 72%] [32mBuilding C object CMakeFiles/blickfeld_driver__python.dir/rosidl_generator_py/blickfeld_driver/srv/_imu_static_transformation_s.c.o[0m
[3.501s] [ 72%] [32mBuilding C object CMakeFiles/blickfeld_driver__python.dir/rosidl_generator_py/blickfeld_driver/srv/_set_scan_pattern_s.c.o[0m
[3.555s] [ 74%] [32m[1mLinking C shared library rosidl_generator_py/blickfeld_driver/libblickfeld_driver__python.so[0m
[3.580s] [ 74%] Built target blickfeld_driver__python
[3.586s] [35m[1mScanning dependencies of target blickfeld_driver__rosidl_typesupport_c__pyext[0m
[3.586s] [35m[1mScanning dependencies of target blickfeld_driver__rosidl_typesupport_introspection_c__pyext[0m
[3.586s] [35m[1mScanning dependencies of target blickfeld_driver__rosidl_typesupport_fastrtps_c__pyext[0m
[3.597s] [ 76%] [32mBuilding C object CMakeFiles/blickfeld_driver__rosidl_typesupport_c__pyext.dir/rosidl_generator_py/blickfeld_driver/_blickfeld_driver_s.ep.rosidl_typesupport_c.c.o[0m
[3.599s] [ 80%] [32mBuilding C object CMakeFiles/blickfeld_driver__rosidl_typesupport_fastrtps_c__pyext.dir/rosidl_generator_py/blickfeld_driver/_blickfeld_driver_s.ep.rosidl_typesupport_fastrtps_c.c.o[0m
[3.599s] [ 80%] [32mBuilding C object CMakeFiles/blickfeld_driver__rosidl_typesupport_introspection_c__pyext.dir/rosidl_generator_py/blickfeld_driver/_blickfeld_driver_s.ep.rosidl_typesupport_introspection_c.c.o[0m
[3.645s] [ 82%] [32m[1mLinking C shared library rosidl_generator_py/blickfeld_driver/blickfeld_driver_s__rosidl_typesupport_c.cpython-38-x86_64-linux-gnu.so[0m
[3.646s] [ 84%] [32m[1mLinking C shared library rosidl_generator_py/blickfeld_driver/blickfeld_driver_s__rosidl_typesupport_introspection_c.cpython-38-x86_64-linux-gnu.so[0m
[3.646s] [ 86%] [32m[1mLinking CXX shared library rosidl_generator_py/blickfeld_driver/blickfeld_driver_s__rosidl_typesupport_fastrtps_c.cpython-38-x86_64-linux-gnu.so[0m
[3.666s] [ 86%] Built target blickfeld_driver__rosidl_typesupport_c__pyext
[3.666s] [ 86%] Built target blickfeld_driver__rosidl_typesupport_introspection_c__pyext
[3.683s] [ 86%] Built target blickfeld_driver__rosidl_typesupport_fastrtps_c__pyext
[7.850s] [ 88%] [32m[1mLinking CXX shared library libblickfeld_driver_core.so[0m
[8.116s] [ 88%] Built target blickfeld_driver_core
[8.122s] [35m[1mScanning dependencies of target blickfeld_driver_lib[0m
[8.165s] [ 90%] [32mBuilding CXX object CMakeFiles/blickfeld_driver_lib.dir/src/blickfeld_driver.cpp.o[0m
[11.645s] [ 92%] [32m[1mLinking CXX shared library libblickfeld_driver_lib.so[0m
[11.978s] [ 92%] Built target blickfeld_driver_lib
[11.984s] [35m[1mScanning dependencies of target blickfeld_driver_node[0m
[11.984s] [35m[1mScanning dependencies of target blickfeld_driver_component[0m
[12.028s] [ 96%] [32mBuilding CXX object CMakeFiles/blickfeld_driver_component.dir/src/blickfeld_driver_component.cpp.o[0m
[12.028s] [ 96%] [32mBuilding CXX object CMakeFiles/blickfeld_driver_node.dir/src/blickfeld_driver_node.cpp.o[0m
[13.860s] [ 98%] [32m[1mLinking CXX executable blickfeld_driver_node[0m
[13.953s] [100%] [32m[1mLinking CXX shared library libblickfeld_driver_component.so[0m
[14.106s] [100%] Built target blickfeld_driver_component
[14.143s] [100%] Built target blickfeld_driver_node
[14.149s] Invoked command in '/home/jeongil/blickfeld_ws/build/blickfeld_driver' returned '0': CMAKE_PREFIX_PATH=${CMAKE_PREFIX_PATH}:/opt/ros/foxy /usr/bin/cmake --build /home/jeongil/blickfeld_ws/build/blickfeld_driver -- -j20 -l20
[14.197s] Invoking command in '/home/jeongil/blickfeld_ws/build/blickfeld_driver': CMAKE_PREFIX_PATH=${CMAKE_PREFIX_PATH}:/opt/ros/foxy /usr/bin/cmake --install /home/jeongil/blickfeld_ws/build/blickfeld_driver
[14.201s] -- Install configuration: ""
[14.201s] -- Installing: /home/jeongil/blickfeld_ws/install/blickfeld_driver/share/ament_index/resource_index/rosidl_interfaces/blickfeld_driver
[14.201s] -- Installing: /home/jeongil/blickfeld_ws/install/blickfeld_driver/include/blickfeld_driver
[14.201s] -- Installing: /home/jeongil/blickfeld_ws/install/blickfeld_driver/include/blickfeld_driver/msg
[14.201s] -- Installing: /home/jeongil/blickfeld_ws/install/blickfeld_driver/include/blickfeld_driver/msg/rosidl_generator_c__visibility_control.h
[14.201s] -- Installing: /home/jeongil/blickfeld_ws/install/blickfeld_driver/include/blickfeld_driver/srv
[14.201s] -- Installing: /home/jeongil/blickfeld_ws/install/blickfeld_driver/include/blickfeld_driver/srv/set_scan_pattern.h
[14.201s] -- Installing: /home/jeongil/blickfeld_ws/install/blickfeld_driver/include/blickfeld_driver/srv/detail
[14.201s] -- Installing: /home/jeongil/blickfeld_ws/install/blickfeld_driver/include/blickfeld_driver/srv/detail/imu_static_transformation__type_support.h
[14.201s] -- Installing: /home/jeongil/blickfeld_ws/install/blickfeld_driver/include/blickfeld_driver/srv/detail/imu_static_transformation__functions.c
[14.201s] -- Installing: /home/jeongil/blickfeld_ws/install/blickfeld_driver/include/blickfeld_driver/srv/detail/set_scan_pattern__struct.h
[14.201s] -- Installing: /home/jeongil/blickfeld_ws/install/blickfeld_driver/include/blickfeld_driver/srv/detail/imu_static_transformation__functions.h
[14.201s] -- Installing: /home/jeongil/blickfeld_ws/install/blickfeld_driver/include/blickfeld_driver/srv/detail/set_scan_pattern__type_support.h
[14.201s] -- Installing: /home/jeongil/blickfeld_ws/install/blickfeld_driver/include/blickfeld_driver/srv/detail/imu_static_transformation__struct.h
[14.201s] -- Installing: /home/jeongil/blickfeld_ws/install/blickfeld_driver/include/blickfeld_driver/srv/detail/set_scan_pattern__functions.h
[14.201s] -- Installing: /home/jeongil/blickfeld_ws/install/blickfeld_driver/include/blickfeld_driver/srv/detail/set_scan_pattern__functions.c
[14.201s] -- Installing: /home/jeongil/blickfeld_ws/install/blickfeld_driver/include/blickfeld_driver/srv/imu_static_transformation.h
[14.201s] -- Installing: /home/jeongil/blickfeld_ws/install/blickfeld_driver/share/blickfeld_driver/environment/library_path.sh
[14.201s] -- Installing: /home/jeongil/blickfeld_ws/install/blickfeld_driver/share/blickfeld_driver/environment/library_path.dsv
[14.201s] -- Installing: /home/jeongil/blickfeld_ws/install/blickfeld_driver/lib/libblickfeld_driver__rosidl_generator_c.so
[14.201s] -- Set runtime path of "/home/jeongil/blickfeld_ws/install/blickfeld_driver/lib/libblickfeld_driver__rosidl_generator_c.so" to ""
[14.202s] -- Up-to-date: /home/jeongil/blickfeld_ws/install/blickfeld_driver/include/blickfeld_driver
[14.202s] -- Up-to-date: /home/jeongil/blickfeld_ws/install/blickfeld_driver/include/blickfeld_driver/msg
[14.202s] -- Installing: /home/jeongil/blickfeld_ws/install/blickfeld_driver/include/blickfeld_driver/msg/rosidl_typesupport_fastrtps_c__visibility_control.h
[14.202s] -- Up-to-date: /home/jeongil/blickfeld_ws/install/blickfeld_driver/include/blickfeld_driver/srv
[14.202s] -- Up-to-date: /home/jeongil/blickfeld_ws/install/blickfeld_driver/include/blickfeld_driver/srv/detail
[14.202s] -- Installing: /home/jeongil/blickfeld_ws/install/blickfeld_driver/include/blickfeld_driver/srv/detail/set_scan_pattern__rosidl_typesupport_fastrtps_c.h
[14.202s] -- Installing: /home/jeongil/blickfeld_ws/install/blickfeld_driver/include/blickfeld_driver/srv/detail/imu_static_transformation__rosidl_typesupport_fastrtps_c.h
[14.202s] -- Installing: /home/jeongil/blickfeld_ws/install/blickfeld_driver/lib/libblickfeld_driver__rosidl_typesupport_fastrtps_c.so
[14.202s] -- Set runtime path of "/home/jeongil/blickfeld_ws/install/blickfeld_driver/lib/libblickfeld_driver__rosidl_typesupport_fastrtps_c.so" to ""
[14.202s] -- Up-to-date: /home/jeongil/blickfeld_ws/install/blickfeld_driver/include/blickfeld_driver
[14.202s] -- Up-to-date: /home/jeongil/blickfeld_ws/install/blickfeld_driver/include/blickfeld_driver/msg
[14.202s] -- Installing: /home/jeongil/blickfeld_ws/install/blickfeld_driver/include/blickfeld_driver/msg/rosidl_typesupport_fastrtps_cpp__visibility_control.h
[14.202s] -- Up-to-date: /home/jeongil/blickfeld_ws/install/blickfeld_driver/include/blickfeld_driver/srv
[14.202s] -- Up-to-date: /home/jeongil/blickfeld_ws/install/blickfeld_driver/include/blickfeld_driver/srv/detail
[14.202s] -- Installing: /home/jeongil/blickfeld_ws/install/blickfeld_driver/include/blickfeld_driver/srv/detail/imu_static_transformation__rosidl_typesupport_fastrtps_cpp.hpp
[14.202s] -- Installing: /home/jeongil/blickfeld_ws/install/blickfeld_driver/include/blickfeld_driver/srv/detail/dds_fastrtps
[14.202s] -- Installing: /home/jeongil/blickfeld_ws/install/blickfeld_driver/include/blickfeld_driver/srv/detail/set_scan_pattern__rosidl_typesupport_fastrtps_cpp.hpp
[14.202s] -- Installing: /home/jeongil/blickfeld_ws/install/blickfeld_driver/lib/libblickfeld_driver__rosidl_typesupport_fastrtps_cpp.so
[14.202s] -- Set runtime path of "/home/jeongil/blickfeld_ws/install/blickfeld_driver/lib/libblickfeld_driver__rosidl_typesupport_fastrtps_cpp.so" to ""
[14.202s] -- Up-to-date: /home/jeongil/blickfeld_ws/install/blickfeld_driver/include/blickfeld_driver
[14.202s] -- Up-to-date: /home/jeongil/blickfeld_ws/install/blickfeld_driver/include/blickfeld_driver/msg
[14.202s] -- Installing: /home/jeongil/blickfeld_ws/install/blickfeld_driver/include/blickfeld_driver/msg/rosidl_typesupport_introspection_c__visibility_control.h
[14.202s] -- Up-to-date: /home/jeongil/blickfeld_ws/install/blickfeld_driver/include/blickfeld_driver/srv
[14.202s] -- Up-to-date: /home/jeongil/blickfeld_ws/install/blickfeld_driver/include/blickfeld_driver/srv/detail
[14.203s] -- Installing: /home/jeongil/blickfeld_ws/install/blickfeld_driver/include/blickfeld_driver/srv/detail/set_scan_pattern__rosidl_typesupport_introspection_c.h
[14.203s] -- Installing: /home/jeongil/blickfeld_ws/install/blickfeld_driver/include/blickfeld_driver/srv/detail/imu_static_transformation__type_support.c
[14.203s] -- Installing: /home/jeongil/blickfeld_ws/install/blickfeld_driver/include/blickfeld_driver/srv/detail/imu_static_transformation__rosidl_typesupport_introspection_c.h
[14.203s] -- Installing: /home/jeongil/blickfeld_ws/install/blickfeld_driver/include/blickfeld_driver/srv/detail/set_scan_pattern__type_support.c
[14.203s] -- Installing: /home/jeongil/blickfeld_ws/install/blickfeld_driver/lib/libblickfeld_driver__rosidl_typesupport_introspection_c.so
[14.203s] -- Set runtime path of "/home/jeongil/blickfeld_ws/install/blickfeld_driver/lib/libblickfeld_driver__rosidl_typesupport_introspection_c.so" to ""
[14.203s] -- Installing: /home/jeongil/blickfeld_ws/install/blickfeld_driver/lib/libblickfeld_driver__rosidl_typesupport_c.so
[14.203s] -- Set runtime path of "/home/jeongil/blickfeld_ws/install/blickfeld_driver/lib/libblickfeld_driver__rosidl_typesupport_c.so" to ""
[14.203s] -- Up-to-date: /home/jeongil/blickfeld_ws/install/blickfeld_driver/include/blickfeld_driver
[14.203s] -- Up-to-date: /home/jeongil/blickfeld_ws/install/blickfeld_driver/include/blickfeld_driver/msg
[14.203s] -- Installing: /home/jeongil/blickfeld_ws/install/blickfeld_driver/include/blickfeld_driver/msg/rosidl_generator_cpp__visibility_control.hpp
[14.203s] -- Up-to-date: /home/jeongil/blickfeld_ws/install/blickfeld_driver/include/blickfeld_driver/srv
[14.203s] -- Up-to-date: /home/jeongil/blickfeld_ws/install/blickfeld_driver/include/blickfeld_driver/srv/detail
[14.203s] -- Installing: /home/jeongil/blickfeld_ws/install/blickfeld_driver/include/blickfeld_driver/srv/detail/set_scan_pattern__type_support.hpp
[14.203s] -- Installing: /home/jeongil/blickfeld_ws/install/blickfeld_driver/include/blickfeld_driver/srv/detail/imu_static_transformation__traits.hpp
[14.203s] -- Installing: /home/jeongil/blickfeld_ws/install/blickfeld_driver/include/blickfeld_driver/srv/detail/set_scan_pattern__builder.hpp
[14.203s] -- Installing: /home/jeongil/blickfeld_ws/install/blickfeld_driver/include/blickfeld_driver/srv/detail/set_scan_pattern__struct.hpp
[14.203s] -- Installing: /home/jeongil/blickfeld_ws/install/blickfeld_driver/include/blickfeld_driver/srv/detail/imu_static_transformation__builder.hpp
[14.203s] -- Installing: /home/jeongil/blickfeld_ws/install/blickfeld_driver/include/blickfeld_driver/srv/detail/imu_static_transformation__struct.hpp
[14.203s] -- Installing: /home/jeongil/blickfeld_ws/install/blickfeld_driver/include/blickfeld_driver/srv/detail/imu_static_transformation__type_support.hpp
[14.203s] -- Installing: /home/jeongil/blickfeld_ws/install/blickfeld_driver/include/blickfeld_driver/srv/detail/set_scan_pattern__traits.hpp
[14.203s] -- Installing: /home/jeongil/blickfeld_ws/install/blickfeld_driver/include/blickfeld_driver/srv/imu_static_transformation.hpp
[14.203s] -- Installing: /home/jeongil/blickfeld_ws/install/blickfeld_driver/include/blickfeld_driver/srv/set_scan_pattern.hpp
[14.203s] -- Up-to-date: /home/jeongil/blickfeld_ws/install/blickfeld_driver/include/blickfeld_driver
[14.204s] -- Up-to-date: /home/jeongil/blickfeld_ws/install/blickfeld_driver/include/blickfeld_driver/srv
[14.204s] -- Up-to-date: /home/jeongil/blickfeld_ws/install/blickfeld_driver/include/blickfeld_driver/srv/detail
[14.204s] -- Installing: /home/jeongil/blickfeld_ws/install/blickfeld_driver/include/blickfeld_driver/srv/detail/imu_static_transformation__type_support.cpp
[14.204s] -- Installing: /home/jeongil/blickfeld_ws/install/blickfeld_driver/include/blickfeld_driver/srv/detail/set_scan_pattern__type_support.cpp
[14.204s] -- Installing: /home/jeongil/blickfeld_ws/install/blickfeld_driver/include/blickfeld_driver/srv/detail/imu_static_transformation__rosidl_typesupport_introspection_cpp.hpp
[14.204s] -- Installing: /home/jeongil/blickfeld_ws/install/blickfeld_driver/include/blickfeld_driver/srv/detail/set_scan_pattern__rosidl_typesupport_introspection_cpp.hpp
[14.204s] -- Installing: /home/jeongil/blickfeld_ws/install/blickfeld_driver/lib/libblickfeld_driver__rosidl_typesupport_introspection_cpp.so
[14.204s] -- Set runtime path of "/home/jeongil/blickfeld_ws/install/blickfeld_driver/lib/libblickfeld_driver__rosidl_typesupport_introspection_cpp.so" to ""
[14.204s] -- Installing: /home/jeongil/blickfeld_ws/install/blickfeld_driver/lib/libblickfeld_driver__rosidl_typesupport_cpp.so
[14.204s] -- Set runtime path of "/home/jeongil/blickfeld_ws/install/blickfeld_driver/lib/libblickfeld_driver__rosidl_typesupport_cpp.so" to ""
[14.204s] -- Installing: /home/jeongil/blickfeld_ws/install/blickfeld_driver/share/blickfeld_driver/environment/pythonpath.sh
[14.204s] -- Installing: /home/jeongil/blickfeld_ws/install/blickfeld_driver/share/blickfeld_driver/environment/pythonpath.dsv
[14.204s] -- Installing: /home/jeongil/blickfeld_ws/install/blickfeld_driver/lib/python3.8/site-packages/blickfeld_driver/__init__.py
[14.228s] Compiling '/home/jeongil/blickfeld_ws/install/blickfeld_driver/lib/python3.8/site-packages/blickfeld_driver/__init__.py'...
[14.231s] -- Installing: /home/jeongil/blickfeld_ws/install/blickfeld_driver/lib/python3.8/site-packages/blickfeld_driver/srv
[14.231s] -- Installing: /home/jeongil/blickfeld_ws/install/blickfeld_driver/lib/python3.8/site-packages/blickfeld_driver/srv/_imu_static_transformation.py
[14.231s] -- Installing: /home/jeongil/blickfeld_ws/install/blickfeld_driver/lib/python3.8/site-packages/blickfeld_driver/srv/_imu_static_transformation_s.c
[14.231s] -- Installing: /home/jeongil/blickfeld_ws/install/blickfeld_driver/lib/python3.8/site-packages/blickfeld_driver/srv/_set_scan_pattern.py
[14.231s] -- Installing: /home/jeongil/blickfeld_ws/install/blickfeld_driver/lib/python3.8/site-packages/blickfeld_driver/srv/_set_scan_pattern_s.c
[14.232s] -- Installing: /home/jeongil/blickfeld_ws/install/blickfeld_driver/lib/python3.8/site-packages/blickfeld_driver/srv/__init__.py
[14.232s] -- Installing: /home/jeongil/blickfeld_ws/install/blickfeld_driver/lib/python3.8/site-packages/blickfeld_driver/blickfeld_driver_s__rosidl_typesupport_fastrtps_c.cpython-38-x86_64-linux-gnu.so
[14.232s] -- Set runtime path of "/home/jeongil/blickfeld_ws/install/blickfeld_driver/lib/python3.8/site-packages/blickfeld_driver/blickfeld_driver_s__rosidl_typesupport_fastrtps_c.cpython-38-x86_64-linux-gnu.so" to ""
[14.232s] -- Installing: /home/jeongil/blickfeld_ws/install/blickfeld_driver/lib/python3.8/site-packages/blickfeld_driver/blickfeld_driver_s__rosidl_typesupport_introspection_c.cpython-38-x86_64-linux-gnu.so
[14.232s] -- Set runtime path of "/home/jeongil/blickfeld_ws/install/blickfeld_driver/lib/python3.8/site-packages/blickfeld_driver/blickfeld_driver_s__rosidl_typesupport_introspection_c.cpython-38-x86_64-linux-gnu.so" to ""
[14.232s] -- Installing: /home/jeongil/blickfeld_ws/install/blickfeld_driver/lib/python3.8/site-packages/blickfeld_driver/blickfeld_driver_s__rosidl_typesupport_c.cpython-38-x86_64-linux-gnu.so
[14.232s] -- Set runtime path of "/home/jeongil/blickfeld_ws/install/blickfeld_driver/lib/python3.8/site-packages/blickfeld_driver/blickfeld_driver_s__rosidl_typesupport_c.cpython-38-x86_64-linux-gnu.so" to ""
[14.233s] -- Installing: /home/jeongil/blickfeld_ws/install/blickfeld_driver/lib/libblickfeld_driver__python.so
[14.233s] -- Set runtime path of "/home/jeongil/blickfeld_ws/install/blickfeld_driver/lib/libblickfeld_driver__python.so" to ""
[14.233s] -- Installing: /home/jeongil/blickfeld_ws/install/blickfeld_driver/share/blickfeld_driver/srv/ImuStaticTransformation.idl
[14.233s] -- Installing: /home/jeongil/blickfeld_ws/install/blickfeld_driver/share/blickfeld_driver/srv/SetScanPattern.idl
[14.233s] -- Installing: /home/jeongil/blickfeld_ws/install/blickfeld_driver/share/blickfeld_driver/srv/ImuStaticTransformation.srv
[14.233s] -- Installing: /home/jeongil/blickfeld_ws/install/blickfeld_driver/share/blickfeld_driver/srv/ImuStaticTransformation_Request.msg
[14.233s] -- Installing: /home/jeongil/blickfeld_ws/install/blickfeld_driver/share/blickfeld_driver/srv/ImuStaticTransformation_Response.msg
[14.233s] -- Installing: /home/jeongil/blickfeld_ws/install/blickfeld_driver/share/blickfeld_driver/srv/SetScanPattern.srv
[14.233s] -- Installing: /home/jeongil/blickfeld_ws/install/blickfeld_driver/share/blickfeld_driver/srv/SetScanPattern_Request.msg
[14.233s] -- Installing: /home/jeongil/blickfeld_ws/install/blickfeld_driver/share/blickfeld_driver/srv/SetScanPattern_Response.msg
[14.233s] -- Up-to-date: /home/jeongil/blickfeld_ws/install/blickfeld_driver/share/blickfeld_driver/environment/library_path.sh
[14.233s] -- Up-to-date: /home/jeongil/blickfeld_ws/install/blickfeld_driver/share/blickfeld_driver/environment/library_path.dsv
[14.233s] -- Installing: /home/jeongil/blickfeld_ws/install/blickfeld_driver/lib/libblickfeld_driver_lib.so
[14.235s] -- Set runtime path of "/home/jeongil/blickfeld_ws/install/blickfeld_driver/lib/libblickfeld_driver_lib.so" to ""
[14.235s] -- Installing: /home/jeongil/blickfeld_ws/install/blickfeld_driver/lib/libblickfeld_driver_component.so
[14.235s] -- Set runtime path of "/home/jeongil/blickfeld_ws/install/blickfeld_driver/lib/libblickfeld_driver_component.so" to ""
[14.235s] -- Installing: /home/jeongil/blickfeld_ws/install/blickfeld_driver/lib/blickfeld_driver/blickfeld_driver_node
[14.236s] -- Set runtime path of "/home/jeongil/blickfeld_ws/install/blickfeld_driver/lib/blickfeld_driver/blickfeld_driver_node" to ""
[14.236s] -- Up-to-date: /home/jeongil/blickfeld_ws/install/blickfeld_driver/include/
[14.236s] -- Up-to-date: /home/jeongil/blickfeld_ws/install/blickfeld_driver/include//blickfeld_driver
[14.236s] -- Installing: /home/jeongil/blickfeld_ws/install/blickfeld_driver/include//blickfeld_driver/blickfeld_driver.h
[14.236s] -- Installing: /home/jeongil/blickfeld_ws/install/blickfeld_driver/include//blickfeld_driver/blickfeld_driver_ros_types.h
[14.236s] -- Up-to-date: /home/jeongil/blickfeld_ws/install/blickfeld_driver/include/
[14.236s] -- Installing: /home/jeongil/blickfeld_ws/install/blickfeld_driver/include//blickfeld_driver_core
[14.236s] -- Installing: /home/jeongil/blickfeld_ws/install/blickfeld_driver/include//blickfeld_driver_core/blickfeld_driver_core.h
[14.236s] -- Installing: /home/jeongil/blickfeld_ws/install/blickfeld_driver/include//blickfeld_driver_core/blickfeld_driver_types.h
[14.236s] -- Installing: /home/jeongil/blickfeld_ws/install/blickfeld_driver/include//blickfeld_driver_core/blickfeld_driver_point_cloud_parser.h
[14.236s] -- Installing: /home/jeongil/blickfeld_ws/install/blickfeld_driver/include//blickfeld_driver_core/blickfeld_driver_imu_parser.h
[14.236s] -- Installing: /home/jeongil/blickfeld_ws/install/blickfeld_driver/include//blickfeld_driver_core/blickfeld_driver_utils.h
[14.236s] -- Installing: /home/jeongil/blickfeld_ws/install/blickfeld_driver/share/blickfeld_driver/launch
[14.236s] -- Installing: /home/jeongil/blickfeld_ws/install/blickfeld_driver/share/blickfeld_driver/launch/live_scanner_component.launch.py
[14.236s] -- Installing: /home/jeongil/blickfeld_ws/install/blickfeld_driver/share/blickfeld_driver/launch/live_scanner.launch.xml
[14.237s] -- Installing: /home/jeongil/blickfeld_ws/install/blickfeld_driver/share/blickfeld_driver/launch/live_scanner_node.launch.py
[14.237s] -- Installing: /home/jeongil/blickfeld_ws/install/blickfeld_driver/share/blickfeld_driver/config
[14.237s] -- Installing: /home/jeongil/blickfeld_ws/install/blickfeld_driver/share/blickfeld_driver/config/blickfeld_scanner.rviz
[14.237s] -- Installing: /home/jeongil/blickfeld_ws/install/blickfeld_driver/share/blickfeld_driver/config/driver_config.yaml
[14.237s] -- Installing: /home/jeongil/blickfeld_ws/install/blickfeld_driver/share/ament_index/resource_index/package_run_dependencies/blickfeld_driver
[14.237s] -- Installing: /home/jeongil/blickfeld_ws/install/blickfeld_driver/share/ament_index/resource_index/parent_prefix_path/blickfeld_driver
[14.237s] -- Installing: /home/jeongil/blickfeld_ws/install/blickfeld_driver/share/blickfeld_driver/environment/ament_prefix_path.sh
[14.237s] -- Installing: /home/jeongil/blickfeld_ws/install/blickfeld_driver/share/blickfeld_driver/environment/ament_prefix_path.dsv
[14.237s] -- Installing: /home/jeongil/blickfeld_ws/install/blickfeld_driver/share/blickfeld_driver/environment/path.sh
[14.237s] -- Installing: /home/jeongil/blickfeld_ws/install/blickfeld_driver/share/blickfeld_driver/environment/path.dsv
[14.237s] -- Installing: /home/jeongil/blickfeld_ws/install/blickfeld_driver/share/blickfeld_driver/local_setup.bash
[14.237s] -- Installing: /home/jeongil/blickfeld_ws/install/blickfeld_driver/share/blickfeld_driver/local_setup.sh
[14.238s] -- Installing: /home/jeongil/blickfeld_ws/install/blickfeld_driver/share/blickfeld_driver/local_setup.zsh
[14.238s] -- Installing: /home/jeongil/blickfeld_ws/install/blickfeld_driver/share/blickfeld_driver/local_setup.dsv
[14.238s] -- Installing: /home/jeongil/blickfeld_ws/install/blickfeld_driver/share/blickfeld_driver/package.dsv
[14.238s] -- Installing: /home/jeongil/blickfeld_ws/install/blickfeld_driver/share/ament_index/resource_index/packages/blickfeld_driver
[14.238s] -- Installing: /home/jeongil/blickfeld_ws/install/blickfeld_driver/share/blickfeld_driver/cmake/blickfeld_driver__rosidl_generator_cExport.cmake
[14.238s] -- Installing: /home/jeongil/blickfeld_ws/install/blickfeld_driver/share/blickfeld_driver/cmake/blickfeld_driver__rosidl_generator_cExport-noconfig.cmake
[14.238s] -- Installing: /home/jeongil/blickfeld_ws/install/blickfeld_driver/share/blickfeld_driver/cmake/blickfeld_driver__rosidl_typesupport_introspection_cExport.cmake
[14.238s] -- Installing: /home/jeongil/blickfeld_ws/install/blickfeld_driver/share/blickfeld_driver/cmake/blickfeld_driver__rosidl_typesupport_introspection_cExport-noconfig.cmake
[14.238s] -- Installing: /home/jeongil/blickfeld_ws/install/blickfeld_driver/share/blickfeld_driver/cmake/blickfeld_driver__rosidl_typesupport_cExport.cmake
[14.238s] -- Installing: /home/jeongil/blickfeld_ws/install/blickfeld_driver/share/blickfeld_driver/cmake/blickfeld_driver__rosidl_typesupport_cExport-noconfig.cmake
[14.239s] -- Installing: /home/jeongil/blickfeld_ws/install/blickfeld_driver/share/blickfeld_driver/cmake/blickfeld_driver__rosidl_generator_cppExport.cmake
[14.239s] -- Installing: /home/jeongil/blickfeld_ws/install/blickfeld_driver/share/blickfeld_driver/cmake/blickfeld_driver__rosidl_typesupport_introspection_cppExport.cmake
[14.239s] -- Installing: /home/jeongil/blickfeld_ws/install/blickfeld_driver/share/blickfeld_driver/cmake/blickfeld_driver__rosidl_typesupport_introspection_cppExport-noconfig.cmake
[14.239s] -- Installing: /home/jeongil/blickfeld_ws/install/blickfeld_driver/share/blickfeld_driver/cmake/blickfeld_driver__rosidl_typesupport_cppExport.cmake
[14.239s] -- Installing: /home/jeongil/blickfeld_ws/install/blickfeld_driver/share/blickfeld_driver/cmake/blickfeld_driver__rosidl_typesupport_cppExport-noconfig.cmake
[14.239s] -- Installing: /home/jeongil/blickfeld_ws/install/blickfeld_driver/share/ament_index/resource_index/rclcpp_components/blickfeld_driver
[14.239s] -- Installing: /home/jeongil/blickfeld_ws/install/blickfeld_driver/share/blickfeld_driver/cmake/rosidl_cmake-extras.cmake
[14.239s] -- Installing: /home/jeongil/blickfeld_ws/install/blickfeld_driver/share/blickfeld_driver/cmake/ament_cmake_export_dependencies-extras.cmake
[14.239s] -- Installing: /home/jeongil/blickfeld_ws/install/blickfeld_driver/share/blickfeld_driver/cmake/ament_cmake_export_libraries-extras.cmake
[14.240s] -- Installing: /home/jeongil/blickfeld_ws/install/blickfeld_driver/share/blickfeld_driver/cmake/ament_cmake_export_targets-extras.cmake
[14.240s] -- Installing: /home/jeongil/blickfeld_ws/install/blickfeld_driver/share/blickfeld_driver/cmake/ament_cmake_export_include_directories-extras.cmake
[14.240s] -- Installing: /home/jeongil/blickfeld_ws/install/blickfeld_driver/share/blickfeld_driver/cmake/rosidl_cmake_export_typesupport_libraries-extras.cmake
[14.240s] -- Installing: /home/jeongil/blickfeld_ws/install/blickfeld_driver/share/blickfeld_driver/cmake/rosidl_cmake_export_typesupport_targets-extras.cmake
[14.240s] -- Installing: /home/jeongil/blickfeld_ws/install/blickfeld_driver/share/blickfeld_driver/cmake/blickfeld_driverConfig.cmake
[14.240s] -- Installing: /home/jeongil/blickfeld_ws/install/blickfeld_driver/share/blickfeld_driver/cmake/blickfeld_driverConfig-version.cmake
[14.240s] -- Installing: /home/jeongil/blickfeld_ws/install/blickfeld_driver/share/blickfeld_driver/package.xml
[14.241s] -- Installing: /home/jeongil/blickfeld_ws/install/blickfeld_driver/lib/libblickfeld_driver_core.so
[14.245s] -- Set runtime path of "/home/jeongil/blickfeld_ws/install/blickfeld_driver/lib/libblickfeld_driver_core.so" to ""
[14.246s] Invoked command in '/home/jeongil/blickfeld_ws/build/blickfeld_driver' returned '0': CMAKE_PREFIX_PATH=${CMAKE_PREFIX_PATH}:/opt/ros/foxy /usr/bin/cmake --install /home/jeongil/blickfeld_ws/build/blickfeld_driver
