[  2%] [34m[1mGenerating C code for ROS interfaces[0m
[  4%] [34m[1mGenerating C++ code for ROS interfaces[0m
[ 14%] Built target blickfeld_driver_core
[35m[1mScanning dependencies of target blickfeld_driver__rosidl_generator_c[0m
[ 18%] [32mBuilding C object CMakeFiles/blickfeld_driver__rosidl_generator_c.dir/rosidl_generator_c/blickfeld_driver/srv/detail/set_scan_pattern__functions.c.o[0m
[ 18%] [32mBuilding C object CMakeFiles/blickfeld_driver__rosidl_generator_c.dir/rosidl_generator_c/blickfeld_driver/srv/detail/imu_static_transformation__functions.c.o[0m
[ 18%] Built target blickfeld_driver__cpp
[ 24%] [34m[1mGenerating C++ type support dispatch for ROS interfaces[0m
[ 24%] [34m[1mGenerating C++ introspection for ROS interfaces[0m
[ 24%] [34m[1mGenerating C++ type support for eProsima Fast-RTPS[0m
[ 26%] [32m[1mLinking C shared library libblickfeld_driver__rosidl_generator_c.so[0m
[ 26%] Built target blickfeld_driver__rosidl_generator_c
[ 30%] [34m[1mGenerating C type support dispatch for ROS interfaces[0m
[ 30%] [34m[1mGenerating C introspection for ROS interfaces[0m
[35m[1mScanning dependencies of target blickfeld_driver__rosidl_typesupport_cpp[0m
[ 32%] [32mBuilding CXX object CMakeFiles/blickfeld_driver__rosidl_typesupport_cpp.dir/rosidl_typesupport_cpp/blickfeld_driver/srv/set_scan_pattern__type_support.cpp.o[0m
[ 34%] [32mBuilding CXX object CMakeFiles/blickfeld_driver__rosidl_typesupport_cpp.dir/rosidl_typesupport_cpp/blickfeld_driver/srv/imu_static_transformation__type_support.cpp.o[0m
[35m[1mScanning dependencies of target blickfeld_driver__rosidl_typesupport_introspection_cpp[0m
[ 36%] [32mBuilding CXX object CMakeFiles/blickfeld_driver__rosidl_typesupport_introspection_cpp.dir/rosidl_typesupport_introspection_cpp/blickfeld_driver/srv/detail/imu_static_transformation__type_support.cpp.o[0m
[ 38%] [32mBuilding CXX object CMakeFiles/blickfeld_driver__rosidl_typesupport_introspection_cpp.dir/rosidl_typesupport_introspection_cpp/blickfeld_driver/srv/detail/set_scan_pattern__type_support.cpp.o[0m
[35m[1mScanning dependencies of target blickfeld_driver__rosidl_typesupport_fastrtps_cpp[0m
[ 40%] [32mBuilding CXX object CMakeFiles/blickfeld_driver__rosidl_typesupport_fastrtps_cpp.dir/rosidl_typesupport_fastrtps_cpp/blickfeld_driver/srv/detail/dds_fastrtps/set_scan_pattern__type_support.cpp.o[0m
[ 42%] [32mBuilding CXX object CMakeFiles/blickfeld_driver__rosidl_typesupport_fastrtps_cpp.dir/rosidl_typesupport_fastrtps_cpp/blickfeld_driver/srv/detail/dds_fastrtps/imu_static_transformation__type_support.cpp.o[0m
[35m[1mScanning dependencies of target blickfeld_driver__rosidl_typesupport_c[0m
[ 44%] [32mBuilding CXX object CMakeFiles/blickfeld_driver__rosidl_typesupport_c.dir/rosidl_typesupport_c/blickfeld_driver/srv/set_scan_pattern__type_support.cpp.o[0m
[ 46%] [32mBuilding CXX object CMakeFiles/blickfeld_driver__rosidl_typesupport_c.dir/rosidl_typesupport_c/blickfeld_driver/srv/imu_static_transformation__type_support.cpp.o[0m
[35m[1mScanning dependencies of target blickfeld_driver__rosidl_typesupport_introspection_c[0m
[ 48%] [32m[1mLinking CXX shared library libblickfeld_driver__rosidl_typesupport_c.so[0m
[ 50%] [32mBuilding C object CMakeFiles/blickfeld_driver__rosidl_typesupport_introspection_c.dir/rosidl_typesupport_introspection_c/blickfeld_driver/srv/detail/imu_static_transformation__type_support.c.o[0m
[ 52%] [32mBuilding C object CMakeFiles/blickfeld_driver__rosidl_typesupport_introspection_c.dir/rosidl_typesupport_introspection_c/blickfeld_driver/srv/detail/set_scan_pattern__type_support.c.o[0m
[ 54%] [32m[1mLinking C shared library libblickfeld_driver__rosidl_typesupport_introspection_c.so[0m
[ 54%] Built target blickfeld_driver__rosidl_typesupport_c
[ 54%] Built target blickfeld_driver__rosidl_typesupport_introspection_c
[ 56%] [32m[1mLinking CXX shared library libblickfeld_driver__rosidl_typesupport_cpp.so[0m
[ 58%] [32m[1mLinking CXX shared library libblickfeld_driver__rosidl_typesupport_introspection_cpp.so[0m
[ 58%] Built target blickfeld_driver__rosidl_typesupport_cpp
[ 58%] Built target blickfeld_driver__rosidl_typesupport_introspection_cpp
[ 60%] [32m[1mLinking CXX shared library libblickfeld_driver__rosidl_typesupport_fastrtps_cpp.so[0m
[ 60%] Built target blickfeld_driver__rosidl_typesupport_fastrtps_cpp
[ 62%] [34m[1mGenerating C type support for eProsima Fast-RTPS[0m
[35m[1mScanning dependencies of target blickfeld_driver__rosidl_typesupport_fastrtps_c[0m
[ 64%] [32mBuilding CXX object CMakeFiles/blickfeld_driver__rosidl_typesupport_fastrtps_c.dir/rosidl_typesupport_fastrtps_c/blickfeld_driver/srv/detail/imu_static_transformation__type_support_c.cpp.o[0m
[ 66%] [32mBuilding CXX object CMakeFiles/blickfeld_driver__rosidl_typesupport_fastrtps_c.dir/rosidl_typesupport_fastrtps_c/blickfeld_driver/srv/detail/set_scan_pattern__type_support_c.cpp.o[0m
[ 68%] [32m[1mLinking CXX shared library libblickfeld_driver__rosidl_typesupport_fastrtps_c.so[0m
[ 68%] Built target blickfeld_driver__rosidl_typesupport_fastrtps_c
[35m[1mScanning dependencies of target blickfeld_driver[0m
[ 68%] Built target blickfeld_driver
[35m[1mScanning dependencies of target blickfeld_driver__py[0m
[35m[1mScanning dependencies of target blickfeld_driver_lib[0m
[ 70%] [34m[1mGenerating Python code for ROS interfaces[0m
[ 72%] [32mBuilding CXX object CMakeFiles/blickfeld_driver_lib.dir/src/blickfeld_driver.cpp.o[0m
[ 72%] Built target blickfeld_driver__py
[35m[1mScanning dependencies of target blickfeld_driver__python[0m
[ 76%] [32mBuilding C object CMakeFiles/blickfeld_driver__python.dir/rosidl_generator_py/blickfeld_driver/srv/_imu_static_transformation_s.c.o[0m
[ 76%] [32mBuilding C object CMakeFiles/blickfeld_driver__python.dir/rosidl_generator_py/blickfeld_driver/srv/_set_scan_pattern_s.c.o[0m
[ 78%] [32m[1mLinking C shared library rosidl_generator_py/blickfeld_driver/libblickfeld_driver__python.so[0m
[ 78%] Built target blickfeld_driver__python
[35m[1mScanning dependencies of target blickfeld_driver__rosidl_typesupport_c__pyext[0m
[35m[1mScanning dependencies of target blickfeld_driver__rosidl_typesupport_introspection_c__pyext[0m
[35m[1mScanning dependencies of target blickfeld_driver__rosidl_typesupport_fastrtps_c__pyext[0m
[ 84%] [32mBuilding C object CMakeFiles/blickfeld_driver__rosidl_typesupport_introspection_c__pyext.dir/rosidl_generator_py/blickfeld_driver/_blickfeld_driver_s.ep.rosidl_typesupport_introspection_c.c.o[0m
[ 84%] [32mBuilding C object CMakeFiles/blickfeld_driver__rosidl_typesupport_c__pyext.dir/rosidl_generator_py/blickfeld_driver/_blickfeld_driver_s.ep.rosidl_typesupport_c.c.o[0m
[ 84%] [32mBuilding C object CMakeFiles/blickfeld_driver__rosidl_typesupport_fastrtps_c__pyext.dir/rosidl_generator_py/blickfeld_driver/_blickfeld_driver_s.ep.rosidl_typesupport_fastrtps_c.c.o[0m
[ 86%] [32m[1mLinking C shared library rosidl_generator_py/blickfeld_driver/blickfeld_driver_s__rosidl_typesupport_c.cpython-38-x86_64-linux-gnu.so[0m
[ 88%] [32m[1mLinking C shared library rosidl_generator_py/blickfeld_driver/blickfeld_driver_s__rosidl_typesupport_introspection_c.cpython-38-x86_64-linux-gnu.so[0m
[ 90%] [32m[1mLinking CXX shared library rosidl_generator_py/blickfeld_driver/blickfeld_driver_s__rosidl_typesupport_fastrtps_c.cpython-38-x86_64-linux-gnu.so[0m
[ 90%] Built target blickfeld_driver__rosidl_typesupport_introspection_c__pyext
[ 90%] Built target blickfeld_driver__rosidl_typesupport_c__pyext
[ 90%] Built target blickfeld_driver__rosidl_typesupport_fastrtps_c__pyext
[ 92%] [32m[1mLinking CXX shared library libblickfeld_driver_lib.so[0m
[ 92%] Built target blickfeld_driver_lib
[35m[1mScanning dependencies of target blickfeld_driver_component[0m
[35m[1mScanning dependencies of target blickfeld_driver_node[0m
[ 96%] [32mBuilding CXX object CMakeFiles/blickfeld_driver_component.dir/src/blickfeld_driver_component.cpp.o[0m
[ 96%] [32mBuilding CXX object CMakeFiles/blickfeld_driver_node.dir/src/blickfeld_driver_node.cpp.o[0m
[ 98%] [32m[1mLinking CXX executable blickfeld_driver_node[0m
[100%] [32m[1mLinking CXX shared library libblickfeld_driver_component.so[0m
[100%] Built target blickfeld_driver_component
[100%] Built target blickfeld_driver_node
-- Install configuration: ""
-- Installing: /home/jeongil/ros_foxy_ws/blickfeld_ws/install/blickfeld_driver/share/ament_index/resource_index/rosidl_interfaces/blickfeld_driver
-- Installing: /home/jeongil/ros_foxy_ws/blickfeld_ws/install/blickfeld_driver/include/blickfeld_driver
-- Installing: /home/jeongil/ros_foxy_ws/blickfeld_ws/install/blickfeld_driver/include/blickfeld_driver/srv
-- Installing: /home/jeongil/ros_foxy_ws/blickfeld_ws/install/blickfeld_driver/include/blickfeld_driver/srv/set_scan_pattern.h
-- Installing: /home/jeongil/ros_foxy_ws/blickfeld_ws/install/blickfeld_driver/include/blickfeld_driver/srv/detail
-- Installing: /home/jeongil/ros_foxy_ws/blickfeld_ws/install/blickfeld_driver/include/blickfeld_driver/srv/detail/set_scan_pattern__struct.h
-- Installing: /home/jeongil/ros_foxy_ws/blickfeld_ws/install/blickfeld_driver/include/blickfeld_driver/srv/detail/set_scan_pattern__functions.c
-- Installing: /home/jeongil/ros_foxy_ws/blickfeld_ws/install/blickfeld_driver/include/blickfeld_driver/srv/detail/imu_static_transformation__functions.h
-- Installing: /home/jeongil/ros_foxy_ws/blickfeld_ws/install/blickfeld_driver/include/blickfeld_driver/srv/detail/imu_static_transformation__type_support.h
-- Installing: /home/jeongil/ros_foxy_ws/blickfeld_ws/install/blickfeld_driver/include/blickfeld_driver/srv/detail/set_scan_pattern__functions.h
-- Installing: /home/jeongil/ros_foxy_ws/blickfeld_ws/install/blickfeld_driver/include/blickfeld_driver/srv/detail/imu_static_transformation__functions.c
-- Installing: /home/jeongil/ros_foxy_ws/blickfeld_ws/install/blickfeld_driver/include/blickfeld_driver/srv/detail/imu_static_transformation__struct.h
-- Installing: /home/jeongil/ros_foxy_ws/blickfeld_ws/install/blickfeld_driver/include/blickfeld_driver/srv/detail/set_scan_pattern__type_support.h
-- Installing: /home/jeongil/ros_foxy_ws/blickfeld_ws/install/blickfeld_driver/include/blickfeld_driver/srv/imu_static_transformation.h
-- Installing: /home/jeongil/ros_foxy_ws/blickfeld_ws/install/blickfeld_driver/include/blickfeld_driver/msg
-- Installing: /home/jeongil/ros_foxy_ws/blickfeld_ws/install/blickfeld_driver/include/blickfeld_driver/msg/rosidl_generator_c__visibility_control.h
-- Installing: /home/jeongil/ros_foxy_ws/blickfeld_ws/install/blickfeld_driver/share/blickfeld_driver/environment/library_path.sh
-- Installing: /home/jeongil/ros_foxy_ws/blickfeld_ws/install/blickfeld_driver/share/blickfeld_driver/environment/library_path.dsv
-- Installing: /home/jeongil/ros_foxy_ws/blickfeld_ws/install/blickfeld_driver/lib/libblickfeld_driver__rosidl_generator_c.so
-- Set runtime path of "/home/jeongil/ros_foxy_ws/blickfeld_ws/install/blickfeld_driver/lib/libblickfeld_driver__rosidl_generator_c.so" to ""
-- Up-to-date: /home/jeongil/ros_foxy_ws/blickfeld_ws/install/blickfeld_driver/include/blickfeld_driver
-- Up-to-date: /home/jeongil/ros_foxy_ws/blickfeld_ws/install/blickfeld_driver/include/blickfeld_driver/srv
-- Up-to-date: /home/jeongil/ros_foxy_ws/blickfeld_ws/install/blickfeld_driver/include/blickfeld_driver/srv/detail
-- Installing: /home/jeongil/ros_foxy_ws/blickfeld_ws/install/blickfeld_driver/include/blickfeld_driver/srv/detail/imu_static_transformation__rosidl_typesupport_fastrtps_c.h
-- Installing: /home/jeongil/ros_foxy_ws/blickfeld_ws/install/blickfeld_driver/include/blickfeld_driver/srv/detail/set_scan_pattern__rosidl_typesupport_fastrtps_c.h
-- Up-to-date: /home/jeongil/ros_foxy_ws/blickfeld_ws/install/blickfeld_driver/include/blickfeld_driver/msg
-- Installing: /home/jeongil/ros_foxy_ws/blickfeld_ws/install/blickfeld_driver/include/blickfeld_driver/msg/rosidl_typesupport_fastrtps_c__visibility_control.h
-- Installing: /home/jeongil/ros_foxy_ws/blickfeld_ws/install/blickfeld_driver/lib/libblickfeld_driver__rosidl_typesupport_fastrtps_c.so
-- Set runtime path of "/home/jeongil/ros_foxy_ws/blickfeld_ws/install/blickfeld_driver/lib/libblickfeld_driver__rosidl_typesupport_fastrtps_c.so" to ""
-- Up-to-date: /home/jeongil/ros_foxy_ws/blickfeld_ws/install/blickfeld_driver/include/blickfeld_driver
-- Up-to-date: /home/jeongil/ros_foxy_ws/blickfeld_ws/install/blickfeld_driver/include/blickfeld_driver/srv
-- Up-to-date: /home/jeongil/ros_foxy_ws/blickfeld_ws/install/blickfeld_driver/include/blickfeld_driver/srv/detail
-- Installing: /home/jeongil/ros_foxy_ws/blickfeld_ws/install/blickfeld_driver/include/blickfeld_driver/srv/detail/imu_static_transformation__rosidl_typesupport_fastrtps_cpp.hpp
-- Installing: /home/jeongil/ros_foxy_ws/blickfeld_ws/install/blickfeld_driver/include/blickfeld_driver/srv/detail/dds_fastrtps
-- Installing: /home/jeongil/ros_foxy_ws/blickfeld_ws/install/blickfeld_driver/include/blickfeld_driver/srv/detail/set_scan_pattern__rosidl_typesupport_fastrtps_cpp.hpp
-- Up-to-date: /home/jeongil/ros_foxy_ws/blickfeld_ws/install/blickfeld_driver/include/blickfeld_driver/msg
-- Installing: /home/jeongil/ros_foxy_ws/blickfeld_ws/install/blickfeld_driver/include/blickfeld_driver/msg/rosidl_typesupport_fastrtps_cpp__visibility_control.h
-- Installing: /home/jeongil/ros_foxy_ws/blickfeld_ws/install/blickfeld_driver/lib/libblickfeld_driver__rosidl_typesupport_fastrtps_cpp.so
-- Set runtime path of "/home/jeongil/ros_foxy_ws/blickfeld_ws/install/blickfeld_driver/lib/libblickfeld_driver__rosidl_typesupport_fastrtps_cpp.so" to ""
-- Up-to-date: /home/jeongil/ros_foxy_ws/blickfeld_ws/install/blickfeld_driver/include/blickfeld_driver
-- Up-to-date: /home/jeongil/ros_foxy_ws/blickfeld_ws/install/blickfeld_driver/include/blickfeld_driver/srv
-- Up-to-date: /home/jeongil/ros_foxy_ws/blickfeld_ws/install/blickfeld_driver/include/blickfeld_driver/srv/detail
-- Installing: /home/jeongil/ros_foxy_ws/blickfeld_ws/install/blickfeld_driver/include/blickfeld_driver/srv/detail/set_scan_pattern__rosidl_typesupport_introspection_c.h
-- Installing: /home/jeongil/ros_foxy_ws/blickfeld_ws/install/blickfeld_driver/include/blickfeld_driver/srv/detail/set_scan_pattern__type_support.c
-- Installing: /home/jeongil/ros_foxy_ws/blickfeld_ws/install/blickfeld_driver/include/blickfeld_driver/srv/detail/imu_static_transformation__type_support.c
-- Installing: /home/jeongil/ros_foxy_ws/blickfeld_ws/install/blickfeld_driver/include/blickfeld_driver/srv/detail/imu_static_transformation__rosidl_typesupport_introspection_c.h
-- Up-to-date: /home/jeongil/ros_foxy_ws/blickfeld_ws/install/blickfeld_driver/include/blickfeld_driver/msg
-- Installing: /home/jeongil/ros_foxy_ws/blickfeld_ws/install/blickfeld_driver/include/blickfeld_driver/msg/rosidl_typesupport_introspection_c__visibility_control.h
-- Installing: /home/jeongil/ros_foxy_ws/blickfeld_ws/install/blickfeld_driver/lib/libblickfeld_driver__rosidl_typesupport_introspection_c.so
-- Set runtime path of "/home/jeongil/ros_foxy_ws/blickfeld_ws/install/blickfeld_driver/lib/libblickfeld_driver__rosidl_typesupport_introspection_c.so" to ""
-- Installing: /home/jeongil/ros_foxy_ws/blickfeld_ws/install/blickfeld_driver/lib/libblickfeld_driver__rosidl_typesupport_c.so
-- Set runtime path of "/home/jeongil/ros_foxy_ws/blickfeld_ws/install/blickfeld_driver/lib/libblickfeld_driver__rosidl_typesupport_c.so" to ""
-- Up-to-date: /home/jeongil/ros_foxy_ws/blickfeld_ws/install/blickfeld_driver/include/blickfeld_driver
-- Up-to-date: /home/jeongil/ros_foxy_ws/blickfeld_ws/install/blickfeld_driver/include/blickfeld_driver/srv
-- Installing: /home/jeongil/ros_foxy_ws/blickfeld_ws/install/blickfeld_driver/include/blickfeld_driver/srv/set_scan_pattern.hpp
-- Up-to-date: /home/jeongil/ros_foxy_ws/blickfeld_ws/install/blickfeld_driver/include/blickfeld_driver/srv/detail
-- Installing: /home/jeongil/ros_foxy_ws/blickfeld_ws/install/blickfeld_driver/include/blickfeld_driver/srv/detail/imu_static_transformation__type_support.hpp
-- Installing: /home/jeongil/ros_foxy_ws/blickfeld_ws/install/blickfeld_driver/include/blickfeld_driver/srv/detail/set_scan_pattern__traits.hpp
-- Installing: /home/jeongil/ros_foxy_ws/blickfeld_ws/install/blickfeld_driver/include/blickfeld_driver/srv/detail/set_scan_pattern__builder.hpp
-- Installing: /home/jeongil/ros_foxy_ws/blickfeld_ws/install/blickfeld_driver/include/blickfeld_driver/srv/detail/imu_static_transformation__traits.hpp
-- Installing: /home/jeongil/ros_foxy_ws/blickfeld_ws/install/blickfeld_driver/include/blickfeld_driver/srv/detail/imu_static_transformation__struct.hpp
-- Installing: /home/jeongil/ros_foxy_ws/blickfeld_ws/install/blickfeld_driver/include/blickfeld_driver/srv/detail/imu_static_transformation__builder.hpp
-- Installing: /home/jeongil/ros_foxy_ws/blickfeld_ws/install/blickfeld_driver/include/blickfeld_driver/srv/detail/set_scan_pattern__type_support.hpp
-- Installing: /home/jeongil/ros_foxy_ws/blickfeld_ws/install/blickfeld_driver/include/blickfeld_driver/srv/detail/set_scan_pattern__struct.hpp
-- Installing: /home/jeongil/ros_foxy_ws/blickfeld_ws/install/blickfeld_driver/include/blickfeld_driver/srv/imu_static_transformation.hpp
-- Up-to-date: /home/jeongil/ros_foxy_ws/blickfeld_ws/install/blickfeld_driver/include/blickfeld_driver/msg
-- Installing: /home/jeongil/ros_foxy_ws/blickfeld_ws/install/blickfeld_driver/include/blickfeld_driver/msg/rosidl_generator_cpp__visibility_control.hpp
-- Up-to-date: /home/jeongil/ros_foxy_ws/blickfeld_ws/install/blickfeld_driver/include/blickfeld_driver
-- Up-to-date: /home/jeongil/ros_foxy_ws/blickfeld_ws/install/blickfeld_driver/include/blickfeld_driver/srv
-- Up-to-date: /home/jeongil/ros_foxy_ws/blickfeld_ws/install/blickfeld_driver/include/blickfeld_driver/srv/detail
-- Installing: /home/jeongil/ros_foxy_ws/blickfeld_ws/install/blickfeld_driver/include/blickfeld_driver/srv/detail/set_scan_pattern__type_support.cpp
-- Installing: /home/jeongil/ros_foxy_ws/blickfeld_ws/install/blickfeld_driver/include/blickfeld_driver/srv/detail/imu_static_transformation__type_support.cpp
-- Installing: /home/jeongil/ros_foxy_ws/blickfeld_ws/install/blickfeld_driver/include/blickfeld_driver/srv/detail/set_scan_pattern__rosidl_typesupport_introspection_cpp.hpp
-- Installing: /home/jeongil/ros_foxy_ws/blickfeld_ws/install/blickfeld_driver/include/blickfeld_driver/srv/detail/imu_static_transformation__rosidl_typesupport_introspection_cpp.hpp
-- Installing: /home/jeongil/ros_foxy_ws/blickfeld_ws/install/blickfeld_driver/lib/libblickfeld_driver__rosidl_typesupport_introspection_cpp.so
-- Set runtime path of "/home/jeongil/ros_foxy_ws/blickfeld_ws/install/blickfeld_driver/lib/libblickfeld_driver__rosidl_typesupport_introspection_cpp.so" to ""
-- Installing: /home/jeongil/ros_foxy_ws/blickfeld_ws/install/blickfeld_driver/lib/libblickfeld_driver__rosidl_typesupport_cpp.so
-- Set runtime path of "/home/jeongil/ros_foxy_ws/blickfeld_ws/install/blickfeld_driver/lib/libblickfeld_driver__rosidl_typesupport_cpp.so" to ""
-- Installing: /home/jeongil/ros_foxy_ws/blickfeld_ws/install/blickfeld_driver/share/blickfeld_driver/environment/pythonpath.sh
-- Installing: /home/jeongil/ros_foxy_ws/blickfeld_ws/install/blickfeld_driver/share/blickfeld_driver/environment/pythonpath.dsv
-- Installing: /home/jeongil/ros_foxy_ws/blickfeld_ws/install/blickfeld_driver/lib/python3.8/site-packages/blickfeld_driver/__init__.py
Compiling '/home/jeongil/ros_foxy_ws/blickfeld_ws/install/blickfeld_driver/lib/python3.8/site-packages/blickfeld_driver/__init__.py'...
-- Installing: /home/jeongil/ros_foxy_ws/blickfeld_ws/install/blickfeld_driver/lib/python3.8/site-packages/blickfeld_driver/srv
-- Installing: /home/jeongil/ros_foxy_ws/blickfeld_ws/install/blickfeld_driver/lib/python3.8/site-packages/blickfeld_driver/srv/_imu_static_transformation_s.c
-- Installing: /home/jeongil/ros_foxy_ws/blickfeld_ws/install/blickfeld_driver/lib/python3.8/site-packages/blickfeld_driver/srv/_imu_static_transformation.py
-- Installing: /home/jeongil/ros_foxy_ws/blickfeld_ws/install/blickfeld_driver/lib/python3.8/site-packages/blickfeld_driver/srv/_set_scan_pattern_s.c
-- Installing: /home/jeongil/ros_foxy_ws/blickfeld_ws/install/blickfeld_driver/lib/python3.8/site-packages/blickfeld_driver/srv/_set_scan_pattern.py
-- Installing: /home/jeongil/ros_foxy_ws/blickfeld_ws/install/blickfeld_driver/lib/python3.8/site-packages/blickfeld_driver/srv/__init__.py
-- Installing: /home/jeongil/ros_foxy_ws/blickfeld_ws/install/blickfeld_driver/lib/python3.8/site-packages/blickfeld_driver/blickfeld_driver_s__rosidl_typesupport_fastrtps_c.cpython-38-x86_64-linux-gnu.so
-- Set runtime path of "/home/jeongil/ros_foxy_ws/blickfeld_ws/install/blickfeld_driver/lib/python3.8/site-packages/blickfeld_driver/blickfeld_driver_s__rosidl_typesupport_fastrtps_c.cpython-38-x86_64-linux-gnu.so" to ""
-- Installing: /home/jeongil/ros_foxy_ws/blickfeld_ws/install/blickfeld_driver/lib/python3.8/site-packages/blickfeld_driver/blickfeld_driver_s__rosidl_typesupport_introspection_c.cpython-38-x86_64-linux-gnu.so
-- Set runtime path of "/home/jeongil/ros_foxy_ws/blickfeld_ws/install/blickfeld_driver/lib/python3.8/site-packages/blickfeld_driver/blickfeld_driver_s__rosidl_typesupport_introspection_c.cpython-38-x86_64-linux-gnu.so" to ""
-- Installing: /home/jeongil/ros_foxy_ws/blickfeld_ws/install/blickfeld_driver/lib/python3.8/site-packages/blickfeld_driver/blickfeld_driver_s__rosidl_typesupport_c.cpython-38-x86_64-linux-gnu.so
-- Set runtime path of "/home/jeongil/ros_foxy_ws/blickfeld_ws/install/blickfeld_driver/lib/python3.8/site-packages/blickfeld_driver/blickfeld_driver_s__rosidl_typesupport_c.cpython-38-x86_64-linux-gnu.so" to ""
-- Installing: /home/jeongil/ros_foxy_ws/blickfeld_ws/install/blickfeld_driver/lib/libblickfeld_driver__python.so
-- Set runtime path of "/home/jeongil/ros_foxy_ws/blickfeld_ws/install/blickfeld_driver/lib/libblickfeld_driver__python.so" to ""
-- Installing: /home/jeongil/ros_foxy_ws/blickfeld_ws/install/blickfeld_driver/share/blickfeld_driver/srv/ImuStaticTransformation.idl
-- Installing: /home/jeongil/ros_foxy_ws/blickfeld_ws/install/blickfeld_driver/share/blickfeld_driver/srv/SetScanPattern.idl
-- Installing: /home/jeongil/ros_foxy_ws/blickfeld_ws/install/blickfeld_driver/share/blickfeld_driver/srv/ImuStaticTransformation.srv
-- Installing: /home/jeongil/ros_foxy_ws/blickfeld_ws/install/blickfeld_driver/share/blickfeld_driver/srv/ImuStaticTransformation_Request.msg
-- Installing: /home/jeongil/ros_foxy_ws/blickfeld_ws/install/blickfeld_driver/share/blickfeld_driver/srv/ImuStaticTransformation_Response.msg
-- Installing: /home/jeongil/ros_foxy_ws/blickfeld_ws/install/blickfeld_driver/share/blickfeld_driver/srv/SetScanPattern.srv
-- Installing: /home/jeongil/ros_foxy_ws/blickfeld_ws/install/blickfeld_driver/share/blickfeld_driver/srv/SetScanPattern_Request.msg
-- Installing: /home/jeongil/ros_foxy_ws/blickfeld_ws/install/blickfeld_driver/share/blickfeld_driver/srv/SetScanPattern_Response.msg
-- Up-to-date: /home/jeongil/ros_foxy_ws/blickfeld_ws/install/blickfeld_driver/share/blickfeld_driver/environment/library_path.sh
-- Up-to-date: /home/jeongil/ros_foxy_ws/blickfeld_ws/install/blickfeld_driver/share/blickfeld_driver/environment/library_path.dsv
-- Installing: /home/jeongil/ros_foxy_ws/blickfeld_ws/install/blickfeld_driver/lib/libblickfeld_driver_lib.so
-- Set runtime path of "/home/jeongil/ros_foxy_ws/blickfeld_ws/install/blickfeld_driver/lib/libblickfeld_driver_lib.so" to ""
-- Installing: /home/jeongil/ros_foxy_ws/blickfeld_ws/install/blickfeld_driver/lib/libblickfeld_driver_component.so
-- Set runtime path of "/home/jeongil/ros_foxy_ws/blickfeld_ws/install/blickfeld_driver/lib/libblickfeld_driver_component.so" to ""
-- Installing: /home/jeongil/ros_foxy_ws/blickfeld_ws/install/blickfeld_driver/lib/blickfeld_driver/blickfeld_driver_node
-- Set runtime path of "/home/jeongil/ros_foxy_ws/blickfeld_ws/install/blickfeld_driver/lib/blickfeld_driver/blickfeld_driver_node" to ""
-- Up-to-date: /home/jeongil/ros_foxy_ws/blickfeld_ws/install/blickfeld_driver/include/
-- Up-to-date: /home/jeongil/ros_foxy_ws/blickfeld_ws/install/blickfeld_driver/include//blickfeld_driver
-- Installing: /home/jeongil/ros_foxy_ws/blickfeld_ws/install/blickfeld_driver/include//blickfeld_driver/blickfeld_driver.h
-- Installing: /home/jeongil/ros_foxy_ws/blickfeld_ws/install/blickfeld_driver/include//blickfeld_driver/blickfeld_driver_ros_types.h
-- Up-to-date: /home/jeongil/ros_foxy_ws/blickfeld_ws/install/blickfeld_driver/include/
-- Installing: /home/jeongil/ros_foxy_ws/blickfeld_ws/install/blickfeld_driver/include//blickfeld_driver_core
-- Installing: /home/jeongil/ros_foxy_ws/blickfeld_ws/install/blickfeld_driver/include//blickfeld_driver_core/blickfeld_driver_utils.h
-- Installing: /home/jeongil/ros_foxy_ws/blickfeld_ws/install/blickfeld_driver/include//blickfeld_driver_core/blickfeld_driver_point_cloud_parser.h
-- Installing: /home/jeongil/ros_foxy_ws/blickfeld_ws/install/blickfeld_driver/include//blickfeld_driver_core/blickfeld_driver_imu_parser.h
-- Installing: /home/jeongil/ros_foxy_ws/blickfeld_ws/install/blickfeld_driver/include//blickfeld_driver_core/blickfeld_driver_types.h
-- Installing: /home/jeongil/ros_foxy_ws/blickfeld_ws/install/blickfeld_driver/include//blickfeld_driver_core/blickfeld_driver_core.h
-- Installing: /home/jeongil/ros_foxy_ws/blickfeld_ws/install/blickfeld_driver/share/blickfeld_driver/launch
-- Installing: /home/jeongil/ros_foxy_ws/blickfeld_ws/install/blickfeld_driver/share/blickfeld_driver/launch/live_scanner.launch.xml
-- Installing: /home/jeongil/ros_foxy_ws/blickfeld_ws/install/blickfeld_driver/share/blickfeld_driver/launch/live_scanner_component.launch.py
-- Installing: /home/jeongil/ros_foxy_ws/blickfeld_ws/install/blickfeld_driver/share/blickfeld_driver/launch/live_scanner_node.launch.py
-- Installing: /home/jeongil/ros_foxy_ws/blickfeld_ws/install/blickfeld_driver/share/blickfeld_driver/config
-- Installing: /home/jeongil/ros_foxy_ws/blickfeld_ws/install/blickfeld_driver/share/blickfeld_driver/config/driver_config.yaml
-- Installing: /home/jeongil/ros_foxy_ws/blickfeld_ws/install/blickfeld_driver/share/blickfeld_driver/config/blickfeld_scanner.rviz
-- Installing: /home/jeongil/ros_foxy_ws/blickfeld_ws/install/blickfeld_driver/share/ament_index/resource_index/package_run_dependencies/blickfeld_driver
-- Installing: /home/jeongil/ros_foxy_ws/blickfeld_ws/install/blickfeld_driver/share/ament_index/resource_index/parent_prefix_path/blickfeld_driver
-- Installing: /home/jeongil/ros_foxy_ws/blickfeld_ws/install/blickfeld_driver/share/blickfeld_driver/environment/ament_prefix_path.sh
-- Installing: /home/jeongil/ros_foxy_ws/blickfeld_ws/install/blickfeld_driver/share/blickfeld_driver/environment/ament_prefix_path.dsv
-- Installing: /home/jeongil/ros_foxy_ws/blickfeld_ws/install/blickfeld_driver/share/blickfeld_driver/environment/path.sh
-- Installing: /home/jeongil/ros_foxy_ws/blickfeld_ws/install/blickfeld_driver/share/blickfeld_driver/environment/path.dsv
-- Installing: /home/jeongil/ros_foxy_ws/blickfeld_ws/install/blickfeld_driver/share/blickfeld_driver/local_setup.bash
-- Installing: /home/jeongil/ros_foxy_ws/blickfeld_ws/install/blickfeld_driver/share/blickfeld_driver/local_setup.sh
-- Installing: /home/jeongil/ros_foxy_ws/blickfeld_ws/install/blickfeld_driver/share/blickfeld_driver/local_setup.zsh
-- Installing: /home/jeongil/ros_foxy_ws/blickfeld_ws/install/blickfeld_driver/share/blickfeld_driver/local_setup.dsv
-- Installing: /home/jeongil/ros_foxy_ws/blickfeld_ws/install/blickfeld_driver/share/blickfeld_driver/package.dsv
-- Installing: /home/jeongil/ros_foxy_ws/blickfeld_ws/install/blickfeld_driver/share/ament_index/resource_index/packages/blickfeld_driver
-- Installing: /home/jeongil/ros_foxy_ws/blickfeld_ws/install/blickfeld_driver/share/blickfeld_driver/cmake/blickfeld_driver__rosidl_generator_cExport.cmake
-- Installing: /home/jeongil/ros_foxy_ws/blickfeld_ws/install/blickfeld_driver/share/blickfeld_driver/cmake/blickfeld_driver__rosidl_generator_cExport-noconfig.cmake
-- Installing: /home/jeongil/ros_foxy_ws/blickfeld_ws/install/blickfeld_driver/share/blickfeld_driver/cmake/blickfeld_driver__rosidl_typesupport_introspection_cExport.cmake
-- Installing: /home/jeongil/ros_foxy_ws/blickfeld_ws/install/blickfeld_driver/share/blickfeld_driver/cmake/blickfeld_driver__rosidl_typesupport_introspection_cExport-noconfig.cmake
-- Installing: /home/jeongil/ros_foxy_ws/blickfeld_ws/install/blickfeld_driver/share/blickfeld_driver/cmake/blickfeld_driver__rosidl_typesupport_cExport.cmake
-- Installing: /home/jeongil/ros_foxy_ws/blickfeld_ws/install/blickfeld_driver/share/blickfeld_driver/cmake/blickfeld_driver__rosidl_typesupport_cExport-noconfig.cmake
-- Installing: /home/jeongil/ros_foxy_ws/blickfeld_ws/install/blickfeld_driver/share/blickfeld_driver/cmake/blickfeld_driver__rosidl_generator_cppExport.cmake
-- Installing: /home/jeongil/ros_foxy_ws/blickfeld_ws/install/blickfeld_driver/share/blickfeld_driver/cmake/blickfeld_driver__rosidl_typesupport_introspection_cppExport.cmake
-- Installing: /home/jeongil/ros_foxy_ws/blickfeld_ws/install/blickfeld_driver/share/blickfeld_driver/cmake/blickfeld_driver__rosidl_typesupport_introspection_cppExport-noconfig.cmake
-- Installing: /home/jeongil/ros_foxy_ws/blickfeld_ws/install/blickfeld_driver/share/blickfeld_driver/cmake/blickfeld_driver__rosidl_typesupport_cppExport.cmake
-- Installing: /home/jeongil/ros_foxy_ws/blickfeld_ws/install/blickfeld_driver/share/blickfeld_driver/cmake/blickfeld_driver__rosidl_typesupport_cppExport-noconfig.cmake
-- Installing: /home/jeongil/ros_foxy_ws/blickfeld_ws/install/blickfeld_driver/share/ament_index/resource_index/rclcpp_components/blickfeld_driver
-- Installing: /home/jeongil/ros_foxy_ws/blickfeld_ws/install/blickfeld_driver/share/blickfeld_driver/cmake/rosidl_cmake-extras.cmake
-- Installing: /home/jeongil/ros_foxy_ws/blickfeld_ws/install/blickfeld_driver/share/blickfeld_driver/cmake/ament_cmake_export_dependencies-extras.cmake
-- Installing: /home/jeongil/ros_foxy_ws/blickfeld_ws/install/blickfeld_driver/share/blickfeld_driver/cmake/ament_cmake_export_libraries-extras.cmake
-- Installing: /home/jeongil/ros_foxy_ws/blickfeld_ws/install/blickfeld_driver/share/blickfeld_driver/cmake/ament_cmake_export_targets-extras.cmake
-- Installing: /home/jeongil/ros_foxy_ws/blickfeld_ws/install/blickfeld_driver/share/blickfeld_driver/cmake/ament_cmake_export_include_directories-extras.cmake
-- Installing: /home/jeongil/ros_foxy_ws/blickfeld_ws/install/blickfeld_driver/share/blickfeld_driver/cmake/rosidl_cmake_export_typesupport_libraries-extras.cmake
-- Installing: /home/jeongil/ros_foxy_ws/blickfeld_ws/install/blickfeld_driver/share/blickfeld_driver/cmake/rosidl_cmake_export_typesupport_targets-extras.cmake
-- Installing: /home/jeongil/ros_foxy_ws/blickfeld_ws/install/blickfeld_driver/share/blickfeld_driver/cmake/blickfeld_driverConfig.cmake
-- Installing: /home/jeongil/ros_foxy_ws/blickfeld_ws/install/blickfeld_driver/share/blickfeld_driver/cmake/blickfeld_driverConfig-version.cmake
-- Installing: /home/jeongil/ros_foxy_ws/blickfeld_ws/install/blickfeld_driver/share/blickfeld_driver/package.xml
-- Installing: /home/jeongil/ros_foxy_ws/blickfeld_ws/install/blickfeld_driver/lib/libblickfeld_driver_core.so
-- Set runtime path of "/home/jeongil/ros_foxy_ws/blickfeld_ws/install/blickfeld_driver/lib/libblickfeld_driver_core.so" to ""
