-- The C compiler identification is GNU 9.4.0
-- The CXX compiler identification is GNU 9.4.0
-- Check for working C compiler: /usr/bin/cc
-- Check for working C compiler: /usr/bin/cc -- works
-- Detecting C compiler ABI info
-- Detecting C compiler ABI info - done
-- Detecting C compile features
-- Detecting C compile features - done
-- Check for working CXX compiler: /usr/bin/c++
-- Check for working CXX compiler: /usr/bin/c++ -- works
-- Detecting CXX compiler ABI info
-- Detecting CXX compiler ABI info - done
-- Detecting CXX compile features
-- Detecting CXX compile features - done
-- Found ament_cmake: 0.9.12 (/opt/ros/foxy/share/ament_cmake/cmake)
-- Found PythonInterp: /home/jeongil/anaconda3/envs/blickfeld/bin/python3 (found suitable version "3.7.10", minimum required is "3") 
-- Using PYTHON_EXECUTABLE: /home/jeongil/anaconda3/envs/blickfeld/bin/python3
-- Found ament_cmake_ros: 0.9.2 (/opt/ros/foxy/share/ament_cmake_ros/cmake)
-- Found rclcpp: 2.4.3 (/opt/ros/foxy/share/rclcpp/cmake)
-- Using all available rosidl_typesupport_c: rosidl_typesupport_fastrtps_c;rosidl_typesupport_introspection_c
-- Found rosidl_adapter: 1.3.1 (/opt/ros/foxy/share/rosidl_adapter/cmake)
-- Found OpenSSL: /usr/lib/x86_64-linux-gnu/libcrypto.so (found version "1.1.1f")  
-- Found FastRTPS: /opt/ros/foxy/include  
-- Using all available rosidl_typesupport_cpp: rosidl_typesupport_fastrtps_cpp;rosidl_typesupport_introspection_cpp
-- Found rmw_implementation_cmake: 1.0.4 (/opt/ros/foxy/share/rmw_implementation_cmake/cmake)
-- Using RMW implementation 'rmw_fastrtps_cpp' as default
-- Looking for pthread.h
-- Looking for pthread.h - found
-- Performing Test CMAKE_HAVE_LIBC_PTHREAD
-- Performing Test CMAKE_HAVE_LIBC_PTHREAD - Failed
-- Looking for pthread_create in pthreads
-- Looking for pthread_create in pthreads - not found
-- Looking for pthread_create in pthread
-- Looking for pthread_create in pthread - found
-- Found Threads: TRUE  
-- Found rclcpp_components: 2.4.3 (/opt/ros/foxy/share/rclcpp_components/cmake)
-- Found diagnostic_msgs: 2.0.5 (/opt/ros/foxy/share/diagnostic_msgs/cmake)
-- Found geometry_msgs: 2.0.5 (/opt/ros/foxy/share/geometry_msgs/cmake)
-- Found sensor_msgs: 2.0.5 (/opt/ros/foxy/share/sensor_msgs/cmake)
-- Found std_srvs: 2.0.5 (/opt/ros/foxy/share/std_srvs/cmake)
-- Found diagnostic_updater: 3.1.2 (/opt/ros/foxy/share/diagnostic_updater/cmake)
-- Found cv_bridge: 3.0.7 (/opt/ros/foxy/share/cv_bridge/cmake)
-- Found rosidl_default_generators: 1.0.1 (/opt/ros/foxy/share/rosidl_default_generators/cmake)
-- Found tf2_ros: 0.13.14 (/opt/ros/foxy/share/tf2_ros/cmake)
-- Found tf2_geometry_msgs: 0.13.14 (/opt/ros/foxy/share/tf2_geometry_msgs/cmake)
-- Found eigen3_cmake_module: 0.1.1 (/opt/ros/foxy/share/eigen3_cmake_module/cmake)
-- Found Eigen3: TRUE (found version "3.3.7") 
CMake Warning at /usr/share/cmake-3.16/Modules/FindProtobuf.cmake:499 (message):
  Protobuf compiler version doesn't match library version 3.6.1
Call Stack (most recent call first):
  /usr/share/cmake-3.16/Modules/CMakeFindDependencyMacro.cmake:47 (find_package)
  /usr/lib/cmake/blickfeld-scanner/blickfeld-scanner-config.cmake:8 (find_dependency)
  CMakeLists.txt:44 (find_package)


-- Found Protobuf: /usr/lib/x86_64-linux-gnu/libprotobuf.so;-lpthread (found suitable version "3.6.1", minimum required is "3.6.1") 
CMake Warning at /usr/share/cmake-3.16/Modules/FindProtobuf.cmake:499 (message):
  Protobuf compiler version doesn't match library version 3.6.1
Call Stack (most recent call first):
  /usr/share/cmake-3.16/Modules/CMakeFindDependencyMacro.cmake:47 (find_package)
  /usr/lib/cmake/blickfeld-scanner/blickfeld-scanner-config.cmake:8 (find_dependency)
  /usr/lib/cmake/blickfeld-scanner/blickfeld-scanner.cmake:69 (include)
  /usr/lib/cmake/blickfeld-scanner/blickfeld-scanner-config.cmake:40 (include)
  CMakeLists.txt:44 (find_package)


-- Found PythonInterp: /home/jeongil/anaconda3/envs/blickfeld/bin/python3 (found version "3.7.10") 
CMake Error at /opt/ros/foxy/share/rosidl_adapter/cmake/rosidl_adapt_interfaces.cmake:60 (message):
  execute_process(/home/jeongil/anaconda3/envs/blickfeld/bin/python3 -m
  rosidl_adapter --package-name blickfeld_driver --arguments-file
  /home/jeongil/ros_foxy_ws/blickfeld_ws/build/blickfeld_driver/rosidl_adapter__arguments__blickfeld_driver.json
  --output-dir
  /home/jeongil/ros_foxy_ws/blickfeld_ws/build/blickfeld_driver/rosidl_adapter/blickfeld_driver
  --output-file
  /home/jeongil/ros_foxy_ws/blickfeld_ws/build/blickfeld_driver/rosidl_adapter/blickfeld_driver.idls)
  returned error code 1:

  Traceback (most recent call last):

    File "/home/jeongil/anaconda3/envs/blickfeld/lib/python3.7/runpy.py", line 193, in _run_module_as_main
      "__main__", mod_spec)
    File "/home/jeongil/anaconda3/envs/blickfeld/lib/python3.7/runpy.py", line 85, in _run_code
      exec(code, run_globals)
    File "/opt/ros/foxy/lib/python3.8/site-packages/rosidl_adapter/__main__.py", line 19, in <module>
      sys.exit(main())
    File "/opt/ros/foxy/lib/python3.8/site-packages/rosidl_adapter/main.py", line 55, in main
      pathlib.Path(relative_path), output_dir)
    File "/opt/ros/foxy/lib/python3.8/site-packages/rosidl_adapter/__init__.py", line 23, in convert_to_idl
      from rosidl_adapter.srv import convert_srv_to_idl
    File "/opt/ros/foxy/lib/python3.8/site-packages/rosidl_adapter/srv/__init__.py", line 16, in <module>
      from rosidl_adapter.resource import expand_template
    File "/opt/ros/foxy/lib/python3.8/site-packages/rosidl_adapter/resource/__init__.py", line 19, in <module>
      import em

  ModuleNotFoundError: No module named 'em'

Call Stack (most recent call first):
  /opt/ros/foxy/share/rosidl_cmake/cmake/rosidl_generate_interfaces.cmake:130 (rosidl_adapt_interfaces)
  CMakeLists.txt:67 (rosidl_generate_interfaces)


-- Configuring incomplete, errors occurred!
See also "/home/jeongil/ros_foxy_ws/blickfeld_ws/build/blickfeld_driver/CMakeFiles/CMakeOutput.log".
See also "/home/jeongil/ros_foxy_ws/blickfeld_ws/build/blickfeld_driver/CMakeFiles/CMakeError.log".
