running egg_info
writing ../../build/blickfeld_pointcloud/blickfeld_pointcloud.egg-info/PKG-INFO
writing dependency_links to ../../build/blickfeld_pointcloud/blickfeld_pointcloud.egg-info/dependency_links.txt
writing entry points to ../../build/blickfeld_pointcloud/blickfeld_pointcloud.egg-info/entry_points.txt
writing requirements to ../../build/blickfeld_pointcloud/blickfeld_pointcloud.egg-info/requires.txt
writing top-level names to ../../build/blickfeld_pointcloud/blickfeld_pointcloud.egg-info/top_level.txt
reading manifest file '../../build/blickfeld_pointcloud/blickfeld_pointcloud.egg-info/SOURCES.txt'
writing manifest file '../../build/blickfeld_pointcloud/blickfeld_pointcloud.egg-info/SOURCES.txt'
running build
running build_py
copying blickfeld_pointcloud/pointdownsampling.py -> /home/jeongil/blickfeld_ws/build/blickfeld_pointcloud/build/lib/blickfeld_pointcloud
copying blickfeld_pointcloud/pointclustering.py -> /home/jeongil/blickfeld_ws/build/blickfeld_pointcloud/build/lib/blickfeld_pointcloud
copying blickfeld_pointcloud/pointnumpy.py -> /home/jeongil/blickfeld_ws/build/blickfeld_pointcloud/build/lib/blickfeld_pointcloud
running install
running install_lib
copying /home/jeongil/blickfeld_ws/build/blickfeld_pointcloud/build/lib/blickfeld_pointcloud/pointdownsampling.py -> /home/jeongil/blickfeld_ws/install/blickfeld_pointcloud/lib/python3.8/site-packages/blickfeld_pointcloud
copying /home/jeongil/blickfeld_ws/build/blickfeld_pointcloud/build/lib/blickfeld_pointcloud/pointclustering.py -> /home/jeongil/blickfeld_ws/install/blickfeld_pointcloud/lib/python3.8/site-packages/blickfeld_pointcloud
copying /home/jeongil/blickfeld_ws/build/blickfeld_pointcloud/build/lib/blickfeld_pointcloud/pointnumpy.py -> /home/jeongil/blickfeld_ws/install/blickfeld_pointcloud/lib/python3.8/site-packages/blickfeld_pointcloud
byte-compiling /home/jeongil/blickfeld_ws/install/blickfeld_pointcloud/lib/python3.8/site-packages/blickfeld_pointcloud/pointdownsampling.py to pointdownsampling.cpython-38.pyc
byte-compiling /home/jeongil/blickfeld_ws/install/blickfeld_pointcloud/lib/python3.8/site-packages/blickfeld_pointcloud/pointclustering.py to pointclustering.cpython-38.pyc
byte-compiling /home/jeongil/blickfeld_ws/install/blickfeld_pointcloud/lib/python3.8/site-packages/blickfeld_pointcloud/pointnumpy.py to pointnumpy.cpython-38.pyc
running install_data
running install_egg_info
removing '/home/jeongil/blickfeld_ws/install/blickfeld_pointcloud/lib/python3.8/site-packages/blickfeld_pointcloud-0.0.0-py3.8.egg-info' (and everything under it)
Copying ../../build/blickfeld_pointcloud/blickfeld_pointcloud.egg-info to /home/jeongil/blickfeld_ws/install/blickfeld_pointcloud/lib/python3.8/site-packages/blickfeld_pointcloud-0.0.0-py3.8.egg-info
running install_scripts
writing list of installed files to '/home/jeongil/blickfeld_ws/build/blickfeld_pointcloud/install.log'
