[0.401s] Invoking command in '/home/jeongil/blickfeld_ws/src/blickfeld_pointcloud': PYTHONPATH=/home/jeongil/blickfeld_ws/build/blickfeld_pointcloud/prefix_override:/home/jeongil/blickfeld_ws/install/blickfeld_pointcloud/lib/python3.8/site-packages:${PYTHONPATH} /usr/bin/python3 setup.py egg_info --egg-base ../../build/blickfeld_pointcloud build --build-base /home/jeongil/blickfeld_ws/build/blickfeld_pointcloud/build install --record /home/jeongil/blickfeld_ws/build/blickfeld_pointcloud/install.log --install-scripts $base/lib/blickfeld_pointcloud --single-version-externally-managed
[0.509s] running egg_info
[0.509s] writing ../../build/blickfeld_pointcloud/blickfeld_pointcloud.egg-info/PKG-INFO
[0.509s] writing dependency_links to ../../build/blickfeld_pointcloud/blickfeld_pointcloud.egg-info/dependency_links.txt
[0.510s] writing entry points to ../../build/blickfeld_pointcloud/blickfeld_pointcloud.egg-info/entry_points.txt
[0.510s] writing requirements to ../../build/blickfeld_pointcloud/blickfeld_pointcloud.egg-info/requires.txt
[0.510s] writing top-level names to ../../build/blickfeld_pointcloud/blickfeld_pointcloud.egg-info/top_level.txt
[0.534s] reading manifest file '../../build/blickfeld_pointcloud/blickfeld_pointcloud.egg-info/SOURCES.txt'
[0.535s] writing manifest file '../../build/blickfeld_pointcloud/blickfeld_pointcloud.egg-info/SOURCES.txt'
[0.535s] running build
[0.535s] running build_py
[0.535s] copying blickfeld_pointcloud/pointdownsampling.py -> /home/jeongil/blickfeld_ws/build/blickfeld_pointcloud/build/lib/blickfeld_pointcloud
[0.535s] copying blickfeld_pointcloud/pointclustering.py -> /home/jeongil/blickfeld_ws/build/blickfeld_pointcloud/build/lib/blickfeld_pointcloud
[0.535s] copying blickfeld_pointcloud/pointnumpy.py -> /home/jeongil/blickfeld_ws/build/blickfeld_pointcloud/build/lib/blickfeld_pointcloud
[0.535s] running install
[0.535s] running install_lib
[0.536s] copying /home/jeongil/blickfeld_ws/build/blickfeld_pointcloud/build/lib/blickfeld_pointcloud/pointdownsampling.py -> /home/jeongil/blickfeld_ws/install/blickfeld_pointcloud/lib/python3.8/site-packages/blickfeld_pointcloud
[0.536s] copying /home/jeongil/blickfeld_ws/build/blickfeld_pointcloud/build/lib/blickfeld_pointcloud/pointclustering.py -> /home/jeongil/blickfeld_ws/install/blickfeld_pointcloud/lib/python3.8/site-packages/blickfeld_pointcloud
[0.536s] copying /home/jeongil/blickfeld_ws/build/blickfeld_pointcloud/build/lib/blickfeld_pointcloud/pointnumpy.py -> /home/jeongil/blickfeld_ws/install/blickfeld_pointcloud/lib/python3.8/site-packages/blickfeld_pointcloud
[0.536s] byte-compiling /home/jeongil/blickfeld_ws/install/blickfeld_pointcloud/lib/python3.8/site-packages/blickfeld_pointcloud/pointdownsampling.py to pointdownsampling.cpython-38.pyc
[0.537s] byte-compiling /home/jeongil/blickfeld_ws/install/blickfeld_pointcloud/lib/python3.8/site-packages/blickfeld_pointcloud/pointclustering.py to pointclustering.cpython-38.pyc
[0.537s] byte-compiling /home/jeongil/blickfeld_ws/install/blickfeld_pointcloud/lib/python3.8/site-packages/blickfeld_pointcloud/pointnumpy.py to pointnumpy.cpython-38.pyc
[0.538s] running install_data
[0.538s] running install_egg_info
[0.538s] removing '/home/jeongil/blickfeld_ws/install/blickfeld_pointcloud/lib/python3.8/site-packages/blickfeld_pointcloud-0.0.0-py3.8.egg-info' (and everything under it)
[0.539s] Copying ../../build/blickfeld_pointcloud/blickfeld_pointcloud.egg-info to /home/jeongil/blickfeld_ws/install/blickfeld_pointcloud/lib/python3.8/site-packages/blickfeld_pointcloud-0.0.0-py3.8.egg-info
[0.539s] running install_scripts
[0.547s] writing list of installed files to '/home/jeongil/blickfeld_ws/build/blickfeld_pointcloud/install.log'
[0.558s] Invoked command in '/home/jeongil/blickfeld_ws/src/blickfeld_pointcloud' returned '0': PYTHONPATH=/home/jeongil/blickfeld_ws/build/blickfeld_pointcloud/prefix_override:/home/jeongil/blickfeld_ws/install/blickfeld_pointcloud/lib/python3.8/site-packages:${PYTHONPATH} /usr/bin/python3 setup.py egg_info --egg-base ../../build/blickfeld_pointcloud build --build-base /home/jeongil/blickfeld_ws/build/blickfeld_pointcloud/build install --record /home/jeongil/blickfeld_ws/build/blickfeld_pointcloud/install.log --install-scripts $base/lib/blickfeld_pointcloud --single-version-externally-managed
