[0.463s] Invoking command in '/home/jeongil/ros_foxy_ws/blickfeld_ws/src/blickfeld_pointcloud': CONDA_PROMPT_MODIFIER=(blickfeld) PYTHONPATH=/home/jeongil/ros_foxy_ws/blickfeld_ws/build/blickfeld_pointcloud/prefix_override:/home/jeongil/ros_foxy_ws/blickfeld_ws/install/blickfeld_pointcloud/lib/python3.8/site-packages:${PYTHONPATH} /usr/bin/python3 setup.py egg_info --egg-base ../../build/blickfeld_pointcloud build --build-base /home/jeongil/ros_foxy_ws/blickfeld_ws/build/blickfeld_pointcloud/build install --record /home/jeongil/ros_foxy_ws/blickfeld_ws/build/blickfeld_pointcloud/install.log --install-scripts $base/lib/blickfeld_pointcloud --single-version-externally-managed
[0.560s] running egg_info
[0.560s] writing ../../build/blickfeld_pointcloud/blickfeld_pointcloud.egg-info/PKG-INFO
[0.561s] writing dependency_links to ../../build/blickfeld_pointcloud/blickfeld_pointcloud.egg-info/dependency_links.txt
[0.561s] writing entry points to ../../build/blickfeld_pointcloud/blickfeld_pointcloud.egg-info/entry_points.txt
[0.561s] writing requirements to ../../build/blickfeld_pointcloud/blickfeld_pointcloud.egg-info/requires.txt
[0.561s] writing top-level names to ../../build/blickfeld_pointcloud/blickfeld_pointcloud.egg-info/top_level.txt
[0.578s] reading manifest file '../../build/blickfeld_pointcloud/blickfeld_pointcloud.egg-info/SOURCES.txt'
[0.578s] writing manifest file '../../build/blickfeld_pointcloud/blickfeld_pointcloud.egg-info/SOURCES.txt'
[0.578s] running build
[0.579s] running build_py
[0.579s] running install
[0.579s] running install_lib
[0.579s] creating /home/jeongil/ros_foxy_ws/blickfeld_ws/install/blickfeld_pointcloud/lib/python3.8/site-packages/blickfeld_pointcloud
[0.580s] copying /home/jeongil/ros_foxy_ws/blickfeld_ws/build/blickfeld_pointcloud/build/lib/blickfeld_pointcloud/pointclustering.py -> /home/jeongil/ros_foxy_ws/blickfeld_ws/install/blickfeld_pointcloud/lib/python3.8/site-packages/blickfeld_pointcloud
[0.580s] copying /home/jeongil/ros_foxy_ws/blickfeld_ws/build/blickfeld_pointcloud/build/lib/blickfeld_pointcloud/pointnumpy.py -> /home/jeongil/ros_foxy_ws/blickfeld_ws/install/blickfeld_pointcloud/lib/python3.8/site-packages/blickfeld_pointcloud
[0.580s] copying /home/jeongil/ros_foxy_ws/blickfeld_ws/build/blickfeld_pointcloud/build/lib/blickfeld_pointcloud/pointdownsampling.py -> /home/jeongil/ros_foxy_ws/blickfeld_ws/install/blickfeld_pointcloud/lib/python3.8/site-packages/blickfeld_pointcloud
[0.580s] copying /home/jeongil/ros_foxy_ws/blickfeld_ws/build/blickfeld_pointcloud/build/lib/blickfeld_pointcloud/__init__.py -> /home/jeongil/ros_foxy_ws/blickfeld_ws/install/blickfeld_pointcloud/lib/python3.8/site-packages/blickfeld_pointcloud
[0.580s] byte-compiling /home/jeongil/ros_foxy_ws/blickfeld_ws/install/blickfeld_pointcloud/lib/python3.8/site-packages/blickfeld_pointcloud/pointclustering.py to pointclustering.cpython-38.pyc
[0.581s] byte-compiling /home/jeongil/ros_foxy_ws/blickfeld_ws/install/blickfeld_pointcloud/lib/python3.8/site-packages/blickfeld_pointcloud/pointnumpy.py to pointnumpy.cpython-38.pyc
[0.581s] byte-compiling /home/jeongil/ros_foxy_ws/blickfeld_ws/install/blickfeld_pointcloud/lib/python3.8/site-packages/blickfeld_pointcloud/pointdownsampling.py to pointdownsampling.cpython-38.pyc
[0.581s] byte-compiling /home/jeongil/ros_foxy_ws/blickfeld_ws/install/blickfeld_pointcloud/lib/python3.8/site-packages/blickfeld_pointcloud/__init__.py to __init__.cpython-38.pyc
[0.581s] running install_data
[0.582s] running install_egg_info
[0.582s] Copying ../../build/blickfeld_pointcloud/blickfeld_pointcloud.egg-info to /home/jeongil/ros_foxy_ws/blickfeld_ws/install/blickfeld_pointcloud/lib/python3.8/site-packages/blickfeld_pointcloud-0.0.0-py3.8.egg-info
[0.583s] running install_scripts
[0.592s] writing list of installed files to '/home/jeongil/ros_foxy_ws/blickfeld_ws/build/blickfeld_pointcloud/install.log'
[0.602s] Invoked command in '/home/jeongil/ros_foxy_ws/blickfeld_ws/src/blickfeld_pointcloud' returned '0': CONDA_PROMPT_MODIFIER=(blickfeld) PYTHONPATH=/home/jeongil/ros_foxy_ws/blickfeld_ws/build/blickfeld_pointcloud/prefix_override:/home/jeongil/ros_foxy_ws/blickfeld_ws/install/blickfeld_pointcloud/lib/python3.8/site-packages:${PYTHONPATH} /usr/bin/python3 setup.py egg_info --egg-base ../../build/blickfeld_pointcloud build --build-base /home/jeongil/ros_foxy_ws/blickfeld_ws/build/blickfeld_pointcloud/build install --record /home/jeongil/ros_foxy_ws/blickfeld_ws/build/blickfeld_pointcloud/install.log --install-scripts $base/lib/blickfeld_pointcloud --single-version-externally-managed
