[0.903s] DEBUG:colcon:Command line arguments: ['/usr/bin/colcon', 'build']
[0.903s] DEBUG:colcon:Parsed command line arguments: Namespace(allow_overriding=[], ament_cmake_args=None, base_paths=['.'], build_base='build', catkin_cmake_args=None, catkin_skip_building_tests=False, cmake_args=None, cmake_clean_cache=False, cmake_clean_first=False, cmake_force_configure=False, cmake_target=None, cmake_target_skip_unavailable=False, continue_on_error=False, event_handlers=None, executor='parallel', ignore_user_meta=False, install_base='install', log_base=None, log_level=None, main=<bound method BuildVerb.main of <colcon_core.verb.build.BuildVerb object at 0x7f1e4d519fd0>>, merge_install=False, metas=['./colcon.meta'], packages_above=None, packages_above_and_dependencies=None, packages_above_depth=None, packages_end=None, packages_ignore=None, packages_ignore_regex=None, packages_select=None, packages_select_build_failed=False, packages_select_by_dep=None, packages_select_regex=None, packages_select_test_failures=False, packages_skip=None, packages_skip_build_finished=False, packages_skip_by_dep=None, packages_skip_regex=None, packages_skip_test_passed=False, packages_skip_up_to=None, packages_start=None, packages_up_to=None, packages_up_to_regex=None, parallel_workers=20, paths=None, symlink_install=False, test_result_base=None, verb_extension=<colcon_core.verb.build.BuildVerb object at 0x7f1e4d519fd0>, verb_name='build', verb_parser=<colcon_defaults.argument_parser.defaults.DefaultArgumentsDecorator object at 0x7f1e4d0f2a30>)
[0.944s] Level 1:colcon.colcon_core.package_discovery:discover_packages(colcon_meta) check parameters
[0.944s] Level 1:colcon.colcon_core.package_discovery:discover_packages(recursive) check parameters
[0.944s] Level 1:colcon.colcon_core.package_discovery:discover_packages(ignore) check parameters
[0.944s] Level 1:colcon.colcon_core.package_discovery:discover_packages(path) check parameters
[0.944s] Level 1:colcon.colcon_core.package_discovery:discover_packages(colcon_meta) discover
[0.944s] Level 1:colcon.colcon_core.package_discovery:discover_packages(recursive) discover
[0.944s] INFO:colcon.colcon_core.package_discovery:Crawling recursively for packages in '/home/jeongil/ros_foxy_ws/blickfeld_ws'
[0.944s] Level 1:colcon.colcon_core.package_identification:_identify(.) by extensions ['ignore', 'ignore_ament_install']
[0.944s] Level 1:colcon.colcon_core.package_identification:_identify(.) by extension 'ignore'
[0.944s] Level 1:colcon.colcon_core.package_identification:_identify(.) by extension 'ignore_ament_install'
[0.944s] Level 1:colcon.colcon_core.package_identification:_identify(.) by extensions ['colcon_pkg']
[0.944s] Level 1:colcon.colcon_core.package_identification:_identify(.) by extension 'colcon_pkg'
[0.944s] Level 1:colcon.colcon_core.package_identification:_identify(.) by extensions ['colcon_meta']
[0.944s] Level 1:colcon.colcon_core.package_identification:_identify(.) by extension 'colcon_meta'
[0.944s] Level 1:colcon.colcon_core.package_identification:_identify(.) by extensions ['ros']
[0.944s] Level 1:colcon.colcon_core.package_identification:_identify(.) by extension 'ros'
[0.950s] Level 1:colcon.colcon_core.package_identification:_identify(.) by extensions ['cmake', 'python']
[0.950s] Level 1:colcon.colcon_core.package_identification:_identify(.) by extension 'cmake'
[0.950s] Level 1:colcon.colcon_core.package_identification:_identify(.) by extension 'python'
[0.950s] Level 1:colcon.colcon_core.package_identification:_identify(.) by extensions ['python_setup_py']
[0.950s] Level 1:colcon.colcon_core.package_identification:_identify(.) by extension 'python_setup_py'
[0.950s] Level 1:colcon.colcon_core.package_identification:_identify(build) by extensions ['ignore', 'ignore_ament_install']
[0.950s] Level 1:colcon.colcon_core.package_identification:_identify(build) by extension 'ignore'
[0.950s] Level 1:colcon.colcon_core.package_identification:_identify(build) ignored
[0.950s] Level 1:colcon.colcon_core.package_identification:_identify(install) by extensions ['ignore', 'ignore_ament_install']
[0.950s] Level 1:colcon.colcon_core.package_identification:_identify(install) by extension 'ignore'
[0.950s] Level 1:colcon.colcon_core.package_identification:_identify(install) ignored
[0.950s] Level 1:colcon.colcon_core.package_identification:_identify(log) by extensions ['ignore', 'ignore_ament_install']
[0.950s] Level 1:colcon.colcon_core.package_identification:_identify(log) by extension 'ignore'
[0.950s] Level 1:colcon.colcon_core.package_identification:_identify(log) ignored
[0.950s] Level 1:colcon.colcon_core.package_identification:_identify(src) by extensions ['ignore', 'ignore_ament_install']
[0.950s] Level 1:colcon.colcon_core.package_identification:_identify(src) by extension 'ignore'
[0.950s] Level 1:colcon.colcon_core.package_identification:_identify(src) by extension 'ignore_ament_install'
[0.950s] Level 1:colcon.colcon_core.package_identification:_identify(src) by extensions ['colcon_pkg']
[0.950s] Level 1:colcon.colcon_core.package_identification:_identify(src) by extension 'colcon_pkg'
[0.950s] Level 1:colcon.colcon_core.package_identification:_identify(src) by extensions ['colcon_meta']
[0.950s] Level 1:colcon.colcon_core.package_identification:_identify(src) by extension 'colcon_meta'
[0.950s] Level 1:colcon.colcon_core.package_identification:_identify(src) by extensions ['ros']
[0.950s] Level 1:colcon.colcon_core.package_identification:_identify(src) by extension 'ros'
[0.950s] Level 1:colcon.colcon_core.package_identification:_identify(src) by extensions ['cmake', 'python']
[0.950s] Level 1:colcon.colcon_core.package_identification:_identify(src) by extension 'cmake'
[0.950s] Level 1:colcon.colcon_core.package_identification:_identify(src) by extension 'python'
[0.950s] Level 1:colcon.colcon_core.package_identification:_identify(src) by extensions ['python_setup_py']
[0.950s] Level 1:colcon.colcon_core.package_identification:_identify(src) by extension 'python_setup_py'
[0.950s] Level 1:colcon.colcon_core.package_identification:_identify(src/blickfeld_pointcloud) by extensions ['ignore', 'ignore_ament_install']
[0.951s] Level 1:colcon.colcon_core.package_identification:_identify(src/blickfeld_pointcloud) by extension 'ignore'
[0.951s] Level 1:colcon.colcon_core.package_identification:_identify(src/blickfeld_pointcloud) by extension 'ignore_ament_install'
[0.951s] Level 1:colcon.colcon_core.package_identification:_identify(src/blickfeld_pointcloud) by extensions ['colcon_pkg']
[0.951s] Level 1:colcon.colcon_core.package_identification:_identify(src/blickfeld_pointcloud) by extension 'colcon_pkg'
[0.951s] Level 1:colcon.colcon_core.package_identification:_identify(src/blickfeld_pointcloud) by extensions ['colcon_meta']
[0.951s] Level 1:colcon.colcon_core.package_identification:_identify(src/blickfeld_pointcloud) by extension 'colcon_meta'
[0.951s] Level 1:colcon.colcon_core.package_identification:_identify(src/blickfeld_pointcloud) by extensions ['ros']
[0.951s] Level 1:colcon.colcon_core.package_identification:_identify(src/blickfeld_pointcloud) by extension 'ros'
[0.952s] DEBUG:colcon.colcon_core.package_identification:Package 'src/blickfeld_pointcloud' with type 'ros.ament_python' and name 'blickfeld_pointcloud'
[0.952s] Level 1:colcon.colcon_core.package_identification:_identify(src/ros2_blickfeld_driver) by extensions ['ignore', 'ignore_ament_install']
[0.952s] Level 1:colcon.colcon_core.package_identification:_identify(src/ros2_blickfeld_driver) by extension 'ignore'
[0.952s] Level 1:colcon.colcon_core.package_identification:_identify(src/ros2_blickfeld_driver) by extension 'ignore_ament_install'
[0.952s] Level 1:colcon.colcon_core.package_identification:_identify(src/ros2_blickfeld_driver) by extensions ['colcon_pkg']
[0.952s] Level 1:colcon.colcon_core.package_identification:_identify(src/ros2_blickfeld_driver) by extension 'colcon_pkg'
[0.952s] Level 1:colcon.colcon_core.package_identification:_identify(src/ros2_blickfeld_driver) by extensions ['colcon_meta']
[0.952s] Level 1:colcon.colcon_core.package_identification:_identify(src/ros2_blickfeld_driver) by extension 'colcon_meta'
[0.952s] Level 1:colcon.colcon_core.package_identification:_identify(src/ros2_blickfeld_driver) by extensions ['ros']
[0.952s] Level 1:colcon.colcon_core.package_identification:_identify(src/ros2_blickfeld_driver) by extension 'ros'
[0.953s] DEBUG:colcon.colcon_core.package_identification:Package 'src/ros2_blickfeld_driver' with type 'ros.ament_cmake' and name 'blickfeld_driver'
[0.953s] Level 1:colcon.colcon_core.package_discovery:discover_packages(recursive) using defaults
[0.953s] Level 1:colcon.colcon_core.package_discovery:discover_packages(ignore) discover
[0.953s] Level 1:colcon.colcon_core.package_discovery:discover_packages(ignore) using defaults
[0.953s] Level 1:colcon.colcon_core.package_discovery:discover_packages(path) discover
[0.953s] Level 1:colcon.colcon_core.package_discovery:discover_packages(path) using defaults
[1.043s] Level 1:colcon.colcon_core.package_discovery:discover_packages(prefix_path) check parameters
[1.043s] Level 1:colcon.colcon_core.package_discovery:discover_packages(prefix_path) discover
[1.075s] DEBUG:colcon.colcon_installed_package_information.package_discovery:Found 7 installed packages in /home/jeongil/ros_foxy_ws/velodyne_ws/install
[1.091s] DEBUG:colcon.colcon_installed_package_information.package_discovery:Found 2 installed packages in /home/jeongil/ros_foxy_ws/blickfeld_ws/install
[1.107s] DEBUG:colcon.colcon_installed_package_information.package_discovery:Found 257 installed packages in /opt/ros/foxy
[1.107s] Level 1:colcon.colcon_core.package_discovery:discover_packages(prefix_path) using defaults
[1.171s] Level 5:colcon.colcon_core.verb:set package 'blickfeld_driver' build argument 'cmake_args' from command line to 'None'
[1.171s] Level 5:colcon.colcon_core.verb:set package 'blickfeld_driver' build argument 'cmake_target' from command line to 'None'
[1.171s] Level 5:colcon.colcon_core.verb:set package 'blickfeld_driver' build argument 'cmake_target_skip_unavailable' from command line to 'False'
[1.171s] Level 5:colcon.colcon_core.verb:set package 'blickfeld_driver' build argument 'cmake_clean_cache' from command line to 'False'
[1.171s] Level 5:colcon.colcon_core.verb:set package 'blickfeld_driver' build argument 'cmake_clean_first' from command line to 'False'
[1.171s] Level 5:colcon.colcon_core.verb:set package 'blickfeld_driver' build argument 'cmake_force_configure' from command line to 'False'
[1.171s] Level 5:colcon.colcon_core.verb:set package 'blickfeld_driver' build argument 'ament_cmake_args' from command line to 'None'
[1.171s] Level 5:colcon.colcon_core.verb:set package 'blickfeld_driver' build argument 'catkin_cmake_args' from command line to 'None'
[1.171s] Level 5:colcon.colcon_core.verb:set package 'blickfeld_driver' build argument 'catkin_skip_building_tests' from command line to 'False'
[1.171s] DEBUG:colcon.colcon_core.verb:Building package 'blickfeld_driver' with the following arguments: {'ament_cmake_args': None, 'build_base': '/home/jeongil/ros_foxy_ws/blickfeld_ws/build/blickfeld_driver', 'catkin_cmake_args': None, 'catkin_skip_building_tests': False, 'cmake_args': None, 'cmake_clean_cache': False, 'cmake_clean_first': False, 'cmake_force_configure': False, 'cmake_target': None, 'cmake_target_skip_unavailable': False, 'install_base': '/home/jeongil/ros_foxy_ws/blickfeld_ws/install/blickfeld_driver', 'merge_install': False, 'path': '/home/jeongil/ros_foxy_ws/blickfeld_ws/src/ros2_blickfeld_driver', 'symlink_install': False, 'test_result_base': None}
[1.187s] Level 5:colcon.colcon_core.verb:set package 'blickfeld_pointcloud' build argument 'cmake_args' from command line to 'None'
[1.187s] Level 5:colcon.colcon_core.verb:set package 'blickfeld_pointcloud' build argument 'cmake_target' from command line to 'None'
[1.187s] Level 5:colcon.colcon_core.verb:set package 'blickfeld_pointcloud' build argument 'cmake_target_skip_unavailable' from command line to 'False'
[1.187s] Level 5:colcon.colcon_core.verb:set package 'blickfeld_pointcloud' build argument 'cmake_clean_cache' from command line to 'False'
[1.187s] Level 5:colcon.colcon_core.verb:set package 'blickfeld_pointcloud' build argument 'cmake_clean_first' from command line to 'False'
[1.187s] Level 5:colcon.colcon_core.verb:set package 'blickfeld_pointcloud' build argument 'cmake_force_configure' from command line to 'False'
[1.187s] Level 5:colcon.colcon_core.verb:set package 'blickfeld_pointcloud' build argument 'ament_cmake_args' from command line to 'None'
[1.187s] Level 5:colcon.colcon_core.verb:set package 'blickfeld_pointcloud' build argument 'catkin_cmake_args' from command line to 'None'
[1.187s] Level 5:colcon.colcon_core.verb:set package 'blickfeld_pointcloud' build argument 'catkin_skip_building_tests' from command line to 'False'
[1.187s] DEBUG:colcon.colcon_core.verb:Building package 'blickfeld_pointcloud' with the following arguments: {'ament_cmake_args': None, 'build_base': '/home/jeongil/ros_foxy_ws/blickfeld_ws/build/blickfeld_pointcloud', 'catkin_cmake_args': None, 'catkin_skip_building_tests': False, 'cmake_args': None, 'cmake_clean_cache': False, 'cmake_clean_first': False, 'cmake_force_configure': False, 'cmake_target': None, 'cmake_target_skip_unavailable': False, 'install_base': '/home/jeongil/ros_foxy_ws/blickfeld_ws/install/blickfeld_pointcloud', 'merge_install': False, 'path': '/home/jeongil/ros_foxy_ws/blickfeld_ws/src/blickfeld_pointcloud', 'symlink_install': False, 'test_result_base': None}
[1.202s] INFO:colcon.colcon_core.executor:Executing jobs using 'parallel' executor
[1.223s] DEBUG:colcon.colcon_parallel_executor.executor.parallel:run_until_complete
[1.223s] INFO:colcon.colcon_ros.task.ament_cmake.build:Building ROS package in '/home/jeongil/ros_foxy_ws/blickfeld_ws/src/ros2_blickfeld_driver' with build type 'ament_cmake'
[1.223s] INFO:colcon.colcon_cmake.task.cmake.build:Building CMake package in '/home/jeongil/ros_foxy_ws/blickfeld_ws/src/ros2_blickfeld_driver'
[1.240s] INFO:colcon.colcon_core.plugin_system:Skipping extension 'colcon_core.shell.bat': Not used on non-Windows systems
[1.240s] INFO:colcon.colcon_core.shell:Skip shell extension 'powershell' for command environment: Not usable outside of PowerShell
[1.240s] DEBUG:colcon.colcon_core.shell:Skip shell extension 'dsv' for command environment
[1.305s] INFO:colcon.colcon_ros.task.ament_python.build:Building ROS package in '/home/jeongil/ros_foxy_ws/blickfeld_ws/src/blickfeld_pointcloud' with build type 'ament_python'
[1.306s] Level 1:colcon.colcon_core.shell:create_environment_hook('blickfeld_pointcloud', 'ament_prefix_path')
[1.322s] INFO:colcon.colcon_core.shell:Creating environment hook '/home/jeongil/ros_foxy_ws/blickfeld_ws/install/blickfeld_pointcloud/share/blickfeld_pointcloud/hook/ament_prefix_path.ps1'
[1.322s] INFO:colcon.colcon_core.shell:Creating environment descriptor '/home/jeongil/ros_foxy_ws/blickfeld_ws/install/blickfeld_pointcloud/share/blickfeld_pointcloud/hook/ament_prefix_path.dsv'
[1.322s] INFO:colcon.colcon_core.shell:Creating environment hook '/home/jeongil/ros_foxy_ws/blickfeld_ws/install/blickfeld_pointcloud/share/blickfeld_pointcloud/hook/ament_prefix_path.sh'
[1.338s] INFO:colcon.colcon_core.shell:Skip shell extension 'powershell' for command environment: Not usable outside of PowerShell
[1.338s] DEBUG:colcon.colcon_core.shell:Skip shell extension 'dsv' for command environment
[1.406s] DEBUG:colcon.colcon_core.event_handler.log_command:Invoking command in '/home/jeongil/ros_foxy_ws/blickfeld_ws/build/blickfeld_driver': CMAKE_PREFIX_PATH=${CMAKE_PREFIX_PATH}:/home/jeongil/ros_foxy_ws/blickfeld_ws/install/blickfeld_pointcloud:/opt/ros/foxy CONDA_PROMPT_MODIFIER=(blickfeld) /usr/bin/cmake /home/jeongil/ros_foxy_ws/blickfeld_ws/src/ros2_blickfeld_driver -DCMAKE_INSTALL_PREFIX=/home/jeongil/ros_foxy_ws/blickfeld_ws/install/blickfeld_driver
[1.512s] INFO:colcon.colcon_core.task.python.build:Building Python package in '/home/jeongil/ros_foxy_ws/blickfeld_ws/src/blickfeld_pointcloud'
[1.529s] INFO:colcon.colcon_core.shell:Skip shell extension 'powershell' for command environment: Not usable outside of PowerShell
[1.529s] DEBUG:colcon.colcon_core.shell:Skip shell extension 'dsv' for command environment
[1.773s] DEBUG:colcon.colcon_core.event_handler.log_command:Invoking command in '/home/jeongil/ros_foxy_ws/blickfeld_ws/src/blickfeld_pointcloud': CONDA_PROMPT_MODIFIER=(blickfeld) PYTHONPATH=/home/jeongil/ros_foxy_ws/blickfeld_ws/build/blickfeld_pointcloud/prefix_override:/home/jeongil/ros_foxy_ws/blickfeld_ws/install/blickfeld_pointcloud/lib/python3.8/site-packages:${PYTHONPATH} /usr/bin/python3 setup.py egg_info --egg-base ../../build/blickfeld_pointcloud build --build-base /home/jeongil/ros_foxy_ws/blickfeld_ws/build/blickfeld_pointcloud/build install --record /home/jeongil/ros_foxy_ws/blickfeld_ws/build/blickfeld_pointcloud/install.log --install-scripts $base/lib/blickfeld_pointcloud --single-version-externally-managed
[1.909s] DEBUG:colcon.colcon_core.event_handler.log_command:Invoked command in '/home/jeongil/ros_foxy_ws/blickfeld_ws/src/blickfeld_pointcloud' returned '0': CONDA_PROMPT_MODIFIER=(blickfeld) PYTHONPATH=/home/jeongil/ros_foxy_ws/blickfeld_ws/build/blickfeld_pointcloud/prefix_override:/home/jeongil/ros_foxy_ws/blickfeld_ws/install/blickfeld_pointcloud/lib/python3.8/site-packages:${PYTHONPATH} /usr/bin/python3 setup.py egg_info --egg-base ../../build/blickfeld_pointcloud build --build-base /home/jeongil/ros_foxy_ws/blickfeld_ws/build/blickfeld_pointcloud/build install --record /home/jeongil/ros_foxy_ws/blickfeld_ws/build/blickfeld_pointcloud/install.log --install-scripts $base/lib/blickfeld_pointcloud --single-version-externally-managed
[1.926s] Level 1:colcon.colcon_core.environment:checking '/home/jeongil/ros_foxy_ws/blickfeld_ws/install/blickfeld_pointcloud' for CMake module files
[1.926s] Level 1:colcon.colcon_core.environment:checking '/home/jeongil/ros_foxy_ws/blickfeld_ws/install/blickfeld_pointcloud' for CMake config files
[1.927s] Level 1:colcon.colcon_core.environment:checking '/home/jeongil/ros_foxy_ws/blickfeld_ws/install/blickfeld_pointcloud/lib'
[1.927s] Level 1:colcon.colcon_core.environment:checking '/home/jeongil/ros_foxy_ws/blickfeld_ws/install/blickfeld_pointcloud/bin'
[1.927s] Level 1:colcon.colcon_core.environment:checking '/home/jeongil/ros_foxy_ws/blickfeld_ws/install/blickfeld_pointcloud/lib/pkgconfig/blickfeld_pointcloud.pc'
[1.927s] Level 1:colcon.colcon_core.environment:checking '/home/jeongil/ros_foxy_ws/blickfeld_ws/install/blickfeld_pointcloud/lib/python3.8/site-packages'
[1.927s] Level 1:colcon.colcon_core.shell:create_environment_hook('blickfeld_pointcloud', 'pythonpath')
[1.943s] INFO:colcon.colcon_core.shell:Creating environment hook '/home/jeongil/ros_foxy_ws/blickfeld_ws/install/blickfeld_pointcloud/share/blickfeld_pointcloud/hook/pythonpath.ps1'
[1.943s] INFO:colcon.colcon_core.shell:Creating environment descriptor '/home/jeongil/ros_foxy_ws/blickfeld_ws/install/blickfeld_pointcloud/share/blickfeld_pointcloud/hook/pythonpath.dsv'
[1.943s] INFO:colcon.colcon_core.shell:Creating environment hook '/home/jeongil/ros_foxy_ws/blickfeld_ws/install/blickfeld_pointcloud/share/blickfeld_pointcloud/hook/pythonpath.sh'
[1.943s] Level 1:colcon.colcon_core.environment:checking '/home/jeongil/ros_foxy_ws/blickfeld_ws/install/blickfeld_pointcloud/bin'
[1.943s] Level 1:colcon.colcon_core.environment:create_environment_scripts_only(blickfeld_pointcloud)
[1.959s] INFO:colcon.colcon_core.shell:Creating package script '/home/jeongil/ros_foxy_ws/blickfeld_ws/install/blickfeld_pointcloud/share/blickfeld_pointcloud/package.ps1'
[1.959s] INFO:colcon.colcon_core.shell:Creating package descriptor '/home/jeongil/ros_foxy_ws/blickfeld_ws/install/blickfeld_pointcloud/share/blickfeld_pointcloud/package.dsv'
[1.959s] INFO:colcon.colcon_core.shell:Creating package script '/home/jeongil/ros_foxy_ws/blickfeld_ws/install/blickfeld_pointcloud/share/blickfeld_pointcloud/package.sh'
[1.960s] INFO:colcon.colcon_core.shell:Creating package script '/home/jeongil/ros_foxy_ws/blickfeld_ws/install/blickfeld_pointcloud/share/blickfeld_pointcloud/package.bash'
[1.960s] INFO:colcon.colcon_core.shell:Creating package script '/home/jeongil/ros_foxy_ws/blickfeld_ws/install/blickfeld_pointcloud/share/blickfeld_pointcloud/package.zsh'
[1.960s] Level 1:colcon.colcon_core.environment:create_file_with_runtime_dependencies(/home/jeongil/ros_foxy_ws/blickfeld_ws/install/blickfeld_pointcloud/share/colcon-core/packages/blickfeld_pointcloud)
[2.434s] DEBUG:colcon.colcon_core.event_handler.log_command:Invoked command in '/home/jeongil/ros_foxy_ws/blickfeld_ws/build/blickfeld_driver' returned '1': CMAKE_PREFIX_PATH=${CMAKE_PREFIX_PATH}:/home/jeongil/ros_foxy_ws/blickfeld_ws/install/blickfeld_pointcloud:/opt/ros/foxy CONDA_PROMPT_MODIFIER=(blickfeld) /usr/bin/cmake /home/jeongil/ros_foxy_ws/blickfeld_ws/src/ros2_blickfeld_driver -DCMAKE_INSTALL_PREFIX=/home/jeongil/ros_foxy_ws/blickfeld_ws/install/blickfeld_driver
[2.442s] Level 1:colcon.colcon_core.environment:create_environment_scripts_only(blickfeld_driver)
[2.458s] Level 1:colcon.colcon_core.environment:checking '/home/jeongil/ros_foxy_ws/blickfeld_ws/install/blickfeld_driver' for CMake module files
[2.458s] Level 1:colcon.colcon_core.environment:checking '/home/jeongil/ros_foxy_ws/blickfeld_ws/install/blickfeld_driver' for CMake config files
[2.458s] Level 1:colcon.colcon_core.environment:checking '/home/jeongil/ros_foxy_ws/blickfeld_ws/install/blickfeld_driver/bin'
[2.458s] Level 1:colcon.colcon_core.environment:checking '/home/jeongil/ros_foxy_ws/blickfeld_ws/install/blickfeld_driver/lib/pkgconfig/blickfeld_driver.pc'
[2.458s] Level 1:colcon.colcon_core.environment:checking '/home/jeongil/ros_foxy_ws/blickfeld_ws/install/blickfeld_driver/lib/python3.8/site-packages'
[2.458s] Level 1:colcon.colcon_core.environment:checking '/home/jeongil/ros_foxy_ws/blickfeld_ws/install/blickfeld_driver/bin'
[2.474s] INFO:colcon.colcon_core.shell:Creating package script '/home/jeongil/ros_foxy_ws/blickfeld_ws/install/blickfeld_driver/share/blickfeld_driver/package.ps1'
[2.474s] INFO:colcon.colcon_core.shell:Creating package descriptor '/home/jeongil/ros_foxy_ws/blickfeld_ws/install/blickfeld_driver/share/blickfeld_driver/package.dsv'
[2.474s] INFO:colcon.colcon_core.shell:Creating package script '/home/jeongil/ros_foxy_ws/blickfeld_ws/install/blickfeld_driver/share/blickfeld_driver/package.sh'
[2.475s] INFO:colcon.colcon_core.shell:Creating package script '/home/jeongil/ros_foxy_ws/blickfeld_ws/install/blickfeld_driver/share/blickfeld_driver/package.bash'
[2.475s] INFO:colcon.colcon_core.shell:Creating package script '/home/jeongil/ros_foxy_ws/blickfeld_ws/install/blickfeld_driver/share/blickfeld_driver/package.zsh'
[2.475s] Level 1:colcon.colcon_core.environment:create_file_with_runtime_dependencies(/home/jeongil/ros_foxy_ws/blickfeld_ws/install/blickfeld_driver/share/colcon-core/packages/blickfeld_driver)
[2.485s] DEBUG:colcon.colcon_parallel_executor.executor.parallel:closing loop
[2.485s] DEBUG:colcon.colcon_parallel_executor.executor.parallel:loop closed
[2.485s] DEBUG:colcon.colcon_parallel_executor.executor.parallel:run_until_complete finished with '1'
[2.486s] DEBUG:colcon.colcon_core.event_reactor:joining thread
[2.505s] INFO:colcon.colcon_core.plugin_system:Skipping extension 'colcon_notification.desktop_notification.terminal_notifier': Not used on non-Darwin systems
[2.505s] INFO:colcon.colcon_core.plugin_system:Skipping extension 'colcon_notification.desktop_notification.win32': Not used on non-Windows systems
[2.505s] INFO:colcon.colcon_notification.desktop_notification:Sending desktop notification using 'notify2'
[2.514s] DEBUG:colcon.colcon_core.event_reactor:joined thread
[2.532s] INFO:colcon.colcon_core.shell:Creating prefix script '/home/jeongil/ros_foxy_ws/blickfeld_ws/install/local_setup.ps1'
[2.533s] INFO:colcon.colcon_core.shell:Creating prefix util module '/home/jeongil/ros_foxy_ws/blickfeld_ws/install/_local_setup_util_ps1.py'
[2.533s] INFO:colcon.colcon_core.shell:Creating prefix chain script '/home/jeongil/ros_foxy_ws/blickfeld_ws/install/setup.ps1'
[2.549s] INFO:colcon.colcon_core.shell:Creating prefix script '/home/jeongil/ros_foxy_ws/blickfeld_ws/install/local_setup.sh'
[2.549s] INFO:colcon.colcon_core.shell:Creating prefix util module '/home/jeongil/ros_foxy_ws/blickfeld_ws/install/_local_setup_util_sh.py'
[2.550s] INFO:colcon.colcon_core.shell:Creating prefix chain script '/home/jeongil/ros_foxy_ws/blickfeld_ws/install/setup.sh'
[2.572s] INFO:colcon.colcon_core.shell:Creating prefix script '/home/jeongil/ros_foxy_ws/blickfeld_ws/install/local_setup.bash'
[2.572s] INFO:colcon.colcon_core.shell:Creating prefix chain script '/home/jeongil/ros_foxy_ws/blickfeld_ws/install/setup.bash'
[2.588s] INFO:colcon.colcon_core.shell:Creating prefix script '/home/jeongil/ros_foxy_ws/blickfeld_ws/install/local_setup.zsh'
[2.588s] INFO:colcon.colcon_core.shell:Creating prefix chain script '/home/jeongil/ros_foxy_ws/blickfeld_ws/install/setup.zsh'
