[0.870s] DEBUG:colcon:Command line arguments: ['/usr/bin/colcon', 'build']
[0.870s] DEBUG:colcon:Parsed command line arguments: Namespace(allow_overriding=[], ament_cmake_args=None, base_paths=['.'], build_base='build', catkin_cmake_args=None, catkin_skip_building_tests=False, cmake_args=None, cmake_clean_cache=False, cmake_clean_first=False, cmake_force_configure=False, cmake_target=None, cmake_target_skip_unavailable=False, continue_on_error=False, event_handlers=None, executor='parallel', ignore_user_meta=False, install_base='install', log_base=None, log_level=None, main=<bound method BuildVerb.main of <colcon_core.verb.build.BuildVerb object at 0x7fb7adbf6130>>, merge_install=False, metas=['./colcon.meta'], packages_above=None, packages_above_and_dependencies=None, packages_above_depth=None, packages_end=None, packages_ignore=None, packages_ignore_regex=None, packages_select=None, packages_select_build_failed=False, packages_select_by_dep=None, packages_select_regex=None, packages_select_test_failures=False, packages_skip=None, packages_skip_build_finished=False, packages_skip_by_dep=None, packages_skip_regex=None, packages_skip_test_passed=False, packages_skip_up_to=None, packages_start=None, packages_up_to=None, packages_up_to_regex=None, parallel_workers=20, paths=None, symlink_install=False, test_result_base=None, verb_extension=<colcon_core.verb.build.BuildVerb object at 0x7fb7adbf6130>, verb_name='build', verb_parser=<colcon_defaults.argument_parser.defaults.DefaultArgumentsDecorator object at 0x7fb7ad84c250>)
[0.909s] Level 1:colcon.colcon_core.package_discovery:discover_packages(colcon_meta) check parameters
[0.909s] Level 1:colcon.colcon_core.package_discovery:discover_packages(recursive) check parameters
[0.909s] Level 1:colcon.colcon_core.package_discovery:discover_packages(ignore) check parameters
[0.909s] Level 1:colcon.colcon_core.package_discovery:discover_packages(path) check parameters
[0.909s] Level 1:colcon.colcon_core.package_discovery:discover_packages(colcon_meta) discover
[0.909s] Level 1:colcon.colcon_core.package_discovery:discover_packages(recursive) discover
[0.909s] INFO:colcon.colcon_core.package_discovery:Crawling recursively for packages in '/home/jeongil/blickfeld'
[0.909s] Level 1:colcon.colcon_core.package_identification:_identify(.) by extensions ['ignore', 'ignore_ament_install']
[0.909s] Level 1:colcon.colcon_core.package_identification:_identify(.) by extension 'ignore'
[0.909s] Level 1:colcon.colcon_core.package_identification:_identify(.) by extension 'ignore_ament_install'
[0.909s] Level 1:colcon.colcon_core.package_identification:_identify(.) by extensions ['colcon_pkg']
[0.909s] Level 1:colcon.colcon_core.package_identification:_identify(.) by extension 'colcon_pkg'
[0.909s] Level 1:colcon.colcon_core.package_identification:_identify(.) by extensions ['colcon_meta']
[0.909s] Level 1:colcon.colcon_core.package_identification:_identify(.) by extension 'colcon_meta'
[0.909s] Level 1:colcon.colcon_core.package_identification:_identify(.) by extensions ['ros']
[0.909s] Level 1:colcon.colcon_core.package_identification:_identify(.) by extension 'ros'
[0.914s] Level 1:colcon.colcon_core.package_identification:_identify(.) by extensions ['cmake', 'python']
[0.914s] Level 1:colcon.colcon_core.package_identification:_identify(.) by extension 'cmake'
[0.914s] Level 1:colcon.colcon_core.package_identification:_identify(.) by extension 'python'
[0.914s] Level 1:colcon.colcon_core.package_identification:_identify(.) by extensions ['python_setup_py']
[0.914s] Level 1:colcon.colcon_core.package_identification:_identify(.) by extension 'python_setup_py'
[0.914s] Level 1:colcon.colcon_core.package_identification:_identify(build) by extensions ['ignore', 'ignore_ament_install']
[0.914s] Level 1:colcon.colcon_core.package_identification:_identify(build) by extension 'ignore'
[0.915s] Level 1:colcon.colcon_core.package_identification:_identify(build) ignored
[0.915s] Level 1:colcon.colcon_core.package_identification:_identify(install) by extensions ['ignore', 'ignore_ament_install']
[0.915s] Level 1:colcon.colcon_core.package_identification:_identify(install) by extension 'ignore'
[0.915s] Level 1:colcon.colcon_core.package_identification:_identify(install) ignored
[0.915s] Level 1:colcon.colcon_core.package_identification:_identify(log) by extensions ['ignore', 'ignore_ament_install']
[0.915s] Level 1:colcon.colcon_core.package_identification:_identify(log) by extension 'ignore'
[0.915s] Level 1:colcon.colcon_core.package_identification:_identify(log) ignored
[0.915s] Level 1:colcon.colcon_core.package_identification:_identify(src) by extensions ['ignore', 'ignore_ament_install']
[0.915s] Level 1:colcon.colcon_core.package_identification:_identify(src) by extension 'ignore'
[0.915s] Level 1:colcon.colcon_core.package_identification:_identify(src) by extension 'ignore_ament_install'
[0.915s] Level 1:colcon.colcon_core.package_identification:_identify(src) by extensions ['colcon_pkg']
[0.915s] Level 1:colcon.colcon_core.package_identification:_identify(src) by extension 'colcon_pkg'
[0.915s] Level 1:colcon.colcon_core.package_identification:_identify(src) by extensions ['colcon_meta']
[0.915s] Level 1:colcon.colcon_core.package_identification:_identify(src) by extension 'colcon_meta'
[0.915s] Level 1:colcon.colcon_core.package_identification:_identify(src) by extensions ['ros']
[0.915s] Level 1:colcon.colcon_core.package_identification:_identify(src) by extension 'ros'
[0.915s] Level 1:colcon.colcon_core.package_identification:_identify(src) by extensions ['cmake', 'python']
[0.915s] Level 1:colcon.colcon_core.package_identification:_identify(src) by extension 'cmake'
[0.915s] Level 1:colcon.colcon_core.package_identification:_identify(src) by extension 'python'
[0.915s] Level 1:colcon.colcon_core.package_identification:_identify(src) by extensions ['python_setup_py']
[0.915s] Level 1:colcon.colcon_core.package_identification:_identify(src) by extension 'python_setup_py'
[0.915s] Level 1:colcon.colcon_core.package_identification:_identify(src/blickfeld_pointcloud) by extensions ['ignore', 'ignore_ament_install']
[0.915s] Level 1:colcon.colcon_core.package_identification:_identify(src/blickfeld_pointcloud) by extension 'ignore'
[0.915s] Level 1:colcon.colcon_core.package_identification:_identify(src/blickfeld_pointcloud) by extension 'ignore_ament_install'
[0.915s] Level 1:colcon.colcon_core.package_identification:_identify(src/blickfeld_pointcloud) by extensions ['colcon_pkg']
[0.915s] Level 1:colcon.colcon_core.package_identification:_identify(src/blickfeld_pointcloud) by extension 'colcon_pkg'
[0.915s] Level 1:colcon.colcon_core.package_identification:_identify(src/blickfeld_pointcloud) by extensions ['colcon_meta']
[0.915s] Level 1:colcon.colcon_core.package_identification:_identify(src/blickfeld_pointcloud) by extension 'colcon_meta'
[0.915s] Level 1:colcon.colcon_core.package_identification:_identify(src/blickfeld_pointcloud) by extensions ['ros']
[0.915s] Level 1:colcon.colcon_core.package_identification:_identify(src/blickfeld_pointcloud) by extension 'ros'
[0.916s] DEBUG:colcon.colcon_core.package_identification:Package 'src/blickfeld_pointcloud' with type 'ros.ament_python' and name 'blickfeld_pointcloud'
[0.916s] Level 1:colcon.colcon_core.package_identification:_identify(src/ros2_blickfeld_driver) by extensions ['ignore', 'ignore_ament_install']
[0.917s] Level 1:colcon.colcon_core.package_identification:_identify(src/ros2_blickfeld_driver) by extension 'ignore'
[0.917s] Level 1:colcon.colcon_core.package_identification:_identify(src/ros2_blickfeld_driver) by extension 'ignore_ament_install'
[0.917s] Level 1:colcon.colcon_core.package_identification:_identify(src/ros2_blickfeld_driver) by extensions ['colcon_pkg']
[0.917s] Level 1:colcon.colcon_core.package_identification:_identify(src/ros2_blickfeld_driver) by extension 'colcon_pkg'
[0.917s] Level 1:colcon.colcon_core.package_identification:_identify(src/ros2_blickfeld_driver) by extensions ['colcon_meta']
[0.917s] Level 1:colcon.colcon_core.package_identification:_identify(src/ros2_blickfeld_driver) by extension 'colcon_meta'
[0.917s] Level 1:colcon.colcon_core.package_identification:_identify(src/ros2_blickfeld_driver) by extensions ['ros']
[0.917s] Level 1:colcon.colcon_core.package_identification:_identify(src/ros2_blickfeld_driver) by extension 'ros'
[0.917s] DEBUG:colcon.colcon_core.package_identification:Package 'src/ros2_blickfeld_driver' with type 'ros.ament_cmake' and name 'blickfeld_driver'
[0.917s] Level 1:colcon.colcon_core.package_discovery:discover_packages(recursive) using defaults
[0.917s] Level 1:colcon.colcon_core.package_discovery:discover_packages(ignore) discover
[0.917s] Level 1:colcon.colcon_core.package_discovery:discover_packages(ignore) using defaults
[0.918s] Level 1:colcon.colcon_core.package_discovery:discover_packages(path) discover
[0.918s] Level 1:colcon.colcon_core.package_discovery:discover_packages(path) using defaults
[1.003s] Level 1:colcon.colcon_core.package_discovery:discover_packages(prefix_path) check parameters
[1.003s] Level 1:colcon.colcon_core.package_discovery:discover_packages(prefix_path) discover
[1.032s] DEBUG:colcon.colcon_installed_package_information.package_discovery:Found 7 installed packages in /home/jeongil/ros_foxy_ws/velodyne_ws/install
[1.047s] DEBUG:colcon.colcon_installed_package_information.package_discovery:Found 257 installed packages in /opt/ros/foxy
[1.048s] Level 1:colcon.colcon_core.package_discovery:discover_packages(prefix_path) using defaults
[1.107s] Level 5:colcon.colcon_core.verb:set package 'blickfeld_driver' build argument 'cmake_args' from command line to 'None'
[1.107s] Level 5:colcon.colcon_core.verb:set package 'blickfeld_driver' build argument 'cmake_target' from command line to 'None'
[1.107s] Level 5:colcon.colcon_core.verb:set package 'blickfeld_driver' build argument 'cmake_target_skip_unavailable' from command line to 'False'
[1.107s] Level 5:colcon.colcon_core.verb:set package 'blickfeld_driver' build argument 'cmake_clean_cache' from command line to 'False'
[1.107s] Level 5:colcon.colcon_core.verb:set package 'blickfeld_driver' build argument 'cmake_clean_first' from command line to 'False'
[1.107s] Level 5:colcon.colcon_core.verb:set package 'blickfeld_driver' build argument 'cmake_force_configure' from command line to 'False'
[1.107s] Level 5:colcon.colcon_core.verb:set package 'blickfeld_driver' build argument 'ament_cmake_args' from command line to 'None'
[1.107s] Level 5:colcon.colcon_core.verb:set package 'blickfeld_driver' build argument 'catkin_cmake_args' from command line to 'None'
[1.108s] Level 5:colcon.colcon_core.verb:set package 'blickfeld_driver' build argument 'catkin_skip_building_tests' from command line to 'False'
[1.108s] DEBUG:colcon.colcon_core.verb:Building package 'blickfeld_driver' with the following arguments: {'ament_cmake_args': None, 'build_base': '/home/jeongil/blickfeld/build/blickfeld_driver', 'catkin_cmake_args': None, 'catkin_skip_building_tests': False, 'cmake_args': None, 'cmake_clean_cache': False, 'cmake_clean_first': False, 'cmake_force_configure': False, 'cmake_target': None, 'cmake_target_skip_unavailable': False, 'install_base': '/home/jeongil/blickfeld/install/blickfeld_driver', 'merge_install': False, 'path': '/home/jeongil/blickfeld/src/ros2_blickfeld_driver', 'symlink_install': False, 'test_result_base': None}
[1.122s] Level 5:colcon.colcon_core.verb:set package 'blickfeld_pointcloud' build argument 'cmake_args' from command line to 'None'
[1.122s] Level 5:colcon.colcon_core.verb:set package 'blickfeld_pointcloud' build argument 'cmake_target' from command line to 'None'
[1.122s] Level 5:colcon.colcon_core.verb:set package 'blickfeld_pointcloud' build argument 'cmake_target_skip_unavailable' from command line to 'False'
[1.122s] Level 5:colcon.colcon_core.verb:set package 'blickfeld_pointcloud' build argument 'cmake_clean_cache' from command line to 'False'
[1.122s] Level 5:colcon.colcon_core.verb:set package 'blickfeld_pointcloud' build argument 'cmake_clean_first' from command line to 'False'
[1.122s] Level 5:colcon.colcon_core.verb:set package 'blickfeld_pointcloud' build argument 'cmake_force_configure' from command line to 'False'
[1.122s] Level 5:colcon.colcon_core.verb:set package 'blickfeld_pointcloud' build argument 'ament_cmake_args' from command line to 'None'
[1.122s] Level 5:colcon.colcon_core.verb:set package 'blickfeld_pointcloud' build argument 'catkin_cmake_args' from command line to 'None'
[1.122s] Level 5:colcon.colcon_core.verb:set package 'blickfeld_pointcloud' build argument 'catkin_skip_building_tests' from command line to 'False'
[1.122s] DEBUG:colcon.colcon_core.verb:Building package 'blickfeld_pointcloud' with the following arguments: {'ament_cmake_args': None, 'build_base': '/home/jeongil/blickfeld/build/blickfeld_pointcloud', 'catkin_cmake_args': None, 'catkin_skip_building_tests': False, 'cmake_args': None, 'cmake_clean_cache': False, 'cmake_clean_first': False, 'cmake_force_configure': False, 'cmake_target': None, 'cmake_target_skip_unavailable': False, 'install_base': '/home/jeongil/blickfeld/install/blickfeld_pointcloud', 'merge_install': False, 'path': '/home/jeongil/blickfeld/src/blickfeld_pointcloud', 'symlink_install': False, 'test_result_base': None}
[1.136s] INFO:colcon.colcon_core.executor:Executing jobs using 'parallel' executor
[1.151s] DEBUG:colcon.colcon_parallel_executor.executor.parallel:run_until_complete
[1.151s] INFO:colcon.colcon_ros.task.ament_cmake.build:Building ROS package in '/home/jeongil/blickfeld/src/ros2_blickfeld_driver' with build type 'ament_cmake'
[1.151s] INFO:colcon.colcon_cmake.task.cmake.build:Building CMake package in '/home/jeongil/blickfeld/src/ros2_blickfeld_driver'
[1.171s] INFO:colcon.colcon_core.plugin_system:Skipping extension 'colcon_core.shell.bat': Not used on non-Windows systems
[1.172s] INFO:colcon.colcon_core.shell:Skip shell extension 'powershell' for command environment: Not usable outside of PowerShell
[1.172s] DEBUG:colcon.colcon_core.shell:Skip shell extension 'dsv' for command environment
[1.219s] INFO:colcon.colcon_ros.task.ament_python.build:Building ROS package in '/home/jeongil/blickfeld/src/blickfeld_pointcloud' with build type 'ament_python'
[1.219s] Level 1:colcon.colcon_core.shell:create_environment_hook('blickfeld_pointcloud', 'ament_prefix_path')
[1.235s] INFO:colcon.colcon_core.shell:Creating environment hook '/home/jeongil/blickfeld/install/blickfeld_pointcloud/share/blickfeld_pointcloud/hook/ament_prefix_path.ps1'
[1.235s] INFO:colcon.colcon_core.shell:Creating environment descriptor '/home/jeongil/blickfeld/install/blickfeld_pointcloud/share/blickfeld_pointcloud/hook/ament_prefix_path.dsv'
[1.235s] INFO:colcon.colcon_core.shell:Creating environment hook '/home/jeongil/blickfeld/install/blickfeld_pointcloud/share/blickfeld_pointcloud/hook/ament_prefix_path.sh'
[1.250s] INFO:colcon.colcon_core.shell:Skip shell extension 'powershell' for command environment: Not usable outside of PowerShell
[1.250s] DEBUG:colcon.colcon_core.shell:Skip shell extension 'dsv' for command environment
[1.301s] DEBUG:colcon.colcon_core.event_handler.log_command:Invoking command in '/home/jeongil/blickfeld/build/blickfeld_driver': CMAKE_PREFIX_PATH=${CMAKE_PREFIX_PATH}:/opt/ros/foxy CONDA_PROMPT_MODIFIER=(blickfeld) /usr/bin/cmake --build /home/jeongil/blickfeld/build/blickfeld_driver -- -j20 -l20
[1.399s] INFO:colcon.colcon_core.task.python.build:Building Python package in '/home/jeongil/blickfeld/src/blickfeld_pointcloud'
[1.414s] INFO:colcon.colcon_core.shell:Skip shell extension 'powershell' for command environment: Not usable outside of PowerShell
[1.415s] DEBUG:colcon.colcon_core.shell:Skip shell extension 'dsv' for command environment
[1.462s] DEBUG:colcon.colcon_core.event_handler.log_command:Invoked command in '/home/jeongil/blickfeld/build/blickfeld_driver' returned '2': CMAKE_PREFIX_PATH=${CMAKE_PREFIX_PATH}:/opt/ros/foxy CONDA_PROMPT_MODIFIER=(blickfeld) /usr/bin/cmake --build /home/jeongil/blickfeld/build/blickfeld_driver -- -j20 -l20
[1.513s] Level 1:colcon.colcon_core.environment:create_environment_scripts_only(blickfeld_driver)
[1.530s] Level 1:colcon.colcon_core.environment:checking '/home/jeongil/blickfeld/install/blickfeld_driver' for CMake module files
[1.530s] Level 1:colcon.colcon_core.environment:checking '/home/jeongil/blickfeld/install/blickfeld_driver' for CMake config files
[1.530s] Level 1:colcon.colcon_core.shell:create_environment_hook('blickfeld_driver', 'cmake_prefix_path')
[1.545s] INFO:colcon.colcon_core.shell:Creating environment hook '/home/jeongil/blickfeld/install/blickfeld_driver/share/blickfeld_driver/hook/cmake_prefix_path.ps1'
[1.545s] INFO:colcon.colcon_core.shell:Creating environment descriptor '/home/jeongil/blickfeld/install/blickfeld_driver/share/blickfeld_driver/hook/cmake_prefix_path.dsv'
[1.545s] INFO:colcon.colcon_core.shell:Creating environment hook '/home/jeongil/blickfeld/install/blickfeld_driver/share/blickfeld_driver/hook/cmake_prefix_path.sh'
[1.546s] Level 1:colcon.colcon_core.environment:checking '/home/jeongil/blickfeld/install/blickfeld_driver/lib'
[1.546s] Level 1:colcon.colcon_core.shell:create_environment_hook('blickfeld_driver', 'ld_library_path_lib')
[1.561s] INFO:colcon.colcon_core.shell:Creating environment hook '/home/jeongil/blickfeld/install/blickfeld_driver/share/blickfeld_driver/hook/ld_library_path_lib.ps1'
[1.561s] INFO:colcon.colcon_core.shell:Creating environment descriptor '/home/jeongil/blickfeld/install/blickfeld_driver/share/blickfeld_driver/hook/ld_library_path_lib.dsv'
[1.562s] INFO:colcon.colcon_core.shell:Creating environment hook '/home/jeongil/blickfeld/install/blickfeld_driver/share/blickfeld_driver/hook/ld_library_path_lib.sh'
[1.562s] Level 1:colcon.colcon_core.environment:checking '/home/jeongil/blickfeld/install/blickfeld_driver/bin'
[1.562s] Level 1:colcon.colcon_core.environment:checking '/home/jeongil/blickfeld/install/blickfeld_driver/lib/pkgconfig/blickfeld_driver.pc'
[1.562s] Level 1:colcon.colcon_core.environment:checking '/home/jeongil/blickfeld/install/blickfeld_driver/lib/python3.8/site-packages'
[1.562s] Level 1:colcon.colcon_core.shell:create_environment_hook('blickfeld_driver', 'pythonpath')
[1.577s] INFO:colcon.colcon_core.shell:Creating environment hook '/home/jeongil/blickfeld/install/blickfeld_driver/share/blickfeld_driver/hook/pythonpath.ps1'
[1.577s] INFO:colcon.colcon_core.shell:Creating environment descriptor '/home/jeongil/blickfeld/install/blickfeld_driver/share/blickfeld_driver/hook/pythonpath.dsv'
[1.577s] INFO:colcon.colcon_core.shell:Creating environment hook '/home/jeongil/blickfeld/install/blickfeld_driver/share/blickfeld_driver/hook/pythonpath.sh'
[1.578s] Level 1:colcon.colcon_core.environment:checking '/home/jeongil/blickfeld/install/blickfeld_driver/bin'
[1.593s] INFO:colcon.colcon_core.shell:Creating package script '/home/jeongil/blickfeld/install/blickfeld_driver/share/blickfeld_driver/package.ps1'
[1.593s] INFO:colcon.colcon_core.shell:Creating package descriptor '/home/jeongil/blickfeld/install/blickfeld_driver/share/blickfeld_driver/package.dsv'
[1.594s] INFO:colcon.colcon_core.shell:Creating package script '/home/jeongil/blickfeld/install/blickfeld_driver/share/blickfeld_driver/package.sh'
[1.594s] INFO:colcon.colcon_core.shell:Creating package script '/home/jeongil/blickfeld/install/blickfeld_driver/share/blickfeld_driver/package.bash'
[1.594s] INFO:colcon.colcon_core.shell:Creating package script '/home/jeongil/blickfeld/install/blickfeld_driver/share/blickfeld_driver/package.zsh'
[1.595s] Level 1:colcon.colcon_core.environment:create_file_with_runtime_dependencies(/home/jeongil/blickfeld/install/blickfeld_driver/share/colcon-core/packages/blickfeld_driver)
[1.646s] DEBUG:colcon.colcon_parallel_executor.executor.parallel:closing loop
[1.646s] DEBUG:colcon.colcon_parallel_executor.executor.parallel:loop closed
[1.646s] DEBUG:colcon.colcon_parallel_executor.executor.parallel:run_until_complete finished with '2'
[1.646s] DEBUG:colcon.colcon_core.event_reactor:joining thread
[1.664s] INFO:colcon.colcon_core.plugin_system:Skipping extension 'colcon_notification.desktop_notification.terminal_notifier': Not used on non-Darwin systems
[1.664s] INFO:colcon.colcon_core.plugin_system:Skipping extension 'colcon_notification.desktop_notification.win32': Not used on non-Windows systems
[1.664s] INFO:colcon.colcon_notification.desktop_notification:Sending desktop notification using 'notify2'
[1.673s] DEBUG:colcon.colcon_core.event_reactor:joined thread
[1.688s] INFO:colcon.colcon_core.shell:Creating prefix script '/home/jeongil/blickfeld/install/local_setup.ps1'
[1.688s] INFO:colcon.colcon_core.shell:Creating prefix util module '/home/jeongil/blickfeld/install/_local_setup_util_ps1.py'
[1.689s] INFO:colcon.colcon_core.shell:Creating prefix chain script '/home/jeongil/blickfeld/install/setup.ps1'
[1.704s] INFO:colcon.colcon_core.shell:Creating prefix script '/home/jeongil/blickfeld/install/local_setup.sh'
[1.704s] INFO:colcon.colcon_core.shell:Creating prefix util module '/home/jeongil/blickfeld/install/_local_setup_util_sh.py'
[1.705s] INFO:colcon.colcon_core.shell:Creating prefix chain script '/home/jeongil/blickfeld/install/setup.sh'
[1.720s] INFO:colcon.colcon_core.shell:Creating prefix script '/home/jeongil/blickfeld/install/local_setup.bash'
[1.720s] INFO:colcon.colcon_core.shell:Creating prefix chain script '/home/jeongil/blickfeld/install/setup.bash'
[1.736s] INFO:colcon.colcon_core.shell:Creating prefix script '/home/jeongil/blickfeld/install/local_setup.zsh'
[1.736s] INFO:colcon.colcon_core.shell:Creating prefix chain script '/home/jeongil/blickfeld/install/setup.zsh'
