[0.465s] Invoking command in '/home/jeongil/blickfeld_ws/src/blickfeld_pointcloud': PYTHONPATH=/home/jeongil/blickfeld_ws/build/blickfeld_pointcloud/prefix_override:/home/jeongil/blickfeld_ws/install/blickfeld_pointcloud/lib/python3.8/site-packages:${PYTHONPATH} /usr/bin/python3 setup.py egg_info --egg-base ../../build/blickfeld_pointcloud build --build-base /home/jeongil/blickfeld_ws/build/blickfeld_pointcloud/build install --record /home/jeongil/blickfeld_ws/build/blickfeld_pointcloud/install.log --install-scripts $base/lib/blickfeld_pointcloud --single-version-externally-managed
[0.583s] running egg_info
[0.583s] creating ../../build/blickfeld_pointcloud/blickfeld_pointcloud.egg-info
[0.583s] writing ../../build/blickfeld_pointcloud/blickfeld_pointcloud.egg-info/PKG-INFO
[0.583s] writing dependency_links to ../../build/blickfeld_pointcloud/blickfeld_pointcloud.egg-info/dependency_links.txt
[0.583s] writing entry points to ../../build/blickfeld_pointcloud/blickfeld_pointcloud.egg-info/entry_points.txt
[0.583s] writing requirements to ../../build/blickfeld_pointcloud/blickfeld_pointcloud.egg-info/requires.txt
[0.583s] writing top-level names to ../../build/blickfeld_pointcloud/blickfeld_pointcloud.egg-info/top_level.txt
[0.585s] writing manifest file '../../build/blickfeld_pointcloud/blickfeld_pointcloud.egg-info/SOURCES.txt'
[0.602s] reading manifest file '../../build/blickfeld_pointcloud/blickfeld_pointcloud.egg-info/SOURCES.txt'
[0.602s] writing manifest file '../../build/blickfeld_pointcloud/blickfeld_pointcloud.egg-info/SOURCES.txt'
[0.602s] running build
[0.602s] running build_py
[0.602s] creating /home/jeongil/blickfeld_ws/build/blickfeld_pointcloud/build
[0.602s] creating /home/jeongil/blickfeld_ws/build/blickfeld_pointcloud/build/lib
[0.603s] creating /home/jeongil/blickfeld_ws/build/blickfeld_pointcloud/build/lib/blickfeld_pointcloud
[0.603s] copying blickfeld_pointcloud/lidarnumpy.py -> /home/jeongil/blickfeld_ws/build/blickfeld_pointcloud/build/lib/blickfeld_pointcloud
[0.603s] copying blickfeld_pointcloud/lidardown.py -> /home/jeongil/blickfeld_ws/build/blickfeld_pointcloud/build/lib/blickfeld_pointcloud
[0.603s] copying blickfeld_pointcloud/__init__.py -> /home/jeongil/blickfeld_ws/build/blickfeld_pointcloud/build/lib/blickfeld_pointcloud
[0.603s] running install
[0.603s] running install_lib
[0.604s] creating /home/jeongil/blickfeld_ws/install/blickfeld_pointcloud/lib/python3.8/site-packages/blickfeld_pointcloud
[0.604s] copying /home/jeongil/blickfeld_ws/build/blickfeld_pointcloud/build/lib/blickfeld_pointcloud/lidarnumpy.py -> /home/jeongil/blickfeld_ws/install/blickfeld_pointcloud/lib/python3.8/site-packages/blickfeld_pointcloud
[0.604s] copying /home/jeongil/blickfeld_ws/build/blickfeld_pointcloud/build/lib/blickfeld_pointcloud/lidardown.py -> /home/jeongil/blickfeld_ws/install/blickfeld_pointcloud/lib/python3.8/site-packages/blickfeld_pointcloud
[0.604s] copying /home/jeongil/blickfeld_ws/build/blickfeld_pointcloud/build/lib/blickfeld_pointcloud/__init__.py -> /home/jeongil/blickfeld_ws/install/blickfeld_pointcloud/lib/python3.8/site-packages/blickfeld_pointcloud
[0.604s] byte-compiling /home/jeongil/blickfeld_ws/install/blickfeld_pointcloud/lib/python3.8/site-packages/blickfeld_pointcloud/lidarnumpy.py to lidarnumpy.cpython-38.pyc
[0.605s] byte-compiling /home/jeongil/blickfeld_ws/install/blickfeld_pointcloud/lib/python3.8/site-packages/blickfeld_pointcloud/lidardown.py to lidardown.cpython-38.pyc
[0.605s] byte-compiling /home/jeongil/blickfeld_ws/install/blickfeld_pointcloud/lib/python3.8/site-packages/blickfeld_pointcloud/__init__.py to __init__.cpython-38.pyc
[0.605s] running install_data
[0.606s] creating /home/jeongil/blickfeld_ws/install/blickfeld_pointcloud/share/ament_index
[0.606s] creating /home/jeongil/blickfeld_ws/install/blickfeld_pointcloud/share/ament_index/resource_index
[0.606s] creating /home/jeongil/blickfeld_ws/install/blickfeld_pointcloud/share/ament_index/resource_index/packages
[0.606s] copying resource/blickfeld_pointcloud -> /home/jeongil/blickfeld_ws/install/blickfeld_pointcloud/share/ament_index/resource_index/packages
[0.606s] copying package.xml -> /home/jeongil/blickfeld_ws/install/blickfeld_pointcloud/share/blickfeld_pointcloud
[0.606s] running install_egg_info
[0.607s] Copying ../../build/blickfeld_pointcloud/blickfeld_pointcloud.egg-info to /home/jeongil/blickfeld_ws/install/blickfeld_pointcloud/lib/python3.8/site-packages/blickfeld_pointcloud-0.0.0-py3.8.egg-info
[0.607s] running install_scripts
[0.616s] writing list of installed files to '/home/jeongil/blickfeld_ws/build/blickfeld_pointcloud/install.log'
[0.627s] Invoked command in '/home/jeongil/blickfeld_ws/src/blickfeld_pointcloud' returned '0': PYTHONPATH=/home/jeongil/blickfeld_ws/build/blickfeld_pointcloud/prefix_override:/home/jeongil/blickfeld_ws/install/blickfeld_pointcloud/lib/python3.8/site-packages:${PYTHONPATH} /usr/bin/python3 setup.py egg_info --egg-base ../../build/blickfeld_pointcloud build --build-base /home/jeongil/blickfeld_ws/build/blickfeld_pointcloud/build install --record /home/jeongil/blickfeld_ws/build/blickfeld_pointcloud/install.log --install-scripts $base/lib/blickfeld_pointcloud --single-version-externally-managed
