Performing C SOURCE FILE Test CMAKE_HAVE_LIBC_PTHREAD failed with the following output:
Change Dir: /home/jeongil/blickfeld_ws/build/blickfeld_driver/CMakeFiles/CMakeTmp

Run Build Command(s):/usr/bin/make cmTC_c0df8/fast && /usr/bin/make -f CMakeFiles/cmTC_c0df8.dir/build.make CMakeFiles/cmTC_c0df8.dir/build
make[1]: 디렉터리 '/home/jeongil/blickfeld_ws/build/blickfeld_driver/CMakeFiles/CMakeTmp' 들어감
Building C object CMakeFiles/cmTC_c0df8.dir/src.c.o
/usr/bin/cc   -DCMAKE_HAVE_LIBC_PTHREAD   -std=gnu99 -o CMakeFiles/cmTC_c0df8.dir/src.c.o   -c /home/jeongil/blickfeld_ws/build/blickfeld_driver/CMakeFiles/CMakeTmp/src.c
Linking C executable cmTC_c0df8
/usr/bin/cmake -E cmake_link_script CMakeFiles/cmTC_c0df8.dir/link.txt --verbose=1
/usr/bin/cc  -DCMAKE_HAVE_LIBC_PTHREAD    CMakeFiles/cmTC_c0df8.dir/src.c.o  -o cmTC_c0df8 
/usr/bin/ld: CMakeFiles/cmTC_c0df8.dir/src.c.o: in function `main':
src.c:(.text+0x46): undefined reference to `pthread_create'
/usr/bin/ld: src.c:(.text+0x52): undefined reference to `pthread_detach'
/usr/bin/ld: src.c:(.text+0x63): undefined reference to `pthread_join'
collect2: error: ld returned 1 exit status
make[1]: *** [CMakeFiles/cmTC_c0df8.dir/build.make:87: cmTC_c0df8] 오류 1
make[1]: 디렉터리 '/home/jeongil/blickfeld_ws/build/blickfeld_driver/CMakeFiles/CMakeTmp' 나감
make: *** [Makefile:121: cmTC_c0df8/fast] 오류 2


Source file was:
#include <pthread.h>

void* test_func(void* data)
{
  return data;
}

int main(void)
{
  pthread_t thread;
  pthread_create(&thread, NULL, test_func, NULL);
  pthread_detach(thread);
  pthread_join(thread, NULL);
  pthread_atfork(NULL, NULL, NULL);
  pthread_exit(NULL);

  return 0;
}

Determining if the function pthread_create exists in the pthreads failed with the following output:
Change Dir: /home/jeongil/blickfeld_ws/build/blickfeld_driver/CMakeFiles/CMakeTmp

Run Build Command(s):/usr/bin/make cmTC_58d1e/fast && /usr/bin/make -f CMakeFiles/cmTC_58d1e.dir/build.make CMakeFiles/cmTC_58d1e.dir/build
make[1]: 디렉터리 '/home/jeongil/blickfeld_ws/build/blickfeld_driver/CMakeFiles/CMakeTmp' 들어감
Building C object CMakeFiles/cmTC_58d1e.dir/CheckFunctionExists.c.o
/usr/bin/cc   -DCHECK_FUNCTION_EXISTS=pthread_create   -std=gnu99 -o CMakeFiles/cmTC_58d1e.dir/CheckFunctionExists.c.o   -c /usr/share/cmake-3.16/Modules/CheckFunctionExists.c
Linking C executable cmTC_58d1e
/usr/bin/cmake -E cmake_link_script CMakeFiles/cmTC_58d1e.dir/link.txt --verbose=1
/usr/bin/cc  -DCHECK_FUNCTION_EXISTS=pthread_create    CMakeFiles/cmTC_58d1e.dir/CheckFunctionExists.c.o  -o cmTC_58d1e  -lpthreads 
/usr/bin/ld: cannot find -lpthreads
collect2: error: ld returned 1 exit status
make[1]: *** [CMakeFiles/cmTC_58d1e.dir/build.make:87: cmTC_58d1e] 오류 1
make[1]: 디렉터리 '/home/jeongil/blickfeld_ws/build/blickfeld_driver/CMakeFiles/CMakeTmp' 나감
make: *** [Makefile:121: cmTC_58d1e/fast] 오류 2



